<?xml version="1.0" encoding="UTF-8"?>
<testsuites name="Test Suite1- Regression" time="746.095" tests="15" failures="1" errors="0">
   <testsuite name="Test Suite1- Regression" tests="15" failures="1" errors="0" time="746.095" skipped="0" timestamp="2021-09-07 13:44:30" hostname="elsylitsonlambert - elsys-mbp.phub.net.cable.rogers.com" id="Test Suites/Test Suite1- Regression">
      <properties>
         <property name="deviceName" value=""/>
         <property name="devicePlatform" value=""/>
         <property name="logFolder" value="/Users/elsylitsonlambert/git/tcCreateQA/Reports/20210907_134428/Test Suite1- Regression/20210907_134428"/>
         <property name="logFiles" value="/Users/elsylitsonlambert/git/tcCreateQA/Reports/20210907_134428/Test Suite1- Regression/20210907_134428/execution0.log"/>
         <property name="attachments" value="/Users/elsylitsonlambert/git/tcCreateQA/Reports/20210907_134428/Test Suite1- Regression/20210907_134428/1631036713391.png, /Users/elsylitsonlambert/git/tcCreateQA/Reports/20210907_134428/Test Suite1- Regression/20210907_134428/1631037095237.png, /Users/elsylitsonlambert/git/tcCreateQA/Reports/20210907_134428/Test Suite1- Regression/20210907_134428/1631037377428.png, /Users/elsylitsonlambert/git/tcCreateQA/Reports/20210907_134428/Test Suite1- Regression/20210907_134428/1631037414997.png"/>
         <property name="hostName" value="elsylitsonlambert - elsys-mbp.phub.net.cable.rogers.com"/>
         <property name="os" value="Mac OS X 64bit"/>
         <property name="katalonVersion" value="8.1.0.208"/>
         <property name="browser" value="Chrome 93.0.4577.63"/>
         <property name="hostAddress" value="10.0.0.166"/>
         <property name="sessionId" value="fb2ba84e97210d8193e39aa954de86a5"/>
         <property name="seleniumVersion" value="3.141.59"/>
         <property name="proxyInformation" value="ProxyInformation { proxyOption=NO_PROXY, proxyServerType=HTTP, username=, password=********, proxyServerAddress=, proxyServerPort=0, executionList=&quot;&quot;, isApplyToDesiredCapabilities=true }"/>
         <property name="platform" value="Mac OS X"/>
      </properties>
      <testcase name="Test Cases/tCC Test Cases/tN_Parallel Scripture viewer" time="60.757" classname="Test Cases/tCC Test Cases/tN_Parallel Scripture viewer" status="PASSED">
         <system-out><![CDATA[2021-09-07 13:44:30 - [TEST_CASE][PASSED] - Test Cases/tCC Test Cases/tN_Parallel Scripture viewer: Test Cases/tCC Test Cases/tN_Parallel Scripture viewer

2021-09-07 13:44:30 - [TEST_STEP][PASSED] - com.tccreate.keywords.WriteToFile.writeTofilename("tN-Parallel Scripture Viewer"): com.tccreate.keywords.WriteToFile.writeTofilename is PASSED

2021-09-07 13:44:30 - [MESSAGE][PASSED] - com.tccreate.keywords.WriteToFile.writeTofilename is PASSED

2021-09-07 13:44:30 - [TEST_STEP][PASSED] - com.helper.login.TimeDate.getTimeDate(): com.helper.login.TimeDate.getTimeDate is PASSED

2021-09-07 13:44:30 - [MESSAGE][INFO] - Time at which the test run:2021-09-07 13:44:30.846

2021-09-07 13:44:30 - [MESSAGE][PASSED] - com.helper.login.TimeDate.getTimeDate is PASSED

2021-09-07 13:44:30 - [TEST_STEP][PASSED] - com.helper.login.loginhelper.logintoapp(): com.helper.login.loginhelper.logintoapp is PASSED

2021-09-07 13:44:31 - [MESSAGE][INFO] - Starting 'Chrome' driver

2021-09-07 13:44:31 - [MESSAGE][INFO] - Action delay is set to 1,000 milliseconds

2021-09-07 13:44:33 - [MESSAGE][WARNING] - FFmpeg was not installed! Browser Recording will be disabled. Please follow this document to install FFmpeg first: https://docs.katalon.com/katalon-studio/docs/screenshots-videos.html#browser-based-recorder

2021-09-07 13:44:39 - [MESSAGE][PASSED] - Browser is opened with url: 'https://stage--tc-create-app.netlify.app/'

2021-09-07 13:44:39 - [MESSAGE][PASSED] - Wait for page load successfully

2021-09-07 13:44:40 - [MESSAGE][PASSED] - Current window maximized

2021-09-07 13:44:41 - [MESSAGE][PASSED] - Keys 'elsylambert' sent to object: 'Object Repository/Page_tC Create/input__username'

2021-09-07 13:44:43 - [MESSAGE][PASSED] - Keys 'fatak43' sent to object: 'Object Repository/Page_tC Create/input__password'

2021-09-07 13:44:44 - [MESSAGE][PASSED] - Object: 'Object Repository/Page_tC Create/button_Login' is clicked on

2021-09-07 13:44:45 - [MESSAGE][PASSED] - Delayed 1 second(s)

2021-09-07 13:44:46 - [MESSAGE][PASSED] - Text of object 'Object Repository/Page_tC Create/tcc-version number' is: 'translationCore Create - v1.3.0 build 72-a6038d2'

2021-09-07 13:44:46 - [MESSAGE][INFO] - : The current version and build number is translationCore Create - v1.3.0 build 72-a6038d2

2021-09-07 13:44:46 - [MESSAGE][PASSED] - com.helper.login.loginhelper.logintoapp is PASSED

2021-09-07 13:44:46 - [TEST_STEP][PASSED] - com.tccreate.keywords.selectOrg.organization(""): com.tccreate.keywords.selectOrg.organization is PASSED

2021-09-07 13:44:47 - [MESSAGE][PASSED] - Object: 'Object Repository/Page_tC Create/listOption_organisation_Parmed' is clicked on

2021-09-07 13:44:49 - [MESSAGE][WARNING] - No alert found after 2 second(s).

2021-09-07 13:44:49 - [MESSAGE][PASSED] - com.tccreate.keywords.selectOrg.organization is PASSED

2021-09-07 13:44:49 - [TEST_STEP][PASSED] - com.tccreate.keywords.selectOrg.resource("unfoldingWord® Translation Notes"): com.tccreate.keywords.selectOrg.resource is PASSED

2021-09-07 13:44:51 - [MESSAGE][PASSED] - Object: 'Object Repository/Page_tC Create/resource_Parmed' is clicked on

2021-09-07 13:44:51 - [MESSAGE][PASSED] - com.tccreate.keywords.selectOrg.resource is PASSED

2021-09-07 13:44:51 - [TEST_STEP][PASSED] - com.tccreate.keywords.selectOrg.language(""): com.tccreate.keywords.selectOrg.language is PASSED

2021-09-07 13:44:52 - [MESSAGE][PASSED] - Object: 'Object Repository/Page_tC Create/combo_Select Language' is clicked on

2021-09-07 13:44:54 - [MESSAGE][PASSED] - Object: 'Object Repository/Page_tC Create/listOption_Language_Parmed' is clicked on

2021-09-07 13:44:54 - [MESSAGE][PASSED] - com.tccreate.keywords.selectOrg.language is PASSED

2021-09-07 13:44:54 - [TEST_STEP][PASSED] - click(findTestObject("Object Repository/Page_tC Create/span_en_tn_57-TIT.tsv")): Object: 'Object Repository/Page_tC Create/span_en_tn_57-TIT.tsv' is clicked on

2021-09-07 13:44:56 - [MESSAGE][PASSED] - Object: 'Object Repository/Page_tC Create/span_en_tn_57-TIT.tsv' is clicked on

2021-09-07 13:44:56 - [TEST_STEP][PASSED] - com.tccreate.keywords.ExpandAllScriptureToggle.toggleAllScripture(""test""): com.tccreate.keywords.ExpandAllScriptureToggle.toggleAllScripture is PASSED

2021-09-07 13:45:00 - [MESSAGE][INFO] - Unable to find the element located by 'By.xpath: //*[@type = 'button' and @data-test = 'drawer-menu-close-button']'. Please recheck the objects properties to make sure the desired element is located. 

2021-09-07 13:45:00 - [MESSAGE][WARNING] - Object 'Object Repository/Page_tC Create/button_DrawerClose' is not present after 2 second(s)

2021-09-07 13:45:01 - [MESSAGE][PASSED] - Object: 'Object Repository/Page_tC Create/Hamburger Menu Button' is clicked on

2021-09-07 13:45:02 - [MESSAGE][PASSED] - Delayed 1 second(s)

2021-09-07 13:45:02 - [MESSAGE][PASSED] - Object 'Object Repository/Page_tC Create/input_Expand all Scripture_default' is checked

2021-09-07 13:45:04 - [MESSAGE][PASSED] - Object: 'Object Repository/Page_tC Create/input_Expand all Scripture_default' is clicked on

2021-09-07 13:45:05 - [MESSAGE][PASSED] - Delayed 1 second(s)

2021-09-07 13:45:06 - [MESSAGE][PASSED] - Object: 'Object Repository/Page_tC Create/button_DrawerClose' is clicked on

2021-09-07 13:45:07 - [MESSAGE][PASSED] - Object 'Object Repository/Page_tC Create/Hamburger Menu Button' is visible

2021-09-07 13:45:07 - [MESSAGE][PASSED] - com.tccreate.keywords.ExpandAllScriptureToggle.toggleAllScripture is PASSED

2021-09-07 13:45:07 - [TEST_STEP][PASSED] - com.tccreate.keywords.ExpandAllScriptureToggle.toggleAllScripture(""on""): com.tccreate.keywords.ExpandAllScriptureToggle.toggleAllScripture is PASSED

2021-09-07 13:45:10 - [MESSAGE][INFO] - Unable to find the element located by 'By.xpath: //*[@type = 'button' and @data-test = 'drawer-menu-close-button']'. Please recheck the objects properties to make sure the desired element is located. 

2021-09-07 13:45:10 - [MESSAGE][WARNING] - Object 'Object Repository/Page_tC Create/button_DrawerClose' is not present after 2 second(s)

2021-09-07 13:45:12 - [MESSAGE][PASSED] - Object: 'Object Repository/Page_tC Create/Hamburger Menu Button' is clicked on

2021-09-07 13:45:13 - [MESSAGE][PASSED] - Delayed 1 second(s)

2021-09-07 13:45:13 - [MESSAGE][WARNING] - Object 'Object Repository/Page_tC Create/input_Expand all Scripture_default' is not checked (Root cause: com.kms.katalon.core.exception.StepFailedException: Object 'Object Repository/Page_tC Create/input_Expand all Scripture_default' is not checked
	at com.kms.katalon.core.webui.keyword.internal.WebUIKeywordMain.stepFailed(WebUIKeywordMain.groovy:64)
	at com.kms.katalon.core.webui.keyword.builtin.VerifyElementCheckedKeyword$_verifyElementChecked_closure1.doCall(VerifyElementCheckedKeyword.groovy:81)
	at com.kms.katalon.core.webui.keyword.builtin.VerifyElementCheckedKeyword$_verifyElementChecked_closure1.call(VerifyElementCheckedKeyword.groovy)
	at com.kms.katalon.core.webui.keyword.internal.WebUIKeywordMain.runKeyword(WebUIKeywordMain.groovy:20)
	at com.kms.katalon.core.webui.keyword.builtin.VerifyElementCheckedKeyword.verifyElementChecked(VerifyElementCheckedKeyword.groovy:92)
	at com.kms.katalon.core.webui.keyword.builtin.VerifyElementCheckedKeyword.execute(VerifyElementCheckedKeyword.groovy:68)
	at com.kms.katalon.core.keyword.internal.KeywordExecutor.executeKeywordForPlatform(KeywordExecutor.groovy:74)
	at com.kms.katalon.core.webui.keyword.WebUiBuiltInKeywords.verifyElementChecked(WebUiBuiltInKeywords.groovy:1382)
	at com.kms.katalon.core.webui.keyword.WebUiBuiltInKeywords$verifyElementChecked$8.call(Unknown Source)
	at com.tccreate.keywords.ExpandAllScriptureToggle.toggleAllScripture(ExpandAllScriptureToggle.groovy:43)
	at com.tccreate.keywords.ExpandAllScriptureToggle.invokeMethod(ExpandAllScriptureToggle.groovy)
	at com.kms.katalon.core.main.CustomKeywordDelegatingMetaClass.invokeStaticMethod(CustomKeywordDelegatingMetaClass.java:50)
	at tN_Parallel Scripture viewer.run(tN_Parallel Scripture viewer:39)
	at com.kms.katalon.core.main.ScriptEngine.run(ScriptEngine.java:194)
	at com.kms.katalon.core.main.ScriptEngine.runScriptAsRawText(ScriptEngine.java:119)
	at com.kms.katalon.core.main.TestCaseExecutor.runScript(TestCaseExecutor.java:430)
	at com.kms.katalon.core.main.TestCaseExecutor.doExecute(TestCaseExecutor.java:421)
	at com.kms.katalon.core.main.TestCaseExecutor.processExecutionPhase(TestCaseExecutor.java:400)
	at com.kms.katalon.core.main.TestCaseExecutor.accessMainPhase(TestCaseExecutor.java:392)
	at com.kms.katalon.core.main.TestCaseExecutor.execute(TestCaseExecutor.java:273)
	at com.kms.katalon.core.main.TestSuiteExecutor.accessTestCaseMainPhase(TestSuiteExecutor.java:202)
	at com.kms.katalon.core.main.TestSuiteExecutor.accessTestSuiteMainPhase(TestSuiteExecutor.java:164)
	at com.kms.katalon.core.main.TestSuiteExecutor.execute(TestSuiteExecutor.java:105)
	at com.kms.katalon.core.main.TestCaseMain.startTestSuite(TestCaseMain.java:185)
	at com.kms.katalon.core.main.TestCaseMain$startTestSuite$0.call(Unknown Source)
	at TempTestSuite1631036668442.run(TempTestSuite1631036668442.groovy:36)
)
[[ATTACHMENT|/Users/elsylitsonlambert/git/tcCreateQA/Reports/20210907_134428/Test Suite1- Regression/20210907_134428/1631036713391.png]]

2021-09-07 13:45:16 - [MESSAGE][PASSED] - Object: 'Object Repository/Page_tC Create/input_Expand all Scripture_default' is clicked on

2021-09-07 13:45:17 - [MESSAGE][PASSED] - Delayed 1 second(s)

2021-09-07 13:45:18 - [MESSAGE][PASSED] - Object: 'Object Repository/Page_tC Create/button_DrawerClose' is clicked on

2021-09-07 13:45:19 - [MESSAGE][PASSED] - Object 'Object Repository/Page_tC Create/Hamburger Menu Button' is visible

2021-09-07 13:45:19 - [MESSAGE][PASSED] - com.tccreate.keywords.ExpandAllScriptureToggle.toggleAllScripture is PASSED

2021-09-07 13:45:19 - [TEST_STEP][PASSED] - if (verifyElementPresent(findTestObject("Page_tC Create/span_unfoldingWord Literal Text v14"), 5)): null

2021-09-07 13:45:19 - [MESSAGE][PASSED] - Object 'Object Repository/Page_tC Create/span_unfoldingWord Literal Text v14' is present

2021-09-07 13:45:19 - [TEST_STEP][PASSED] - logInfo("ULT is visible 1"): ULT is visible 1

2021-09-07 13:45:19 - [MESSAGE][INFO] - ULT is visible 1

2021-09-07 13:45:19 - [TEST_STEP][PASSED] - if (verifyElementPresent(findTestObject("Page_tC Create/span_unfoldingWord Simplified Text v14"), 5)): null

2021-09-07 13:45:20 - [MESSAGE][PASSED] - Object 'Object Repository/Page_tC Create/span_unfoldingWord Simplified Text v14' is present

2021-09-07 13:45:20 - [TEST_STEP][PASSED] - logInfo("UST is visible"): UST is visible

2021-09-07 13:45:20 - [MESSAGE][INFO] - UST is visible

2021-09-07 13:45:20 - [TEST_STEP][PASSED] - logInfo("ParallelScripture is present"): ParallelScripture is present

2021-09-07 13:45:20 - [MESSAGE][INFO] - ParallelScripture is present

2021-09-07 13:45:20 - [TEST_STEP][PASSED] - com.tccreate.keywords.ExpandAllScriptureToggle.toggleAllScripture(""off""): com.tccreate.keywords.ExpandAllScriptureToggle.toggleAllScripture is PASSED

2021-09-07 13:45:23 - [MESSAGE][INFO] - Unable to find the element located by 'By.xpath: //*[@type = 'button' and @data-test = 'drawer-menu-close-button']'. Please recheck the objects properties to make sure the desired element is located. 

2021-09-07 13:45:23 - [MESSAGE][WARNING] - Object 'Object Repository/Page_tC Create/button_DrawerClose' is not present after 2 second(s)

2021-09-07 13:45:24 - [MESSAGE][PASSED] - Object: 'Object Repository/Page_tC Create/Hamburger Menu Button' is clicked on

2021-09-07 13:45:25 - [MESSAGE][PASSED] - Delayed 1 second(s)

2021-09-07 13:45:26 - [MESSAGE][PASSED] - Object 'Object Repository/Page_tC Create/input_Expand all Scripture_default' is checked

2021-09-07 13:45:27 - [MESSAGE][PASSED] - Object: 'Object Repository/Page_tC Create/input_Expand all Scripture_default' is clicked on

2021-09-07 13:45:28 - [MESSAGE][PASSED] - Delayed 1 second(s)

2021-09-07 13:45:30 - [MESSAGE][PASSED] - Object: 'Object Repository/Page_tC Create/button_DrawerClose' is clicked on

2021-09-07 13:45:30 - [MESSAGE][PASSED] - Object 'Object Repository/Page_tC Create/Hamburger Menu Button' is visible

2021-09-07 13:45:30 - [MESSAGE][PASSED] - com.tccreate.keywords.ExpandAllScriptureToggle.toggleAllScripture is PASSED

2021-09-07 13:45:30 - [TEST_STEP][PASSED] - logInfo("button is toggled"): button is toggled

2021-09-07 13:45:30 - [MESSAGE][INFO] - button is toggled

2021-09-07 13:45:30 - [TEST_STEP][PASSED] - if (verifyElementNotPresent(findTestObject("Page_tC Create/span_unfoldingWord Literal Text v14"), 3)): null

2021-09-07 13:45:31 - [MESSAGE][PASSED] - Web element with id: 'Object Repository/Page_tC Create/span_unfoldingWord Literal Text v14' located by 'By.xpath: //div[@id='wrapY']/table/thead/tr/th[2]/span' is not present after '3' second(s)

2021-09-07 13:45:31 - [TEST_STEP][PASSED] - logInfo("ULT is not visible as expected"): ULT is not visible as expected

2021-09-07 13:45:31 - [MESSAGE][INFO] - ULT is not visible as expected

2021-09-07 13:45:31 - [TEST_STEP][PASSED] - closeBrowser(): Browser is closed

2021-09-07 13:45:31 - [MESSAGE][PASSED] - Browser is closed]]></system-out>
         <system-err><![CDATA[]]></system-err>
      </testcase>
      <testcase name="Test Cases/tCC Test Cases/tCC_Link to Organization page" time="18.115" classname="Test Cases/tCC Test Cases/tCC_Link to Organization page" status="PASSED">
         <system-out><![CDATA[2021-09-07 13:45:31 - [TEST_CASE][PASSED] - Test Cases/tCC Test Cases/tCC_Link to Organization page: Test Cases/tCC Test Cases/tCC_Link to Organization page

2021-09-07 13:45:31 - [TEST_STEP][PASSED] - com.tccreate.keywords.WriteToFile.writeTofilename("Links to Org page"): com.tccreate.keywords.WriteToFile.writeTofilename is PASSED

2021-09-07 13:45:31 - [MESSAGE][PASSED] - com.tccreate.keywords.WriteToFile.writeTofilename is PASSED

2021-09-07 13:45:31 - [TEST_STEP][PASSED] - com.helper.login.TimeDate.getTimeDate(): com.helper.login.TimeDate.getTimeDate is PASSED

2021-09-07 13:45:31 - [MESSAGE][INFO] - Time at which the test run:2021-09-07 13:45:31.389

2021-09-07 13:45:31 - [MESSAGE][PASSED] - com.helper.login.TimeDate.getTimeDate is PASSED

2021-09-07 13:45:31 - [TEST_STEP][PASSED] - com.helper.login.loginhelper.logintoapp(): com.helper.login.loginhelper.logintoapp is PASSED

2021-09-07 13:45:31 - [MESSAGE][INFO] - Starting 'Chrome' driver

2021-09-07 13:45:31 - [MESSAGE][INFO] - Action delay is set to 1,000 milliseconds

2021-09-07 13:45:32 - [MESSAGE][WARNING] - FFmpeg was not installed! Browser Recording will be disabled. Please follow this document to install FFmpeg first: https://docs.katalon.com/katalon-studio/docs/screenshots-videos.html#browser-based-recorder

2021-09-07 13:45:39 - [MESSAGE][PASSED] - Browser is opened with url: 'https://stage--tc-create-app.netlify.app/'

2021-09-07 13:45:39 - [MESSAGE][PASSED] - Wait for page load successfully

2021-09-07 13:45:39 - [MESSAGE][PASSED] - Current window maximized

2021-09-07 13:45:40 - [MESSAGE][PASSED] - Keys 'elsylambert' sent to object: 'Object Repository/Page_tC Create/input__username'

2021-09-07 13:45:42 - [MESSAGE][PASSED] - Keys 'fatak43' sent to object: 'Object Repository/Page_tC Create/input__password'

2021-09-07 13:45:43 - [MESSAGE][PASSED] - Object: 'Object Repository/Page_tC Create/button_Login' is clicked on

2021-09-07 13:45:44 - [MESSAGE][PASSED] - Delayed 1 second(s)

2021-09-07 13:45:45 - [MESSAGE][PASSED] - Text of object 'Object Repository/Page_tC Create/tcc-version number' is: 'translationCore Create - v1.3.0 build 72-a6038d2'

2021-09-07 13:45:45 - [MESSAGE][INFO] - : The current version and build number is translationCore Create - v1.3.0 build 72-a6038d2

2021-09-07 13:45:45 - [MESSAGE][PASSED] - com.helper.login.loginhelper.logintoapp is PASSED

2021-09-07 13:45:45 - [TEST_STEP][PASSED] - verifyElementPresent(findTestObject("Object Repository/Organization Link/span_unfoldingWord"), 1): Object 'Object Repository/Organization Link/span_unfoldingWord' is present

2021-09-07 13:45:46 - [MESSAGE][PASSED] - Object 'Object Repository/Organization Link/span_unfoldingWord' is present

2021-09-07 13:45:46 - [TEST_STEP][PASSED] - expectedTooltip = "Go to Organization": null

2021-09-07 13:45:46 - [TEST_STEP][PASSED] - actualTooltip = getAttribute(findTestObject("Object Repository/Organization Link/button_unfoldingWord_MuiButtonBase-root MuiIconButton-root"), "title"): Attribute 'title' of object 'Object Repository/Organization Link/button_unfoldingWord_MuiButtonBase-root MuiIconButton-root' is: 'Go to Organization'

2021-09-07 13:45:46 - [MESSAGE][PASSED] - Attribute 'title' of object 'Object Repository/Organization Link/button_unfoldingWord_MuiButtonBase-root MuiIconButton-root' is: 'Go to Organization'

2021-09-07 13:45:46 - [TEST_STEP][PASSED] - out.println("Actual Title of Tool Tip" + actualTooltip): null

2021-09-07 13:45:46 - [TEST_STEP][PASSED] - if (actualTooltip.equals(expectedTooltip)): null

2021-09-07 13:45:46 - [TEST_STEP][PASSED] - out.println("Test Case Passed"): null

2021-09-07 13:45:46 - [TEST_STEP][PASSED] - click(findTestObject("Object Repository/Organization Link/button_unfoldingWord_MuiButtonBase-root MuiIconButton-root")): Object: 'Object Repository/Organization Link/button_unfoldingWord_MuiButtonBase-root MuiIconButton-root' is clicked on

2021-09-07 13:45:47 - [MESSAGE][PASSED] - Object: 'Object Repository/Organization Link/button_unfoldingWord_MuiButtonBase-root MuiIconButton-root' is clicked on

2021-09-07 13:45:47 - [TEST_STEP][PASSED] - switchToWindowIndex(1): Switched to window with index: '1'

2021-09-07 13:45:47 - [MESSAGE][PASSED] - Switched to window with index: '1'

2021-09-07 13:45:47 - [TEST_STEP][PASSED] - if (verifyElementVisible(findTestObject("Object Repository/Organization Link/div_unfoldingWord"), CONTINUE_ON_FAILURE)): null

2021-09-07 13:45:49 - [MESSAGE][PASSED] - Object 'Object Repository/Organization Link/div_unfoldingWord' is visible

2021-09-07 13:45:49 - [TEST_STEP][PASSED] - out.println("Organization page is opening"): null

2021-09-07 13:45:49 - [TEST_STEP][PASSED] - switchToWindowIndex(0): Switched to window with index: '0'

2021-09-07 13:45:49 - [MESSAGE][PASSED] - Switched to window with index: '0'

2021-09-07 13:45:49 - [TEST_STEP][PASSED] - closeBrowser(): Browser is closed

2021-09-07 13:45:49 - [MESSAGE][PASSED] - Browser is closed]]></system-out>
         <system-err><![CDATA[]]></system-err>
      </testcase>
      <testcase name="Test Cases/tCC Test Cases/tN_undo text in tN Editor" time="29.506" classname="Test Cases/tCC Test Cases/tN_undo text in tN Editor" status="PASSED">
         <system-out><![CDATA[2021-09-07 13:45:49 - [TEST_CASE][PASSED] - Test Cases/tCC Test Cases/tN_undo text in tN Editor: Test Cases/tCC Test Cases/tN_undo text in tN Editor

2021-09-07 13:45:49 - [TEST_STEP][PASSED] - com.tccreate.keywords.WriteToFile.writeTofilename("tN-undo editing"): com.tccreate.keywords.WriteToFile.writeTofilename is PASSED

2021-09-07 13:45:49 - [MESSAGE][PASSED] - com.tccreate.keywords.WriteToFile.writeTofilename is PASSED

2021-09-07 13:45:49 - [TEST_STEP][PASSED] - com.helper.login.TimeDate.getTimeDate(): com.helper.login.TimeDate.getTimeDate is PASSED

2021-09-07 13:45:49 - [MESSAGE][INFO] - Time at which the test run:2021-09-07 13:45:49.54

2021-09-07 13:45:49 - [MESSAGE][PASSED] - com.helper.login.TimeDate.getTimeDate is PASSED

2021-09-07 13:45:49 - [TEST_STEP][PASSED] - com.helper.login.loginhelper.logintoapp(): com.helper.login.loginhelper.logintoapp is PASSED

2021-09-07 13:45:49 - [MESSAGE][INFO] - Starting 'Chrome' driver

2021-09-07 13:45:49 - [MESSAGE][INFO] - Action delay is set to 1,000 milliseconds

2021-09-07 13:45:50 - [MESSAGE][WARNING] - FFmpeg was not installed! Browser Recording will be disabled. Please follow this document to install FFmpeg first: https://docs.katalon.com/katalon-studio/docs/screenshots-videos.html#browser-based-recorder

2021-09-07 13:45:53 - [MESSAGE][PASSED] - Browser is opened with url: 'https://stage--tc-create-app.netlify.app/'

2021-09-07 13:45:53 - [MESSAGE][PASSED] - Wait for page load successfully

2021-09-07 13:45:53 - [MESSAGE][PASSED] - Current window maximized

2021-09-07 13:45:55 - [MESSAGE][PASSED] - Keys 'elsylambert' sent to object: 'Object Repository/Page_tC Create/input__username'

2021-09-07 13:45:56 - [MESSAGE][PASSED] - Keys 'fatak43' sent to object: 'Object Repository/Page_tC Create/input__password'

2021-09-07 13:45:58 - [MESSAGE][PASSED] - Object: 'Object Repository/Page_tC Create/button_Login' is clicked on

2021-09-07 13:45:59 - [MESSAGE][PASSED] - Delayed 1 second(s)

2021-09-07 13:46:00 - [MESSAGE][PASSED] - Text of object 'Object Repository/Page_tC Create/tcc-version number' is: 'translationCore Create - v1.3.0 build 72-a6038d2'

2021-09-07 13:46:00 - [MESSAGE][INFO] - : The current version and build number is translationCore Create - v1.3.0 build 72-a6038d2

2021-09-07 13:46:00 - [MESSAGE][PASSED] - com.helper.login.loginhelper.logintoapp is PASSED

2021-09-07 13:46:00 - [TEST_STEP][PASSED] - com.tccreate.keywords.selectOrg.organization(""): com.tccreate.keywords.selectOrg.organization is PASSED

2021-09-07 13:46:02 - [MESSAGE][PASSED] - Object: 'Object Repository/Page_tC Create/listOption_organisation_Parmed' is clicked on

2021-09-07 13:46:04 - [MESSAGE][WARNING] - No alert found after 2 second(s).

2021-09-07 13:46:04 - [MESSAGE][PASSED] - com.tccreate.keywords.selectOrg.organization is PASSED

2021-09-07 13:46:04 - [TEST_STEP][PASSED] - com.tccreate.keywords.selectOrg.resource("unfoldingWord® Translation Notes"): com.tccreate.keywords.selectOrg.resource is PASSED

2021-09-07 13:46:05 - [MESSAGE][PASSED] - Object: 'Object Repository/Page_tC Create/resource_Parmed' is clicked on

2021-09-07 13:46:05 - [MESSAGE][PASSED] - com.tccreate.keywords.selectOrg.resource is PASSED

2021-09-07 13:46:05 - [TEST_STEP][PASSED] - com.tccreate.keywords.selectOrg.language(""): com.tccreate.keywords.selectOrg.language is PASSED

2021-09-07 13:46:07 - [MESSAGE][PASSED] - Object: 'Object Repository/Page_tC Create/combo_Select Language' is clicked on

2021-09-07 13:46:08 - [MESSAGE][PASSED] - Object: 'Object Repository/Page_tC Create/listOption_Language_Parmed' is clicked on

2021-09-07 13:46:08 - [MESSAGE][PASSED] - com.tccreate.keywords.selectOrg.language is PASSED

2021-09-07 13:46:08 - [TEST_STEP][PASSED] - click(findTestObject("Object Repository/Page_tC Create/span_en_tn_57-TIT.tsv")): Object: 'Object Repository/Page_tC Create/span_en_tn_57-TIT.tsv' is clicked on

2021-09-07 13:46:10 - [MESSAGE][PASSED] - Object: 'Object Repository/Page_tC Create/span_en_tn_57-TIT.tsv' is clicked on

2021-09-07 13:46:10 - [TEST_STEP][PASSED] - click(findTestObject("Object Repository/Page_tC Create/div_Introduction to TitusPart 1")): Object: 'Object Repository/Page_tC Create/div_Introduction to TitusPart 1' is clicked on

2021-09-07 13:46:15 - [MESSAGE][PASSED] - Object: 'Object Repository/Page_tC Create/div_Introduction to TitusPart 1' is clicked on

2021-09-07 13:46:15 - [TEST_STEP][PASSED] - sendKeys(findTestObject("Object Repository/Page_tC Create/div_Introduction to TitusPart 1"), "edit again "): Keys 'edit again ' sent to object: 'Object Repository/Page_tC Create/div_Introduction to TitusPart 1'

2021-09-07 13:46:17 - [MESSAGE][PASSED] - Keys 'edit again ' sent to object: 'Object Repository/Page_tC Create/div_Introduction to TitusPart 1'

2021-09-07 13:46:17 - [TEST_STEP][PASSED] - driver = getWebDriver(): null

2021-09-07 13:46:17 - [TEST_STEP][PASSED] - action = new org.openqa.selenium.interactions.Actions(driver): null

2021-09-07 13:46:17 - [TEST_STEP][PASSED] - keyUp(COMMAND).perform(): null

2021-09-07 13:46:17 - [TEST_STEP][PASSED] - sendKeys(findTestObject("Object Repository/Page_tC Create/div_Introduction to TitusPart 1"), Keys.chord(COMMAND, "z")): Keys 'COMMAND + z' sent to object: 'Object Repository/Page_tC Create/div_Introduction to TitusPart 1'

2021-09-07 13:46:18 - [MESSAGE][PASSED] - Keys 'COMMAND + z' sent to object: 'Object Repository/Page_tC Create/div_Introduction to TitusPart 1'

2021-09-07 13:46:18 - [TEST_STEP][PASSED] - logInfo("Text is cleared successfully by undo action"): Text is cleared successfully by undo action

2021-09-07 13:46:18 - [MESSAGE][INFO] - Text is cleared successfully by undo action

2021-09-07 13:46:18 - [TEST_STEP][PASSED] - closeBrowser(): Browser is closed

2021-09-07 13:46:18 - [MESSAGE][PASSED] - Browser is closed]]></system-out>
         <system-err><![CDATA[]]></system-err>
      </testcase>
      <testcase name="Test Cases/tCC Test Cases/tN_Add or Delete a Row" time="38.835" classname="Test Cases/tCC Test Cases/tN_Add or Delete a Row" status="PASSED">
         <system-out><![CDATA[2021-09-07 13:46:18 - [TEST_CASE][PASSED] - Test Cases/tCC Test Cases/tN_Add or Delete a Row: Test Cases/tCC Test Cases/tN_Add or Delete a Row

2021-09-07 13:46:19 - [TEST_STEP][PASSED] - com.tccreate.keywords.WriteToFile.writeTofilename("tA-Add or delete row"): com.tccreate.keywords.WriteToFile.writeTofilename is PASSED

2021-09-07 13:46:19 - [MESSAGE][PASSED] - com.tccreate.keywords.WriteToFile.writeTofilename is PASSED

2021-09-07 13:46:19 - [TEST_STEP][PASSED] - com.helper.login.TimeDate.getTimeDate(): com.helper.login.TimeDate.getTimeDate is PASSED

2021-09-07 13:46:19 - [MESSAGE][INFO] - Time at which the test run:2021-09-07 13:46:19.042

2021-09-07 13:46:19 - [MESSAGE][PASSED] - com.helper.login.TimeDate.getTimeDate is PASSED

2021-09-07 13:46:19 - [TEST_STEP][PASSED] - com.helper.login.loginhelper.logintoapp(): com.helper.login.loginhelper.logintoapp is PASSED

2021-09-07 13:46:19 - [MESSAGE][INFO] - Starting 'Chrome' driver

2021-09-07 13:46:19 - [MESSAGE][INFO] - Action delay is set to 1,000 milliseconds

2021-09-07 13:46:20 - [MESSAGE][WARNING] - FFmpeg was not installed! Browser Recording will be disabled. Please follow this document to install FFmpeg first: https://docs.katalon.com/katalon-studio/docs/screenshots-videos.html#browser-based-recorder

2021-09-07 13:46:23 - [MESSAGE][PASSED] - Browser is opened with url: 'https://stage--tc-create-app.netlify.app/'

2021-09-07 13:46:23 - [MESSAGE][PASSED] - Wait for page load successfully

2021-09-07 13:46:23 - [MESSAGE][PASSED] - Current window maximized

2021-09-07 13:46:25 - [MESSAGE][PASSED] - Keys 'elsylambert' sent to object: 'Object Repository/Page_tC Create/input__username'

2021-09-07 13:46:26 - [MESSAGE][PASSED] - Keys 'fatak43' sent to object: 'Object Repository/Page_tC Create/input__password'

2021-09-07 13:46:27 - [MESSAGE][PASSED] - Object: 'Object Repository/Page_tC Create/button_Login' is clicked on

2021-09-07 13:46:28 - [MESSAGE][PASSED] - Delayed 1 second(s)

2021-09-07 13:46:29 - [MESSAGE][PASSED] - Text of object 'Object Repository/Page_tC Create/tcc-version number' is: 'translationCore Create - v1.3.0 build 72-a6038d2'

2021-09-07 13:46:29 - [MESSAGE][INFO] - : The current version and build number is translationCore Create - v1.3.0 build 72-a6038d2

2021-09-07 13:46:29 - [MESSAGE][PASSED] - com.helper.login.loginhelper.logintoapp is PASSED

2021-09-07 13:46:29 - [TEST_STEP][PASSED] - com.tccreate.keywords.selectOrg.organization(""): com.tccreate.keywords.selectOrg.organization is PASSED

2021-09-07 13:46:31 - [MESSAGE][PASSED] - Object: 'Object Repository/Page_tC Create/listOption_organisation_Parmed' is clicked on

2021-09-07 13:46:33 - [MESSAGE][WARNING] - No alert found after 2 second(s).

2021-09-07 13:46:33 - [MESSAGE][PASSED] - com.tccreate.keywords.selectOrg.organization is PASSED

2021-09-07 13:46:33 - [TEST_STEP][PASSED] - com.tccreate.keywords.selectOrg.resource("unfoldingWord® Translation Notes"): com.tccreate.keywords.selectOrg.resource is PASSED

2021-09-07 13:46:35 - [MESSAGE][PASSED] - Object: 'Object Repository/Page_tC Create/resource_Parmed' is clicked on

2021-09-07 13:46:35 - [MESSAGE][PASSED] - com.tccreate.keywords.selectOrg.resource is PASSED

2021-09-07 13:46:35 - [TEST_STEP][PASSED] - com.tccreate.keywords.selectOrg.language(""): com.tccreate.keywords.selectOrg.language is PASSED

2021-09-07 13:46:36 - [MESSAGE][PASSED] - Object: 'Object Repository/Page_tC Create/combo_Select Language' is clicked on

2021-09-07 13:46:38 - [MESSAGE][PASSED] - Object: 'Object Repository/Page_tC Create/listOption_Language_Parmed' is clicked on

2021-09-07 13:46:38 - [MESSAGE][PASSED] - com.tccreate.keywords.selectOrg.language is PASSED

2021-09-07 13:46:38 - [TEST_STEP][PASSED] - click(findTestObject("Page_tC Create/Add new resource objects/span_en_tn_57-TIT.tsv")): Object: 'Object Repository/Page_tC Create/Add new resource objects/span_en_tn_57-TIT.tsv' is clicked on

2021-09-07 13:46:40 - [MESSAGE][PASSED] - Object: 'Object Repository/Page_tC Create/Add new resource objects/span_en_tn_57-TIT.tsv' is clicked on

2021-09-07 13:46:40 - [TEST_STEP][PASSED] - click(findTestObject("Object Repository/tN objects/button_view columns")): Object: 'Object Repository/tN objects/button_view columns' is clicked on

2021-09-07 13:46:45 - [MESSAGE][PASSED] - Object: 'Object Repository/tN objects/button_view columns' is clicked on

2021-09-07 13:46:45 - [TEST_STEP][PASSED] - click(findTestObject("Object Repository/tN objects/input_ID")): Object: 'Object Repository/tN objects/input_ID' is clicked on

2021-09-07 13:46:47 - [MESSAGE][PASSED] - Object: 'Object Repository/tN objects/input_ID' is clicked on

2021-09-07 13:46:47 - [TEST_STEP][PASSED] - click(findTestObject("tN objects/button__Close-Columns")): Object: 'Object Repository/tN objects/button__Close-Columns' is clicked on

2021-09-07 13:46:48 - [MESSAGE][PASSED] - Object: 'Object Repository/tN objects/button__Close-Columns' is clicked on

2021-09-07 13:46:48 - [TEST_STEP][PASSED] - scrollToElement(findTestObject("Object Repository/tN objects/div_Titus 11"), 2): Scroll to object 'Object Repository/tN objects/div_Titus 11' successfully

2021-09-07 13:46:49 - [MESSAGE][PASSED] - Scroll to object 'Object Repository/tN objects/div_Titus 11' successfully

2021-09-07 13:46:49 - [TEST_STEP][PASSED] - click(findTestObject("Object Repository/tN objects/button_Titus 11_add a new row")): Object: 'Object Repository/tN objects/button_Titus 11_add a new row' is clicked on

2021-09-07 13:46:51 - [MESSAGE][PASSED] - Object: 'Object Repository/tN objects/button_Titus 11_add a new row' is clicked on

2021-09-07 13:46:51 - [TEST_STEP][PASSED] - click(findTestObject("Object Repository/tN objects/button_Add")): Object: 'Object Repository/tN objects/button_Add' is clicked on

2021-09-07 13:46:53 - [MESSAGE][PASSED] - Object: 'Object Repository/tN objects/button_Add' is clicked on

2021-09-07 13:46:53 - [TEST_STEP][PASSED] - if (verifyElementVisible(findTestObject("Object Repository/tN objects/p_empty"))): null

2021-09-07 13:46:53 - [MESSAGE][PASSED] - Object 'Object Repository/tN objects/p_empty' is visible

2021-09-07 13:46:53 - [TEST_STEP][PASSED] - logInfo(" New row is added successfully"):  New row is added successfully

2021-09-07 13:46:53 - [MESSAGE][INFO] -  New row is added successfully

2021-09-07 13:46:53 - [TEST_STEP][PASSED] - click(findTestObject("Object Repository/tN objects/button_Titus 11_Delete new row")): Object: 'Object Repository/tN objects/button_Titus 11_Delete new row' is clicked on

2021-09-07 13:46:55 - [MESSAGE][PASSED] - Object: 'Object Repository/tN objects/button_Titus 11_Delete new row' is clicked on

2021-09-07 13:46:55 - [TEST_STEP][PASSED] - click(findTestObject("Object Repository/tN objects/span_Delete")): Object: 'Object Repository/tN objects/span_Delete' is clicked on

2021-09-07 13:46:57 - [MESSAGE][PASSED] - Object: 'Object Repository/tN objects/span_Delete' is clicked on

2021-09-07 13:46:57 - [TEST_STEP][PASSED] - if (verifyElementVisible(findTestObject("Object Repository/tN objects/p_empty"))): null

2021-09-07 13:46:57 - [MESSAGE][PASSED] - Object 'Object Repository/tN objects/p_empty' is visible

2021-09-07 13:46:57 - [TEST_STEP][PASSED] - logInfo(" New row is deleted successfully"):  New row is deleted successfully

2021-09-07 13:46:57 - [MESSAGE][INFO] -  New row is deleted successfully

2021-09-07 13:46:57 - [TEST_STEP][PASSED] - closeBrowser(): Browser is closed

2021-09-07 13:46:57 - [MESSAGE][PASSED] - Browser is closed]]></system-out>
         <system-err><![CDATA[]]></system-err>
      </testcase>
      <testcase name="Test Cases/tCC Test Cases/tN_Expand chapter" time="74.348" classname="Test Cases/tCC Test Cases/tN_Expand chapter" status="PASSED">
         <system-out><![CDATA[2021-09-07 13:46:57 - [TEST_CASE][PASSED] - Test Cases/tCC Test Cases/tN_Expand chapter: Test Cases/tCC Test Cases/tN_Expand chapter

2021-09-07 13:46:57 - [TEST_STEP][PASSED] - com.tccreate.keywords.WriteToFile.writeTofilename("tN-Expand chapter"): com.tccreate.keywords.WriteToFile.writeTofilename is PASSED

2021-09-07 13:46:57 - [MESSAGE][PASSED] - com.tccreate.keywords.WriteToFile.writeTofilename is PASSED

2021-09-07 13:46:57 - [TEST_STEP][PASSED] - com.helper.login.TimeDate.getTimeDate(): com.helper.login.TimeDate.getTimeDate is PASSED

2021-09-07 13:46:57 - [MESSAGE][INFO] - Time at which the test run:2021-09-07 13:46:57.913

2021-09-07 13:46:57 - [MESSAGE][PASSED] - com.helper.login.TimeDate.getTimeDate is PASSED

2021-09-07 13:46:57 - [TEST_STEP][PASSED] - com.helper.login.loginhelper.logintoapp(): com.helper.login.loginhelper.logintoapp is PASSED

2021-09-07 13:46:57 - [MESSAGE][INFO] - Starting 'Chrome' driver

2021-09-07 13:46:57 - [MESSAGE][INFO] - Action delay is set to 1,000 milliseconds

2021-09-07 13:46:58 - [MESSAGE][WARNING] - FFmpeg was not installed! Browser Recording will be disabled. Please follow this document to install FFmpeg first: https://docs.katalon.com/katalon-studio/docs/screenshots-videos.html#browser-based-recorder

2021-09-07 13:47:02 - [MESSAGE][PASSED] - Browser is opened with url: 'https://stage--tc-create-app.netlify.app/'

2021-09-07 13:47:02 - [MESSAGE][PASSED] - Wait for page load successfully

2021-09-07 13:47:02 - [MESSAGE][PASSED] - Current window maximized

2021-09-07 13:47:04 - [MESSAGE][PASSED] - Keys 'elsylambert' sent to object: 'Object Repository/Page_tC Create/input__username'

2021-09-07 13:47:05 - [MESSAGE][PASSED] - Keys 'fatak43' sent to object: 'Object Repository/Page_tC Create/input__password'

2021-09-07 13:47:06 - [MESSAGE][PASSED] - Object: 'Object Repository/Page_tC Create/button_Login' is clicked on

2021-09-07 13:47:07 - [MESSAGE][PASSED] - Delayed 1 second(s)

2021-09-07 13:47:08 - [MESSAGE][PASSED] - Text of object 'Object Repository/Page_tC Create/tcc-version number' is: 'translationCore Create - v1.3.0 build 72-a6038d2'

2021-09-07 13:47:08 - [MESSAGE][INFO] - : The current version and build number is translationCore Create - v1.3.0 build 72-a6038d2

2021-09-07 13:47:08 - [MESSAGE][PASSED] - com.helper.login.loginhelper.logintoapp is PASSED

2021-09-07 13:47:08 - [TEST_STEP][PASSED] - com.tccreate.keywords.selectOrg.organization(""): com.tccreate.keywords.selectOrg.organization is PASSED

2021-09-07 13:47:10 - [MESSAGE][PASSED] - Object: 'Object Repository/Page_tC Create/listOption_organisation_Parmed' is clicked on

2021-09-07 13:47:12 - [MESSAGE][WARNING] - No alert found after 2 second(s).

2021-09-07 13:47:12 - [MESSAGE][PASSED] - com.tccreate.keywords.selectOrg.organization is PASSED

2021-09-07 13:47:12 - [TEST_STEP][PASSED] - com.tccreate.keywords.selectOrg.resource("unfoldingWord® Translation Notes"): com.tccreate.keywords.selectOrg.resource is PASSED

2021-09-07 13:47:13 - [MESSAGE][PASSED] - Object: 'Object Repository/Page_tC Create/resource_Parmed' is clicked on

2021-09-07 13:47:13 - [MESSAGE][PASSED] - com.tccreate.keywords.selectOrg.resource is PASSED

2021-09-07 13:47:13 - [TEST_STEP][PASSED] - com.tccreate.keywords.selectOrg.language(""): com.tccreate.keywords.selectOrg.language is PASSED

2021-09-07 13:47:15 - [MESSAGE][PASSED] - Object: 'Object Repository/Page_tC Create/combo_Select Language' is clicked on

2021-09-07 13:47:16 - [MESSAGE][PASSED] - Object: 'Object Repository/Page_tC Create/listOption_Language_Parmed' is clicked on

2021-09-07 13:47:16 - [MESSAGE][PASSED] - com.tccreate.keywords.selectOrg.language is PASSED

2021-09-07 13:47:16 - [TEST_STEP][PASSED] - click(findTestObject("Page_tC Create/Add new resource objects/span_en_tn_57-TIT.tsv")): Object: 'Object Repository/Page_tC Create/Add new resource objects/span_en_tn_57-TIT.tsv' is clicked on

2021-09-07 13:47:18 - [MESSAGE][PASSED] - Object: 'Object Repository/Page_tC Create/Add new resource objects/span_en_tn_57-TIT.tsv' is clicked on

2021-09-07 13:47:18 - [TEST_STEP][PASSED] - buttonstate = com.tccreate.keywords.ExpandAllScriptureToggle.toggleAllScripture("test"): com.tccreate.keywords.ExpandAllScriptureToggle.toggleAllScripture is PASSED

2021-09-07 13:47:22 - [MESSAGE][INFO] - Unable to find the element located by 'By.xpath: //*[@type = 'button' and @data-test = 'drawer-menu-close-button']'. Please recheck the objects properties to make sure the desired element is located. 

2021-09-07 13:47:22 - [MESSAGE][WARNING] - Object 'Object Repository/Page_tC Create/button_DrawerClose' is not present after 2 second(s)

2021-09-07 13:47:23 - [MESSAGE][PASSED] - Object: 'Object Repository/Page_tC Create/Hamburger Menu Button' is clicked on

2021-09-07 13:47:24 - [MESSAGE][PASSED] - Delayed 1 second(s)

2021-09-07 13:47:25 - [MESSAGE][PASSED] - Object 'Object Repository/Page_tC Create/input_Expand all Scripture_default' is checked

2021-09-07 13:47:26 - [MESSAGE][PASSED] - Object: 'Object Repository/Page_tC Create/button_DrawerClose' is clicked on

2021-09-07 13:47:27 - [MESSAGE][PASSED] - Object 'Object Repository/Page_tC Create/Hamburger Menu Button' is visible

2021-09-07 13:47:27 - [MESSAGE][PASSED] - com.tccreate.keywords.ExpandAllScriptureToggle.toggleAllScripture is PASSED

2021-09-07 13:47:27 - [TEST_STEP][PASSED] - out.println(" the state of the button is" + buttonstate): null

2021-09-07 13:47:27 - [TEST_STEP][PASSED] - delay(1): Delayed 1 second(s)

2021-09-07 13:47:28 - [MESSAGE][PASSED] - Delayed 1 second(s)

2021-09-07 13:47:28 - [TEST_STEP][PASSED] - if (buttonstate == "off"): null

2021-09-07 13:47:28 - [TEST_STEP][PASSED] - else: Parallel scripture viewer is ON

2021-09-07 13:47:28 - [TEST_STEP][PASSED] - logInfo("Parallel scripture viewer is ON"): Parallel scripture viewer is ON

2021-09-07 13:47:28 - [MESSAGE][INFO] - Parallel scripture viewer is ON

2021-09-07 13:47:28 - [TEST_STEP][PASSED] - scrollToElement(findTestObject("Page_tC Create/Add new resource objects/h6_TIT 1intro"), 2, CONTINUE_ON_FAILURE): Scroll to object 'Object Repository/Page_tC Create/Add new resource objects/h6_TIT 1intro' successfully

2021-09-07 13:47:28 - [MESSAGE][PASSED] - Scroll to object 'Object Repository/Page_tC Create/Add new resource objects/h6_TIT 1intro' successfully

2021-09-07 13:47:28 - [TEST_STEP][PASSED] - click(findTestObject("Object Repository/tN objects/button_Titus 11_Expand chapter button")): Object: 'Object Repository/tN objects/button_Titus 11_Expand chapter button' is clicked on

2021-09-07 13:47:29 - [MESSAGE][PASSED] - Object: 'Object Repository/tN objects/button_Titus 11_Expand chapter button' is clicked on

2021-09-07 13:47:29 - [TEST_STEP][PASSED] - mouseOver(findTestObject("Object Repository/tN objects/td_12")): Object: 'Object Repository/tN objects/td_12' is hovered

2021-09-07 13:47:30 - [MESSAGE][PASSED] - Object: 'Object Repository/tN objects/td_12' is hovered

2021-09-07 13:47:30 - [TEST_STEP][PASSED] - click(findTestObject("Object Repository/tN objects/td_12")): Object: 'Object Repository/tN objects/td_12' is clicked on

2021-09-07 13:47:32 - [MESSAGE][PASSED] - Object: 'Object Repository/tN objects/td_12' is clicked on

2021-09-07 13:47:32 - [TEST_STEP][PASSED] - for (int i : (1..19)): Keys 'PAGE_DOWN + ' sent to object: 'tempBody'

2021-09-07 13:47:32 - [TEST_STEP][PASSED] - sendKeys(findTestObject(null), Keys.chord(PAGE_DOWN)): Keys 'PAGE_DOWN + ' sent to object: 'tempBody'

2021-09-07 13:47:32 - [MESSAGE][WARNING] - Test object id is null

2021-09-07 13:47:32 - [MESSAGE][WARNING] - Test object with id 'Object Repository/' does not exist

2021-09-07 13:47:33 - [MESSAGE][PASSED] - Keys 'PAGE_DOWN + ' sent to object: 'tempBody'

2021-09-07 13:47:33 - [TEST_STEP][PASSED] - sendKeys(findTestObject(null), Keys.chord(PAGE_DOWN)): Keys 'PAGE_DOWN + ' sent to object: 'tempBody'

2021-09-07 13:47:33 - [MESSAGE][WARNING] - Test object id is null

2021-09-07 13:47:33 - [MESSAGE][WARNING] - Test object with id 'Object Repository/' does not exist

2021-09-07 13:47:35 - [MESSAGE][PASSED] - Keys 'PAGE_DOWN + ' sent to object: 'tempBody'

2021-09-07 13:47:35 - [TEST_STEP][PASSED] - sendKeys(findTestObject(null), Keys.chord(PAGE_DOWN)): Keys 'PAGE_DOWN + ' sent to object: 'tempBody'

2021-09-07 13:47:35 - [MESSAGE][WARNING] - Test object id is null

2021-09-07 13:47:35 - [MESSAGE][WARNING] - Test object with id 'Object Repository/' does not exist

2021-09-07 13:47:37 - [MESSAGE][PASSED] - Keys 'PAGE_DOWN + ' sent to object: 'tempBody'

2021-09-07 13:47:37 - [TEST_STEP][PASSED] - sendKeys(findTestObject(null), Keys.chord(PAGE_DOWN)): Keys 'PAGE_DOWN + ' sent to object: 'tempBody'

2021-09-07 13:47:37 - [MESSAGE][WARNING] - Test object id is null

2021-09-07 13:47:37 - [MESSAGE][WARNING] - Test object with id 'Object Repository/' does not exist

2021-09-07 13:47:38 - [MESSAGE][PASSED] - Keys 'PAGE_DOWN + ' sent to object: 'tempBody'

2021-09-07 13:47:38 - [TEST_STEP][PASSED] - sendKeys(findTestObject(null), Keys.chord(PAGE_DOWN)): Keys 'PAGE_DOWN + ' sent to object: 'tempBody'

2021-09-07 13:47:38 - [MESSAGE][WARNING] - Test object id is null

2021-09-07 13:47:38 - [MESSAGE][WARNING] - Test object with id 'Object Repository/' does not exist

2021-09-07 13:47:40 - [MESSAGE][PASSED] - Keys 'PAGE_DOWN + ' sent to object: 'tempBody'

2021-09-07 13:47:40 - [TEST_STEP][PASSED] - sendKeys(findTestObject(null), Keys.chord(PAGE_DOWN)): Keys 'PAGE_DOWN + ' sent to object: 'tempBody'

2021-09-07 13:47:40 - [MESSAGE][WARNING] - Test object id is null

2021-09-07 13:47:40 - [MESSAGE][WARNING] - Test object with id 'Object Repository/' does not exist

2021-09-07 13:47:42 - [MESSAGE][PASSED] - Keys 'PAGE_DOWN + ' sent to object: 'tempBody'

2021-09-07 13:47:42 - [TEST_STEP][PASSED] - sendKeys(findTestObject(null), Keys.chord(PAGE_DOWN)): Keys 'PAGE_DOWN + ' sent to object: 'tempBody'

2021-09-07 13:47:42 - [MESSAGE][WARNING] - Test object id is null

2021-09-07 13:47:42 - [MESSAGE][WARNING] - Test object with id 'Object Repository/' does not exist

2021-09-07 13:47:43 - [MESSAGE][PASSED] - Keys 'PAGE_DOWN + ' sent to object: 'tempBody'

2021-09-07 13:47:43 - [TEST_STEP][PASSED] - sendKeys(findTestObject(null), Keys.chord(PAGE_DOWN)): Keys 'PAGE_DOWN + ' sent to object: 'tempBody'

2021-09-07 13:47:43 - [MESSAGE][WARNING] - Test object id is null

2021-09-07 13:47:43 - [MESSAGE][WARNING] - Test object with id 'Object Repository/' does not exist

2021-09-07 13:47:45 - [MESSAGE][PASSED] - Keys 'PAGE_DOWN + ' sent to object: 'tempBody'

2021-09-07 13:47:45 - [TEST_STEP][PASSED] - sendKeys(findTestObject(null), Keys.chord(PAGE_DOWN)): Keys 'PAGE_DOWN + ' sent to object: 'tempBody'

2021-09-07 13:47:45 - [MESSAGE][WARNING] - Test object id is null

2021-09-07 13:47:45 - [MESSAGE][WARNING] - Test object with id 'Object Repository/' does not exist

2021-09-07 13:47:47 - [MESSAGE][PASSED] - Keys 'PAGE_DOWN + ' sent to object: 'tempBody'

2021-09-07 13:47:47 - [TEST_STEP][PASSED] - sendKeys(findTestObject(null), Keys.chord(PAGE_DOWN)): Keys 'PAGE_DOWN + ' sent to object: 'tempBody'

2021-09-07 13:47:47 - [MESSAGE][WARNING] - Test object id is null

2021-09-07 13:47:47 - [MESSAGE][WARNING] - Test object with id 'Object Repository/' does not exist

2021-09-07 13:47:48 - [MESSAGE][PASSED] - Keys 'PAGE_DOWN + ' sent to object: 'tempBody'

2021-09-07 13:47:48 - [TEST_STEP][PASSED] - sendKeys(findTestObject(null), Keys.chord(PAGE_DOWN)): Keys 'PAGE_DOWN + ' sent to object: 'tempBody'

2021-09-07 13:47:48 - [MESSAGE][WARNING] - Test object id is null

2021-09-07 13:47:48 - [MESSAGE][WARNING] - Test object with id 'Object Repository/' does not exist

2021-09-07 13:47:50 - [MESSAGE][PASSED] - Keys 'PAGE_DOWN + ' sent to object: 'tempBody'

2021-09-07 13:47:50 - [TEST_STEP][PASSED] - sendKeys(findTestObject(null), Keys.chord(PAGE_DOWN)): Keys 'PAGE_DOWN + ' sent to object: 'tempBody'

2021-09-07 13:47:50 - [MESSAGE][WARNING] - Test object id is null

2021-09-07 13:47:50 - [MESSAGE][WARNING] - Test object with id 'Object Repository/' does not exist

2021-09-07 13:47:51 - [MESSAGE][PASSED] - Keys 'PAGE_DOWN + ' sent to object: 'tempBody'

2021-09-07 13:47:51 - [TEST_STEP][PASSED] - sendKeys(findTestObject(null), Keys.chord(PAGE_DOWN)): Keys 'PAGE_DOWN + ' sent to object: 'tempBody'

2021-09-07 13:47:51 - [MESSAGE][WARNING] - Test object id is null

2021-09-07 13:47:51 - [MESSAGE][WARNING] - Test object with id 'Object Repository/' does not exist

2021-09-07 13:47:53 - [MESSAGE][PASSED] - Keys 'PAGE_DOWN + ' sent to object: 'tempBody'

2021-09-07 13:47:53 - [TEST_STEP][PASSED] - sendKeys(findTestObject(null), Keys.chord(PAGE_DOWN)): Keys 'PAGE_DOWN + ' sent to object: 'tempBody'

2021-09-07 13:47:53 - [MESSAGE][WARNING] - Test object id is null

2021-09-07 13:47:53 - [MESSAGE][WARNING] - Test object with id 'Object Repository/' does not exist

2021-09-07 13:47:55 - [MESSAGE][PASSED] - Keys 'PAGE_DOWN + ' sent to object: 'tempBody'

2021-09-07 13:47:55 - [TEST_STEP][PASSED] - sendKeys(findTestObject(null), Keys.chord(PAGE_DOWN)): Keys 'PAGE_DOWN + ' sent to object: 'tempBody'

2021-09-07 13:47:55 - [MESSAGE][WARNING] - Test object id is null

2021-09-07 13:47:55 - [MESSAGE][WARNING] - Test object with id 'Object Repository/' does not exist

2021-09-07 13:47:56 - [MESSAGE][PASSED] - Keys 'PAGE_DOWN + ' sent to object: 'tempBody'

2021-09-07 13:47:56 - [TEST_STEP][PASSED] - sendKeys(findTestObject(null), Keys.chord(PAGE_DOWN)): Keys 'PAGE_DOWN + ' sent to object: 'tempBody'

2021-09-07 13:47:56 - [MESSAGE][WARNING] - Test object id is null

2021-09-07 13:47:56 - [MESSAGE][WARNING] - Test object with id 'Object Repository/' does not exist

2021-09-07 13:47:58 - [MESSAGE][PASSED] - Keys 'PAGE_DOWN + ' sent to object: 'tempBody'

2021-09-07 13:47:58 - [TEST_STEP][PASSED] - sendKeys(findTestObject(null), Keys.chord(PAGE_DOWN)): Keys 'PAGE_DOWN + ' sent to object: 'tempBody'

2021-09-07 13:47:58 - [MESSAGE][WARNING] - Test object id is null

2021-09-07 13:47:58 - [MESSAGE][WARNING] - Test object with id 'Object Repository/' does not exist

2021-09-07 13:48:00 - [MESSAGE][PASSED] - Keys 'PAGE_DOWN + ' sent to object: 'tempBody'

2021-09-07 13:48:00 - [TEST_STEP][PASSED] - sendKeys(findTestObject(null), Keys.chord(PAGE_DOWN)): Keys 'PAGE_DOWN + ' sent to object: 'tempBody'

2021-09-07 13:48:00 - [MESSAGE][WARNING] - Test object id is null

2021-09-07 13:48:00 - [MESSAGE][WARNING] - Test object with id 'Object Repository/' does not exist

2021-09-07 13:48:01 - [MESSAGE][PASSED] - Keys 'PAGE_DOWN + ' sent to object: 'tempBody'

2021-09-07 13:48:01 - [TEST_STEP][PASSED] - sendKeys(findTestObject(null), Keys.chord(PAGE_DOWN)): Keys 'PAGE_DOWN + ' sent to object: 'tempBody'

2021-09-07 13:48:01 - [MESSAGE][WARNING] - Test object id is null

2021-09-07 13:48:01 - [MESSAGE][WARNING] - Test object with id 'Object Repository/' does not exist

2021-09-07 13:48:03 - [MESSAGE][PASSED] - Keys 'PAGE_DOWN + ' sent to object: 'tempBody'

2021-09-07 13:48:03 - [TEST_STEP][PASSED] - if (verifyElementVisible(findTestObject("Object Repository/tN objects/sup_315"))): null

2021-09-07 13:48:03 - [MESSAGE][PASSED] - Object 'Object Repository/tN objects/sup_315' is visible

2021-09-07 13:48:03 - [TEST_STEP][PASSED] - logInfo("Chapter is expanded successfully"): Chapter is expanded successfully

2021-09-07 13:48:03 - [MESSAGE][INFO] - Chapter is expanded successfully

2021-09-07 13:48:03 - [TEST_STEP][PASSED] - delay(3): Delayed 3 second(s)

2021-09-07 13:48:06 - [MESSAGE][PASSED] - Delayed 3 second(s)

2021-09-07 13:48:06 - [TEST_STEP][PASSED] - sendKeys(findTestObject(null), Keys.chord(PAGE_UP)): Keys 'PAGE_UP + ' sent to object: 'tempBody'

2021-09-07 13:48:06 - [MESSAGE][WARNING] - Test object id is null

2021-09-07 13:48:06 - [MESSAGE][WARNING] - Test object with id 'Object Repository/' does not exist

2021-09-07 13:48:08 - [MESSAGE][PASSED] - Keys 'PAGE_UP + ' sent to object: 'tempBody'

2021-09-07 13:48:08 - [TEST_STEP][PASSED] - click(findTestObject("Object Repository/tN objects/button_Titus 11_collapse-chapter")): Object: 'Object Repository/tN objects/button_Titus 11_collapse-chapter' is clicked on

2021-09-07 13:48:09 - [MESSAGE][PASSED] - Object: 'Object Repository/tN objects/button_Titus 11_collapse-chapter' is clicked on

2021-09-07 13:48:09 - [TEST_STEP][PASSED] - delay(2): Delayed 2 second(s)

2021-09-07 13:48:11 - [MESSAGE][PASSED] - Delayed 2 second(s)

2021-09-07 13:48:11 - [TEST_STEP][PASSED] - if (verifyElementNotPresent(findTestObject("Object Repository/tN objects/sup_315"), 2, CONTINUE_ON_FAILURE)): null

2021-09-07 13:48:11 - [MESSAGE][PASSED] - Web element with id: 'Object Repository/tN objects/sup_315' located by 'By.xpath: //tr[@id='3:15']/td[3]/div/sup' is not present after '2' second(s)

2021-09-07 13:48:11 - [TEST_STEP][PASSED] - logInfo("Chapter is collapsed successfully"): Chapter is collapsed successfully

2021-09-07 13:48:11 - [MESSAGE][INFO] - Chapter is collapsed successfully

2021-09-07 13:48:11 - [TEST_STEP][PASSED] - closeBrowser(): Browser is closed

2021-09-07 13:48:12 - [MESSAGE][PASSED] - Browser is closed]]></system-out>
         <system-err><![CDATA[]]></system-err>
      </testcase>
      <testcase name="Test Cases/tCC Test Cases/tN_Highlighting by Occurrence Number" time="62.419" classname="Test Cases/tCC Test Cases/tN_Highlighting by Occurrence Number" status="PASSED">
         <system-out><![CDATA[2021-09-07 13:48:12 - [TEST_CASE][PASSED] - Test Cases/tCC Test Cases/tN_Highlighting by Occurrence Number: Test Cases/tCC Test Cases/tN_Highlighting by Occurrence Number

2021-09-07 13:48:12 - [TEST_STEP][PASSED] - com.tccreate.keywords.WriteToFile.writeTofilename("tN-Highlighting by occurrence number"): com.tccreate.keywords.WriteToFile.writeTofilename is PASSED

2021-09-07 13:48:12 - [MESSAGE][PASSED] - com.tccreate.keywords.WriteToFile.writeTofilename is PASSED

2021-09-07 13:48:12 - [TEST_STEP][PASSED] - com.helper.login.TimeDate.getTimeDate(): com.helper.login.TimeDate.getTimeDate is PASSED

2021-09-07 13:48:12 - [MESSAGE][INFO] - Time at which the test run:2021-09-07 13:48:12.241

2021-09-07 13:48:12 - [MESSAGE][PASSED] - com.helper.login.TimeDate.getTimeDate is PASSED

2021-09-07 13:48:12 - [TEST_STEP][PASSED] - com.helper.login.loginhelper.logintoapp(): com.helper.login.loginhelper.logintoapp is PASSED

2021-09-07 13:48:12 - [MESSAGE][INFO] - Starting 'Chrome' driver

2021-09-07 13:48:12 - [MESSAGE][INFO] - Action delay is set to 1,000 milliseconds

2021-09-07 13:48:13 - [MESSAGE][WARNING] - FFmpeg was not installed! Browser Recording will be disabled. Please follow this document to install FFmpeg first: https://docs.katalon.com/katalon-studio/docs/screenshots-videos.html#browser-based-recorder

2021-09-07 13:48:19 - [MESSAGE][PASSED] - Browser is opened with url: 'https://stage--tc-create-app.netlify.app/'

2021-09-07 13:48:19 - [MESSAGE][PASSED] - Wait for page load successfully

2021-09-07 13:48:20 - [MESSAGE][PASSED] - Current window maximized

2021-09-07 13:48:21 - [MESSAGE][PASSED] - Keys 'elsylambert' sent to object: 'Object Repository/Page_tC Create/input__username'

2021-09-07 13:48:23 - [MESSAGE][PASSED] - Keys 'fatak43' sent to object: 'Object Repository/Page_tC Create/input__password'

2021-09-07 13:48:24 - [MESSAGE][PASSED] - Object: 'Object Repository/Page_tC Create/button_Login' is clicked on

2021-09-07 13:48:25 - [MESSAGE][PASSED] - Delayed 1 second(s)

2021-09-07 13:48:26 - [MESSAGE][PASSED] - Text of object 'Object Repository/Page_tC Create/tcc-version number' is: 'translationCore Create - v1.3.0 build 72-a6038d2'

2021-09-07 13:48:26 - [MESSAGE][INFO] - : The current version and build number is translationCore Create - v1.3.0 build 72-a6038d2

2021-09-07 13:48:26 - [MESSAGE][PASSED] - com.helper.login.loginhelper.logintoapp is PASSED

2021-09-07 13:48:26 - [TEST_STEP][PASSED] - com.tccreate.keywords.selectOrg.organization(""): com.tccreate.keywords.selectOrg.organization is PASSED

2021-09-07 13:48:28 - [MESSAGE][PASSED] - Object: 'Object Repository/Page_tC Create/listOption_organisation_Parmed' is clicked on

2021-09-07 13:48:30 - [MESSAGE][WARNING] - No alert found after 2 second(s).

2021-09-07 13:48:30 - [MESSAGE][PASSED] - com.tccreate.keywords.selectOrg.organization is PASSED

2021-09-07 13:48:30 - [TEST_STEP][PASSED] - com.tccreate.keywords.selectOrg.resource("unfoldingWord® Translation Notes"): com.tccreate.keywords.selectOrg.resource is PASSED

2021-09-07 13:48:31 - [MESSAGE][PASSED] - Object: 'Object Repository/Page_tC Create/resource_Parmed' is clicked on

2021-09-07 13:48:31 - [MESSAGE][PASSED] - com.tccreate.keywords.selectOrg.resource is PASSED

2021-09-07 13:48:31 - [TEST_STEP][PASSED] - com.tccreate.keywords.selectOrg.language(""): com.tccreate.keywords.selectOrg.language is PASSED

2021-09-07 13:48:33 - [MESSAGE][PASSED] - Object: 'Object Repository/Page_tC Create/combo_Select Language' is clicked on

2021-09-07 13:48:34 - [MESSAGE][PASSED] - Object: 'Object Repository/Page_tC Create/listOption_Language_Parmed' is clicked on

2021-09-07 13:48:34 - [MESSAGE][PASSED] - com.tccreate.keywords.selectOrg.language is PASSED

2021-09-07 13:48:34 - [TEST_STEP][PASSED] - click(findTestObject("Object Repository/Page_tC Create/span_en_tn_57-TIT.tsv")): Object: 'Object Repository/Page_tC Create/span_en_tn_57-TIT.tsv' is clicked on

2021-09-07 13:48:36 - [MESSAGE][PASSED] - Object: 'Object Repository/Page_tC Create/span_en_tn_57-TIT.tsv' is clicked on

2021-09-07 13:48:36 - [TEST_STEP][PASSED] - click(findTestObject("Object Repository/tN objects/button_view columns")): Object: 'Object Repository/tN objects/button_view columns' is clicked on

2021-09-07 13:48:41 - [MESSAGE][PASSED] - Object: 'Object Repository/tN objects/button_view columns' is clicked on

2021-09-07 13:48:41 - [TEST_STEP][PASSED] - click(findTestObject("tN objects/input_OrigQuote_checkbox")): Object: 'Object Repository/tN objects/input_OrigQuote_checkbox' is clicked on

2021-09-07 13:48:43 - [MESSAGE][PASSED] - Object: 'Object Repository/tN objects/input_OrigQuote_checkbox' is clicked on

2021-09-07 13:48:43 - [TEST_STEP][PASSED] - click(findTestObject("Object Repository/tN objects/input_SupportReference")): Object: 'Object Repository/tN objects/input_SupportReference' is clicked on

2021-09-07 13:48:44 - [MESSAGE][PASSED] - Object: 'Object Repository/tN objects/input_SupportReference' is clicked on

2021-09-07 13:48:44 - [TEST_STEP][PASSED] - click(findTestObject("tN objects/button__Close-Columns")): Object: 'Object Repository/tN objects/button__Close-Columns' is clicked on

2021-09-07 13:48:45 - [MESSAGE][PASSED] - Object: 'Object Repository/tN objects/button__Close-Columns' is clicked on

2021-09-07 13:48:45 - [TEST_STEP][PASSED] - buttonstate = com.tccreate.keywords.ExpandAllScriptureToggle.toggleAllScripture("test"): com.tccreate.keywords.ExpandAllScriptureToggle.toggleAllScripture is PASSED

2021-09-07 13:48:49 - [MESSAGE][INFO] - Unable to find the element located by 'By.xpath: //*[@type = 'button' and @data-test = 'drawer-menu-close-button']'. Please recheck the objects properties to make sure the desired element is located. 

2021-09-07 13:48:49 - [MESSAGE][WARNING] - Object 'Object Repository/Page_tC Create/button_DrawerClose' is not present after 2 second(s)

2021-09-07 13:48:50 - [MESSAGE][PASSED] - Object: 'Object Repository/Page_tC Create/Hamburger Menu Button' is clicked on

2021-09-07 13:48:51 - [MESSAGE][PASSED] - Delayed 1 second(s)

2021-09-07 13:48:51 - [MESSAGE][PASSED] - Object 'Object Repository/Page_tC Create/input_Expand all Scripture_default' is checked

2021-09-07 13:48:53 - [MESSAGE][PASSED] - Object: 'Object Repository/Page_tC Create/button_DrawerClose' is clicked on

2021-09-07 13:48:53 - [MESSAGE][PASSED] - Object 'Object Repository/Page_tC Create/Hamburger Menu Button' is visible

2021-09-07 13:48:53 - [MESSAGE][PASSED] - com.tccreate.keywords.ExpandAllScriptureToggle.toggleAllScripture is PASSED

2021-09-07 13:48:53 - [TEST_STEP][PASSED] - out.println(" the state of the button is" + buttonstate): null

2021-09-07 13:48:53 - [TEST_STEP][PASSED] - delay(1): Delayed 1 second(s)

2021-09-07 13:48:54 - [MESSAGE][PASSED] - Delayed 1 second(s)

2021-09-07 13:48:54 - [TEST_STEP][PASSED] - if (buttonstate == "off"): null

2021-09-07 13:48:54 - [TEST_STEP][PASSED] - else: Parallel scripture viewer is ON

2021-09-07 13:48:54 - [TEST_STEP][PASSED] - logInfo("Parallel scripture viewer is ON"): Parallel scripture viewer is ON

2021-09-07 13:48:54 - [MESSAGE][INFO] - Parallel scripture viewer is ON

2021-09-07 13:48:54 - [TEST_STEP][PASSED] - scrollToElement(findTestObject("Object Repository/tN objects/div_Titus 11"), 2): Scroll to object 'Object Repository/tN objects/div_Titus 11' successfully

2021-09-07 13:48:55 - [MESSAGE][PASSED] - Scroll to object 'Object Repository/tN objects/div_Titus 11' successfully

2021-09-07 13:48:55 - [TEST_STEP][PASSED] - click(findTestObject("Object Repository/tN objects/button_Titus 11_add a new row")): Object: 'Object Repository/tN objects/button_Titus 11_add a new row' is clicked on

2021-09-07 13:48:56 - [MESSAGE][PASSED] - Object: 'Object Repository/tN objects/button_Titus 11_add a new row' is clicked on

2021-09-07 13:48:56 - [TEST_STEP][PASSED] - click(findTestObject("Object Repository/tN objects/button_Add")): Object: 'Object Repository/tN objects/button_Add' is clicked on

2021-09-07 13:48:58 - [MESSAGE][PASSED] - Object: 'Object Repository/tN objects/button_Add' is clicked on

2021-09-07 13:48:58 - [TEST_STEP][PASSED] - word1 = getText(findTestObject("tN objects/word1")): Text of object 'Object Repository/tN objects/word1' is: 'Θεοῦ'

2021-09-07 13:48:59 - [MESSAGE][PASSED] - Text of object 'Object Repository/tN objects/word1' is: 'Θεοῦ'

2021-09-07 13:48:59 - [TEST_STEP][PASSED] - logInfo("the word is" + word1): the word isΘεοῦ

2021-09-07 13:48:59 - [MESSAGE][INFO] - the word isΘεοῦ

2021-09-07 13:48:59 - [TEST_STEP][PASSED] - color_word1 = getCSSValue(findTestObject("tN objects/word1"), "color"): Get CSS 'color' value on 'Object Repository/tN objects/word1' successfully: 'rgba(0, 0, 0, 0.87)'.

2021-09-07 13:48:59 - [MESSAGE][PASSED] - Get CSS 'color' value on 'Object Repository/tN objects/word1' successfully: 'rgba(0, 0, 0, 0.87)'.

2021-09-07 13:48:59 - [TEST_STEP][PASSED] - backcolor_word1 = getCSSValue(findTestObject("tN objects/word1"), "background-color"): Get CSS 'background-color' value on 'Object Repository/tN objects/word1' successfully: 'rgba(0, 0, 0, 0)'.

2021-09-07 13:48:59 - [MESSAGE][PASSED] - Get CSS 'background-color' value on 'Object Repository/tN objects/word1' successfully: 'rgba(0, 0, 0, 0)'.

2021-09-07 13:48:59 - [TEST_STEP][PASSED] - logInfo(color_word1): rgba(0, 0, 0, 0.87)

2021-09-07 13:48:59 - [MESSAGE][INFO] - rgba(0, 0, 0, 0.87)

2021-09-07 13:48:59 - [TEST_STEP][PASSED] - logInfo(backcolor_word1): rgba(0, 0, 0, 0)

2021-09-07 13:48:59 - [MESSAGE][INFO] - rgba(0, 0, 0, 0)

2021-09-07 13:48:59 - [TEST_STEP][PASSED] - click(findTestObject("Object Repository/tN objects/p_OL_box")): Object: 'Object Repository/tN objects/p_OL_box' is clicked on

2021-09-07 13:49:00 - [MESSAGE][PASSED] - Object: 'Object Repository/tN objects/p_OL_box' is clicked on

2021-09-07 13:49:00 - [TEST_STEP][PASSED] - setText(findTestObject("Object Repository/tN objects/p_OL_box"), "Θεοῦ"): Text 'Θεοῦ' is set on object 'Object Repository/tN objects/p_OL_box'

2021-09-07 13:49:03 - [MESSAGE][PASSED] - Text 'Θεοῦ' is set on object 'Object Repository/tN objects/p_OL_box'

2021-09-07 13:49:03 - [TEST_STEP][PASSED] - driver = getWebDriver(): null

2021-09-07 13:49:03 - [TEST_STEP][PASSED] - action = new org.openqa.selenium.interactions.Actions(driver): null

2021-09-07 13:49:03 - [TEST_STEP][PASSED] - build().perform(): null

2021-09-07 13:49:04 - [TEST_STEP][PASSED] - if (!(color_word1.equals(backcolor_word1))): First Occurrence is highlighted!

2021-09-07 13:49:04 - [TEST_STEP][PASSED] - logInfo("First Occurrence is highlighted!"): First Occurrence is highlighted!

2021-09-07 13:49:04 - [MESSAGE][INFO] - First Occurrence is highlighted!

2021-09-07 13:49:04 - [TEST_STEP][PASSED] - color_word2 = getCSSValue(findTestObject("tN objects/word2"), "color"): Get CSS 'color' value on 'Object Repository/tN objects/word2' successfully: 'rgba(0, 0, 0, 0.87)'.

2021-09-07 13:49:04 - [MESSAGE][PASSED] - Get CSS 'color' value on 'Object Repository/tN objects/word2' successfully: 'rgba(0, 0, 0, 0.87)'.

2021-09-07 13:49:04 - [TEST_STEP][PASSED] - backcolor_word2 = getCSSValue(findTestObject("tN objects/word2"), "background-color"): Get CSS 'background-color' value on 'Object Repository/tN objects/word2' successfully: 'rgba(0, 0, 0, 0)'.

2021-09-07 13:49:04 - [MESSAGE][PASSED] - Get CSS 'background-color' value on 'Object Repository/tN objects/word2' successfully: 'rgba(0, 0, 0, 0)'.

2021-09-07 13:49:04 - [TEST_STEP][PASSED] - click(findTestObject("Object Repository/tN objects/p_occurrence box")): Object: 'Object Repository/tN objects/p_occurrence box' is clicked on

2021-09-07 13:49:06 - [MESSAGE][PASSED] - Object: 'Object Repository/tN objects/p_occurrence box' is clicked on

2021-09-07 13:49:06 - [TEST_STEP][PASSED] - clearText(findTestObject("Object Repository/tN objects/p_occurrence box"), CONTINUE_ON_FAILURE): Text of object 'Object Repository/tN objects/p_occurrence box' is cleared

2021-09-07 13:49:07 - [MESSAGE][PASSED] - Text of object 'Object Repository/tN objects/p_occurrence box' is cleared

2021-09-07 13:49:07 - [TEST_STEP][PASSED] - sendKeys(findTestObject("Object Repository/tN objects/p_occurrence box"), "2"): Keys '2' sent to object: 'Object Repository/tN objects/p_occurrence box'

2021-09-07 13:49:09 - [MESSAGE][PASSED] - Keys '2' sent to object: 'Object Repository/tN objects/p_occurrence box'

2021-09-07 13:49:09 - [TEST_STEP][PASSED] - build().perform(): null

2021-09-07 13:49:09 - [TEST_STEP][PASSED] - if (!(color_word2.equals(backcolor_word2))): Second occcurrence is highlighted!

2021-09-07 13:49:09 - [TEST_STEP][PASSED] - logInfo("Second occcurrence is highlighted!"): Second occcurrence is highlighted!

2021-09-07 13:49:09 - [MESSAGE][INFO] - Second occcurrence is highlighted!

2021-09-07 13:49:09 - [TEST_STEP][PASSED] - clearText(findTestObject("Object Repository/tN objects/p_occurrence box"), CONTINUE_ON_FAILURE): Text of object 'Object Repository/tN objects/p_occurrence box' is cleared

2021-09-07 13:49:10 - [MESSAGE][PASSED] - Text of object 'Object Repository/tN objects/p_occurrence box' is cleared

2021-09-07 13:49:10 - [TEST_STEP][PASSED] - sendKeys(findTestObject("Object Repository/tN objects/p_occurrence box"), "-1"): Keys '-1' sent to object: 'Object Repository/tN objects/p_occurrence box'

2021-09-07 13:49:12 - [MESSAGE][PASSED] - Keys '-1' sent to object: 'Object Repository/tN objects/p_occurrence box'

2021-09-07 13:49:12 - [TEST_STEP][PASSED] - build().perform(): null

2021-09-07 13:49:12 - [TEST_STEP][PASSED] - if (!(color_word1.equals(backcolor_word1)) && !(color_word2.equals(backcolor_word2))): Both occurrences are highlighted!

2021-09-07 13:49:12 - [TEST_STEP][PASSED] - logInfo("Both occurrences are highlighted!"): Both occurrences are highlighted!

2021-09-07 13:49:12 - [MESSAGE][INFO] - Both occurrences are highlighted!

2021-09-07 13:49:12 - [TEST_STEP][PASSED] - delay(2): Delayed 2 second(s)

2021-09-07 13:49:14 - [MESSAGE][PASSED] - Delayed 2 second(s)

2021-09-07 13:49:14 - [TEST_STEP][PASSED] - closeBrowser(): Browser is closed

2021-09-07 13:49:14 - [MESSAGE][PASSED] - Browser is closed]]></system-out>
         <system-err><![CDATA[]]></system-err>
      </testcase>
      <testcase name="Test Cases/tCC Test Cases/tW_Saving tW Article" time="41.596" classname="Test Cases/tCC Test Cases/tW_Saving tW Article" status="PASSED">
         <system-out><![CDATA[2021-09-07 13:49:14 - [TEST_CASE][PASSED] - Test Cases/tCC Test Cases/tW_Saving tW Article: Test Cases/tCC Test Cases/tW_Saving tW Article

2021-09-07 13:49:14 - [TEST_STEP][PASSED] - com.tccreate.keywords.WriteToFile.writeTofilename("tW-Save"): com.tccreate.keywords.WriteToFile.writeTofilename is PASSED

2021-09-07 13:49:14 - [MESSAGE][PASSED] - com.tccreate.keywords.WriteToFile.writeTofilename is PASSED

2021-09-07 13:49:14 - [TEST_STEP][PASSED] - com.helper.login.TimeDate.getTimeDate(): com.helper.login.TimeDate.getTimeDate is PASSED

2021-09-07 13:49:14 - [MESSAGE][INFO] - Time at which the test run:2021-09-07 13:49:14.622

2021-09-07 13:49:14 - [MESSAGE][PASSED] - com.helper.login.TimeDate.getTimeDate is PASSED

2021-09-07 13:49:14 - [TEST_STEP][PASSED] - com.helper.login.loginhelper.logintoapp(): com.helper.login.loginhelper.logintoapp is PASSED

2021-09-07 13:49:14 - [MESSAGE][INFO] - Starting 'Chrome' driver

2021-09-07 13:49:14 - [MESSAGE][INFO] - Action delay is set to 1,000 milliseconds

2021-09-07 13:49:15 - [MESSAGE][WARNING] - FFmpeg was not installed! Browser Recording will be disabled. Please follow this document to install FFmpeg first: https://docs.katalon.com/katalon-studio/docs/screenshots-videos.html#browser-based-recorder

2021-09-07 13:49:22 - [MESSAGE][PASSED] - Browser is opened with url: 'https://stage--tc-create-app.netlify.app/'

2021-09-07 13:49:22 - [MESSAGE][PASSED] - Wait for page load successfully

2021-09-07 13:49:22 - [MESSAGE][PASSED] - Current window maximized

2021-09-07 13:49:24 - [MESSAGE][PASSED] - Keys 'elsylambert' sent to object: 'Object Repository/Page_tC Create/input__username'

2021-09-07 13:49:25 - [MESSAGE][PASSED] - Keys 'fatak43' sent to object: 'Object Repository/Page_tC Create/input__password'

2021-09-07 13:49:26 - [MESSAGE][PASSED] - Object: 'Object Repository/Page_tC Create/button_Login' is clicked on

2021-09-07 13:49:27 - [MESSAGE][PASSED] - Delayed 1 second(s)

2021-09-07 13:49:28 - [MESSAGE][PASSED] - Text of object 'Object Repository/Page_tC Create/tcc-version number' is: 'translationCore Create - v1.3.0 build 72-a6038d2'

2021-09-07 13:49:28 - [MESSAGE][INFO] - : The current version and build number is translationCore Create - v1.3.0 build 72-a6038d2

2021-09-07 13:49:28 - [MESSAGE][PASSED] - com.helper.login.loginhelper.logintoapp is PASSED

2021-09-07 13:49:28 - [TEST_STEP][PASSED] - com.tccreate.keywords.selectOrg.organization(""): com.tccreate.keywords.selectOrg.organization is PASSED

2021-09-07 13:49:30 - [MESSAGE][PASSED] - Object: 'Object Repository/Page_tC Create/listOption_organisation_Parmed' is clicked on

2021-09-07 13:49:32 - [MESSAGE][WARNING] - No alert found after 2 second(s).

2021-09-07 13:49:32 - [MESSAGE][PASSED] - com.tccreate.keywords.selectOrg.organization is PASSED

2021-09-07 13:49:32 - [TEST_STEP][PASSED] - com.tccreate.keywords.selectOrg.resource("unfoldingWord® Translation Words"): com.tccreate.keywords.selectOrg.resource is PASSED

2021-09-07 13:49:33 - [MESSAGE][PASSED] - Object: 'Object Repository/Page_tC Create/resource_Parmed' is clicked on

2021-09-07 13:49:33 - [MESSAGE][PASSED] - com.tccreate.keywords.selectOrg.resource is PASSED

2021-09-07 13:49:33 - [TEST_STEP][PASSED] - com.tccreate.keywords.selectOrg.language(""): com.tccreate.keywords.selectOrg.language is PASSED

2021-09-07 13:49:35 - [MESSAGE][PASSED] - Object: 'Object Repository/Page_tC Create/combo_Select Language' is clicked on

2021-09-07 13:49:36 - [MESSAGE][PASSED] - Object: 'Object Repository/Page_tC Create/listOption_Language_Parmed' is clicked on

2021-09-07 13:49:36 - [MESSAGE][PASSED] - com.tccreate.keywords.selectOrg.language is PASSED

2021-09-07 13:49:36 - [TEST_STEP][PASSED] - click(findTestObject("tW Objects/span_bible")): Object: 'Object Repository/tW Objects/span_bible' is clicked on

2021-09-07 13:49:38 - [MESSAGE][PASSED] - Object: 'Object Repository/tW Objects/span_bible' is clicked on

2021-09-07 13:49:38 - [TEST_STEP][PASSED] - click(findTestObject("tW Objects/span_kt")): Object: 'Object Repository/tW Objects/span_kt' is clicked on

2021-09-07 13:49:40 - [MESSAGE][PASSED] - Object: 'Object Repository/tW Objects/span_kt' is clicked on

2021-09-07 13:49:40 - [TEST_STEP][PASSED] - click(findTestObject("tW Objects/span_almighty.md")): Object: 'Object Repository/tW Objects/span_almighty.md' is clicked on

2021-09-07 13:49:42 - [MESSAGE][PASSED] - Object: 'Object Repository/tW Objects/span_almighty.md' is clicked on

2021-09-07 13:49:42 - [TEST_STEP][PASSED] - click(findTestObject("tW Objects/h1_Almighty")): Object: 'Object Repository/tW Objects/h1_Almighty' is clicked on

2021-09-07 13:49:46 - [MESSAGE][PASSED] - Object: 'Object Repository/tW Objects/h1_Almighty' is clicked on

2021-09-07 13:49:46 - [TEST_STEP][PASSED] - sendKeys(findTestObject("tW Objects/h1_Almighty"), "  edits by a test script"): Keys '  edits by a test script' sent to object: 'Object Repository/tW Objects/h1_Almighty'

2021-09-07 13:49:48 - [MESSAGE][PASSED] - Keys '  edits by a test script' sent to object: 'Object Repository/tW Objects/h1_Almighty'

2021-09-07 13:49:48 - [TEST_STEP][PASSED] - click(findTestObject("Object Repository/Page_tC Create/button_Save")): Object: 'Object Repository/Page_tC Create/button_Save' is clicked on

2021-09-07 13:49:49 - [MESSAGE][PASSED] - Object: 'Object Repository/Page_tC Create/button_Save' is clicked on

2021-09-07 13:49:49 - [TEST_STEP][PASSED] - delay(2): Delayed 2 second(s)

2021-09-07 13:49:51 - [MESSAGE][PASSED] - Delayed 2 second(s)

2021-09-07 13:49:51 - [TEST_STEP][PASSED] - if (verifyElementNotClickable(findTestObject("Page_tC Create/button_Save"), CONTINUE_ON_FAILURE)): null

2021-09-07 13:49:52 - [MESSAGE][PASSED] - Object 'Object Repository/Page_tC Create/button_Save' is NOT clickable

2021-09-07 13:49:52 - [TEST_STEP][PASSED] - logInfo(" Save button is greyed out as expected"):  Save button is greyed out as expected

2021-09-07 13:49:52 - [MESSAGE][INFO] -  Save button is greyed out as expected

2021-09-07 13:49:52 - [TEST_STEP][PASSED] - click(findTestObject("Object Repository/tW Objects/chip_English - unfoldingWorden_twElsyLambert-tc-create-1")): Object: 'Object Repository/tW Objects/chip_English - unfoldingWorden_twElsyLambert-tc-create-1' is clicked on

2021-09-07 13:49:53 - [MESSAGE][PASSED] - Object: 'Object Repository/tW Objects/chip_English - unfoldingWorden_twElsyLambert-tc-create-1' is clicked on

2021-09-07 13:49:53 - [TEST_STEP][PASSED] - delay(2): Delayed 2 second(s)

2021-09-07 13:49:55 - [MESSAGE][PASSED] - Delayed 2 second(s)

2021-09-07 13:49:55 - [TEST_STEP][PASSED] - switchToWindowIndex(1): Switched to window with index: '1'

2021-09-07 13:49:55 - [MESSAGE][PASSED] - Switched to window with index: '1'

2021-09-07 13:49:55 - [TEST_STEP][PASSED] - if (getText(findTestObject("Object Repository/tW Objects/h1_Almighty article on DCS")).contains("edits by a test script")): null

2021-09-07 13:49:55 - [MESSAGE][PASSED] - Text of object 'Object Repository/tW Objects/h1_Almighty article on DCS' is: 'Almighty  edits by a test script'

2021-09-07 13:49:55 - [TEST_STEP][PASSED] - logInfo("The edits are saved on the DCS Repo File"): The edits are saved on the DCS Repo File

2021-09-07 13:49:55 - [MESSAGE][INFO] - The edits are saved on the DCS Repo File

2021-09-07 13:49:55 - [TEST_STEP][PASSED] - switchToWindowIndex(0): Switched to window with index: '0'

2021-09-07 13:49:55 - [MESSAGE][PASSED] - Switched to window with index: '0'

2021-09-07 13:49:55 - [TEST_STEP][PASSED] - closeBrowser(): Browser is closed

2021-09-07 13:49:56 - [MESSAGE][PASSED] - Browser is closed

2021-09-07 13:49:56 - [TEST_STEP][PASSED] - closeBrowser(): Browser is closed

2021-09-07 13:49:56 - [MESSAGE][PASSED] - Browser is closed]]></system-out>
         <system-err><![CDATA[]]></system-err>
      </testcase>
      <testcase name="Test Cases/tCC Test Cases/tA_Saving tA Article" time="37.25" classname="Test Cases/tCC Test Cases/tA_Saving tA Article" status="PASSED">
         <system-out><![CDATA[2021-09-07 13:49:56 - [TEST_CASE][PASSED] - Test Cases/tCC Test Cases/tA_Saving tA Article: Test Cases/tCC Test Cases/tA_Saving tA Article

2021-09-07 13:49:56 - [TEST_STEP][PASSED] - com.tccreate.keywords.WriteToFile.writeTofilename("tA-Save"): com.tccreate.keywords.WriteToFile.writeTofilename is PASSED

2021-09-07 13:49:56 - [MESSAGE][PASSED] - com.tccreate.keywords.WriteToFile.writeTofilename is PASSED

2021-09-07 13:49:56 - [TEST_STEP][PASSED] - com.helper.login.TimeDate.getTimeDate(): com.helper.login.TimeDate.getTimeDate is PASSED

2021-09-07 13:49:56 - [MESSAGE][INFO] - Time at which the test run:2021-09-07 13:49:56.222

2021-09-07 13:49:56 - [MESSAGE][PASSED] - com.helper.login.TimeDate.getTimeDate is PASSED

2021-09-07 13:49:56 - [TEST_STEP][PASSED] - com.helper.login.loginhelper.logintoapp(): com.helper.login.loginhelper.logintoapp is PASSED

2021-09-07 13:49:56 - [MESSAGE][INFO] - Starting 'Chrome' driver

2021-09-07 13:49:56 - [MESSAGE][INFO] - Action delay is set to 1,000 milliseconds

2021-09-07 13:49:57 - [MESSAGE][WARNING] - FFmpeg was not installed! Browser Recording will be disabled. Please follow this document to install FFmpeg first: https://docs.katalon.com/katalon-studio/docs/screenshots-videos.html#browser-based-recorder

2021-09-07 13:50:00 - [MESSAGE][PASSED] - Browser is opened with url: 'https://stage--tc-create-app.netlify.app/'

2021-09-07 13:50:00 - [MESSAGE][PASSED] - Wait for page load successfully

2021-09-07 13:50:00 - [MESSAGE][PASSED] - Current window maximized

2021-09-07 13:50:02 - [MESSAGE][PASSED] - Keys 'elsylambert' sent to object: 'Object Repository/Page_tC Create/input__username'

2021-09-07 13:50:03 - [MESSAGE][PASSED] - Keys 'fatak43' sent to object: 'Object Repository/Page_tC Create/input__password'

2021-09-07 13:50:04 - [MESSAGE][PASSED] - Object: 'Object Repository/Page_tC Create/button_Login' is clicked on

2021-09-07 13:50:06 - [MESSAGE][PASSED] - Delayed 1 second(s)

2021-09-07 13:50:06 - [MESSAGE][PASSED] - Text of object 'Object Repository/Page_tC Create/tcc-version number' is: 'translationCore Create - v1.3.0 build 72-a6038d2'

2021-09-07 13:50:06 - [MESSAGE][INFO] - : The current version and build number is translationCore Create - v1.3.0 build 72-a6038d2

2021-09-07 13:50:06 - [MESSAGE][PASSED] - com.helper.login.loginhelper.logintoapp is PASSED

2021-09-07 13:50:06 - [TEST_STEP][PASSED] - com.tccreate.keywords.selectOrg.organization(""): com.tccreate.keywords.selectOrg.organization is PASSED

2021-09-07 13:50:08 - [MESSAGE][PASSED] - Object: 'Object Repository/Page_tC Create/listOption_organisation_Parmed' is clicked on

2021-09-07 13:50:10 - [MESSAGE][WARNING] - No alert found after 2 second(s).

2021-09-07 13:50:10 - [MESSAGE][PASSED] - com.tccreate.keywords.selectOrg.organization is PASSED

2021-09-07 13:50:10 - [TEST_STEP][PASSED] - com.tccreate.keywords.selectOrg.resource("unfoldingWord® Translation Academy"): com.tccreate.keywords.selectOrg.resource is PASSED

2021-09-07 13:50:12 - [MESSAGE][PASSED] - Object: 'Object Repository/Page_tC Create/resource_Parmed' is clicked on

2021-09-07 13:50:12 - [MESSAGE][PASSED] - com.tccreate.keywords.selectOrg.resource is PASSED

2021-09-07 13:50:12 - [TEST_STEP][PASSED] - com.tccreate.keywords.selectOrg.language(""): com.tccreate.keywords.selectOrg.language is PASSED

2021-09-07 13:50:13 - [MESSAGE][PASSED] - Object: 'Object Repository/Page_tC Create/combo_Select Language' is clicked on

2021-09-07 13:50:15 - [MESSAGE][PASSED] - Object: 'Object Repository/Page_tC Create/listOption_Language_Parmed' is clicked on

2021-09-07 13:50:15 - [MESSAGE][PASSED] - com.tccreate.keywords.selectOrg.language is PASSED

2021-09-07 13:50:15 - [TEST_STEP][PASSED] - click(findTestObject("Page_tC Create/span_translate")): Object: 'Object Repository/Page_tC Create/span_translate' is clicked on

2021-09-07 13:50:17 - [MESSAGE][PASSED] - Object: 'Object Repository/Page_tC Create/span_translate' is clicked on

2021-09-07 13:50:17 - [TEST_STEP][PASSED] - click(findTestObject("Object Repository/Page_tC Create/span_bita-farming")): Object: 'Object Repository/Page_tC Create/span_bita-farming' is clicked on

2021-09-07 13:50:19 - [MESSAGE][PASSED] - Object: 'Object Repository/Page_tC Create/span_bita-farming' is clicked on

2021-09-07 13:50:19 - [TEST_STEP][PASSED] - click(findTestObject("Object Repository/Page_tC Create/span_01.md")): Object: 'Object Repository/Page_tC Create/span_01.md' is clicked on

2021-09-07 13:50:21 - [MESSAGE][PASSED] - Object: 'Object Repository/Page_tC Create/span_01.md' is clicked on

2021-09-07 13:50:21 - [TEST_STEP][PASSED] - click(findTestObject("Object Repository/Page_tC Create/div_A FARMER represents God, and the VINEYA_8b10d9")): Object: 'Object Repository/Page_tC Create/div_A FARMER represents God, and the VINEYA_8b10d9' is clicked on

2021-09-07 13:50:23 - [MESSAGE][PASSED] - Object: 'Object Repository/Page_tC Create/div_A FARMER represents God, and the VINEYA_8b10d9' is clicked on

[...]
	at com.kms.katalon.core.main.TestSuiteExecutor.accessTestCaseMainPhase(TestSuiteExecutor.java:202)
	at com.kms.katalon.core.main.TestSuiteExecutor.accessTestSuiteMainPhase(TestSuiteExecutor.java:164)
	at com.kms.katalon.core.main.TestSuiteExecutor.execute(TestSuiteExecutor.java:105)
	at com.kms.katalon.core.main.TestCaseMain.startTestSuite(TestCaseMain.java:185)
	at com.kms.katalon.core.main.TestCaseMain$startTestSuite$0.call(Unknown Source)
	at TempTestSuite1631036668442.run(TempTestSuite1631036668442.groovy:36)
Caused by: com.kms.katalon.core.webui.exception.WebElementNotFoundException: Web element with id: 'Object Repository/Tool tips/button_No Sections' located by '//*[@type = 'button' and @title = 'No Sections']' not found
	at com.kms.katalon.core.webui.common.WebUiCommonHelper.findWebElement(WebUiCommonHelper.java:1368)
	at com.kms.katalon.core.webui.keyword.internal.WebUIAbstractKeyword.findWebElement(WebUIAbstractKeyword.groovy:27)
	at com.kms.katalon.core.webui.keyword.internal.WebUIAbstractKeyword.findWebElement(WebUIAbstractKeyword.groovy:26)
	at com.kms.katalon.core.webui.keyword.builtin.GetAttributeKeyword$_getAttribute_closure1.doCall(GetAttributeKeyword.groovy:83)
	at com.kms.katalon.core.webui.keyword.builtin.GetAttributeKeyword$_getAttribute_closure1.call(GetAttributeKeyword.groovy)
	at com.kms.katalon.core.webui.keyword.internal.WebUIKeywordMain.runKeyword(WebUIKeywordMain.groovy:20)
	at com.kms.katalon.core.webui.keyword.builtin.GetAttributeKeyword.getAttribute(GetAttributeKeyword.groovy:93)
	at com.kms.katalon.core.webui.keyword.builtin.GetAttributeKeyword.execute(GetAttributeKeyword.groovy:68)
	at com.kms.katalon.core.keyword.internal.KeywordExecutor.executeKeywordForPlatform(KeywordExecutor.groovy:74)
	at com.kms.katalon.core.webui.keyword.WebUiBuiltInKeywords.getAttribute(WebUiBuiltInKeywords.groovy:951)
	at com.kms.katalon.core.webui.keyword.WebUiBuiltInKeywords$getAttribute$13.call(Unknown Source)
	at Script1613662810777.testToolTip(Script1613662810777.groovy:41)
	at Script1613662810777.testToggleTip(Script1613662810777.groovy:95)
	at Script1613662810777.run(Script1613662810777.groovy:31)
	... 13 more
)
	at com.kms.katalon.core.keyword.internal.KeywordMain.stepFailed(KeywordMain.groovy:39)
	at com.kms.katalon.core.webui.keyword.internal.WebUIKeywordMain.stepFailed(WebUIKeywordMain.groovy:64)
	at com.kms.katalon.core.webui.keyword.internal.WebUIKeywordMain.runKeyword(WebUIKeywordMain.groovy:26)
	at com.kms.katalon.core.webui.keyword.builtin.GetAttributeKeyword.getAttribute(GetAttributeKeyword.groovy:93)
	at com.kms.katalon.core.webui.keyword.builtin.GetAttributeKeyword.execute(GetAttributeKeyword.groovy:68)
	at com.kms.katalon.core.keyword.internal.KeywordExecutor.executeKeywordForPlatform(KeywordExecutor.groovy:74)
	at com.kms.katalon.core.webui.keyword.WebUiBuiltInKeywords.getAttribute(WebUiBuiltInKeywords.groovy:951)
	at com.kms.katalon.core.webui.keyword.WebUiBuiltInKeywords$getAttribute$13.call(Unknown Source)
	at Tool Tips - tA.testToolTip(Tool Tips - tA:41)
	at Tool Tips - tA.testToggleTip(Tool Tips - tA:95)
	at Tool Tips - tA.run(Tool Tips - tA:31)
	at com.kms.katalon.core.main.ScriptEngine.run(ScriptEngine.java:194)
	at com.kms.katalon.core.main.ScriptEngine.runScriptAsRawText(ScriptEngine.java:119)
	at com.kms.katalon.core.main.TestCaseExecutor.runScript(TestCaseExecutor.java:430)
	at com.kms.katalon.core.main.TestCaseExecutor.doExecute(TestCaseExecutor.java:421)
	at com.kms.katalon.core.main.TestCaseExecutor.processExecutionPhase(TestCaseExecutor.java:400)
	at com.kms.katalon.core.main.TestCaseExecutor.accessMainPhase(TestCaseExecutor.java:392)
	at com.kms.katalon.core.main.TestCaseExecutor.execute(TestCaseExecutor.java:273)
	at com.kms.katalon.core.main.TestSuiteExecutor.accessTestCaseMainPhase(TestSuiteExecutor.java:202)
	at com.kms.katalon.core.main.TestSuiteExecutor.accessTestSuiteMainPhase(TestSuiteExecutor.java:164)
	at com.kms.katalon.core.main.TestSuiteExecutor.execute(TestSuiteExecutor.java:105)
	at com.kms.katalon.core.main.TestCaseMain.startTestSuite(TestCaseMain.java:185)
	at com.kms.katalon.core.main.TestCaseMain$startTestSuite$0.call(Unknown Source)
	at TempTestSuite1631036668442.run(TempTestSuite1631036668442.groovy:36)
Caused by: com.kms.katalon.core.exception.StepFailedException: Unable to get attribute 'title' of object 'Object Repository/Tool tips/button_No Sections'
	... 23 more
Caused by: com.kms.katalon.core.webui.exception.WebElementNotFoundException: Web element with id: 'Object Repository/Tool tips/button_No Sections' located by '//*[@type = 'button' and @title = 'No Sections']' not found
	at com.kms.katalon.core.webui.common.WebUiCommonHelper.findWebElement(WebUiCommonHelper.java:1368)
	at com.kms.katalon.core.webui.keyword.internal.WebUIAbstractKeyword.findWebElement(WebUIAbstractKeyword.groovy:27)
	at com.kms.katalon.core.webui.keyword.internal.WebUIAbstractKeyword.findWebElement(WebUIAbstractKeyword.groovy:26)
	at com.kms.katalon.core.webui.keyword.builtin.GetAttributeKeyword$_getAttribute_closure1.doCall(GetAttributeKeyword.groovy:83)
	at com.kms.katalon.core.webui.keyword.builtin.GetAttributeKeyword$_getAttribute_closure1.call(GetAttributeKeyword.groovy)
	at com.kms.katalon.core.webui.keyword.internal.WebUIKeywordMain.runKeyword(WebUIKeywordMain.groovy:20)
	... 21 more]]></system-err>
      </testcase>
      <system-out><![CDATA[2021-09-07 13:44:30 - [TEST_SUITE][FAILED] - Test Suite1- Regression: Test Cases/tCC Test Cases/Tool Tips - tA FAILED.
Reason:
com.kms.katalon.core.exception.StepFailedException: Unable to get attribute 'title' of object 'Object Repository/Tool tips/button_No Sections' (Root cause: com.kms.katalon.core.exception.StepFailedException: Unable to get attribute 'title' of object 'Object Repository/Tool tips/button_No Sections'
	at com.kms.katalon.core.webui.keyword.internal.WebUIKeywordMain.stepFailed(WebUIKeywordMain.groovy:64)
	at com.kms.katalon.core.webui.keyword.internal.WebUIKeywordMain.runKeyword(WebUIKeywordMain.groovy:26)
	at com.kms.katalon.core.webui.keyword.builtin.GetAttributeKeyword.getAttribute(GetAttributeKeyword.groovy:93)
	at com.kms.katalon.core.webui.keyword.builtin.GetAttributeKeyword.execute(GetAttributeKeyword.groovy:68)
	at com.kms.katalon.core.keyword.internal.KeywordExecutor.executeKeywordForPlatform(KeywordExecutor.groovy:74)
	at com.kms.katalon.core.webui.keyword.WebUiBuiltInKeywords.getAttribute(WebUiBuiltInKeywords.groovy:951)
	at com.kms.katalon.core.webui.keyword.WebUiBuiltInKeywords$getAttribute$13.call(Unknown Source)
	at Tool Tips - tA.testToolTip(Tool Tips - tA:41)
	at Tool Tips - tA.testToggleTip(Tool Tips - tA:95)
	at Tool Tips - tA.run(Tool Tips - tA:31)
	at com.kms.katalon.core.main.ScriptEngine.run(ScriptEngine.java:194)
	at com.kms.katalon.core.main.ScriptEngine.runScriptAsRawText(ScriptEngine.java:119)
	at com.kms.katalon.core.main.TestCaseExecutor.runScript(TestCaseExecutor.java:430)
	at com.kms.katalon.core.main.TestCaseExecutor.doExecute(TestCaseExecutor.java:421)
	at com.kms.katalon.core.main.TestCaseExecutor.processExecutionPhase(TestCaseExecutor.java:400)
	at com.kms.katalon.core.main.TestCaseExecutor.accessMainPhase(TestCaseExecutor.java:392)
	at com.kms.katalon.core.main.TestCaseExecutor.execute(TestCaseExecutor.java:273)
	at com.kms.katalon.core.main.TestSuiteExecutor.accessTestCaseMainPhase(TestSuiteExecutor.java:202)
	at com.kms.katalon.core.main.TestSuiteExecutor.accessTestSuiteMainPhase(TestSuiteExecutor.java:164)
	at com.kms.katalon.core.main.TestSuiteExecutor.execute(TestSuiteExecutor.java:105)
	at com.kms.katalon.core.main.TestCaseMain.startTestSuite(TestCaseMain.java:185)
	at com.kms.katalon.core.main.TestCaseMain$startTestSuite$0.call(Unknown Source)
	at TempTestSuite1631036668442.run(TempTestSuite1631036668442.groovy:36)
Caused by: com.kms.katalon.core.webui.exception.WebElementNotFoundException: Web element with id: 'Object Repository/Tool tips/button_No Sections' located by '//*[@type = 'button' and @title = 'No Sections']' not found
	at com.kms.katalon.core.webui.common.WebUiCommonHelper.findWebElement(WebUiCommonHelper.java:1368)
	at com.kms.katalon.core.webui.keyword.internal.WebUIAbstractKeyword.findWebElement(WebUIAbstractKeyword.groovy:27)
	at com.kms.katalon.core.webui.keyword.internal.WebUIAbstractKeyword.findWebElement(WebUIAbstractKeyword.groovy:26)
	at com.kms.katalon.core.webui.keyword.builtin.GetAttributeKeyword$_getAttribute_closure1.doCall(GetAttributeKeyword.groovy:83)
	at com.kms.katalon.core.webui.keyword.builtin.GetAttributeKeyword$_getAttribute_closure1.call(GetAttributeKeyword.groovy)
	at com.kms.katalon.core.webui.keyword.internal.WebUIKeywordMain.runKeyword(WebUIKeywordMain.groovy:20)
	at com.kms.katalon.core.webui.keyword.builtin.GetAttributeKeyword.getAttribute(GetAttributeKeyword.groovy:93)
	at com.kms.katalon.core.webui.keyword.builtin.GetAttributeKeyword.execute(GetAttributeKeyword.groovy:68)
	at com.kms.katalon.core.keyword.internal.KeywordExecutor.executeKeywordForPlatform(KeywordExecutor.groovy:74)
	at com.kms.katalon.core.webui.keyword.WebUiBuiltInKeywords.getAttribute(WebUiBuiltInKeywords.groovy:951)
	at com.kms.katalon.core.webui.keyword.WebUiBuiltInKeywords$getAttribute$13.call(Unknown Source)
	at Script1613662810777.testToolTip(Script1613662810777.groovy:41)
	at Script1613662810777.testToggleTip(Script1613662810777.groovy:95)
	at Script1613662810777.run(Script1613662810777.groovy:31)
	... 13 more
)
	at com.kms.katalon.core.keyword.internal.KeywordMain.stepFailed(KeywordMain.groovy:39)
	at com.kms.katalon.core.webui.keyword.internal.WebUIKeywordMain.stepFailed(WebUIKeywordMain.groovy:64)
	at com.kms.katalon.core.webui.keyword.internal.WebUIKeywordMain.runKeyword(WebUIKeywordMain.groovy:26)
	at com.kms.katalon.core.webui.keyword.builtin.GetAttributeKeyword.getAttribute(GetAttributeKeyword.groovy:93)
	at com.kms.katalon.core.webui.keyword.builtin.GetAttributeKeyword.execute(GetAttributeKeyword.groovy:68)
	at com.kms.katalon.core.keyword.internal.KeywordExecutor.executeKeywordForPlatform(KeywordExecutor.groovy:74)
	at com.kms.katalon.core.webui.keyword.WebUiBuiltInKeywords.getAttribute(WebUiBuiltInKeywords.groovy:951)
	at com.kms.katalon.core.webui.keyword.WebUiBuiltInKeywords$getAttribute$13.call(Unknown Source)
	at Tool Tips - tA.testToolTip(Tool Tips - tA:41)
	at Tool Tips - tA.testToggleTip(Tool Tips - tA:95)
	at Tool Tips - tA.run(Tool Tips - tA:31)
	at com.kms.katalon.core.main.ScriptEngine.run(ScriptEngine.java:194)
	at com.kms.katalon.core.main.ScriptEngine.runScriptAsRawText(ScriptEngine.java:119)
	at com.kms.katalon.core.main.TestCaseExecutor.runScript(TestCaseExecutor.java:430)
	at com.kms.katalon.core.main.TestCaseExecutor.doExecute(TestCaseExecutor.java:421)
	at com.kms.katalon.core.main.TestCaseExecutor.processExecutionPhase(TestCaseExecutor.java:400)
	at com.kms.katalon.core.main.TestCaseExecutor.accessMainPhase(TestCaseExecutor.java:392)
	at com.kms.katalon.core.main.TestCaseExecutor.execute(TestCaseExecutor.java:273)
	at com.kms.katalon.core.main.TestSuiteExecutor.accessTestCaseMainPhase(TestSuiteExecutor.java:202)
	at com.kms.katalon.core.main.TestSuiteExecutor.accessTestSuiteMainPhase(TestSuiteExecutor.java:164)
	at com.kms.katalon.core.main.TestSuiteExecutor.execute(TestSuiteExecutor.java:105)
	at com.kms.katalon.core.main.TestCaseMain.startTestSuite(TestCaseMain.java:185)
	at com.kms.katalon.core.main.TestCaseMain$startTestSuite$0.call(Unknown Source)
	at TempTestSuite1631036668442.run(TempTestSuite1631036668442.groovy:36)
Caused by: com.kms.katalon.core.exception.StepFailedException: Unable to get attribute 'title' of object 'Object Repository/Tool tips/button_No Sections'
	... 23 more
Caused by: com.kms.katalon.core.webui.exception.WebElementNotFoundException: Web element with id: 'Object Repository/Tool tips/button_No Sections' located by '//*[@type = 'button' and @title = 'No Sections']' not found
	at com.kms.katalon.core.webui.common.WebUiCommonHelper.findWebElement(WebUiCommonHelper.java:1368)
	at com.kms.katalon.core.webui.keyword.internal.WebUIAbstractKeyword.findWebElement(WebUIAbstractKeyword.groovy:27)
	at com.kms.katalon.core.webui.keyword.internal.WebUIAbstractKeyword.findWebElement(WebUIAbstractKeyword.groovy:26)
	at com.kms.katalon.core.webui.keyword.builtin.GetAttributeKeyword$_getAttribute_closure1.doCall(GetAttributeKeyword.groovy:83)
	at com.kms.katalon.core.webui.keyword.builtin.GetAttributeKeyword$_getAttribute_closure1.call(GetAttributeKeyword.groovy)
	at com.kms.katalon.core.webui.keyword.internal.WebUIKeywordMain.runKeyword(WebUIKeywordMain.groovy:20)
	... 21 more]]></system-out>
      <system-err><![CDATA[2021-09-07 13:44:30 - [TEST_SUITE][FAILED] - Test Suite1- Regression: Test Cases/tCC Test Cases/Tool Tips - tA FAILED.
Reason:
com.kms.katalon.core.exception.StepFailedException: Unable to get attribute 'title' of object 'Object Repository/Tool tips/button_No Sections' (Root cause: com.kms.katalon.core.exception.StepFailedException: Unable to get attribute 'title' of object 'Object Repository/Tool tips/button_No Sections'
	at com.kms.katalon.core.webui.keyword.internal.WebUIKeywordMain.stepFailed(WebUIKeywordMain.groovy:64)
	at com.kms.katalon.core.webui.keyword.internal.WebUIKeywordMain.runKeyword(WebUIKeywordMain.groovy:26)
	at com.kms.katalon.core.webui.keyword.builtin.GetAttributeKeyword.getAttribute(GetAttributeKeyword.groovy:93)
	at com.kms.katalon.core.webui.keyword.builtin.GetAttributeKeyword.execute(GetAttributeKeyword.groovy:68)
	at com.kms.katalon.core.keyword.internal.KeywordExecutor.executeKeywordForPlatform(KeywordExecutor.groovy:74)
	at com.kms.katalon.core.webui.keyword.WebUiBuiltInKeywords.getAttribute(WebUiBuiltInKeywords.groovy:951)
	at com.kms.katalon.core.webui.keyword.WebUiBuiltInKeywords$getAttribute$13.call(Unknown Source)
	at Tool Tips - tA.testToolTip(Tool Tips - tA:41)
	at Tool Tips - tA.testToggleTip(Tool Tips - tA:95)
	at Tool Tips - tA.run(Tool Tips - tA:31)
	at com.kms.katalon.core.main.ScriptEngine.run(ScriptEngine.java:194)
	at com.kms.katalon.core.main.ScriptEngine.runScriptAsRawText(ScriptEngine.java:119)
	at com.kms.katalon.core.main.TestCaseExecutor.runScript(TestCaseExecutor.java:430)
	at com.kms.katalon.core.main.TestCaseExecutor.doExecute(TestCaseExecutor.java:421)
	at com.kms.katalon.core.main.TestCaseExecutor.processExecutionPhase(TestCaseExecutor.java:400)
	at com.kms.katalon.core.main.TestCaseExecutor.accessMainPhase(TestCaseExecutor.java:392)
	at com.kms.katalon.core.main.TestCaseExecutor.execute(TestCaseExecutor.java:273)
	at com.kms.katalon.core.main.TestSuiteExecutor.accessTestCaseMainPhase(TestSuiteExecutor.java:202)
	at com.kms.katalon.core.main.TestSuiteExecutor.accessTestSuiteMainPhase(TestSuiteExecutor.java:164)
	at com.kms.katalon.core.main.TestSuiteExecutor.execute(TestSuiteExecutor.java:105)
	at com.kms.katalon.core.main.TestCaseMain.startTestSuite(TestCaseMain.java:185)
	at com.kms.katalon.core.main.TestCaseMain$startTestSuite$0.call(Unknown Source)
	at TempTestSuite1631036668442.run(TempTestSuite1631036668442.groovy:36)
Caused by: com.kms.katalon.core.webui.exception.WebElementNotFoundException: Web element with id: 'Object Repository/Tool tips/button_No Sections' located by '//*[@type = 'button' and @title = 'No Sections']' not found
	at com.kms.katalon.core.webui.common.WebUiCommonHelper.findWebElement(WebUiCommonHelper.java:1368)
	at com.kms.katalon.core.webui.keyword.internal.WebUIAbstractKeyword.findWebElement(WebUIAbstractKeyword.groovy:27)
	at com.kms.katalon.core.webui.keyword.internal.WebUIAbstractKeyword.findWebElement(WebUIAbstractKeyword.groovy:26)
	at com.kms.katalon.core.webui.keyword.builtin.GetAttributeKeyword$_getAttribute_closure1.doCall(GetAttributeKeyword.groovy:83)
	at com.kms.katalon.core.webui.keyword.builtin.GetAttributeKeyword$_getAttribute_closure1.call(GetAttributeKeyword.groovy)
	at com.kms.katalon.core.webui.keyword.internal.WebUIKeywordMain.runKeyword(WebUIKeywordMain.groovy:20)
	at com.kms.katalon.core.webui.keyword.builtin.GetAttributeKeyword.getAttribute(GetAttributeKeyword.groovy:93)
	at com.kms.katalon.core.webui.keyword.builtin.GetAttributeKeyword.execute(GetAttributeKeyword.groovy:68)
	at com.kms.katalon.core.keyword.internal.KeywordExecutor.executeKeywordForPlatform(KeywordExecutor.groovy:74)
	at com.kms.katalon.core.webui.keyword.WebUiBuiltInKeywords.getAttribute(WebUiBuiltInKeywords.groovy:951)
	at com.kms.katalon.core.webui.keyword.WebUiBuiltInKeywords$getAttribute$13.call(Unknown Source)
	at Script1613662810777.testToolTip(Script1613662810777.groovy:41)
	at Script1613662810777.testToggleTip(Script1613662810777.groovy:95)
	at Script1613662810777.run(Script1613662810777.groovy:31)
	... 13 more
)
	at com.kms.katalon.core.keyword.internal.KeywordMain.stepFailed(KeywordMain.groovy:39)
	at com.kms.katalon.core.webui.keyword.internal.WebUIKeywordMain.stepFailed(WebUIKeywordMain.groovy:64)
	at com.kms.katalon.core.webui.keyword.internal.WebUIKeywordMain.runKeyword(WebUIKeywordMain.groovy:26)
	at com.kms.katalon.core.webui.keyword.builtin.GetAttributeKeyword.getAttribute(GetAttributeKeyword.groovy:93)
	at com.kms.katalon.core.webui.keyword.builtin.GetAttributeKeyword.execute(GetAttributeKeyword.groovy:68)
	at com.kms.katalon.core.keyword.internal.KeywordExecutor.executeKeywordForPlatform(KeywordExecutor.groovy:74)
	at com.kms.katalon.core.webui.keyword.WebUiBuiltInKeywords.getAttribute(WebUiBuiltInKeywords.groovy:951)
	at com.kms.katalon.core.webui.keyword.WebUiBuiltInKeywords$getAttribute$13.call(Unknown Source)
	at Tool Tips - tA.testToolTip(Tool Tips - tA:41)
	at Tool Tips - tA.testToggleTip(Tool Tips - tA:95)
	at Tool Tips - tA.run(Tool Tips - tA:31)
	at com.kms.katalon.core.main.ScriptEngine.run(ScriptEngine.java:194)
	at com.kms.katalon.core.main.ScriptEngine.runScriptAsRawText(ScriptEngine.java:119)
	at com.kms.katalon.core.main.TestCaseExecutor.runScript(TestCaseExecutor.java:430)
	at com.kms.katalon.core.main.TestCaseExecutor.doExecute(TestCaseExecutor.java:421)
	at com.kms.katalon.core.main.TestCaseExecutor.processExecutionPhase(TestCaseExecutor.java:400)
	at com.kms.katalon.core.main.TestCaseExecutor.accessMainPhase(TestCaseExecutor.java:392)
	at com.kms.katalon.core.main.TestCaseExecutor.execute(TestCaseExecutor.java:273)
	at com.kms.katalon.core.main.TestSuiteExecutor.accessTestCaseMainPhase(TestSuiteExecutor.java:202)
	at com.kms.katalon.core.main.TestSuiteExecutor.accessTestSuiteMainPhase(TestSuiteExecutor.java:164)
	at com.kms.katalon.core.main.TestSuiteExecutor.execute(TestSuiteExecutor.java:105)
	at com.kms.katalon.core.main.TestCaseMain.startTestSuite(TestCaseMain.java:185)
	at com.kms.katalon.core.main.TestCaseMain$startTestSuite$0.call(Unknown Source)
	at TempTestSuite1631036668442.run(TempTestSuite1631036668442.groovy:36)
Caused by: com.kms.katalon.core.exception.StepFailedException: Unable to get attribute 'title' of object 'Object Repository/Tool tips/button_No Sections'
	... 23 more
Caused by: com.kms.katalon.core.webui.exception.WebElementNotFoundException: Web element with id: 'Object Repository/Tool tips/button_No Sections' located by '//*[@type = 'button' and @title = 'No Sections']' not found
	at com.kms.katalon.core.webui.common.WebUiCommonHelper.findWebElement(WebUiCommonHelper.java:1368)
	at com.kms.katalon.core.webui.keyword.internal.WebUIAbstractKeyword.findWebElement(WebUIAbstractKeyword.groovy:27)
	at com.kms.katalon.core.webui.keyword.internal.WebUIAbstractKeyword.findWebElement(WebUIAbstractKeyword.groovy:26)
	at com.kms.katalon.core.webui.keyword.builtin.GetAttributeKeyword$_getAttribute_closure1.doCall(GetAttributeKeyword.groovy:83)
	at com.kms.katalon.core.webui.keyword.builtin.GetAttributeKeyword$_getAttribute_closure1.call(GetAttributeKeyword.groovy)
	at com.kms.katalon.core.webui.keyword.internal.WebUIKeywordMain.runKeyword(WebUIKeywordMain.groovy:20)
	... 21 more]]></system-err>
   </testsuite>
</testsuites>
