<?xml version="1.0" encoding="UTF-8"?>
<testsuites name="Test Suite1- Regression" time="745.324" tests="15" failures="1" skips="0" errors="0">
   <testsuite name="Test Suite1- Regression" tests="15" failures="1" errors="0" time="745.324" skips="0" timestamp="2021-06-30 08:40:23" hostname="elsylitsonlambert - localhost" id="Test Suites/Test Suite1- Regression">
      <properties>
         <property name="deviceName" value=""/>
         <property name="devicePlatform" value=""/>
         <property name="logFolder" value="/Users/elsylitsonlambert/git/tcCreateQA/Reports/20210630_084020/Test Suite1- Regression/20210630_084021"/>
         <property name="logFiles" value="/Users/elsylitsonlambert/git/tcCreateQA/Reports/20210630_084020/Test Suite1- Regression/20210630_084021/execution0.log"/>
         <property name="attachments" value="/Users/elsylitsonlambert/git/tcCreateQA/Reports/20210630_084020/Test Suite1- Regression/20210630_084021/1625056861850.png, /Users/elsylitsonlambert/git/tcCreateQA/Reports/20210630_084020/Test Suite1- Regression/20210630_084021/1625057228801.png, /Users/elsylitsonlambert/git/tcCreateQA/Reports/20210630_084020/Test Suite1- Regression/20210630_084021/1625057529791.png, /Users/elsylitsonlambert/git/tcCreateQA/Reports/20210630_084020/Test Suite1- Regression/20210630_084021/1625057567111.png"/>
         <property name="hostName" value="elsylitsonlambert - localhost"/>
         <property name="os" value="Mac OS X 64bit"/>
         <property name="katalonVersion" value="7.9.1.208"/>
         <property name="browser" value="Chrome 91.0.4472.114"/>
         <property name="hostAddress" value="127.0.0.1"/>
         <property name="sessionId" value="25f5c52d158ddbd992bedc106bc76e73"/>
         <property name="seleniumVersion" value="3.141.59"/>
         <property name="proxyInformation" value="ProxyInformation { proxyOption=NO_PROXY, proxyServerType=HTTP, username=, password=********, proxyServerAddress=, proxyServerPort=0, executionList=&quot;&quot;, isApplyToDesiredCapabilities=true }"/>
         <property name="platform" value="Mac OS X"/>
      </properties>
      <testcase name="Test Cases/tCC Test Cases/tN_Parallel Scripture viewer" time="55.07" classname="Test Cases/tCC Test Cases/tN_Parallel Scripture viewer" status="PASSED">
         <system-out><![CDATA[2021-06-30 08:40:23 - [TEST_CASE][PASSED] - Test Cases/tCC Test Cases/tN_Parallel Scripture viewer: Test Cases/tCC Test Cases/tN_Parallel Scripture viewer

2021-06-30 08:40:23 - [TEST_STEP][PASSED] - com.tccreate.keywords.WriteToFile.writeTofilename("tN-Parallel Scripture Viewer"): com.tccreate.keywords.WriteToFile.writeTofilename is PASSED

2021-06-30 08:40:23 - [MESSAGE][PASSED] - com.tccreate.keywords.WriteToFile.writeTofilename is PASSED

2021-06-30 08:40:23 - [TEST_STEP][PASSED] - com.helper.login.TimeDate.getTimeDate(): com.helper.login.TimeDate.getTimeDate is PASSED

2021-06-30 08:40:23 - [MESSAGE][INFO] - Time at which the test run:2021-06-30 08:40:23.791

2021-06-30 08:40:23 - [MESSAGE][PASSED] - com.helper.login.TimeDate.getTimeDate is PASSED

2021-06-30 08:40:23 - [TEST_STEP][PASSED] - com.helper.login.loginhelper.logintoapp(): com.helper.login.loginhelper.logintoapp is PASSED

2021-06-30 08:40:24 - [MESSAGE][INFO] - Starting 'Chrome' driver

2021-06-30 08:40:24 - [MESSAGE][INFO] - Action delay is set to 1,000 milliseconds

2021-06-30 08:40:26 - [MESSAGE][WARNING] - FFmpeg was not installed! Browser Recording will be disabled. Please follow this document to install FFmpeg first: https://docs.katalon.com/katalon-studio/docs/screenshots-videos.html#browser-based-recorder

2021-06-30 08:40:28 - [MESSAGE][PASSED] - Browser is opened with url: 'https://stage--tc-create-app.netlify.app/'

2021-06-30 08:40:28 - [MESSAGE][PASSED] - Wait for page load successfully

2021-06-30 08:40:28 - [MESSAGE][PASSED] - Current window maximized

2021-06-30 08:40:30 - [MESSAGE][PASSED] - Keys 'elsylambert' sent to object: 'Object Repository/Page_tC Create/input__username'

2021-06-30 08:40:31 - [MESSAGE][PASSED] - Keys 'fatak43' sent to object: 'Object Repository/Page_tC Create/input__password'

2021-06-30 08:40:33 - [MESSAGE][PASSED] - Object: 'Object Repository/Page_tC Create/button_Login' is clicked on

2021-06-30 08:40:34 - [MESSAGE][PASSED] - Delayed 1 second(s)

2021-06-30 08:40:35 - [MESSAGE][PASSED] - Text of object 'Object Repository/Page_tC Create/tcc-version number' is: 'translationCore Create - v1.2.1 build 55-760999c'

2021-06-30 08:40:35 - [MESSAGE][INFO] - : The current version and build number is translationCore Create - v1.2.1 build 55-760999c

2021-06-30 08:40:35 - [MESSAGE][PASSED] - com.helper.login.loginhelper.logintoapp is PASSED

2021-06-30 08:40:35 - [TEST_STEP][PASSED] - com.tccreate.keywords.selectOrg.organization(""): com.tccreate.keywords.selectOrg.organization is PASSED

2021-06-30 08:40:36 - [MESSAGE][PASSED] - Object: 'Object Repository/Page_tC Create/listOption_organisation_Parmed' is clicked on

2021-06-30 08:40:38 - [MESSAGE][WARNING] - No alert found after 2 second(s).

2021-06-30 08:40:38 - [MESSAGE][PASSED] - com.tccreate.keywords.selectOrg.organization is PASSED

2021-06-30 08:40:38 - [TEST_STEP][PASSED] - com.tccreate.keywords.selectOrg.resource("unfoldingWord® Translation Notes"): com.tccreate.keywords.selectOrg.resource is PASSED

2021-06-30 08:40:40 - [MESSAGE][PASSED] - Object: 'Object Repository/Page_tC Create/resource_Parmed' is clicked on

2021-06-30 08:40:40 - [MESSAGE][PASSED] - com.tccreate.keywords.selectOrg.resource is PASSED

2021-06-30 08:40:40 - [TEST_STEP][PASSED] - com.tccreate.keywords.selectOrg.language(""): com.tccreate.keywords.selectOrg.language is PASSED

2021-06-30 08:40:41 - [MESSAGE][PASSED] - Object: 'Object Repository/Page_tC Create/combo_Select Language' is clicked on

2021-06-30 08:40:43 - [MESSAGE][PASSED] - Object: 'Object Repository/Page_tC Create/listOption_Language_Parmed' is clicked on

2021-06-30 08:40:43 - [MESSAGE][PASSED] - com.tccreate.keywords.selectOrg.language is PASSED

2021-06-30 08:40:43 - [TEST_STEP][PASSED] - click(findTestObject("Object Repository/Page_tC Create/span_en_tn_57-TIT.tsv")): Object: 'Object Repository/Page_tC Create/span_en_tn_57-TIT.tsv' is clicked on

2021-06-30 08:40:45 - [MESSAGE][PASSED] - Object: 'Object Repository/Page_tC Create/span_en_tn_57-TIT.tsv' is clicked on

2021-06-30 08:40:45 - [TEST_STEP][PASSED] - com.tccreate.keywords.ExpandAllScriptureToggle.toggleAllScripture(""test""): com.tccreate.keywords.ExpandAllScriptureToggle.toggleAllScripture is PASSED

2021-06-30 08:40:48 - [MESSAGE][INFO] - Unable to find the element located by 'By.xpath: //*[@type = 'button' and @data-test = 'drawer-menu-close-button']'. Please recheck the objects properties to make sure the desired element is located. 

2021-06-30 08:40:48 - [MESSAGE][WARNING] - Object 'Object Repository/Page_tC Create/button_DrawerClose' is not present after 2 second(s)

2021-06-30 08:40:50 - [MESSAGE][PASSED] - Object: 'Object Repository/Page_tC Create/Hamburger Menu Button' is clicked on

2021-06-30 08:40:51 - [MESSAGE][PASSED] - Delayed 1 second(s)

2021-06-30 08:40:51 - [MESSAGE][PASSED] - Object 'Object Repository/Page_tC Create/input_Expand all Scripture_default' is checked

2021-06-30 08:40:53 - [MESSAGE][PASSED] - Object: 'Object Repository/Page_tC Create/input_Expand all Scripture_default' is clicked on

2021-06-30 08:40:54 - [MESSAGE][PASSED] - Delayed 1 second(s)

2021-06-30 08:40:55 - [MESSAGE][PASSED] - Object: 'Object Repository/Page_tC Create/button_DrawerClose' is clicked on

2021-06-30 08:40:56 - [MESSAGE][PASSED] - Object 'Object Repository/Page_tC Create/Hamburger Menu Button' is visible

2021-06-30 08:40:56 - [MESSAGE][PASSED] - com.tccreate.keywords.ExpandAllScriptureToggle.toggleAllScripture is PASSED

2021-06-30 08:40:56 - [TEST_STEP][PASSED] - com.tccreate.keywords.ExpandAllScriptureToggle.toggleAllScripture(""on""): com.tccreate.keywords.ExpandAllScriptureToggle.toggleAllScripture is PASSED

2021-06-30 08:40:59 - [MESSAGE][INFO] - Unable to find the element located by 'By.xpath: //*[@type = 'button' and @data-test = 'drawer-menu-close-button']'. Please recheck the objects properties to make sure the desired element is located. 

2021-06-30 08:40:59 - [MESSAGE][WARNING] - Object 'Object Repository/Page_tC Create/button_DrawerClose' is not present after 2 second(s)

2021-06-30 08:41:00 - [MESSAGE][PASSED] - Object: 'Object Repository/Page_tC Create/Hamburger Menu Button' is clicked on

2021-06-30 08:41:01 - [MESSAGE][PASSED] - Delayed 1 second(s)

2021-06-30 08:41:02 - [MESSAGE][WARNING] - Object 'Object Repository/Page_tC Create/input_Expand all Scripture_default' is not checked (Root cause: com.kms.katalon.core.exception.StepFailedException: Object 'Object Repository/Page_tC Create/input_Expand all Scripture_default' is not checked
	at com.kms.katalon.core.webui.keyword.internal.WebUIKeywordMain.stepFailed(WebUIKeywordMain.groovy:64)
	at com.kms.katalon.core.webui.keyword.builtin.VerifyElementCheckedKeyword$_verifyElementChecked_closure1.doCall(VerifyElementCheckedKeyword.groovy:81)
	at com.kms.katalon.core.webui.keyword.builtin.VerifyElementCheckedKeyword$_verifyElementChecked_closure1.call(VerifyElementCheckedKeyword.groovy)
	at com.kms.katalon.core.webui.keyword.internal.WebUIKeywordMain.runKeyword(WebUIKeywordMain.groovy:20)
	at com.kms.katalon.core.webui.keyword.builtin.VerifyElementCheckedKeyword.verifyElementChecked(VerifyElementCheckedKeyword.groovy:92)
	at com.kms.katalon.core.webui.keyword.builtin.VerifyElementCheckedKeyword.execute(VerifyElementCheckedKeyword.groovy:68)
	at com.kms.katalon.core.keyword.internal.KeywordExecutor.executeKeywordForPlatform(KeywordExecutor.groovy:73)
	at com.kms.katalon.core.webui.keyword.WebUiBuiltInKeywords.verifyElementChecked(WebUiBuiltInKeywords.groovy:1381)
	at com.kms.katalon.core.webui.keyword.WebUiBuiltInKeywords$verifyElementChecked$8.call(Unknown Source)
	at com.tccreate.keywords.ExpandAllScriptureToggle.toggleAllScripture(ExpandAllScriptureToggle.groovy:43)
	at com.tccreate.keywords.ExpandAllScriptureToggle.invokeMethod(ExpandAllScriptureToggle.groovy)
	at com.kms.katalon.core.main.CustomKeywordDelegatingMetaClass.invokeStaticMethod(CustomKeywordDelegatingMetaClass.java:50)
	at tN_Parallel Scripture viewer.run(tN_Parallel Scripture viewer:39)
	at com.kms.katalon.core.main.ScriptEngine.run(ScriptEngine.java:194)
	at com.kms.katalon.core.main.ScriptEngine.runScriptAsRawText(ScriptEngine.java:119)
	at com.kms.katalon.core.main.TestCaseExecutor.runScript(TestCaseExecutor.java:398)
	at com.kms.katalon.core.main.TestCaseExecutor.doExecute(TestCaseExecutor.java:389)
	at com.kms.katalon.core.main.TestCaseExecutor.processExecutionPhase(TestCaseExecutor.java:368)
	at com.kms.katalon.core.main.TestCaseExecutor.accessMainPhase(TestCaseExecutor.java:360)
	at com.kms.katalon.core.main.TestCaseExecutor.execute(TestCaseExecutor.java:255)
	at com.kms.katalon.core.main.TestSuiteExecutor.accessTestCaseMainPhase(TestSuiteExecutor.java:203)
	at com.kms.katalon.core.main.TestSuiteExecutor.accessTestSuiteMainPhase(TestSuiteExecutor.java:152)
	at com.kms.katalon.core.main.TestSuiteExecutor.execute(TestSuiteExecutor.java:95)
	at com.kms.katalon.core.main.TestCaseMain.startTestSuite(TestCaseMain.java:157)
	at com.kms.katalon.core.main.TestCaseMain$startTestSuite$0.call(Unknown Source)
	at TempTestSuite1625056821424.run(TempTestSuite1625056821424.groovy:39)
)
[[ATTACHMENT|/Users/elsylitsonlambert/git/tcCreateQA/Reports/20210630_084020/Test Suite1- Regression/20210630_084021/1625056861850.png]]

2021-06-30 08:41:04 - [MESSAGE][PASSED] - Object: 'Object Repository/Page_tC Create/input_Expand all Scripture_default' is clicked on

2021-06-30 08:41:05 - [MESSAGE][PASSED] - Delayed 1 second(s)

2021-06-30 08:41:06 - [MESSAGE][PASSED] - Object: 'Object Repository/Page_tC Create/button_DrawerClose' is clicked on

2021-06-30 08:41:07 - [MESSAGE][PASSED] - Object 'Object Repository/Page_tC Create/Hamburger Menu Button' is visible

2021-06-30 08:41:07 - [MESSAGE][PASSED] - com.tccreate.keywords.ExpandAllScriptureToggle.toggleAllScripture is PASSED

2021-06-30 08:41:07 - [TEST_STEP][PASSED] - if (verifyElementPresent(findTestObject("Page_tC Create/span_unfoldingWord Literal Text v14"), 5)): null

2021-06-30 08:41:07 - [MESSAGE][PASSED] - Object 'Object Repository/Page_tC Create/span_unfoldingWord Literal Text v14' is present

2021-06-30 08:41:07 - [TEST_STEP][PASSED] - logInfo("ULT is visible 1"): ULT is visible 1

2021-06-30 08:41:07 - [MESSAGE][INFO] - ULT is visible 1

2021-06-30 08:41:07 - [TEST_STEP][PASSED] - if (verifyElementPresent(findTestObject("Page_tC Create/span_unfoldingWord Simplified Text v14"), 5)): null

2021-06-30 08:41:07 - [MESSAGE][PASSED] - Object 'Object Repository/Page_tC Create/span_unfoldingWord Simplified Text v14' is present

2021-06-30 08:41:07 - [TEST_STEP][PASSED] - logInfo("UST is visible"): UST is visible

2021-06-30 08:41:07 - [MESSAGE][INFO] - UST is visible

2021-06-30 08:41:07 - [TEST_STEP][PASSED] - logInfo("ParallelScripture is present"): ParallelScripture is present

2021-06-30 08:41:07 - [MESSAGE][INFO] - ParallelScripture is present

2021-06-30 08:41:07 - [TEST_STEP][PASSED] - com.tccreate.keywords.ExpandAllScriptureToggle.toggleAllScripture(""off""): com.tccreate.keywords.ExpandAllScriptureToggle.toggleAllScripture is PASSED

2021-06-30 08:41:10 - [MESSAGE][INFO] - Unable to find the element located by 'By.xpath: //*[@type = 'button' and @data-test = 'drawer-menu-close-button']'. Please recheck the objects properties to make sure the desired element is located. 

2021-06-30 08:41:10 - [MESSAGE][WARNING] - Object 'Object Repository/Page_tC Create/button_DrawerClose' is not present after 2 second(s)

2021-06-30 08:41:12 - [MESSAGE][PASSED] - Object: 'Object Repository/Page_tC Create/Hamburger Menu Button' is clicked on

2021-06-30 08:41:13 - [MESSAGE][PASSED] - Delayed 1 second(s)

2021-06-30 08:41:13 - [MESSAGE][PASSED] - Object 'Object Repository/Page_tC Create/input_Expand all Scripture_default' is checked

2021-06-30 08:41:15 - [MESSAGE][PASSED] - Object: 'Object Repository/Page_tC Create/input_Expand all Scripture_default' is clicked on

2021-06-30 08:41:16 - [MESSAGE][PASSED] - Delayed 1 second(s)

2021-06-30 08:41:17 - [MESSAGE][PASSED] - Object: 'Object Repository/Page_tC Create/button_DrawerClose' is clicked on

2021-06-30 08:41:18 - [MESSAGE][PASSED] - Object 'Object Repository/Page_tC Create/Hamburger Menu Button' is visible

2021-06-30 08:41:18 - [MESSAGE][PASSED] - com.tccreate.keywords.ExpandAllScriptureToggle.toggleAllScripture is PASSED

2021-06-30 08:41:18 - [TEST_STEP][PASSED] - logInfo("button is toggled"): button is toggled

2021-06-30 08:41:18 - [MESSAGE][INFO] - button is toggled

2021-06-30 08:41:18 - [TEST_STEP][PASSED] - if (verifyElementNotPresent(findTestObject("Page_tC Create/span_unfoldingWord Literal Text v14"), 3)): null

2021-06-30 08:41:18 - [MESSAGE][PASSED] - Web element with id: 'Object Repository/Page_tC Create/span_unfoldingWord Literal Text v14' located by 'By.xpath: //div[@id='wrapY']/table/thead/tr/th[2]/span' is not present after '3' second(s)

2021-06-30 08:41:18 - [TEST_STEP][PASSED] - logInfo("ULT is not visible as expected"): ULT is not visible as expected

2021-06-30 08:41:18 - [MESSAGE][INFO] - ULT is not visible as expected

2021-06-30 08:41:18 - [TEST_STEP][PASSED] - closeBrowser(): Browser is closed

2021-06-30 08:41:18 - [MESSAGE][PASSED] - Browser is closed]]></system-out>
         <system-err><![CDATA[]]></system-err>
      </testcase>
      <testcase name="Test Cases/tCC Test Cases/tCC_Link to Organization page" time="17.54" classname="Test Cases/tCC Test Cases/tCC_Link to Organization page" status="PASSED">
         <system-out><![CDATA[2021-06-30 08:41:18 - [TEST_CASE][PASSED] - Test Cases/tCC Test Cases/tCC_Link to Organization page: Test Cases/tCC Test Cases/tCC_Link to Organization page

2021-06-30 08:41:18 - [TEST_STEP][PASSED] - com.tccreate.keywords.WriteToFile.writeTofilename("Links to Org page"): com.tccreate.keywords.WriteToFile.writeTofilename is PASSED

2021-06-30 08:41:18 - [MESSAGE][PASSED] - com.tccreate.keywords.WriteToFile.writeTofilename is PASSED

2021-06-30 08:41:18 - [TEST_STEP][PASSED] - com.helper.login.TimeDate.getTimeDate(): com.helper.login.TimeDate.getTimeDate is PASSED

2021-06-30 08:41:18 - [MESSAGE][INFO] - Time at which the test run:2021-06-30 08:41:18.735

2021-06-30 08:41:18 - [MESSAGE][PASSED] - com.helper.login.TimeDate.getTimeDate is PASSED

2021-06-30 08:41:18 - [TEST_STEP][PASSED] - com.helper.login.loginhelper.logintoapp(): com.helper.login.loginhelper.logintoapp is PASSED

2021-06-30 08:41:18 - [MESSAGE][INFO] - Starting 'Chrome' driver

2021-06-30 08:41:18 - [MESSAGE][INFO] - Action delay is set to 1,000 milliseconds

2021-06-30 08:41:19 - [MESSAGE][WARNING] - FFmpeg was not installed! Browser Recording will be disabled. Please follow this document to install FFmpeg first: https://docs.katalon.com/katalon-studio/docs/screenshots-videos.html#browser-based-recorder

2021-06-30 08:41:25 - [MESSAGE][PASSED] - Browser is opened with url: 'https://stage--tc-create-app.netlify.app/'

2021-06-30 08:41:25 - [MESSAGE][PASSED] - Wait for page load successfully

2021-06-30 08:41:25 - [MESSAGE][PASSED] - Current window maximized

2021-06-30 08:41:27 - [MESSAGE][PASSED] - Keys 'elsylambert' sent to object: 'Object Repository/Page_tC Create/input__username'

2021-06-30 08:41:28 - [MESSAGE][PASSED] - Keys 'fatak43' sent to object: 'Object Repository/Page_tC Create/input__password'

2021-06-30 08:41:29 - [MESSAGE][PASSED] - Object: 'Object Repository/Page_tC Create/button_Login' is clicked on

2021-06-30 08:41:30 - [MESSAGE][PASSED] - Delayed 1 second(s)

2021-06-30 08:41:31 - [MESSAGE][PASSED] - Text of object 'Object Repository/Page_tC Create/tcc-version number' is: 'translationCore Create - v1.2.1 build 55-760999c'

2021-06-30 08:41:31 - [MESSAGE][INFO] - : The current version and build number is translationCore Create - v1.2.1 build 55-760999c

2021-06-30 08:41:31 - [MESSAGE][PASSED] - com.helper.login.loginhelper.logintoapp is PASSED

2021-06-30 08:41:31 - [TEST_STEP][PASSED] - verifyElementPresent(findTestObject("Object Repository/Organization Link/span_unfoldingWord"), 1): Object 'Object Repository/Organization Link/span_unfoldingWord' is present

2021-06-30 08:41:32 - [MESSAGE][PASSED] - Object 'Object Repository/Organization Link/span_unfoldingWord' is present

2021-06-30 08:41:32 - [TEST_STEP][PASSED] - expectedTooltip = "Go to Organization": null

2021-06-30 08:41:32 - [TEST_STEP][PASSED] - actualTooltip = getAttribute(findTestObject("Object Repository/Organization Link/button_unfoldingWord_MuiButtonBase-root MuiIconButton-root"), "title"): Attribute 'title' of object 'Object Repository/Organization Link/button_unfoldingWord_MuiButtonBase-root MuiIconButton-root' is: 'Go to Organization'

2021-06-30 08:41:32 - [MESSAGE][PASSED] - Attribute 'title' of object 'Object Repository/Organization Link/button_unfoldingWord_MuiButtonBase-root MuiIconButton-root' is: 'Go to Organization'

2021-06-30 08:41:32 - [TEST_STEP][PASSED] - out.println("Actual Title of Tool Tip" + actualTooltip): null

2021-06-30 08:41:32 - [TEST_STEP][PASSED] - if (actualTooltip.equals(expectedTooltip)): null

2021-06-30 08:41:32 - [TEST_STEP][PASSED] - out.println("Test Case Passed"): null

2021-06-30 08:41:32 - [TEST_STEP][PASSED] - click(findTestObject("Object Repository/Organization Link/button_unfoldingWord_MuiButtonBase-root MuiIconButton-root")): Object: 'Object Repository/Organization Link/button_unfoldingWord_MuiButtonBase-root MuiIconButton-root' is clicked on

2021-06-30 08:41:34 - [MESSAGE][PASSED] - Object: 'Object Repository/Organization Link/button_unfoldingWord_MuiButtonBase-root MuiIconButton-root' is clicked on

2021-06-30 08:41:34 - [TEST_STEP][PASSED] - switchToWindowIndex(1): Switched to window with index: '1'

2021-06-30 08:41:34 - [MESSAGE][PASSED] - Switched to window with index: '1'

2021-06-30 08:41:34 - [TEST_STEP][PASSED] - if (verifyElementVisible(findTestObject("Object Repository/Organization Link/div_unfoldingWord"), CONTINUE_ON_FAILURE)): null

2021-06-30 08:41:35 - [MESSAGE][PASSED] - Object 'Object Repository/Organization Link/div_unfoldingWord' is visible

2021-06-30 08:41:35 - [TEST_STEP][PASSED] - out.println("Organization page is opening"): null

2021-06-30 08:41:35 - [TEST_STEP][PASSED] - switchToWindowIndex(0): Switched to window with index: '0'

2021-06-30 08:41:35 - [MESSAGE][PASSED] - Switched to window with index: '0'

2021-06-30 08:41:35 - [TEST_STEP][PASSED] - closeBrowser(): Browser is closed

2021-06-30 08:41:36 - [MESSAGE][PASSED] - Browser is closed]]></system-out>
         <system-err><![CDATA[]]></system-err>
      </testcase>
      <testcase name="Test Cases/tCC Test Cases/tN_undo text in tN Editor" time="28.023" classname="Test Cases/tCC Test Cases/tN_undo text in tN Editor" status="PASSED">
         <system-out><![CDATA[2021-06-30 08:41:36 - [TEST_CASE][PASSED] - Test Cases/tCC Test Cases/tN_undo text in tN Editor: Test Cases/tCC Test Cases/tN_undo text in tN Editor

2021-06-30 08:41:36 - [TEST_STEP][PASSED] - com.tccreate.keywords.WriteToFile.writeTofilename("tN-undo editing"): com.tccreate.keywords.WriteToFile.writeTofilename is PASSED

2021-06-30 08:41:36 - [MESSAGE][PASSED] - com.tccreate.keywords.WriteToFile.writeTofilename is PASSED

2021-06-30 08:41:36 - [TEST_STEP][PASSED] - com.helper.login.TimeDate.getTimeDate(): com.helper.login.TimeDate.getTimeDate is PASSED

2021-06-30 08:41:36 - [MESSAGE][INFO] - Time at which the test run:2021-06-30 08:41:36.341

2021-06-30 08:41:36 - [MESSAGE][PASSED] - com.helper.login.TimeDate.getTimeDate is PASSED

2021-06-30 08:41:36 - [TEST_STEP][PASSED] - com.helper.login.loginhelper.logintoapp(): com.helper.login.loginhelper.logintoapp is PASSED

2021-06-30 08:41:36 - [MESSAGE][INFO] - Starting 'Chrome' driver

2021-06-30 08:41:36 - [MESSAGE][INFO] - Action delay is set to 1,000 milliseconds

2021-06-30 08:41:37 - [MESSAGE][WARNING] - FFmpeg was not installed! Browser Recording will be disabled. Please follow this document to install FFmpeg first: https://docs.katalon.com/katalon-studio/docs/screenshots-videos.html#browser-based-recorder

2021-06-30 08:41:39 - [MESSAGE][PASSED] - Browser is opened with url: 'https://stage--tc-create-app.netlify.app/'

2021-06-30 08:41:39 - [MESSAGE][PASSED] - Wait for page load successfully

2021-06-30 08:41:39 - [MESSAGE][PASSED] - Current window maximized

2021-06-30 08:41:41 - [MESSAGE][PASSED] - Keys 'elsylambert' sent to object: 'Object Repository/Page_tC Create/input__username'

2021-06-30 08:41:43 - [MESSAGE][PASSED] - Keys 'fatak43' sent to object: 'Object Repository/Page_tC Create/input__password'

2021-06-30 08:41:44 - [MESSAGE][PASSED] - Object: 'Object Repository/Page_tC Create/button_Login' is clicked on

2021-06-30 08:41:45 - [MESSAGE][PASSED] - Delayed 1 second(s)

2021-06-30 08:41:46 - [MESSAGE][PASSED] - Text of object 'Object Repository/Page_tC Create/tcc-version number' is: 'translationCore Create - v1.2.1 build 55-760999c'

2021-06-30 08:41:46 - [MESSAGE][INFO] - : The current version and build number is translationCore Create - v1.2.1 build 55-760999c

2021-06-30 08:41:46 - [MESSAGE][PASSED] - com.helper.login.loginhelper.logintoapp is PASSED

2021-06-30 08:41:46 - [TEST_STEP][PASSED] - com.tccreate.keywords.selectOrg.organization(""): com.tccreate.keywords.selectOrg.organization is PASSED

2021-06-30 08:41:48 - [MESSAGE][PASSED] - Object: 'Object Repository/Page_tC Create/listOption_organisation_Parmed' is clicked on

2021-06-30 08:41:50 - [MESSAGE][WARNING] - No alert found after 2 second(s).

2021-06-30 08:41:50 - [MESSAGE][PASSED] - com.tccreate.keywords.selectOrg.organization is PASSED

2021-06-30 08:41:50 - [TEST_STEP][PASSED] - com.tccreate.keywords.selectOrg.resource("unfoldingWord® Translation Notes"): com.tccreate.keywords.selectOrg.resource is PASSED

2021-06-30 08:41:51 - [MESSAGE][PASSED] - Object: 'Object Repository/Page_tC Create/resource_Parmed' is clicked on

2021-06-30 08:41:51 - [MESSAGE][PASSED] - com.tccreate.keywords.selectOrg.resource is PASSED

2021-06-30 08:41:51 - [TEST_STEP][PASSED] - com.tccreate.keywords.selectOrg.language(""): com.tccreate.keywords.selectOrg.language is PASSED

2021-06-30 08:41:53 - [MESSAGE][PASSED] - Object: 'Object Repository/Page_tC Create/combo_Select Language' is clicked on

2021-06-30 08:41:54 - [MESSAGE][PASSED] - Object: 'Object Repository/Page_tC Create/listOption_Language_Parmed' is clicked on

2021-06-30 08:41:54 - [MESSAGE][PASSED] - com.tccreate.keywords.selectOrg.language is PASSED

2021-06-30 08:41:54 - [TEST_STEP][PASSED] - click(findTestObject("Object Repository/Page_tC Create/span_en_tn_57-TIT.tsv")): Object: 'Object Repository/Page_tC Create/span_en_tn_57-TIT.tsv' is clicked on

2021-06-30 08:41:56 - [MESSAGE][PASSED] - Object: 'Object Repository/Page_tC Create/span_en_tn_57-TIT.tsv' is clicked on

2021-06-30 08:41:56 - [TEST_STEP][PASSED] - click(findTestObject("Object Repository/Page_tC Create/div_Introduction to TitusPart 1")): Object: 'Object Repository/Page_tC Create/div_Introduction to TitusPart 1' is clicked on

2021-06-30 08:42:01 - [MESSAGE][PASSED] - Object: 'Object Repository/Page_tC Create/div_Introduction to TitusPart 1' is clicked on

2021-06-30 08:42:01 - [TEST_STEP][PASSED] - sendKeys(findTestObject("Object Repository/Page_tC Create/div_Introduction to TitusPart 1"), "edit again "): Keys 'edit again ' sent to object: 'Object Repository/Page_tC Create/div_Introduction to TitusPart 1'

2021-06-30 08:42:02 - [MESSAGE][PASSED] - Keys 'edit again ' sent to object: 'Object Repository/Page_tC Create/div_Introduction to TitusPart 1'

2021-06-30 08:42:02 - [TEST_STEP][PASSED] - driver = getWebDriver(): null

2021-06-30 08:42:02 - [TEST_STEP][PASSED] - action = new org.openqa.selenium.interactions.Actions(driver): null

2021-06-30 08:42:02 - [TEST_STEP][PASSED] - keyUp(COMMAND).perform(): null

2021-06-30 08:42:02 - [TEST_STEP][PASSED] - sendKeys(findTestObject("Object Repository/Page_tC Create/div_Introduction to TitusPart 1"), Keys.chord(COMMAND, "z")): Keys 'COMMAND + z' sent to object: 'Object Repository/Page_tC Create/div_Introduction to TitusPart 1'

2021-06-30 08:42:04 - [MESSAGE][PASSED] - Keys 'COMMAND + z' sent to object: 'Object Repository/Page_tC Create/div_Introduction to TitusPart 1'

2021-06-30 08:42:04 - [TEST_STEP][PASSED] - logInfo("Text is cleared successfully by undo action"): Text is cleared successfully by undo action

2021-06-30 08:42:04 - [MESSAGE][INFO] - Text is cleared successfully by undo action

2021-06-30 08:42:04 - [TEST_STEP][PASSED] - closeBrowser(): Browser is closed

2021-06-30 08:42:04 - [MESSAGE][PASSED] - Browser is closed]]></system-out>
         <system-err><![CDATA[]]></system-err>
      </testcase>
      <testcase name="Test Cases/tCC Test Cases/tN_Add or Delete a Row" time="37.008" classname="Test Cases/tCC Test Cases/tN_Add or Delete a Row" status="PASSED">
         <system-out><![CDATA[2021-06-30 08:42:04 - [TEST_CASE][PASSED] - Test Cases/tCC Test Cases/tN_Add or Delete a Row: Test Cases/tCC Test Cases/tN_Add or Delete a Row

2021-06-30 08:42:04 - [TEST_STEP][PASSED] - com.tccreate.keywords.WriteToFile.writeTofilename("tA-Add or delete row"): com.tccreate.keywords.WriteToFile.writeTofilename is PASSED

2021-06-30 08:42:04 - [MESSAGE][PASSED] - com.tccreate.keywords.WriteToFile.writeTofilename is PASSED

2021-06-30 08:42:04 - [TEST_STEP][PASSED] - com.helper.login.TimeDate.getTimeDate(): com.helper.login.TimeDate.getTimeDate is PASSED

2021-06-30 08:42:04 - [MESSAGE][INFO] - Time at which the test run:2021-06-30 08:42:04.293

2021-06-30 08:42:04 - [MESSAGE][PASSED] - com.helper.login.TimeDate.getTimeDate is PASSED

2021-06-30 08:42:04 - [TEST_STEP][PASSED] - com.helper.login.loginhelper.logintoapp(): com.helper.login.loginhelper.logintoapp is PASSED

2021-06-30 08:42:04 - [MESSAGE][INFO] - Starting 'Chrome' driver

2021-06-30 08:42:04 - [MESSAGE][INFO] - Action delay is set to 1,000 milliseconds

2021-06-30 08:42:05 - [MESSAGE][WARNING] - FFmpeg was not installed! Browser Recording will be disabled. Please follow this document to install FFmpeg first: https://docs.katalon.com/katalon-studio/docs/screenshots-videos.html#browser-based-recorder

2021-06-30 08:42:07 - [MESSAGE][PASSED] - Browser is opened with url: 'https://stage--tc-create-app.netlify.app/'

2021-06-30 08:42:07 - [MESSAGE][PASSED] - Wait for page load successfully

2021-06-30 08:42:08 - [MESSAGE][PASSED] - Current window maximized

2021-06-30 08:42:09 - [MESSAGE][PASSED] - Keys 'elsylambert' sent to object: 'Object Repository/Page_tC Create/input__username'

2021-06-30 08:42:10 - [MESSAGE][PASSED] - Keys 'fatak43' sent to object: 'Object Repository/Page_tC Create/input__password'

2021-06-30 08:42:12 - [MESSAGE][PASSED] - Object: 'Object Repository/Page_tC Create/button_Login' is clicked on

2021-06-30 08:42:13 - [MESSAGE][PASSED] - Delayed 1 second(s)

2021-06-30 08:42:14 - [MESSAGE][PASSED] - Text of object 'Object Repository/Page_tC Create/tcc-version number' is: 'translationCore Create - v1.2.1 build 55-760999c'

2021-06-30 08:42:14 - [MESSAGE][INFO] - : The current version and build number is translationCore Create - v1.2.1 build 55-760999c

2021-06-30 08:42:14 - [MESSAGE][PASSED] - com.helper.login.loginhelper.logintoapp is PASSED

2021-06-30 08:42:14 - [TEST_STEP][PASSED] - com.tccreate.keywords.selectOrg.organization(""): com.tccreate.keywords.selectOrg.organization is PASSED

2021-06-30 08:42:16 - [MESSAGE][PASSED] - Object: 'Object Repository/Page_tC Create/listOption_organisation_Parmed' is clicked on

2021-06-30 08:42:18 - [MESSAGE][WARNING] - No alert found after 2 second(s).

2021-06-30 08:42:18 - [MESSAGE][PASSED] - com.tccreate.keywords.selectOrg.organization is PASSED

2021-06-30 08:42:18 - [TEST_STEP][PASSED] - com.tccreate.keywords.selectOrg.resource("unfoldingWord® Translation Notes"): com.tccreate.keywords.selectOrg.resource is PASSED

2021-06-30 08:42:19 - [MESSAGE][PASSED] - Object: 'Object Repository/Page_tC Create/resource_Parmed' is clicked on

2021-06-30 08:42:19 - [MESSAGE][PASSED] - com.tccreate.keywords.selectOrg.resource is PASSED

2021-06-30 08:42:19 - [TEST_STEP][PASSED] - com.tccreate.keywords.selectOrg.language(""): com.tccreate.keywords.selectOrg.language is PASSED

2021-06-30 08:42:21 - [MESSAGE][PASSED] - Object: 'Object Repository/Page_tC Create/combo_Select Language' is clicked on

2021-06-30 08:42:22 - [MESSAGE][PASSED] - Object: 'Object Repository/Page_tC Create/listOption_Language_Parmed' is clicked on

2021-06-30 08:42:22 - [MESSAGE][PASSED] - com.tccreate.keywords.selectOrg.language is PASSED

2021-06-30 08:42:22 - [TEST_STEP][PASSED] - click(findTestObject("Page_tC Create/Add new resource objects/span_en_tn_57-TIT.tsv")): Object: 'Object Repository/Page_tC Create/Add new resource objects/span_en_tn_57-TIT.tsv' is clicked on

2021-06-30 08:42:24 - [MESSAGE][PASSED] - Object: 'Object Repository/Page_tC Create/Add new resource objects/span_en_tn_57-TIT.tsv' is clicked on

2021-06-30 08:42:24 - [TEST_STEP][PASSED] - click(findTestObject("Object Repository/tN objects/button_view columns")): Object: 'Object Repository/tN objects/button_view columns' is clicked on

2021-06-30 08:42:29 - [MESSAGE][PASSED] - Object: 'Object Repository/tN objects/button_view columns' is clicked on

2021-06-30 08:42:29 - [TEST_STEP][PASSED] - click(findTestObject("Object Repository/tN objects/input_ID")): Object: 'Object Repository/tN objects/input_ID' is clicked on

2021-06-30 08:42:30 - [MESSAGE][PASSED] - Object: 'Object Repository/tN objects/input_ID' is clicked on

2021-06-30 08:42:30 - [TEST_STEP][PASSED] - click(findTestObject("tN objects/button__Close-Columns")): Object: 'Object Repository/tN objects/button__Close-Columns' is clicked on

2021-06-30 08:42:32 - [MESSAGE][PASSED] - Object: 'Object Repository/tN objects/button__Close-Columns' is clicked on

2021-06-30 08:42:32 - [TEST_STEP][PASSED] - scrollToElement(findTestObject("Object Repository/tN objects/div_Titus 11"), 2): Scroll to object 'Object Repository/tN objects/div_Titus 11' successfully

2021-06-30 08:42:32 - [MESSAGE][PASSED] - Scroll to object 'Object Repository/tN objects/div_Titus 11' successfully

2021-06-30 08:42:32 - [TEST_STEP][PASSED] - click(findTestObject("Object Repository/tN objects/button_Titus 11_add a new row")): Object: 'Object Repository/tN objects/button_Titus 11_add a new row' is clicked on

2021-06-30 08:42:34 - [MESSAGE][PASSED] - Object: 'Object Repository/tN objects/button_Titus 11_add a new row' is clicked on

2021-06-30 08:42:34 - [TEST_STEP][PASSED] - click(findTestObject("Object Repository/tN objects/button_Add")): Object: 'Object Repository/tN objects/button_Add' is clicked on

2021-06-30 08:42:36 - [MESSAGE][PASSED] - Object: 'Object Repository/tN objects/button_Add' is clicked on

2021-06-30 08:42:36 - [TEST_STEP][PASSED] - if (verifyElementVisible(findTestObject("Object Repository/tN objects/p_empty"))): null

2021-06-30 08:42:37 - [MESSAGE][PASSED] - Object 'Object Repository/tN objects/p_empty' is visible

2021-06-30 08:42:37 - [TEST_STEP][PASSED] - logInfo(" New row is added successfully"):  New row is added successfully

2021-06-30 08:42:37 - [MESSAGE][INFO] -  New row is added successfully

2021-06-30 08:42:37 - [TEST_STEP][PASSED] - click(findTestObject("Object Repository/tN objects/button_Titus 11_Delete new row")): Object: 'Object Repository/tN objects/button_Titus 11_Delete new row' is clicked on

2021-06-30 08:42:38 - [MESSAGE][PASSED] - Object: 'Object Repository/tN objects/button_Titus 11_Delete new row' is clicked on

2021-06-30 08:42:38 - [TEST_STEP][PASSED] - click(findTestObject("Object Repository/tN objects/span_Delete")): Object: 'Object Repository/tN objects/span_Delete' is clicked on

2021-06-30 08:42:40 - [MESSAGE][PASSED] - Object: 'Object Repository/tN objects/span_Delete' is clicked on

2021-06-30 08:42:40 - [TEST_STEP][PASSED] - if (verifyElementVisible(findTestObject("Object Repository/tN objects/p_empty"))): null

2021-06-30 08:42:41 - [MESSAGE][PASSED] - Object 'Object Repository/tN objects/p_empty' is visible

2021-06-30 08:42:41 - [TEST_STEP][PASSED] - logInfo(" New row is deleted successfully"):  New row is deleted successfully

2021-06-30 08:42:41 - [MESSAGE][INFO] -  New row is deleted successfully

2021-06-30 08:42:41 - [TEST_STEP][PASSED] - closeBrowser(): Browser is closed

2021-06-30 08:42:41 - [MESSAGE][PASSED] - Browser is closed]]></system-out>
         <system-err><![CDATA[]]></system-err>
      </testcase>
      <testcase name="Test Cases/tCC Test Cases/tN_Expand chapter" time="73.639" classname="Test Cases/tCC Test Cases/tN_Expand chapter" status="PASSED">
         <system-out><![CDATA[2021-06-30 08:42:41 - [TEST_CASE][PASSED] - Test Cases/tCC Test Cases/tN_Expand chapter: Test Cases/tCC Test Cases/tN_Expand chapter

2021-06-30 08:42:41 - [TEST_STEP][PASSED] - com.tccreate.keywords.WriteToFile.writeTofilename("tN-Expand chapter"): com.tccreate.keywords.WriteToFile.writeTofilename is PASSED

2021-06-30 08:42:41 - [MESSAGE][PASSED] - com.tccreate.keywords.WriteToFile.writeTofilename is PASSED

2021-06-30 08:42:41 - [TEST_STEP][PASSED] - com.helper.login.TimeDate.getTimeDate(): com.helper.login.TimeDate.getTimeDate is PASSED

2021-06-30 08:42:41 - [MESSAGE][INFO] - Time at which the test run:2021-06-30 08:42:41.381

2021-06-30 08:42:41 - [MESSAGE][PASSED] - com.helper.login.TimeDate.getTimeDate is PASSED

2021-06-30 08:42:41 - [TEST_STEP][PASSED] - com.helper.login.loginhelper.logintoapp(): com.helper.login.loginhelper.logintoapp is PASSED

2021-06-30 08:42:41 - [MESSAGE][INFO] - Starting 'Chrome' driver

2021-06-30 08:42:41 - [MESSAGE][INFO] - Action delay is set to 1,000 milliseconds

2021-06-30 08:42:42 - [MESSAGE][WARNING] - FFmpeg was not installed! Browser Recording will be disabled. Please follow this document to install FFmpeg first: https://docs.katalon.com/katalon-studio/docs/screenshots-videos.html#browser-based-recorder

2021-06-30 08:42:44 - [MESSAGE][PASSED] - Browser is opened with url: 'https://stage--tc-create-app.netlify.app/'

2021-06-30 08:42:44 - [MESSAGE][PASSED] - Wait for page load successfully

2021-06-30 08:42:44 - [MESSAGE][PASSED] - Current window maximized

2021-06-30 08:42:46 - [MESSAGE][PASSED] - Keys 'elsylambert' sent to object: 'Object Repository/Page_tC Create/input__username'

2021-06-30 08:42:48 - [MESSAGE][PASSED] - Keys 'fatak43' sent to object: 'Object Repository/Page_tC Create/input__password'

2021-06-30 08:42:49 - [MESSAGE][PASSED] - Object: 'Object Repository/Page_tC Create/button_Login' is clicked on

2021-06-30 08:42:50 - [MESSAGE][PASSED] - Delayed 1 second(s)

2021-06-30 08:42:51 - [MESSAGE][PASSED] - Text of object 'Object Repository/Page_tC Create/tcc-version number' is: 'translationCore Create - v1.2.1 build 55-760999c'

2021-06-30 08:42:51 - [MESSAGE][INFO] - : The current version and build number is translationCore Create - v1.2.1 build 55-760999c

2021-06-30 08:42:51 - [MESSAGE][PASSED] - com.helper.login.loginhelper.logintoapp is PASSED

2021-06-30 08:42:51 - [TEST_STEP][PASSED] - com.tccreate.keywords.selectOrg.organization(""): com.tccreate.keywords.selectOrg.organization is PASSED

2021-06-30 08:42:53 - [MESSAGE][PASSED] - Object: 'Object Repository/Page_tC Create/listOption_organisation_Parmed' is clicked on

2021-06-30 08:42:55 - [MESSAGE][WARNING] - No alert found after 2 second(s).

2021-06-30 08:42:55 - [MESSAGE][PASSED] - com.tccreate.keywords.selectOrg.organization is PASSED

2021-06-30 08:42:55 - [TEST_STEP][PASSED] - com.tccreate.keywords.selectOrg.resource("unfoldingWord® Translation Notes"): com.tccreate.keywords.selectOrg.resource is PASSED

2021-06-30 08:42:56 - [MESSAGE][PASSED] - Object: 'Object Repository/Page_tC Create/resource_Parmed' is clicked on

2021-06-30 08:42:56 - [MESSAGE][PASSED] - com.tccreate.keywords.selectOrg.resource is PASSED

2021-06-30 08:42:56 - [TEST_STEP][PASSED] - com.tccreate.keywords.selectOrg.language(""): com.tccreate.keywords.selectOrg.language is PASSED

2021-06-30 08:42:58 - [MESSAGE][PASSED] - Object: 'Object Repository/Page_tC Create/combo_Select Language' is clicked on

2021-06-30 08:42:59 - [MESSAGE][PASSED] - Object: 'Object Repository/Page_tC Create/listOption_Language_Parmed' is clicked on

2021-06-30 08:42:59 - [MESSAGE][PASSED] - com.tccreate.keywords.selectOrg.language is PASSED

2021-06-30 08:42:59 - [TEST_STEP][PASSED] - click(findTestObject("Page_tC Create/Add new resource objects/span_en_tn_57-TIT.tsv")): Object: 'Object Repository/Page_tC Create/Add new resource objects/span_en_tn_57-TIT.tsv' is clicked on

2021-06-30 08:43:01 - [MESSAGE][PASSED] - Object: 'Object Repository/Page_tC Create/Add new resource objects/span_en_tn_57-TIT.tsv' is clicked on

2021-06-30 08:43:01 - [TEST_STEP][PASSED] - buttonstate = com.tccreate.keywords.ExpandAllScriptureToggle.toggleAllScripture("test"): com.tccreate.keywords.ExpandAllScriptureToggle.toggleAllScripture is PASSED

2021-06-30 08:43:05 - [MESSAGE][INFO] - Unable to find the element located by 'By.xpath: //*[@type = 'button' and @data-test = 'drawer-menu-close-button']'. Please recheck the objects properties to make sure the desired element is located. 

2021-06-30 08:43:05 - [MESSAGE][WARNING] - Object 'Object Repository/Page_tC Create/button_DrawerClose' is not present after 2 second(s)

2021-06-30 08:43:06 - [MESSAGE][PASSED] - Object: 'Object Repository/Page_tC Create/Hamburger Menu Button' is clicked on

2021-06-30 08:43:07 - [MESSAGE][PASSED] - Delayed 1 second(s)

2021-06-30 08:43:07 - [MESSAGE][PASSED] - Object 'Object Repository/Page_tC Create/input_Expand all Scripture_default' is checked

2021-06-30 08:43:09 - [MESSAGE][PASSED] - Object: 'Object Repository/Page_tC Create/button_DrawerClose' is clicked on

2021-06-30 08:43:09 - [MESSAGE][PASSED] - Object 'Object Repository/Page_tC Create/Hamburger Menu Button' is visible

2021-06-30 08:43:09 - [MESSAGE][PASSED] - com.tccreate.keywords.ExpandAllScriptureToggle.toggleAllScripture is PASSED

2021-06-30 08:43:09 - [TEST_STEP][PASSED] - out.println(" the state of the button is" + buttonstate): null

2021-06-30 08:43:09 - [TEST_STEP][PASSED] - delay(1): Delayed 1 second(s)

2021-06-30 08:43:10 - [MESSAGE][PASSED] - Delayed 1 second(s)

2021-06-30 08:43:10 - [TEST_STEP][PASSED] - if (buttonstate == "off"): null

2021-06-30 08:43:10 - [TEST_STEP][PASSED] - else: Parallel scripture viewer is ON

2021-06-30 08:43:10 - [TEST_STEP][PASSED] - logInfo("Parallel scripture viewer is ON"): Parallel scripture viewer is ON

2021-06-30 08:43:10 - [MESSAGE][INFO] - Parallel scripture viewer is ON

2021-06-30 08:43:10 - [TEST_STEP][PASSED] - scrollToElement(findTestObject("Page_tC Create/Add new resource objects/h6_TIT 1intro"), 2, CONTINUE_ON_FAILURE): Scroll to object 'Object Repository/Page_tC Create/Add new resource objects/h6_TIT 1intro' successfully

2021-06-30 08:43:11 - [MESSAGE][PASSED] - Scroll to object 'Object Repository/Page_tC Create/Add new resource objects/h6_TIT 1intro' successfully

2021-06-30 08:43:11 - [TEST_STEP][PASSED] - click(findTestObject("Object Repository/tN objects/button_Titus 11_Expand chapter button")): Object: 'Object Repository/tN objects/button_Titus 11_Expand chapter button' is clicked on

2021-06-30 08:43:12 - [MESSAGE][PASSED] - Object: 'Object Repository/tN objects/button_Titus 11_Expand chapter button' is clicked on

2021-06-30 08:43:12 - [TEST_STEP][PASSED] - mouseOver(findTestObject("Object Repository/tN objects/td_12")): Object: 'Object Repository/tN objects/td_12' is hovered

2021-06-30 08:43:13 - [MESSAGE][PASSED] - Object: 'Object Repository/tN objects/td_12' is hovered

2021-06-30 08:43:13 - [TEST_STEP][PASSED] - click(findTestObject("Object Repository/tN objects/td_12")): Object: 'Object Repository/tN objects/td_12' is clicked on

2021-06-30 08:43:15 - [MESSAGE][PASSED] - Object: 'Object Repository/tN objects/td_12' is clicked on

2021-06-30 08:43:15 - [TEST_STEP][PASSED] - for (int i : (1..19)): Keys 'PAGE_DOWN + ' sent to object: 'tempBody'

2021-06-30 08:43:15 - [TEST_STEP][PASSED] - sendKeys(findTestObject(null), Keys.chord(PAGE_DOWN)): Keys 'PAGE_DOWN + ' sent to object: 'tempBody'

2021-06-30 08:43:15 - [MESSAGE][WARNING] - Test object id is null

2021-06-30 08:43:15 - [MESSAGE][WARNING] - Test object with id 'Object Repository/' does not exist

2021-06-30 08:43:16 - [MESSAGE][PASSED] - Keys 'PAGE_DOWN + ' sent to object: 'tempBody'

2021-06-30 08:43:16 - [TEST_STEP][PASSED] - sendKeys(findTestObject(null), Keys.chord(PAGE_DOWN)): Keys 'PAGE_DOWN + ' sent to object: 'tempBody'

2021-06-30 08:43:16 - [MESSAGE][WARNING] - Test object id is null

2021-06-30 08:43:16 - [MESSAGE][WARNING] - Test object with id 'Object Repository/' does not exist

2021-06-30 08:43:18 - [MESSAGE][PASSED] - Keys 'PAGE_DOWN + ' sent to object: 'tempBody'

2021-06-30 08:43:18 - [TEST_STEP][PASSED] - sendKeys(findTestObject(null), Keys.chord(PAGE_DOWN)): Keys 'PAGE_DOWN + ' sent to object: 'tempBody'

2021-06-30 08:43:18 - [MESSAGE][WARNING] - Test object id is null

2021-06-30 08:43:18 - [MESSAGE][WARNING] - Test object with id 'Object Repository/' does not exist

2021-06-30 08:43:19 - [MESSAGE][PASSED] - Keys 'PAGE_DOWN + ' sent to object: 'tempBody'

2021-06-30 08:43:19 - [TEST_STEP][PASSED] - sendKeys(findTestObject(null), Keys.chord(PAGE_DOWN)): Keys 'PAGE_DOWN + ' sent to object: 'tempBody'

2021-06-30 08:43:19 - [MESSAGE][WARNING] - Test object id is null

2021-06-30 08:43:20 - [MESSAGE][WARNING] - Test object with id 'Object Repository/' does not exist

2021-06-30 08:43:21 - [MESSAGE][PASSED] - Keys 'PAGE_DOWN + ' sent to object: 'tempBody'

2021-06-30 08:43:21 - [TEST_STEP][PASSED] - sendKeys(findTestObject(null), Keys.chord(PAGE_DOWN)): Keys 'PAGE_DOWN + ' sent to object: 'tempBody'

2021-06-30 08:43:21 - [MESSAGE][WARNING] - Test object id is null

2021-06-30 08:43:21 - [MESSAGE][WARNING] - Test object with id 'Object Repository/' does not exist

2021-06-30 08:43:23 - [MESSAGE][PASSED] - Keys 'PAGE_DOWN + ' sent to object: 'tempBody'

2021-06-30 08:43:23 - [TEST_STEP][PASSED] - sendKeys(findTestObject(null), Keys.chord(PAGE_DOWN)): Keys 'PAGE_DOWN + ' sent to object: 'tempBody'

2021-06-30 08:43:23 - [MESSAGE][WARNING] - Test object id is null

2021-06-30 08:43:23 - [MESSAGE][WARNING] - Test object with id 'Object Repository/' does not exist

2021-06-30 08:43:25 - [MESSAGE][PASSED] - Keys 'PAGE_DOWN + ' sent to object: 'tempBody'

2021-06-30 08:43:25 - [TEST_STEP][PASSED] - sendKeys(findTestObject(null), Keys.chord(PAGE_DOWN)): Keys 'PAGE_DOWN + ' sent to object: 'tempBody'

2021-06-30 08:43:25 - [MESSAGE][WARNING] - Test object id is null

2021-06-30 08:43:25 - [MESSAGE][WARNING] - Test object with id 'Object Repository/' does not exist

2021-06-30 08:43:26 - [MESSAGE][PASSED] - Keys 'PAGE_DOWN + ' sent to object: 'tempBody'

2021-06-30 08:43:26 - [TEST_STEP][PASSED] - sendKeys(findTestObject(null), Keys.chord(PAGE_DOWN)): Keys 'PAGE_DOWN + ' sent to object: 'tempBody'

2021-06-30 08:43:26 - [MESSAGE][WARNING] - Test object id is null

2021-06-30 08:43:26 - [MESSAGE][WARNING] - Test object with id 'Object Repository/' does not exist

2021-06-30 08:43:28 - [MESSAGE][PASSED] - Keys 'PAGE_DOWN + ' sent to object: 'tempBody'

2021-06-30 08:43:28 - [TEST_STEP][PASSED] - sendKeys(findTestObject(null), Keys.chord(PAGE_DOWN)): Keys 'PAGE_DOWN + ' sent to object: 'tempBody'

2021-06-30 08:43:28 - [MESSAGE][WARNING] - Test object id is null

2021-06-30 08:43:28 - [MESSAGE][WARNING] - Test object with id 'Object Repository/' does not exist

2021-06-30 08:43:30 - [MESSAGE][PASSED] - Keys 'PAGE_DOWN + ' sent to object: 'tempBody'

2021-06-30 08:43:30 - [TEST_STEP][PASSED] - sendKeys(findTestObject(null), Keys.chord(PAGE_DOWN)): Keys 'PAGE_DOWN + ' sent to object: 'tempBody'

2021-06-30 08:43:30 - [MESSAGE][WARNING] - Test object id is null

2021-06-30 08:43:30 - [MESSAGE][WARNING] - Test object with id 'Object Repository/' does not exist

2021-06-30 08:43:31 - [MESSAGE][PASSED] - Keys 'PAGE_DOWN + ' sent to object: 'tempBody'

2021-06-30 08:43:31 - [TEST_STEP][PASSED] - sendKeys(findTestObject(null), Keys.chord(PAGE_DOWN)): Keys 'PAGE_DOWN + ' sent to object: 'tempBody'

2021-06-30 08:43:31 - [MESSAGE][WARNING] - Test object id is null

2021-06-30 08:43:31 - [MESSAGE][WARNING] - Test object with id 'Object Repository/' does not exist

2021-06-30 08:43:33 - [MESSAGE][PASSED] - Keys 'PAGE_DOWN + ' sent to object: 'tempBody'

2021-06-30 08:43:33 - [TEST_STEP][PASSED] - sendKeys(findTestObject(null), Keys.chord(PAGE_DOWN)): Keys 'PAGE_DOWN + ' sent to object: 'tempBody'

2021-06-30 08:43:33 - [MESSAGE][WARNING] - Test object id is null

2021-06-30 08:43:33 - [MESSAGE][WARNING] - Test object with id 'Object Repository/' does not exist

2021-06-30 08:43:34 - [MESSAGE][PASSED] - Keys 'PAGE_DOWN + ' sent to object: 'tempBody'

2021-06-30 08:43:34 - [TEST_STEP][PASSED] - sendKeys(findTestObject(null), Keys.chord(PAGE_DOWN)): Keys 'PAGE_DOWN + ' sent to object: 'tempBody'

2021-06-30 08:43:34 - [MESSAGE][WARNING] - Test object id is null

2021-06-30 08:43:34 - [MESSAGE][WARNING] - Test object with id 'Object Repository/' does not exist

2021-06-30 08:43:36 - [MESSAGE][PASSED] - Keys 'PAGE_DOWN + ' sent to object: 'tempBody'

2021-06-30 08:43:36 - [TEST_STEP][PASSED] - sendKeys(findTestObject(null), Keys.chord(PAGE_DOWN)): Keys 'PAGE_DOWN + ' sent to object: 'tempBody'

2021-06-30 08:43:36 - [MESSAGE][WARNING] - Test object id is null

2021-06-30 08:43:36 - [MESSAGE][WARNING] - Test object with id 'Object Repository/' does not exist

2021-06-30 08:43:38 - [MESSAGE][PASSED] - Keys 'PAGE_DOWN + ' sent to object: 'tempBody'

2021-06-30 08:43:38 - [TEST_STEP][PASSED] - sendKeys(findTestObject(null), Keys.chord(PAGE_DOWN)): Keys 'PAGE_DOWN + ' sent to object: 'tempBody'

2021-06-30 08:43:38 - [MESSAGE][WARNING] - Test object id is null

2021-06-30 08:43:38 - [MESSAGE][WARNING] - Test object with id 'Object Repository/' does not exist

2021-06-30 08:43:39 - [MESSAGE][PASSED] - Keys 'PAGE_DOWN + ' sent to object: 'tempBody'

2021-06-30 08:43:39 - [TEST_STEP][PASSED] - sendKeys(findTestObject(null), Keys.chord(PAGE_DOWN)): Keys 'PAGE_DOWN + ' sent to object: 'tempBody'

2021-06-30 08:43:39 - [MESSAGE][WARNING] - Test object id is null

2021-06-30 08:43:39 - [MESSAGE][WARNING] - Test object with id 'Object Repository/' does not exist

2021-06-30 08:43:41 - [MESSAGE][PASSED] - Keys 'PAGE_DOWN + ' sent to object: 'tempBody'

2021-06-30 08:43:41 - [TEST_STEP][PASSED] - sendKeys(findTestObject(null), Keys.chord(PAGE_DOWN)): Keys 'PAGE_DOWN + ' sent to object: 'tempBody'

2021-06-30 08:43:41 - [MESSAGE][WARNING] - Test object id is null

2021-06-30 08:43:41 - [MESSAGE][WARNING] - Test object with id 'Object Repository/' does not exist

2021-06-30 08:43:42 - [MESSAGE][PASSED] - Keys 'PAGE_DOWN + ' sent to object: 'tempBody'

2021-06-30 08:43:42 - [TEST_STEP][PASSED] - sendKeys(findTestObject(null), Keys.chord(PAGE_DOWN)): Keys 'PAGE_DOWN + ' sent to object: 'tempBody'

2021-06-30 08:43:42 - [MESSAGE][WARNING] - Test object id is null

2021-06-30 08:43:42 - [MESSAGE][WARNING] - Test object with id 'Object Repository/' does not exist

2021-06-30 08:43:44 - [MESSAGE][PASSED] - Keys 'PAGE_DOWN + ' sent to object: 'tempBody'

2021-06-30 08:43:44 - [TEST_STEP][PASSED] - sendKeys(findTestObject(null), Keys.chord(PAGE_DOWN)): Keys 'PAGE_DOWN + ' sent to object: 'tempBody'

2021-06-30 08:43:44 - [MESSAGE][WARNING] - Test object id is null

2021-06-30 08:43:44 - [MESSAGE][WARNING] - Test object with id 'Object Repository/' does not exist

2021-06-30 08:43:46 - [MESSAGE][PASSED] - Keys 'PAGE_DOWN + ' sent to object: 'tempBody'

2021-06-30 08:43:46 - [TEST_STEP][PASSED] - if (verifyElementVisible(findTestObject("Object Repository/tN objects/sup_315"))): null

2021-06-30 08:43:46 - [MESSAGE][PASSED] - Object 'Object Repository/tN objects/sup_315' is visible

2021-06-30 08:43:46 - [TEST_STEP][PASSED] - logInfo("Chapter is expanded successfully"): Chapter is expanded successfully

2021-06-30 08:43:46 - [MESSAGE][INFO] - Chapter is expanded successfully

2021-06-30 08:43:46 - [TEST_STEP][PASSED] - delay(3): Delayed 3 second(s)

2021-06-30 08:43:49 - [MESSAGE][PASSED] - Delayed 3 second(s)

2021-06-30 08:43:49 - [TEST_STEP][PASSED] - sendKeys(findTestObject(null), Keys.chord(PAGE_UP)): Keys 'PAGE_UP + ' sent to object: 'tempBody'

2021-06-30 08:43:49 - [MESSAGE][WARNING] - Test object id is null

2021-06-30 08:43:49 - [MESSAGE][WARNING] - Test object with id 'Object Repository/' does not exist

2021-06-30 08:43:50 - [MESSAGE][PASSED] - Keys 'PAGE_UP + ' sent to object: 'tempBody'

2021-06-30 08:43:50 - [TEST_STEP][PASSED] - click(findTestObject("Object Repository/tN objects/button_Titus 11_collapse-chapter")): Object: 'Object Repository/tN objects/button_Titus 11_collapse-chapter' is clicked on

2021-06-30 08:43:52 - [MESSAGE][PASSED] - Object: 'Object Repository/tN objects/button_Titus 11_collapse-chapter' is clicked on

2021-06-30 08:43:52 - [TEST_STEP][PASSED] - delay(2): Delayed 2 second(s)

2021-06-30 08:43:54 - [MESSAGE][PASSED] - Delayed 2 second(s)

2021-06-30 08:43:54 - [TEST_STEP][PASSED] - if (verifyElementNotPresent(findTestObject("Object Repository/tN objects/sup_315"), 2, CONTINUE_ON_FAILURE)): null

2021-06-30 08:43:54 - [MESSAGE][PASSED] - Web element with id: 'Object Repository/tN objects/sup_315' located by 'By.xpath: //tr[@id='3:15']/td[3]/div/sup' is not present after '2' second(s)

2021-06-30 08:43:54 - [TEST_STEP][PASSED] - logInfo("Chapter is collapsed successfully"): Chapter is collapsed successfully

2021-06-30 08:43:54 - [MESSAGE][INFO] - Chapter is collapsed successfully

2021-06-30 08:43:54 - [TEST_STEP][PASSED] - closeBrowser(): Browser is closed

2021-06-30 08:43:54 - [MESSAGE][PASSED] - Browser is closed]]></system-out>
         <system-err><![CDATA[]]></system-err>
      </testcase>
      <testcase name="Test Cases/tCC Test Cases/tN_Highlighting by Occurrence Number" time="58.271" classname="Test Cases/tCC Test Cases/tN_Highlighting by Occurrence Number" status="PASSED">
         <system-out><![CDATA[2021-06-30 08:43:54 - [TEST_CASE][PASSED] - Test Cases/tCC Test Cases/tN_Highlighting by Occurrence Number: Test Cases/tCC Test Cases/tN_Highlighting by Occurrence Number

2021-06-30 08:43:54 - [TEST_STEP][PASSED] - com.tccreate.keywords.WriteToFile.writeTofilename("tN-Highlighting by occurrence number"): com.tccreate.keywords.WriteToFile.writeTofilename is PASSED

2021-06-30 08:43:55 - [MESSAGE][PASSED] - com.tccreate.keywords.WriteToFile.writeTofilename is PASSED

2021-06-30 08:43:55 - [TEST_STEP][PASSED] - com.helper.login.TimeDate.getTimeDate(): com.helper.login.TimeDate.getTimeDate is PASSED

2021-06-30 08:43:55 - [MESSAGE][INFO] - Time at which the test run:2021-06-30 08:43:55.0

2021-06-30 08:43:55 - [MESSAGE][PASSED] - com.helper.login.TimeDate.getTimeDate is PASSED

2021-06-30 08:43:55 - [TEST_STEP][PASSED] - com.helper.login.loginhelper.logintoapp(): com.helper.login.loginhelper.logintoapp is PASSED

2021-06-30 08:43:55 - [MESSAGE][INFO] - Starting 'Chrome' driver

2021-06-30 08:43:55 - [MESSAGE][INFO] - Action delay is set to 1,000 milliseconds

2021-06-30 08:43:56 - [MESSAGE][WARNING] - FFmpeg was not installed! Browser Recording will be disabled. Please follow this document to install FFmpeg first: https://docs.katalon.com/katalon-studio/docs/screenshots-videos.html#browser-based-recorder

2021-06-30 08:43:58 - [MESSAGE][PASSED] - Browser is opened with url: 'https://stage--tc-create-app.netlify.app/'

2021-06-30 08:43:58 - [MESSAGE][PASSED] - Wait for page load successfully

2021-06-30 08:43:58 - [MESSAGE][PASSED] - Current window maximized

2021-06-30 08:44:00 - [MESSAGE][PASSED] - Keys 'elsylambert' sent to object: 'Object Repository/Page_tC Create/input__username'

2021-06-30 08:44:01 - [MESSAGE][PASSED] - Keys 'fatak43' sent to object: 'Object Repository/Page_tC Create/input__password'

2021-06-30 08:44:03 - [MESSAGE][PASSED] - Object: 'Object Repository/Page_tC Create/button_Login' is clicked on

2021-06-30 08:44:04 - [MESSAGE][PASSED] - Delayed 1 second(s)

2021-06-30 08:44:05 - [MESSAGE][PASSED] - Text of object 'Object Repository/Page_tC Create/tcc-version number' is: 'translationCore Create - v1.2.1 build 55-760999c'

2021-06-30 08:44:05 - [MESSAGE][INFO] - : The current version and build number is translationCore Create - v1.2.1 build 55-760999c

2021-06-30 08:44:05 - [MESSAGE][PASSED] - com.helper.login.loginhelper.logintoapp is PASSED

2021-06-30 08:44:05 - [TEST_STEP][PASSED] - com.tccreate.keywords.selectOrg.organization(""): com.tccreate.keywords.selectOrg.organization is PASSED

2021-06-30 08:44:06 - [MESSAGE][PASSED] - Object: 'Object Repository/Page_tC Create/listOption_organisation_Parmed' is clicked on

2021-06-30 08:44:08 - [MESSAGE][WARNING] - No alert found after 2 second(s).

2021-06-30 08:44:08 - [MESSAGE][PASSED] - com.tccreate.keywords.selectOrg.organization is PASSED

2021-06-30 08:44:08 - [TEST_STEP][PASSED] - com.tccreate.keywords.selectOrg.resource("unfoldingWord® Translation Notes"): com.tccreate.keywords.selectOrg.resource is PASSED

2021-06-30 08:44:10 - [MESSAGE][PASSED] - Object: 'Object Repository/Page_tC Create/resource_Parmed' is clicked on

2021-06-30 08:44:10 - [MESSAGE][PASSED] - com.tccreate.keywords.selectOrg.resource is PASSED

2021-06-30 08:44:10 - [TEST_STEP][PASSED] - com.tccreate.keywords.selectOrg.language(""): com.tccreate.keywords.selectOrg.language is PASSED

2021-06-30 08:44:11 - [MESSAGE][PASSED] - Object: 'Object Repository/Page_tC Create/combo_Select Language' is clicked on

2021-06-30 08:44:13 - [MESSAGE][PASSED] - Object: 'Object Repository/Page_tC Create/listOption_Language_Parmed' is clicked on

2021-06-30 08:44:13 - [MESSAGE][PASSED] - com.tccreate.keywords.selectOrg.language is PASSED

2021-06-30 08:44:13 - [TEST_STEP][PASSED] - click(findTestObject("Object Repository/Page_tC Create/span_en_tn_57-TIT.tsv")): Object: 'Object Repository/Page_tC Create/span_en_tn_57-TIT.tsv' is clicked on

2021-06-30 08:44:15 - [MESSAGE][PASSED] - Object: 'Object Repository/Page_tC Create/span_en_tn_57-TIT.tsv' is clicked on

2021-06-30 08:44:15 - [TEST_STEP][PASSED] - click(findTestObject("Object Repository/tN objects/button_view columns")): Object: 'Object Repository/tN objects/button_view columns' is clicked on

2021-06-30 08:44:20 - [MESSAGE][PASSED] - Object: 'Object Repository/tN objects/button_view columns' is clicked on

2021-06-30 08:44:20 - [TEST_STEP][PASSED] - click(findTestObject("tN objects/input_OrigQuote_checkbox")): Object: 'Object Repository/tN objects/input_OrigQuote_checkbox' is clicked on

2021-06-30 08:44:21 - [MESSAGE][PASSED] - Object: 'Object Repository/tN objects/input_OrigQuote_checkbox' is clicked on

2021-06-30 08:44:21 - [TEST_STEP][PASSED] - click(findTestObject("Object Repository/tN objects/input_SupportReference")): Object: 'Object Repository/tN objects/input_SupportReference' is clicked on

2021-06-30 08:44:23 - [MESSAGE][PASSED] - Object: 'Object Repository/tN objects/input_SupportReference' is clicked on

2021-06-30 08:44:23 - [TEST_STEP][PASSED] - click(findTestObject("tN objects/button__Close-Columns")): Object: 'Object Repository/tN objects/button__Close-Columns' is clicked on

2021-06-30 08:44:24 - [MESSAGE][PASSED] - Object: 'Object Repository/tN objects/button__Close-Columns' is clicked on

2021-06-30 08:44:24 - [TEST_STEP][PASSED] - buttonstate = com.tccreate.keywords.ExpandAllScriptureToggle.toggleAllScripture("test"): com.tccreate.keywords.ExpandAllScriptureToggle.toggleAllScripture is PASSED

2021-06-30 08:44:27 - [MESSAGE][INFO] - Unable to find the element located by 'By.xpath: //*[@type = 'button' and @data-test = 'drawer-menu-close-button']'. Please recheck the objects properties to make sure the desired element is located. 

2021-06-30 08:44:27 - [MESSAGE][WARNING] - Object 'Object Repository/Page_tC Create/button_DrawerClose' is not present after 2 second(s)

2021-06-30 08:44:29 - [MESSAGE][PASSED] - Object: 'Object Repository/Page_tC Create/Hamburger Menu Button' is clicked on

2021-06-30 08:44:30 - [MESSAGE][PASSED] - Delayed 1 second(s)

2021-06-30 08:44:30 - [MESSAGE][PASSED] - Object 'Object Repository/Page_tC Create/input_Expand all Scripture_default' is checked

2021-06-30 08:44:31 - [MESSAGE][PASSED] - Object: 'Object Repository/Page_tC Create/button_DrawerClose' is clicked on

2021-06-30 08:44:32 - [MESSAGE][PASSED] - Object 'Object Repository/Page_tC Create/Hamburger Menu Button' is visible

2021-06-30 08:44:32 - [MESSAGE][PASSED] - com.tccreate.keywords.ExpandAllScriptureToggle.toggleAllScripture is PASSED

2021-06-30 08:44:32 - [TEST_STEP][PASSED] - out.println(" the state of the button is" + buttonstate): null

2021-06-30 08:44:32 - [TEST_STEP][PASSED] - delay(1): Delayed 1 second(s)

2021-06-30 08:44:33 - [MESSAGE][PASSED] - Delayed 1 second(s)

2021-06-30 08:44:33 - [TEST_STEP][PASSED] - if (buttonstate == "off"): null

2021-06-30 08:44:33 - [TEST_STEP][PASSED] - else: Parallel scripture viewer is ON

2021-06-30 08:44:33 - [TEST_STEP][PASSED] - logInfo("Parallel scripture viewer is ON"): Parallel scripture viewer is ON

2021-06-30 08:44:33 - [MESSAGE][INFO] - Parallel scripture viewer is ON

2021-06-30 08:44:33 - [TEST_STEP][PASSED] - scrollToElement(findTestObject("Object Repository/tN objects/div_Titus 11"), 2): Scroll to object 'Object Repository/tN objects/div_Titus 11' successfully

2021-06-30 08:44:33 - [MESSAGE][PASSED] - Scroll to object 'Object Repository/tN objects/div_Titus 11' successfully

2021-06-30 08:44:33 - [TEST_STEP][PASSED] - click(findTestObject("Object Repository/tN objects/button_Titus 11_add a new row")): Object: 'Object Repository/tN objects/button_Titus 11_add a new row' is clicked on

2021-06-30 08:44:35 - [MESSAGE][PASSED] - Object: 'Object Repository/tN objects/button_Titus 11_add a new row' is clicked on

2021-06-30 08:44:35 - [TEST_STEP][PASSED] - click(findTestObject("Object Repository/tN objects/button_Add")): Object: 'Object Repository/tN objects/button_Add' is clicked on

2021-06-30 08:44:37 - [MESSAGE][PASSED] - Object: 'Object Repository/tN objects/button_Add' is clicked on

2021-06-30 08:44:37 - [TEST_STEP][PASSED] - word1 = getText(findTestObject("tN objects/word1")): Text of object 'Object Repository/tN objects/word1' is: 'Θεοῦ'

2021-06-30 08:44:37 - [MESSAGE][PASSED] - Text of object 'Object Repository/tN objects/word1' is: 'Θεοῦ'

2021-06-30 08:44:37 - [TEST_STEP][PASSED] - logInfo("the word is" + word1): the word isΘεοῦ

2021-06-30 08:44:37 - [MESSAGE][INFO] - the word isΘεοῦ

2021-06-30 08:44:37 - [TEST_STEP][PASSED] - color_word1 = getCSSValue(findTestObject("tN objects/word1"), "color"): Get CSS 'color' value on 'Object Repository/tN objects/word1' successfully: 'rgba(0, 0, 0, 0.87)'.

2021-06-30 08:44:37 - [MESSAGE][PASSED] - Get CSS 'color' value on 'Object Repository/tN objects/word1' successfully: 'rgba(0, 0, 0, 0.87)'.

2021-06-30 08:44:37 - [TEST_STEP][PASSED] - backcolor_word1 = getCSSValue(findTestObject("tN objects/word1"), "background-color"): Get CSS 'background-color' value on 'Object Repository/tN objects/word1' successfully: 'rgba(0, 0, 0, 0)'.

2021-06-30 08:44:38 - [MESSAGE][PASSED] - Get CSS 'background-color' value on 'Object Repository/tN objects/word1' successfully: 'rgba(0, 0, 0, 0)'.

2021-06-30 08:44:38 - [TEST_STEP][PASSED] - logInfo(color_word1): rgba(0, 0, 0, 0.87)

2021-06-30 08:44:38 - [MESSAGE][INFO] - rgba(0, 0, 0, 0.87)

2021-06-30 08:44:38 - [TEST_STEP][PASSED] - logInfo(backcolor_word1): rgba(0, 0, 0, 0)

2021-06-30 08:44:38 - [MESSAGE][INFO] - rgba(0, 0, 0, 0)

2021-06-30 08:44:38 - [TEST_STEP][PASSED] - click(findTestObject("Object Repository/tN objects/p_OL_box")): Object: 'Object Repository/tN objects/p_OL_box' is clicked on

2021-06-30 08:44:39 - [MESSAGE][PASSED] - Object: 'Object Repository/tN objects/p_OL_box' is clicked on

2021-06-30 08:44:39 - [TEST_STEP][PASSED] - setText(findTestObject("Object Repository/tN objects/p_OL_box"), "Θεοῦ"): Text 'Θεοῦ' is set on object 'Object Repository/tN objects/p_OL_box'

2021-06-30 08:44:42 - [MESSAGE][PASSED] - Text 'Θεοῦ' is set on object 'Object Repository/tN objects/p_OL_box'

2021-06-30 08:44:42 - [TEST_STEP][PASSED] - driver = getWebDriver(): null

2021-06-30 08:44:42 - [TEST_STEP][PASSED] - action = new org.openqa.selenium.interactions.Actions(driver): null

2021-06-30 08:44:42 - [TEST_STEP][PASSED] - build().perform(): null

2021-06-30 08:44:42 - [TEST_STEP][PASSED] - if (!(color_word1.equals(backcolor_word1))): First Occurrence is highlighted!

2021-06-30 08:44:42 - [TEST_STEP][PASSED] - logInfo("First Occurrence is highlighted!"): First Occurrence is highlighted!

2021-06-30 08:44:42 - [MESSAGE][INFO] - First Occurrence is highlighted!

2021-06-30 08:44:42 - [TEST_STEP][PASSED] - color_word2 = getCSSValue(findTestObject("tN objects/word2"), "color"): Get CSS 'color' value on 'Object Repository/tN objects/word2' successfully: 'rgba(0, 0, 0, 0.87)'.

2021-06-30 08:44:43 - [MESSAGE][PASSED] - Get CSS 'color' value on 'Object Repository/tN objects/word2' successfully: 'rgba(0, 0, 0, 0.87)'.

2021-06-30 08:44:43 - [TEST_STEP][PASSED] - backcolor_word2 = getCSSValue(findTestObject("tN objects/word2"), "background-color"): Get CSS 'background-color' value on 'Object Repository/tN objects/word2' successfully: 'rgba(0, 0, 0, 0)'.

2021-06-30 08:44:43 - [MESSAGE][PASSED] - Get CSS 'background-color' value on 'Object Repository/tN objects/word2' successfully: 'rgba(0, 0, 0, 0)'.

2021-06-30 08:44:43 - [TEST_STEP][PASSED] - click(findTestObject("Object Repository/tN objects/p_occurrence box")): Object: 'Object Repository/tN objects/p_occurrence box' is clicked on

2021-06-30 08:44:44 - [MESSAGE][PASSED] - Object: 'Object Repository/tN objects/p_occurrence box' is clicked on

2021-06-30 08:44:44 - [TEST_STEP][PASSED] - clearText(findTestObject("Object Repository/tN objects/p_occurrence box"), CONTINUE_ON_FAILURE): Text of object 'Object Repository/tN objects/p_occurrence box' is cleared

2021-06-30 08:44:46 - [MESSAGE][PASSED] - Text of object 'Object Repository/tN objects/p_occurrence box' is cleared

2021-06-30 08:44:46 - [TEST_STEP][PASSED] - sendKeys(findTestObject("Object Repository/tN objects/p_occurrence box"), "2"): Keys '2' sent to object: 'Object Repository/tN objects/p_occurrence box'

2021-06-30 08:44:47 - [MESSAGE][PASSED] - Keys '2' sent to object: 'Object Repository/tN objects/p_occurrence box'

2021-06-30 08:44:47 - [TEST_STEP][PASSED] - build().perform(): null

2021-06-30 08:44:47 - [TEST_STEP][PASSED] - if (!(color_word2.equals(backcolor_word2))): Second occcurrence is highlighted!

2021-06-30 08:44:47 - [TEST_STEP][PASSED] - logInfo("Second occcurrence is highlighted!"): Second occcurrence is highlighted!

2021-06-30 08:44:47 - [MESSAGE][INFO] - Second occcurrence is highlighted!

2021-06-30 08:44:47 - [TEST_STEP][PASSED] - clearText(findTestObject("Object Repository/tN objects/p_occurrence box"), CONTINUE_ON_FAILURE): Text of object 'Object Repository/tN objects/p_occurrence box' is cleared

2021-06-30 08:44:49 - [MESSAGE][PASSED] - Text of object 'Object Repository/tN objects/p_occurrence box' is cleared

2021-06-30 08:44:49 - [TEST_STEP][PASSED] - sendKeys(findTestObject("Object Repository/tN objects/p_occurrence box"), "-1"): Keys '-1' sent to object: 'Object Repository/tN objects/p_occurrence box'

2021-06-30 08:44:50 - [MESSAGE][PASSED] - Keys '-1' sent to object: 'Object Repository/tN objects/p_occurrence box'

2021-06-30 08:44:50 - [TEST_STEP][PASSED] - build().perform(): null

2021-06-30 08:44:50 - [TEST_STEP][PASSED] - if (!(color_word1.equals(backcolor_word1)) && !(color_word2.equals(backcolor_word2))): Both occurrences are highlighted!

2021-06-30 08:44:50 - [TEST_STEP][PASSED] - logInfo("Both occurrences are highlighted!"): Both occurrences are highlighted!

2021-06-30 08:44:50 - [MESSAGE][INFO] - Both occurrences are highlighted!

2021-06-30 08:44:50 - [TEST_STEP][PASSED] - delay(2): Delayed 2 second(s)

2021-06-30 08:44:52 - [MESSAGE][PASSED] - Delayed 2 second(s)

2021-06-30 08:44:52 - [TEST_STEP][PASSED] - closeBrowser(): Browser is closed

2021-06-30 08:44:53 - [MESSAGE][PASSED] - Browser is closed]]></system-out>
         <system-err><![CDATA[]]></system-err>
      </testcase>
      <testcase name="Test Cases/tCC Test Cases/tW_Saving tW Article" time="35.083" classname="Test Cases/tCC Test Cases/tW_Saving tW Article" status="PASSED">
         <system-out><![CDATA[2021-06-30 08:44:53 - [TEST_CASE][PASSED] - Test Cases/tCC Test Cases/tW_Saving tW Article: Test Cases/tCC Test Cases/tW_Saving tW Article

2021-06-30 08:44:53 - [TEST_STEP][PASSED] - com.tccreate.keywords.WriteToFile.writeTofilename("tW-Save"): com.tccreate.keywords.WriteToFile.writeTofilename is PASSED

2021-06-30 08:44:53 - [MESSAGE][PASSED] - com.tccreate.keywords.WriteToFile.writeTofilename is PASSED

2021-06-30 08:44:53 - [TEST_STEP][PASSED] - com.helper.login.TimeDate.getTimeDate(): com.helper.login.TimeDate.getTimeDate is PASSED

2021-06-30 08:44:53 - [MESSAGE][INFO] - Time at which the test run:2021-06-30 08:44:53.23

2021-06-30 08:44:53 - [MESSAGE][PASSED] - com.helper.login.TimeDate.getTimeDate is PASSED

2021-06-30 08:44:53 - [TEST_STEP][PASSED] - com.helper.login.loginhelper.logintoapp(): com.helper.login.loginhelper.logintoapp is PASSED

2021-06-30 08:44:53 - [MESSAGE][INFO] - Starting 'Chrome' driver

2021-06-30 08:44:53 - [MESSAGE][INFO] - Action delay is set to 1,000 milliseconds

2021-06-30 08:44:54 - [MESSAGE][WARNING] - FFmpeg was not installed! Browser Recording will be disabled. Please follow this document to install FFmpeg first: https://docs.katalon.com/katalon-studio/docs/screenshots-videos.html#browser-based-recorder

2021-06-30 08:44:56 - [MESSAGE][PASSED] - Browser is opened with url: 'https://stage--tc-create-app.netlify.app/'

2021-06-30 08:44:56 - [MESSAGE][PASSED] - Wait for page load successfully

2021-06-30 08:44:56 - [MESSAGE][PASSED] - Current window maximized

2021-06-30 08:44:58 - [MESSAGE][PASSED] - Keys 'elsylambert' sent to object: 'Object Repository/Page_tC Create/input__username'

2021-06-30 08:44:59 - [MESSAGE][PASSED] - Keys 'fatak43' sent to object: 'Object Repository/Page_tC Create/input__password'

2021-06-30 08:45:01 - [MESSAGE][PASSED] - Object: 'Object Repository/Page_tC Create/button_Login' is clicked on

2021-06-30 08:45:02 - [MESSAGE][PASSED] - Delayed 1 second(s)

2021-06-30 08:45:03 - [MESSAGE][PASSED] - Text of object 'Object Repository/Page_tC Create/tcc-version number' is: 'translationCore Create - v1.2.1 build 55-760999c'

2021-06-30 08:45:03 - [MESSAGE][INFO] - : The current version and build number is translationCore Create - v1.2.1 build 55-760999c

2021-06-30 08:45:03 - [MESSAGE][PASSED] - com.helper.login.loginhelper.logintoapp is PASSED

2021-06-30 08:45:03 - [TEST_STEP][PASSED] - com.tccreate.keywords.selectOrg.organization(""): com.tccreate.keywords.selectOrg.organization is PASSED

2021-06-30 08:45:04 - [MESSAGE][PASSED] - Object: 'Object Repository/Page_tC Create/listOption_organisation_Parmed' is clicked on

2021-06-30 08:45:06 - [MESSAGE][WARNING] - No alert found after 2 second(s).

2021-06-30 08:45:06 - [MESSAGE][PASSED] - com.tccreate.keywords.selectOrg.organization is PASSED

2021-06-30 08:45:06 - [TEST_STEP][PASSED] - com.tccreate.keywords.selectOrg.resource("unfoldingWord® Translation Words"): com.tccreate.keywords.selectOrg.resource is PASSED

2021-06-30 08:45:08 - [MESSAGE][PASSED] - Object: 'Object Repository/Page_tC Create/resource_Parmed' is clicked on

2021-06-30 08:45:08 - [MESSAGE][PASSED] - com.tccreate.keywords.selectOrg.resource is PASSED

2021-06-30 08:45:08 - [TEST_STEP][PASSED] - com.tccreate.keywords.selectOrg.language(""): com.tccreate.keywords.selectOrg.language is PASSED

2021-06-30 08:45:09 - [MESSAGE][PASSED] - Object: 'Object Repository/Page_tC Create/combo_Select Language' is clicked on

2021-06-30 08:45:11 - [MESSAGE][PASSED] - Object: 'Object Repository/Page_tC Create/listOption_Language_Parmed' is clicked on

2021-06-30 08:45:11 - [MESSAGE][PASSED] - com.tccreate.keywords.selectOrg.language is PASSED

2021-06-30 08:45:11 - [TEST_STEP][PASSED] - click(findTestObject("tW Objects/span_bible")): Object: 'Object Repository/tW Objects/span_bible' is clicked on

2021-06-30 08:45:13 - [MESSAGE][PASSED] - Object: 'Object Repository/tW Objects/span_bible' is clicked on

2021-06-30 08:45:13 - [TEST_STEP][PASSED] - click(findTestObject("tW Objects/span_kt")): Object: 'Object Repository/tW Objects/span_kt' is clicked on

2021-06-30 08:45:14 - [MESSAGE][PASSED] - Object: 'Object Repository/tW Objects/span_kt' is clicked on

2021-06-30 08:45:14 - [TEST_STEP][PASSED] - click(findTestObject("tW Objects/span_almighty.md")): Object: 'Object Repository/tW Objects/span_almighty.md' is clicked on

2021-06-30 08:45:16 - [MESSAGE][PASSED] - Object: 'Object Repository/tW Objects/span_almighty.md' is clicked on

2021-06-30 08:45:16 - [TEST_STEP][PASSED] - click(findTestObject("tW Objects/h1_Almighty")): Object: 'Object Repository/tW Objects/h1_Almighty' is clicked on

2021-06-30 08:45:18 - [MESSAGE][PASSED] - Object: 'Object Repository/tW Objects/h1_Almighty' is clicked on

2021-06-30 08:45:18 - [TEST_STEP][PASSED] - sendKeys(findTestObject("tW Objects/h1_Almighty"), "  edits by a test script"): Keys '  edits by a test script' sent to object: 'Object Repository/tW Objects/h1_Almighty'

2021-06-30 08:45:20 - [MESSAGE][PASSED] - Keys '  edits by a test script' sent to object: 'Object Repository/tW Objects/h1_Almighty'

2021-06-30 08:45:20 - [TEST_STEP][PASSED] - click(findTestObject("Object Repository/Page_tC Create/button_Save")): Object: 'Object Repository/Page_tC Create/button_Save' is clicked on

2021-06-30 08:45:21 - [MESSAGE][PASSED] - Object: 'Object Repository/Page_tC Create/button_Save' is clicked on

2021-06-30 08:45:21 - [TEST_STEP][PASSED] - delay(2): Delayed 2 second(s)

2021-06-30 08:45:23 - [MESSAGE][PASSED] - Delayed 2 second(s)

2021-06-30 08:45:23 - [TEST_STEP][PASSED] - if (verifyElementNotClickable(findTestObject("Page_tC Create/button_Save"), CONTINUE_ON_FAILURE)): null

2021-06-30 08:45:24 - [MESSAGE][PASSED] - Object 'Object Repository/Page_tC Create/button_Save' is NOT clickable

2021-06-30 08:45:24 - [TEST_STEP][PASSED] - logInfo(" Save button is greyed out as expected"):  Save button is greyed out as expected

2021-06-30 08:45:24 - [MESSAGE][INFO] -  Save button is greyed out as expected

2021-06-30 08:45:24 - [TEST_STEP][PASSED] - click(findTestObject("Object Repository/tW Objects/chip_English - unfoldingWorden_twElsyLambert-tc-create-1")): Object: 'Object Repository/tW Objects/chip_English - unfoldingWorden_twElsyLambert-tc-create-1' is clicked on

2021-06-30 08:45:25 - [MESSAGE][PASSED] - Object: 'Object Repository/tW Objects/chip_English - unfoldingWorden_twElsyLambert-tc-create-1' is clicked on

2021-06-30 08:45:25 - [TEST_STEP][PASSED] - delay(2): Delayed 2 second(s)

2021-06-30 08:45:27 - [MESSAGE][PASSED] - Delayed 2 second(s)

2021-06-30 08:45:27 - [TEST_STEP][PASSED] - switchToWindowIndex(1): Switched to window with index: '1'

2021-06-30 08:45:27 - [MESSAGE][PASSED] - Switched to window with index: '1'

2021-06-30 08:45:27 - [TEST_STEP][PASSED] - if (getText(findTestObject("Object Repository/tW Objects/h1_Almighty article on DCS")).contains("edits by a test script")): null

2021-06-30 08:45:28 - [MESSAGE][PASSED] - Text of object 'Object Repository/tW Objects/h1_Almighty article on DCS' is: 'Almighty  edits by a test scrip  edits by a test script  edits by a test script  edits by a test script  edits by a test scriptt'

2021-06-30 08:45:28 - [TEST_STEP][PASSED] - logInfo("The edits are saved on the DCS Repo File"): The edits are saved on the DCS Repo File

2021-06-30 08:45:28 - [MESSAGE][INFO] - The edits are saved on the DCS Repo File

2021-06-30 08:45:28 - [TEST_STEP][PASSED] - switchToWindowIndex(0): Switched to window with index: '0'

2021-06-30 08:45:28 - [MESSAGE][PASSED] - Switched to window with index: '0'

2021-06-30 08:45:28 - [TEST_STEP][PASSED] - closeBrowser(): Browser is closed

2021-06-30 08:45:28 - [MESSAGE][PASSED] - Browser is closed

2021-06-30 08:45:28 - [TEST_STEP][PASSED] - closeBrowser(): Browser is closed

2021-06-30 08:45:28 - [MESSAGE][PASSED] - Browser is closed]]></system-out>
         <system-err><![CDATA[]]></system-err>
      </testcase>
      <testcase name="Test Cases/tCC Test Cases/tA_Saving tA Article" time="38.765" classname="Test Cases/tCC Test Cases/tA_Saving tA Article" status="PASSED">
         <system-out><![CDATA[2021-06-30 08:45:28 - [TEST_CASE][PASSED] - Test Cases/tCC Test Cases/tA_Saving tA Article: Test Cases/tCC Test Cases/tA_Saving tA Article

2021-06-30 08:45:28 - [TEST_STEP][PASSED] - com.tccreate.keywords.WriteToFile.writeTofilename("tA-Save"): com.tccreate.keywords.WriteToFile.writeTofilename is PASSED

2021-06-30 08:45:28 - [MESSAGE][PASSED] - com.tccreate.keywords.WriteToFile.writeTofilename is PASSED

2021-06-30 08:45:28 - [TEST_STEP][PASSED] - com.helper.login.TimeDate.getTimeDate(): com.helper.login.TimeDate.getTimeDate is PASSED

2021-06-30 08:45:28 - [MESSAGE][INFO] - Time at which the test run:2021-06-30 08:45:28.319

2021-06-30 08:45:28 - [MESSAGE][PASSED] - com.helper.login.TimeDate.getTimeDate is PASSED

2021-06-30 08:45:28 - [TEST_STEP][PASSED] - com.helper.login.loginhelper.logintoapp(): com.helper.login.loginhelper.logintoapp is PASSED

2021-06-30 08:45:28 - [MESSAGE][INFO] - Starting 'Chrome' driver

2021-06-30 08:45:28 - [MESSAGE][INFO] - Action delay is set to 1,000 milliseconds

2021-06-30 08:45:29 - [MESSAGE][WARNING] - FFmpeg was not installed! Browser Recording will be disabled. Please follow this document to install FFmpeg first: https://docs.katalon.com/katalon-studio/docs/screenshots-videos.html#browser-based-recorder

2021-06-30 08:45:32 - [MESSAGE][PASSED] - Browser is opened with url: 'https://stage--tc-create-app.netlify.app/'

2021-06-30 08:45:32 - [MESSAGE][PASSED] - Wait for page load successfully

2021-06-30 08:45:32 - [MESSAGE][PASSED] - Current window maximized

2021-06-30 08:45:34 - [MESSAGE][PASSED] - Keys 'elsylambert' sent to object: 'Object Repository/Page_tC Create/input__username'

2021-06-30 08:45:35 - [MESSAGE][PASSED] - Keys 'fatak43' sent to object: 'Object Repository/Page_tC Create/input__password'

2021-06-30 08:45:37 - [MESSAGE][PASSED] - Object: 'Object Repository/Page_tC Create/button_Login' is clicked on

2021-06-30 08:45:38 - [MESSAGE][PASSED] - Delayed 1 second(s)

2021-06-30 08:45:39 - [MESSAGE][PASSED] - Text of object 'Object Repository/Page_tC Create/tcc-version number' is: 'translationCore Create - v1.2.1 build 55-760999c'

2021-06-30 08:45:39 - [MESSAGE][INFO] - : The current version and build number is translationCore Create - v1.2.1 build 55-760999c

2021-06-30 08:45:39 - [MESSAGE][PASSED] - com.helper.login.loginhelper.logintoapp is PASSED

2021-06-30 08:45:39 - [TEST_STEP][PASSED] - com.tccreate.keywords.selectOrg.organization(""): com.tccreate.keywords.selectOrg.organization is PASSED

2021-06-30 08:45:40 - [MESSAGE][PASSED] - Object: 'Object Repository/Page_tC Create/listOption_organisation_Parmed' is clicked on

2021-06-30 08:45:42 - [MESSAGE][WARNING] - No alert found after 2 second(s).

2021-06-30 08:45:42 - [MESSAGE][PASSED] - com.tccreate.keywords.selectOrg.organization is PASSED

2021-06-30 08:45:42 - [TEST_STEP][PASSED] - com.tccreate.keywords.selectOrg.resource("unfoldingWord® Translation Academy"): com.tccreate.keywords.selectOrg.resource is PASSED

2021-06-30 08:45:44 - [MESSAGE][PASSED] - Object: 'Object Repository/Page_tC Create/resource_Parmed' is clicked on

2021-06-30 08:45:44 - [MESSAGE][PASSED] - com.tccreate.keywords.selectOrg.resource is PASSED

2021-06-30 08:45:44 - [TEST_STEP][PASSED] - com.tccreate.keywords.selectOrg.language(""): com.tccreate.keywords.selectOrg.language is PASSED

2021-06-30 08:45:46 - [MESSAGE][PASSED] - Object: 'Object Repository/Page_tC Create/combo_Select Language' is clicked on

2021-06-30 08:45:47 - [MESSAGE][PASSED] - Object: 'Object Repository/Page_tC Create/listOption_Language_Parmed' is clicked on

2021-06-30 08:45:47 - [MESSAGE][PASSED] - com.tccreate.keywords.selectOrg.language is PASSED

2021-06-30 08:45:47 - [TEST_STEP][PASSED] - click(findTestObject("Page_tC Create/span_translate")): Object: 'Object Repository/Page_tC Create/span_translate' is clicked on

2021-06-30 08:45:49 - [MESSAGE][PASSED] - Object: 'Object Repository/Page_tC Create/span_translate' is clicked on

2021-06-30 08:45:49 - [TEST_STEP][PASSED] - click(findTestObject("Object Repository/Page_tC Create/span_bita-farming")): Object: 'Object Repository/Page_tC Create/span_bita-farming' is clicked on

2021-06-30 08:45:51 - [MESSAGE][PASSED] - Object: 'Object Repository/Page_tC Create/span_bita-farming' is clicked on

2021-06-30 08:45:51 - [TEST_STEP][PASSED] - click(findTestObject("Object Repository/Page_tC Create/span_01.md")): Object: 'Object Repository/Page_tC Create/span_01.md' is clicked on

2021-06-30 08:45:53 - [MESSAGE][PASSED] - Object: 'Object Repository/Page_tC Create/span_01.md' is clicked on

2021-06-30 08:45:53 - [TEST_STEP][PASSED] - click(findTestObject("Object Repository/Page_tC Create/div_A FARMER represents God, and the VINEYA_8b10d9")): Object: 'Object Repository/Page_tC Create/div_A FARMER represents God, and the VINEYA_8b10d9' is clicked on

2021-06-30 08:45:56 - [MESSAGE][PASSED] - Object: 'Object Repository/Page_tC Create/div_A FARMER represents God, and the VINEYA_8b10d9' is clicked on

[...]
	at com.kms.katalon.core.main.TestSuiteExecutor.accessTestCaseMainPhase(TestSuiteExecutor.java:203)
	at com.kms.katalon.core.main.TestSuiteExecutor.accessTestSuiteMainPhase(TestSuiteExecutor.java:152)
	at com.kms.katalon.core.main.TestSuiteExecutor.execute(TestSuiteExecutor.java:95)
	at com.kms.katalon.core.main.TestCaseMain.startTestSuite(TestCaseMain.java:157)
	at com.kms.katalon.core.main.TestCaseMain$startTestSuite$0.call(Unknown Source)
	at TempTestSuite1625056821424.run(TempTestSuite1625056821424.groovy:39)
Caused by: com.kms.katalon.core.webui.exception.WebElementNotFoundException: Web element with id: 'Object Repository/Tool tips/button_No Sections' located by '//*[@type = 'button' and @title = 'No Sections']' not found
	at com.kms.katalon.core.webui.common.WebUiCommonHelper.findWebElement(WebUiCommonHelper.java:1368)
	at com.kms.katalon.core.webui.keyword.internal.WebUIAbstractKeyword.findWebElement(WebUIAbstractKeyword.groovy:27)
	at com.kms.katalon.core.webui.keyword.internal.WebUIAbstractKeyword.findWebElement(WebUIAbstractKeyword.groovy:26)
	at com.kms.katalon.core.webui.keyword.builtin.GetAttributeKeyword$_getAttribute_closure1.doCall(GetAttributeKeyword.groovy:83)
	at com.kms.katalon.core.webui.keyword.builtin.GetAttributeKeyword$_getAttribute_closure1.call(GetAttributeKeyword.groovy)
	at com.kms.katalon.core.webui.keyword.internal.WebUIKeywordMain.runKeyword(WebUIKeywordMain.groovy:20)
	at com.kms.katalon.core.webui.keyword.builtin.GetAttributeKeyword.getAttribute(GetAttributeKeyword.groovy:93)
	at com.kms.katalon.core.webui.keyword.builtin.GetAttributeKeyword.execute(GetAttributeKeyword.groovy:68)
	at com.kms.katalon.core.keyword.internal.KeywordExecutor.executeKeywordForPlatform(KeywordExecutor.groovy:73)
	at com.kms.katalon.core.webui.keyword.WebUiBuiltInKeywords.getAttribute(WebUiBuiltInKeywords.groovy:950)
	at com.kms.katalon.core.webui.keyword.WebUiBuiltInKeywords$getAttribute$13.call(Unknown Source)
	at Script1613662810777.testToolTip(Script1613662810777.groovy:41)
	at Script1613662810777.testToggleTip(Script1613662810777.groovy:95)
	at Script1613662810777.run(Script1613662810777.groovy:31)
	... 13 more
)
	at com.kms.katalon.core.keyword.internal.KeywordMain.stepFailed(KeywordMain.groovy:39)
	at com.kms.katalon.core.webui.keyword.internal.WebUIKeywordMain.stepFailed(WebUIKeywordMain.groovy:64)
	at com.kms.katalon.core.webui.keyword.internal.WebUIKeywordMain.runKeyword(WebUIKeywordMain.groovy:26)
	at com.kms.katalon.core.webui.keyword.builtin.GetAttributeKeyword.getAttribute(GetAttributeKeyword.groovy:93)
	at com.kms.katalon.core.webui.keyword.builtin.GetAttributeKeyword.execute(GetAttributeKeyword.groovy:68)
	at com.kms.katalon.core.keyword.internal.KeywordExecutor.executeKeywordForPlatform(KeywordExecutor.groovy:73)
	at com.kms.katalon.core.webui.keyword.WebUiBuiltInKeywords.getAttribute(WebUiBuiltInKeywords.groovy:950)
	at com.kms.katalon.core.webui.keyword.WebUiBuiltInKeywords$getAttribute$13.call(Unknown Source)
	at Tool Tips - tA.testToolTip(Tool Tips - tA:41)
	at Tool Tips - tA.testToggleTip(Tool Tips - tA:95)
	at Tool Tips - tA.run(Tool Tips - tA:31)
	at com.kms.katalon.core.main.ScriptEngine.run(ScriptEngine.java:194)
	at com.kms.katalon.core.main.ScriptEngine.runScriptAsRawText(ScriptEngine.java:119)
	at com.kms.katalon.core.main.TestCaseExecutor.runScript(TestCaseExecutor.java:398)
	at com.kms.katalon.core.main.TestCaseExecutor.doExecute(TestCaseExecutor.java:389)
	at com.kms.katalon.core.main.TestCaseExecutor.processExecutionPhase(TestCaseExecutor.java:368)
	at com.kms.katalon.core.main.TestCaseExecutor.accessMainPhase(TestCaseExecutor.java:360)
	at com.kms.katalon.core.main.TestCaseExecutor.execute(TestCaseExecutor.java:255)
	at com.kms.katalon.core.main.TestSuiteExecutor.accessTestCaseMainPhase(TestSuiteExecutor.java:203)
	at com.kms.katalon.core.main.TestSuiteExecutor.accessTestSuiteMainPhase(TestSuiteExecutor.java:152)
	at com.kms.katalon.core.main.TestSuiteExecutor.execute(TestSuiteExecutor.java:95)
	at com.kms.katalon.core.main.TestCaseMain.startTestSuite(TestCaseMain.java:157)
	at com.kms.katalon.core.main.TestCaseMain$startTestSuite$0.call(Unknown Source)
	at TempTestSuite1625056821424.run(TempTestSuite1625056821424.groovy:39)
Caused by: com.kms.katalon.core.exception.StepFailedException: Unable to get attribute 'title' of object 'Object Repository/Tool tips/button_No Sections'
	... 23 more
Caused by: com.kms.katalon.core.webui.exception.WebElementNotFoundException: Web element with id: 'Object Repository/Tool tips/button_No Sections' located by '//*[@type = 'button' and @title = 'No Sections']' not found
	at com.kms.katalon.core.webui.common.WebUiCommonHelper.findWebElement(WebUiCommonHelper.java:1368)
	at com.kms.katalon.core.webui.keyword.internal.WebUIAbstractKeyword.findWebElement(WebUIAbstractKeyword.groovy:27)
	at com.kms.katalon.core.webui.keyword.internal.WebUIAbstractKeyword.findWebElement(WebUIAbstractKeyword.groovy:26)
	at com.kms.katalon.core.webui.keyword.builtin.GetAttributeKeyword$_getAttribute_closure1.doCall(GetAttributeKeyword.groovy:83)
	at com.kms.katalon.core.webui.keyword.builtin.GetAttributeKeyword$_getAttribute_closure1.call(GetAttributeKeyword.groovy)
	at com.kms.katalon.core.webui.keyword.internal.WebUIKeywordMain.runKeyword(WebUIKeywordMain.groovy:20)
	... 21 more]]></system-err>
      </testcase>
      <system-out><![CDATA[2021-06-30 08:40:23 - [TEST_SUITE][FAILED] - Test Suite1- Regression: Test Cases/tCC Test Cases/Tool Tips - tA FAILED.
Reason:
com.kms.katalon.core.exception.StepFailedException: Unable to get attribute 'title' of object 'Object Repository/Tool tips/button_No Sections' (Root cause: com.kms.katalon.core.exception.StepFailedException: Unable to get attribute 'title' of object 'Object Repository/Tool tips/button_No Sections'
	at com.kms.katalon.core.webui.keyword.internal.WebUIKeywordMain.stepFailed(WebUIKeywordMain.groovy:64)
	at com.kms.katalon.core.webui.keyword.internal.WebUIKeywordMain.runKeyword(WebUIKeywordMain.groovy:26)
	at com.kms.katalon.core.webui.keyword.builtin.GetAttributeKeyword.getAttribute(GetAttributeKeyword.groovy:93)
	at com.kms.katalon.core.webui.keyword.builtin.GetAttributeKeyword.execute(GetAttributeKeyword.groovy:68)
	at com.kms.katalon.core.keyword.internal.KeywordExecutor.executeKeywordForPlatform(KeywordExecutor.groovy:73)
	at com.kms.katalon.core.webui.keyword.WebUiBuiltInKeywords.getAttribute(WebUiBuiltInKeywords.groovy:950)
	at com.kms.katalon.core.webui.keyword.WebUiBuiltInKeywords$getAttribute$13.call(Unknown Source)
	at Tool Tips - tA.testToolTip(Tool Tips - tA:41)
	at Tool Tips - tA.testToggleTip(Tool Tips - tA:95)
	at Tool Tips - tA.run(Tool Tips - tA:31)
	at com.kms.katalon.core.main.ScriptEngine.run(ScriptEngine.java:194)
	at com.kms.katalon.core.main.ScriptEngine.runScriptAsRawText(ScriptEngine.java:119)
	at com.kms.katalon.core.main.TestCaseExecutor.runScript(TestCaseExecutor.java:398)
	at com.kms.katalon.core.main.TestCaseExecutor.doExecute(TestCaseExecutor.java:389)
	at com.kms.katalon.core.main.TestCaseExecutor.processExecutionPhase(TestCaseExecutor.java:368)
	at com.kms.katalon.core.main.TestCaseExecutor.accessMainPhase(TestCaseExecutor.java:360)
	at com.kms.katalon.core.main.TestCaseExecutor.execute(TestCaseExecutor.java:255)
	at com.kms.katalon.core.main.TestSuiteExecutor.accessTestCaseMainPhase(TestSuiteExecutor.java:203)
	at com.kms.katalon.core.main.TestSuiteExecutor.accessTestSuiteMainPhase(TestSuiteExecutor.java:152)
	at com.kms.katalon.core.main.TestSuiteExecutor.execute(TestSuiteExecutor.java:95)
	at com.kms.katalon.core.main.TestCaseMain.startTestSuite(TestCaseMain.java:157)
	at com.kms.katalon.core.main.TestCaseMain$startTestSuite$0.call(Unknown Source)
	at TempTestSuite1625056821424.run(TempTestSuite1625056821424.groovy:39)
Caused by: com.kms.katalon.core.webui.exception.WebElementNotFoundException: Web element with id: 'Object Repository/Tool tips/button_No Sections' located by '//*[@type = 'button' and @title = 'No Sections']' not found
	at com.kms.katalon.core.webui.common.WebUiCommonHelper.findWebElement(WebUiCommonHelper.java:1368)
	at com.kms.katalon.core.webui.keyword.internal.WebUIAbstractKeyword.findWebElement(WebUIAbstractKeyword.groovy:27)
	at com.kms.katalon.core.webui.keyword.internal.WebUIAbstractKeyword.findWebElement(WebUIAbstractKeyword.groovy:26)
	at com.kms.katalon.core.webui.keyword.builtin.GetAttributeKeyword$_getAttribute_closure1.doCall(GetAttributeKeyword.groovy:83)
	at com.kms.katalon.core.webui.keyword.builtin.GetAttributeKeyword$_getAttribute_closure1.call(GetAttributeKeyword.groovy)
	at com.kms.katalon.core.webui.keyword.internal.WebUIKeywordMain.runKeyword(WebUIKeywordMain.groovy:20)
	at com.kms.katalon.core.webui.keyword.builtin.GetAttributeKeyword.getAttribute(GetAttributeKeyword.groovy:93)
	at com.kms.katalon.core.webui.keyword.builtin.GetAttributeKeyword.execute(GetAttributeKeyword.groovy:68)
	at com.kms.katalon.core.keyword.internal.KeywordExecutor.executeKeywordForPlatform(KeywordExecutor.groovy:73)
	at com.kms.katalon.core.webui.keyword.WebUiBuiltInKeywords.getAttribute(WebUiBuiltInKeywords.groovy:950)
	at com.kms.katalon.core.webui.keyword.WebUiBuiltInKeywords$getAttribute$13.call(Unknown Source)
	at Script1613662810777.testToolTip(Script1613662810777.groovy:41)
	at Script1613662810777.testToggleTip(Script1613662810777.groovy:95)
	at Script1613662810777.run(Script1613662810777.groovy:31)
	... 13 more
)
	at com.kms.katalon.core.keyword.internal.KeywordMain.stepFailed(KeywordMain.groovy:39)
	at com.kms.katalon.core.webui.keyword.internal.WebUIKeywordMain.stepFailed(WebUIKeywordMain.groovy:64)
	at com.kms.katalon.core.webui.keyword.internal.WebUIKeywordMain.runKeyword(WebUIKeywordMain.groovy:26)
	at com.kms.katalon.core.webui.keyword.builtin.GetAttributeKeyword.getAttribute(GetAttributeKeyword.groovy:93)
	at com.kms.katalon.core.webui.keyword.builtin.GetAttributeKeyword.execute(GetAttributeKeyword.groovy:68)
	at com.kms.katalon.core.keyword.internal.KeywordExecutor.executeKeywordForPlatform(KeywordExecutor.groovy:73)
	at com.kms.katalon.core.webui.keyword.WebUiBuiltInKeywords.getAttribute(WebUiBuiltInKeywords.groovy:950)
	at com.kms.katalon.core.webui.keyword.WebUiBuiltInKeywords$getAttribute$13.call(Unknown Source)
	at Tool Tips - tA.testToolTip(Tool Tips - tA:41)
	at Tool Tips - tA.testToggleTip(Tool Tips - tA:95)
	at Tool Tips - tA.run(Tool Tips - tA:31)
	at com.kms.katalon.core.main.ScriptEngine.run(ScriptEngine.java:194)
	at com.kms.katalon.core.main.ScriptEngine.runScriptAsRawText(ScriptEngine.java:119)
	at com.kms.katalon.core.main.TestCaseExecutor.runScript(TestCaseExecutor.java:398)
	at com.kms.katalon.core.main.TestCaseExecutor.doExecute(TestCaseExecutor.java:389)
	at com.kms.katalon.core.main.TestCaseExecutor.processExecutionPhase(TestCaseExecutor.java:368)
	at com.kms.katalon.core.main.TestCaseExecutor.accessMainPhase(TestCaseExecutor.java:360)
	at com.kms.katalon.core.main.TestCaseExecutor.execute(TestCaseExecutor.java:255)
	at com.kms.katalon.core.main.TestSuiteExecutor.accessTestCaseMainPhase(TestSuiteExecutor.java:203)
	at com.kms.katalon.core.main.TestSuiteExecutor.accessTestSuiteMainPhase(TestSuiteExecutor.java:152)
	at com.kms.katalon.core.main.TestSuiteExecutor.execute(TestSuiteExecutor.java:95)
	at com.kms.katalon.core.main.TestCaseMain.startTestSuite(TestCaseMain.java:157)
	at com.kms.katalon.core.main.TestCaseMain$startTestSuite$0.call(Unknown Source)
	at TempTestSuite1625056821424.run(TempTestSuite1625056821424.groovy:39)
Caused by: com.kms.katalon.core.exception.StepFailedException: Unable to get attribute 'title' of object 'Object Repository/Tool tips/button_No Sections'
	... 23 more
Caused by: com.kms.katalon.core.webui.exception.WebElementNotFoundException: Web element with id: 'Object Repository/Tool tips/button_No Sections' located by '//*[@type = 'button' and @title = 'No Sections']' not found
	at com.kms.katalon.core.webui.common.WebUiCommonHelper.findWebElement(WebUiCommonHelper.java:1368)
	at com.kms.katalon.core.webui.keyword.internal.WebUIAbstractKeyword.findWebElement(WebUIAbstractKeyword.groovy:27)
	at com.kms.katalon.core.webui.keyword.internal.WebUIAbstractKeyword.findWebElement(WebUIAbstractKeyword.groovy:26)
	at com.kms.katalon.core.webui.keyword.builtin.GetAttributeKeyword$_getAttribute_closure1.doCall(GetAttributeKeyword.groovy:83)
	at com.kms.katalon.core.webui.keyword.builtin.GetAttributeKeyword$_getAttribute_closure1.call(GetAttributeKeyword.groovy)
	at com.kms.katalon.core.webui.keyword.internal.WebUIKeywordMain.runKeyword(WebUIKeywordMain.groovy:20)
	... 21 more]]></system-out>
      <system-err><![CDATA[2021-06-30 08:40:23 - [TEST_SUITE][FAILED] - Test Suite1- Regression: Test Cases/tCC Test Cases/Tool Tips - tA FAILED.
Reason:
com.kms.katalon.core.exception.StepFailedException: Unable to get attribute 'title' of object 'Object Repository/Tool tips/button_No Sections' (Root cause: com.kms.katalon.core.exception.StepFailedException: Unable to get attribute 'title' of object 'Object Repository/Tool tips/button_No Sections'
	at com.kms.katalon.core.webui.keyword.internal.WebUIKeywordMain.stepFailed(WebUIKeywordMain.groovy:64)
	at com.kms.katalon.core.webui.keyword.internal.WebUIKeywordMain.runKeyword(WebUIKeywordMain.groovy:26)
	at com.kms.katalon.core.webui.keyword.builtin.GetAttributeKeyword.getAttribute(GetAttributeKeyword.groovy:93)
	at com.kms.katalon.core.webui.keyword.builtin.GetAttributeKeyword.execute(GetAttributeKeyword.groovy:68)
	at com.kms.katalon.core.keyword.internal.KeywordExecutor.executeKeywordForPlatform(KeywordExecutor.groovy:73)
	at com.kms.katalon.core.webui.keyword.WebUiBuiltInKeywords.getAttribute(WebUiBuiltInKeywords.groovy:950)
	at com.kms.katalon.core.webui.keyword.WebUiBuiltInKeywords$getAttribute$13.call(Unknown Source)
	at Tool Tips - tA.testToolTip(Tool Tips - tA:41)
	at Tool Tips - tA.testToggleTip(Tool Tips - tA:95)
	at Tool Tips - tA.run(Tool Tips - tA:31)
	at com.kms.katalon.core.main.ScriptEngine.run(ScriptEngine.java:194)
	at com.kms.katalon.core.main.ScriptEngine.runScriptAsRawText(ScriptEngine.java:119)
	at com.kms.katalon.core.main.TestCaseExecutor.runScript(TestCaseExecutor.java:398)
	at com.kms.katalon.core.main.TestCaseExecutor.doExecute(TestCaseExecutor.java:389)
	at com.kms.katalon.core.main.TestCaseExecutor.processExecutionPhase(TestCaseExecutor.java:368)
	at com.kms.katalon.core.main.TestCaseExecutor.accessMainPhase(TestCaseExecutor.java:360)
	at com.kms.katalon.core.main.TestCaseExecutor.execute(TestCaseExecutor.java:255)
	at com.kms.katalon.core.main.TestSuiteExecutor.accessTestCaseMainPhase(TestSuiteExecutor.java:203)
	at com.kms.katalon.core.main.TestSuiteExecutor.accessTestSuiteMainPhase(TestSuiteExecutor.java:152)
	at com.kms.katalon.core.main.TestSuiteExecutor.execute(TestSuiteExecutor.java:95)
	at com.kms.katalon.core.main.TestCaseMain.startTestSuite(TestCaseMain.java:157)
	at com.kms.katalon.core.main.TestCaseMain$startTestSuite$0.call(Unknown Source)
	at TempTestSuite1625056821424.run(TempTestSuite1625056821424.groovy:39)
Caused by: com.kms.katalon.core.webui.exception.WebElementNotFoundException: Web element with id: 'Object Repository/Tool tips/button_No Sections' located by '//*[@type = 'button' and @title = 'No Sections']' not found
	at com.kms.katalon.core.webui.common.WebUiCommonHelper.findWebElement(WebUiCommonHelper.java:1368)
	at com.kms.katalon.core.webui.keyword.internal.WebUIAbstractKeyword.findWebElement(WebUIAbstractKeyword.groovy:27)
	at com.kms.katalon.core.webui.keyword.internal.WebUIAbstractKeyword.findWebElement(WebUIAbstractKeyword.groovy:26)
	at com.kms.katalon.core.webui.keyword.builtin.GetAttributeKeyword$_getAttribute_closure1.doCall(GetAttributeKeyword.groovy:83)
	at com.kms.katalon.core.webui.keyword.builtin.GetAttributeKeyword$_getAttribute_closure1.call(GetAttributeKeyword.groovy)
	at com.kms.katalon.core.webui.keyword.internal.WebUIKeywordMain.runKeyword(WebUIKeywordMain.groovy:20)
	at com.kms.katalon.core.webui.keyword.builtin.GetAttributeKeyword.getAttribute(GetAttributeKeyword.groovy:93)
	at com.kms.katalon.core.webui.keyword.builtin.GetAttributeKeyword.execute(GetAttributeKeyword.groovy:68)
	at com.kms.katalon.core.keyword.internal.KeywordExecutor.executeKeywordForPlatform(KeywordExecutor.groovy:73)
	at com.kms.katalon.core.webui.keyword.WebUiBuiltInKeywords.getAttribute(WebUiBuiltInKeywords.groovy:950)
	at com.kms.katalon.core.webui.keyword.WebUiBuiltInKeywords$getAttribute$13.call(Unknown Source)
	at Script1613662810777.testToolTip(Script1613662810777.groovy:41)
	at Script1613662810777.testToggleTip(Script1613662810777.groovy:95)
	at Script1613662810777.run(Script1613662810777.groovy:31)
	... 13 more
)
	at com.kms.katalon.core.keyword.internal.KeywordMain.stepFailed(KeywordMain.groovy:39)
	at com.kms.katalon.core.webui.keyword.internal.WebUIKeywordMain.stepFailed(WebUIKeywordMain.groovy:64)
	at com.kms.katalon.core.webui.keyword.internal.WebUIKeywordMain.runKeyword(WebUIKeywordMain.groovy:26)
	at com.kms.katalon.core.webui.keyword.builtin.GetAttributeKeyword.getAttribute(GetAttributeKeyword.groovy:93)
	at com.kms.katalon.core.webui.keyword.builtin.GetAttributeKeyword.execute(GetAttributeKeyword.groovy:68)
	at com.kms.katalon.core.keyword.internal.KeywordExecutor.executeKeywordForPlatform(KeywordExecutor.groovy:73)
	at com.kms.katalon.core.webui.keyword.WebUiBuiltInKeywords.getAttribute(WebUiBuiltInKeywords.groovy:950)
	at com.kms.katalon.core.webui.keyword.WebUiBuiltInKeywords$getAttribute$13.call(Unknown Source)
	at Tool Tips - tA.testToolTip(Tool Tips - tA:41)
	at Tool Tips - tA.testToggleTip(Tool Tips - tA:95)
	at Tool Tips - tA.run(Tool Tips - tA:31)
	at com.kms.katalon.core.main.ScriptEngine.run(ScriptEngine.java:194)
	at com.kms.katalon.core.main.ScriptEngine.runScriptAsRawText(ScriptEngine.java:119)
	at com.kms.katalon.core.main.TestCaseExecutor.runScript(TestCaseExecutor.java:398)
	at com.kms.katalon.core.main.TestCaseExecutor.doExecute(TestCaseExecutor.java:389)
	at com.kms.katalon.core.main.TestCaseExecutor.processExecutionPhase(TestCaseExecutor.java:368)
	at com.kms.katalon.core.main.TestCaseExecutor.accessMainPhase(TestCaseExecutor.java:360)
	at com.kms.katalon.core.main.TestCaseExecutor.execute(TestCaseExecutor.java:255)
	at com.kms.katalon.core.main.TestSuiteExecutor.accessTestCaseMainPhase(TestSuiteExecutor.java:203)
	at com.kms.katalon.core.main.TestSuiteExecutor.accessTestSuiteMainPhase(TestSuiteExecutor.java:152)
	at com.kms.katalon.core.main.TestSuiteExecutor.execute(TestSuiteExecutor.java:95)
	at com.kms.katalon.core.main.TestCaseMain.startTestSuite(TestCaseMain.java:157)
	at com.kms.katalon.core.main.TestCaseMain$startTestSuite$0.call(Unknown Source)
	at TempTestSuite1625056821424.run(TempTestSuite1625056821424.groovy:39)
Caused by: com.kms.katalon.core.exception.StepFailedException: Unable to get attribute 'title' of object 'Object Repository/Tool tips/button_No Sections'
	... 23 more
Caused by: com.kms.katalon.core.webui.exception.WebElementNotFoundException: Web element with id: 'Object Repository/Tool tips/button_No Sections' located by '//*[@type = 'button' and @title = 'No Sections']' not found
	at com.kms.katalon.core.webui.common.WebUiCommonHelper.findWebElement(WebUiCommonHelper.java:1368)
	at com.kms.katalon.core.webui.keyword.internal.WebUIAbstractKeyword.findWebElement(WebUIAbstractKeyword.groovy:27)
	at com.kms.katalon.core.webui.keyword.internal.WebUIAbstractKeyword.findWebElement(WebUIAbstractKeyword.groovy:26)
	at com.kms.katalon.core.webui.keyword.builtin.GetAttributeKeyword$_getAttribute_closure1.doCall(GetAttributeKeyword.groovy:83)
	at com.kms.katalon.core.webui.keyword.builtin.GetAttributeKeyword$_getAttribute_closure1.call(GetAttributeKeyword.groovy)
	at com.kms.katalon.core.webui.keyword.internal.WebUIKeywordMain.runKeyword(WebUIKeywordMain.groovy:20)
	... 21 more]]></system-err>
   </testsuite>
</testsuites>
