<?xml version="1.0" encoding="UTF-8"?>
<testsuites name="Test Suite1- Regression" time="686.919" tests="15" failures="1" skips="0" errors="0">
   <testsuite name="Test Suite1- Regression" tests="15" failures="1" errors="0" time="686.919" skips="0" timestamp="2021-07-08 00:08:23" hostname="elsylitsonlambert - localhost" id="Test Suites/Test Suite1- Regression">
      <properties>
         <property name="deviceName" value=""/>
         <property name="devicePlatform" value=""/>
         <property name="logFolder" value="/Users/elsylitsonlambert/git/tcCreateQA/Reports/20210708_000820/Test Suite1- Regression/20210708_000821"/>
         <property name="logFiles" value="/Users/elsylitsonlambert/git/tcCreateQA/Reports/20210708_000820/Test Suite1- Regression/20210708_000821/execution0.log"/>
         <property name="attachments" value="/Users/elsylitsonlambert/git/tcCreateQA/Reports/20210708_000820/Test Suite1- Regression/20210708_000821/1625717342814.png, /Users/elsylitsonlambert/git/tcCreateQA/Reports/20210708_000820/Test Suite1- Regression/20210708_000821/1625717708758.png, /Users/elsylitsonlambert/git/tcCreateQA/Reports/20210708_000820/Test Suite1- Regression/20210708_000821/1625717966382.png"/>
         <property name="hostName" value="elsylitsonlambert - localhost"/>
         <property name="os" value="Mac OS X 64bit"/>
         <property name="katalonVersion" value="7.9.1.208"/>
         <property name="browser" value="Chrome 91.0.4472.114"/>
         <property name="hostAddress" value="127.0.0.1"/>
         <property name="sessionId" value="9c24e794739a7c139cdf98cafed8cb0f"/>
         <property name="seleniumVersion" value="3.141.59"/>
         <property name="proxyInformation" value="ProxyInformation { proxyOption=NO_PROXY, proxyServerType=HTTP, username=, password=********, proxyServerAddress=, proxyServerPort=0, executionList=&quot;&quot;, isApplyToDesiredCapabilities=true }"/>
         <property name="platform" value="Mac OS X"/>
      </properties>
      <testcase name="Test Cases/tCC Test Cases/tN_Parallel Scripture viewer" time="56.285" classname="Test Cases/tCC Test Cases/tN_Parallel Scripture viewer" status="PASSED">
         <system-out><![CDATA[2021-07-08 00:08:24 - [TEST_CASE][PASSED] - Test Cases/tCC Test Cases/tN_Parallel Scripture viewer: Test Cases/tCC Test Cases/tN_Parallel Scripture viewer

2021-07-08 00:08:24 - [TEST_STEP][PASSED] - com.tccreate.keywords.WriteToFile.writeTofilename("tN-Parallel Scripture Viewer"): com.tccreate.keywords.WriteToFile.writeTofilename is PASSED

2021-07-08 00:08:24 - [MESSAGE][PASSED] - com.tccreate.keywords.WriteToFile.writeTofilename is PASSED

2021-07-08 00:08:24 - [TEST_STEP][PASSED] - com.helper.login.TimeDate.getTimeDate(): com.helper.login.TimeDate.getTimeDate is PASSED

2021-07-08 00:08:24 - [MESSAGE][INFO] - Time at which the test run:2021-07-08 00:08:24.386

2021-07-08 00:08:24 - [MESSAGE][PASSED] - com.helper.login.TimeDate.getTimeDate is PASSED

2021-07-08 00:08:24 - [TEST_STEP][PASSED] - com.helper.login.loginhelper.logintoapp(): com.helper.login.loginhelper.logintoapp is PASSED

2021-07-08 00:08:24 - [MESSAGE][INFO] - Starting 'Chrome' driver

2021-07-08 00:08:24 - [MESSAGE][INFO] - Action delay is set to 1,000 milliseconds

2021-07-08 00:08:26 - [MESSAGE][WARNING] - FFmpeg was not installed! Browser Recording will be disabled. Please follow this document to install FFmpeg first: https://docs.katalon.com/katalon-studio/docs/screenshots-videos.html#browser-based-recorder

2021-07-08 00:08:29 - [MESSAGE][PASSED] - Browser is opened with url: 'https://create.translationcore.com/'

2021-07-08 00:08:29 - [MESSAGE][PASSED] - Wait for page load successfully

2021-07-08 00:08:29 - [MESSAGE][PASSED] - Current window maximized

2021-07-08 00:08:31 - [MESSAGE][PASSED] - Keys 'elsylambert' sent to object: 'Object Repository/Page_tC Create/input__username'

2021-07-08 00:08:32 - [MESSAGE][PASSED] - Keys 'fatak43' sent to object: 'Object Repository/Page_tC Create/input__password'

2021-07-08 00:08:33 - [MESSAGE][PASSED] - Object: 'Object Repository/Page_tC Create/button_Login' is clicked on

2021-07-08 00:08:34 - [MESSAGE][PASSED] - Delayed 1 second(s)

2021-07-08 00:08:36 - [MESSAGE][PASSED] - Text of object 'Object Repository/Page_tC Create/tcc-version number' is: 'translationCore Create - v1.2.1 build 55-760999c'

2021-07-08 00:08:36 - [MESSAGE][INFO] - : The current version and build number is translationCore Create - v1.2.1 build 55-760999c

2021-07-08 00:08:36 - [MESSAGE][PASSED] - com.helper.login.loginhelper.logintoapp is PASSED

2021-07-08 00:08:36 - [TEST_STEP][PASSED] - com.tccreate.keywords.selectOrg.organization(""): com.tccreate.keywords.selectOrg.organization is PASSED

2021-07-08 00:08:37 - [MESSAGE][PASSED] - Object: 'Object Repository/Page_tC Create/listOption_organisation_Parmed' is clicked on

2021-07-08 00:08:39 - [MESSAGE][WARNING] - No alert found after 2 second(s).

2021-07-08 00:08:39 - [MESSAGE][PASSED] - com.tccreate.keywords.selectOrg.organization is PASSED

2021-07-08 00:08:39 - [TEST_STEP][PASSED] - com.tccreate.keywords.selectOrg.resource("unfoldingWord速 Translation Notes"): com.tccreate.keywords.selectOrg.resource is PASSED

2021-07-08 00:08:41 - [MESSAGE][PASSED] - Object: 'Object Repository/Page_tC Create/resource_Parmed' is clicked on

2021-07-08 00:08:41 - [MESSAGE][PASSED] - com.tccreate.keywords.selectOrg.resource is PASSED

2021-07-08 00:08:41 - [TEST_STEP][PASSED] - com.tccreate.keywords.selectOrg.language(""): com.tccreate.keywords.selectOrg.language is PASSED

2021-07-08 00:08:42 - [MESSAGE][PASSED] - Object: 'Object Repository/Page_tC Create/combo_Select Language' is clicked on

2021-07-08 00:08:44 - [MESSAGE][PASSED] - Object: 'Object Repository/Page_tC Create/listOption_Language_Parmed' is clicked on

2021-07-08 00:08:44 - [MESSAGE][PASSED] - com.tccreate.keywords.selectOrg.language is PASSED

2021-07-08 00:08:44 - [TEST_STEP][PASSED] - click(findTestObject("Object Repository/Page_tC Create/span_en_tn_57-TIT.tsv")): Object: 'Object Repository/Page_tC Create/span_en_tn_57-TIT.tsv' is clicked on

2021-07-08 00:08:46 - [MESSAGE][PASSED] - Object: 'Object Repository/Page_tC Create/span_en_tn_57-TIT.tsv' is clicked on

2021-07-08 00:08:46 - [TEST_STEP][PASSED] - com.tccreate.keywords.ExpandAllScriptureToggle.toggleAllScripture(""test""): com.tccreate.keywords.ExpandAllScriptureToggle.toggleAllScripture is PASSED

2021-07-08 00:08:49 - [MESSAGE][INFO] - Unable to find the element located by 'By.xpath: //*[@type = 'button' and @data-test = 'drawer-menu-close-button']'. Please recheck the objects properties to make sure the desired element is located. 

2021-07-08 00:08:49 - [MESSAGE][WARNING] - Object 'Object Repository/Page_tC Create/button_DrawerClose' is not present after 2 second(s)

2021-07-08 00:08:51 - [MESSAGE][PASSED] - Object: 'Object Repository/Page_tC Create/Hamburger Menu Button' is clicked on

2021-07-08 00:08:52 - [MESSAGE][PASSED] - Delayed 1 second(s)

2021-07-08 00:08:52 - [MESSAGE][PASSED] - Object 'Object Repository/Page_tC Create/input_Expand all Scripture_default' is checked

2021-07-08 00:08:54 - [MESSAGE][PASSED] - Object: 'Object Repository/Page_tC Create/input_Expand all Scripture_default' is clicked on

2021-07-08 00:08:55 - [MESSAGE][PASSED] - Delayed 1 second(s)

2021-07-08 00:08:56 - [MESSAGE][PASSED] - Object: 'Object Repository/Page_tC Create/button_DrawerClose' is clicked on

2021-07-08 00:08:57 - [MESSAGE][PASSED] - Object 'Object Repository/Page_tC Create/Hamburger Menu Button' is visible

2021-07-08 00:08:57 - [MESSAGE][PASSED] - com.tccreate.keywords.ExpandAllScriptureToggle.toggleAllScripture is PASSED

2021-07-08 00:08:57 - [TEST_STEP][PASSED] - com.tccreate.keywords.ExpandAllScriptureToggle.toggleAllScripture(""on""): com.tccreate.keywords.ExpandAllScriptureToggle.toggleAllScripture is PASSED

2021-07-08 00:09:00 - [MESSAGE][INFO] - Unable to find the element located by 'By.xpath: //*[@type = 'button' and @data-test = 'drawer-menu-close-button']'. Please recheck the objects properties to make sure the desired element is located. 

2021-07-08 00:09:00 - [MESSAGE][WARNING] - Object 'Object Repository/Page_tC Create/button_DrawerClose' is not present after 2 second(s)

2021-07-08 00:09:01 - [MESSAGE][PASSED] - Object: 'Object Repository/Page_tC Create/Hamburger Menu Button' is clicked on

2021-07-08 00:09:02 - [MESSAGE][PASSED] - Delayed 1 second(s)

2021-07-08 00:09:03 - [MESSAGE][WARNING] - Object 'Object Repository/Page_tC Create/input_Expand all Scripture_default' is not checked (Root cause: com.kms.katalon.core.exception.StepFailedException: Object 'Object Repository/Page_tC Create/input_Expand all Scripture_default' is not checked
	at com.kms.katalon.core.webui.keyword.internal.WebUIKeywordMain.stepFailed(WebUIKeywordMain.groovy:64)
	at com.kms.katalon.core.webui.keyword.builtin.VerifyElementCheckedKeyword$_verifyElementChecked_closure1.doCall(VerifyElementCheckedKeyword.groovy:81)
	at com.kms.katalon.core.webui.keyword.builtin.VerifyElementCheckedKeyword$_verifyElementChecked_closure1.call(VerifyElementCheckedKeyword.groovy)
	at com.kms.katalon.core.webui.keyword.internal.WebUIKeywordMain.runKeyword(WebUIKeywordMain.groovy:20)
	at com.kms.katalon.core.webui.keyword.builtin.VerifyElementCheckedKeyword.verifyElementChecked(VerifyElementCheckedKeyword.groovy:92)
	at com.kms.katalon.core.webui.keyword.builtin.VerifyElementCheckedKeyword.execute(VerifyElementCheckedKeyword.groovy:68)
	at com.kms.katalon.core.keyword.internal.KeywordExecutor.executeKeywordForPlatform(KeywordExecutor.groovy:73)
	at com.kms.katalon.core.webui.keyword.WebUiBuiltInKeywords.verifyElementChecked(WebUiBuiltInKeywords.groovy:1381)
	at com.kms.katalon.core.webui.keyword.WebUiBuiltInKeywords$verifyElementChecked$8.call(Unknown Source)
	at com.tccreate.keywords.ExpandAllScriptureToggle.toggleAllScripture(ExpandAllScriptureToggle.groovy:43)
	at com.tccreate.keywords.ExpandAllScriptureToggle.invokeMethod(ExpandAllScriptureToggle.groovy)
	at com.kms.katalon.core.main.CustomKeywordDelegatingMetaClass.invokeStaticMethod(CustomKeywordDelegatingMetaClass.java:50)
	at tN_Parallel Scripture viewer.run(tN_Parallel Scripture viewer:39)
	at com.kms.katalon.core.main.ScriptEngine.run(ScriptEngine.java:194)
	at com.kms.katalon.core.main.ScriptEngine.runScriptAsRawText(ScriptEngine.java:119)
	at com.kms.katalon.core.main.TestCaseExecutor.runScript(TestCaseExecutor.java:398)
	at com.kms.katalon.core.main.TestCaseExecutor.doExecute(TestCaseExecutor.java:389)
	at com.kms.katalon.core.main.TestCaseExecutor.processExecutionPhase(TestCaseExecutor.java:368)
	at com.kms.katalon.core.main.TestCaseExecutor.accessMainPhase(TestCaseExecutor.java:360)
	at com.kms.katalon.core.main.TestCaseExecutor.execute(TestCaseExecutor.java:255)
	at com.kms.katalon.core.main.TestSuiteExecutor.accessTestCaseMainPhase(TestSuiteExecutor.java:203)
	at com.kms.katalon.core.main.TestSuiteExecutor.accessTestSuiteMainPhase(TestSuiteExecutor.java:152)
	at com.kms.katalon.core.main.TestSuiteExecutor.execute(TestSuiteExecutor.java:95)
	at com.kms.katalon.core.main.TestCaseMain.startTestSuite(TestCaseMain.java:157)
	at com.kms.katalon.core.main.TestCaseMain$startTestSuite$0.call(Unknown Source)
	at TempTestSuite1625717301758.run(TempTestSuite1625717301758.groovy:39)
)
[[ATTACHMENT|/Users/elsylitsonlambert/git/tcCreateQA/Reports/20210708_000820/Test Suite1- Regression/20210708_000821/1625717342814.png]]

2021-07-08 00:09:05 - [MESSAGE][PASSED] - Object: 'Object Repository/Page_tC Create/input_Expand all Scripture_default' is clicked on

2021-07-08 00:09:06 - [MESSAGE][PASSED] - Delayed 1 second(s)

2021-07-08 00:09:07 - [MESSAGE][PASSED] - Object: 'Object Repository/Page_tC Create/button_DrawerClose' is clicked on

2021-07-08 00:09:08 - [MESSAGE][PASSED] - Object 'Object Repository/Page_tC Create/Hamburger Menu Button' is visible

2021-07-08 00:09:08 - [MESSAGE][PASSED] - com.tccreate.keywords.ExpandAllScriptureToggle.toggleAllScripture is PASSED

2021-07-08 00:09:08 - [TEST_STEP][PASSED] - if (verifyElementPresent(findTestObject("Page_tC Create/span_unfoldingWord Literal Text v14"), 5)): null

2021-07-08 00:09:08 - [MESSAGE][PASSED] - Object 'Object Repository/Page_tC Create/span_unfoldingWord Literal Text v14' is present

2021-07-08 00:09:08 - [TEST_STEP][PASSED] - logInfo("ULT is visible 1"): ULT is visible 1

2021-07-08 00:09:08 - [MESSAGE][INFO] - ULT is visible 1

2021-07-08 00:09:08 - [TEST_STEP][PASSED] - if (verifyElementPresent(findTestObject("Page_tC Create/span_unfoldingWord Simplified Text v14"), 5)): null

2021-07-08 00:09:09 - [MESSAGE][PASSED] - Object 'Object Repository/Page_tC Create/span_unfoldingWord Simplified Text v14' is present

2021-07-08 00:09:09 - [TEST_STEP][PASSED] - logInfo("UST is visible"): UST is visible

2021-07-08 00:09:09 - [MESSAGE][INFO] - UST is visible

2021-07-08 00:09:09 - [TEST_STEP][PASSED] - logInfo("ParallelScripture is present"): ParallelScripture is present

2021-07-08 00:09:09 - [MESSAGE][INFO] - ParallelScripture is present

2021-07-08 00:09:09 - [TEST_STEP][PASSED] - com.tccreate.keywords.ExpandAllScriptureToggle.toggleAllScripture(""off""): com.tccreate.keywords.ExpandAllScriptureToggle.toggleAllScripture is PASSED

2021-07-08 00:09:12 - [MESSAGE][INFO] - Unable to find the element located by 'By.xpath: //*[@type = 'button' and @data-test = 'drawer-menu-close-button']'. Please recheck the objects properties to make sure the desired element is located. 

2021-07-08 00:09:12 - [MESSAGE][WARNING] - Object 'Object Repository/Page_tC Create/button_DrawerClose' is not present after 2 second(s)

2021-07-08 00:09:13 - [MESSAGE][PASSED] - Object: 'Object Repository/Page_tC Create/Hamburger Menu Button' is clicked on

2021-07-08 00:09:14 - [MESSAGE][PASSED] - Delayed 1 second(s)

2021-07-08 00:09:15 - [MESSAGE][PASSED] - Object 'Object Repository/Page_tC Create/input_Expand all Scripture_default' is checked

2021-07-08 00:09:16 - [MESSAGE][PASSED] - Object: 'Object Repository/Page_tC Create/input_Expand all Scripture_default' is clicked on

2021-07-08 00:09:17 - [MESSAGE][PASSED] - Delayed 1 second(s)

2021-07-08 00:09:19 - [MESSAGE][PASSED] - Object: 'Object Repository/Page_tC Create/button_DrawerClose' is clicked on

2021-07-08 00:09:19 - [MESSAGE][PASSED] - Object 'Object Repository/Page_tC Create/Hamburger Menu Button' is visible

2021-07-08 00:09:19 - [MESSAGE][PASSED] - com.tccreate.keywords.ExpandAllScriptureToggle.toggleAllScripture is PASSED

2021-07-08 00:09:19 - [TEST_STEP][PASSED] - logInfo("button is toggled"): button is toggled

2021-07-08 00:09:19 - [MESSAGE][INFO] - button is toggled

2021-07-08 00:09:19 - [TEST_STEP][PASSED] - if (verifyElementNotPresent(findTestObject("Page_tC Create/span_unfoldingWord Literal Text v14"), 3)): null

2021-07-08 00:09:20 - [MESSAGE][PASSED] - Web element with id: 'Object Repository/Page_tC Create/span_unfoldingWord Literal Text v14' located by 'By.xpath: //div[@id='wrapY']/table/thead/tr/th[2]/span' is not present after '3' second(s)

2021-07-08 00:09:20 - [TEST_STEP][PASSED] - logInfo("ULT is not visible as expected"): ULT is not visible as expected

2021-07-08 00:09:20 - [MESSAGE][INFO] - ULT is not visible as expected

2021-07-08 00:09:20 - [TEST_STEP][PASSED] - closeBrowser(): Browser is closed

2021-07-08 00:09:20 - [MESSAGE][PASSED] - Browser is closed]]></system-out>
         <system-err><![CDATA[]]></system-err>
      </testcase>
      <testcase name="Test Cases/tCC Test Cases/tCC_Link to Organization page" time="14.629" classname="Test Cases/tCC Test Cases/tCC_Link to Organization page" status="PASSED">
         <system-out><![CDATA[2021-07-08 00:09:20 - [TEST_CASE][PASSED] - Test Cases/tCC Test Cases/tCC_Link to Organization page: Test Cases/tCC Test Cases/tCC_Link to Organization page

2021-07-08 00:09:20 - [TEST_STEP][PASSED] - com.tccreate.keywords.WriteToFile.writeTofilename("Links to Org page"): com.tccreate.keywords.WriteToFile.writeTofilename is PASSED

2021-07-08 00:09:20 - [MESSAGE][PASSED] - com.tccreate.keywords.WriteToFile.writeTofilename is PASSED

2021-07-08 00:09:20 - [TEST_STEP][PASSED] - com.helper.login.TimeDate.getTimeDate(): com.helper.login.TimeDate.getTimeDate is PASSED

2021-07-08 00:09:20 - [MESSAGE][INFO] - Time at which the test run:2021-07-08 00:09:20.449

2021-07-08 00:09:20 - [MESSAGE][PASSED] - com.helper.login.TimeDate.getTimeDate is PASSED

2021-07-08 00:09:20 - [TEST_STEP][PASSED] - com.helper.login.loginhelper.logintoapp(): com.helper.login.loginhelper.logintoapp is PASSED

2021-07-08 00:09:20 - [MESSAGE][INFO] - Starting 'Chrome' driver

2021-07-08 00:09:20 - [MESSAGE][INFO] - Action delay is set to 1,000 milliseconds

2021-07-08 00:09:21 - [MESSAGE][WARNING] - FFmpeg was not installed! Browser Recording will be disabled. Please follow this document to install FFmpeg first: https://docs.katalon.com/katalon-studio/docs/screenshots-videos.html#browser-based-recorder

2021-07-08 00:09:23 - [MESSAGE][PASSED] - Browser is opened with url: 'https://create.translationcore.com/'

2021-07-08 00:09:23 - [MESSAGE][PASSED] - Wait for page load successfully

2021-07-08 00:09:24 - [MESSAGE][PASSED] - Current window maximized

2021-07-08 00:09:25 - [MESSAGE][PASSED] - Keys 'elsylambert' sent to object: 'Object Repository/Page_tC Create/input__username'

2021-07-08 00:09:27 - [MESSAGE][PASSED] - Keys 'fatak43' sent to object: 'Object Repository/Page_tC Create/input__password'

2021-07-08 00:09:28 - [MESSAGE][PASSED] - Object: 'Object Repository/Page_tC Create/button_Login' is clicked on

2021-07-08 00:09:29 - [MESSAGE][PASSED] - Delayed 1 second(s)

2021-07-08 00:09:30 - [MESSAGE][PASSED] - Text of object 'Object Repository/Page_tC Create/tcc-version number' is: 'translationCore Create - v1.2.1 build 55-760999c'

2021-07-08 00:09:30 - [MESSAGE][INFO] - : The current version and build number is translationCore Create - v1.2.1 build 55-760999c

2021-07-08 00:09:30 - [MESSAGE][PASSED] - com.helper.login.loginhelper.logintoapp is PASSED

2021-07-08 00:09:30 - [TEST_STEP][PASSED] - verifyElementPresent(findTestObject("Object Repository/Organization Link/span_unfoldingWord"), 1): Object 'Object Repository/Organization Link/span_unfoldingWord' is present

2021-07-08 00:09:31 - [MESSAGE][PASSED] - Object 'Object Repository/Organization Link/span_unfoldingWord' is present

2021-07-08 00:09:31 - [TEST_STEP][PASSED] - expectedTooltip = "Go to Organization": null

2021-07-08 00:09:31 - [TEST_STEP][PASSED] - actualTooltip = getAttribute(findTestObject("Object Repository/Organization Link/button_unfoldingWord_MuiButtonBase-root MuiIconButton-root"), "title"): Attribute 'title' of object 'Object Repository/Organization Link/button_unfoldingWord_MuiButtonBase-root MuiIconButton-root' is: 'Go to Organization'

2021-07-08 00:09:31 - [MESSAGE][PASSED] - Attribute 'title' of object 'Object Repository/Organization Link/button_unfoldingWord_MuiButtonBase-root MuiIconButton-root' is: 'Go to Organization'

2021-07-08 00:09:31 - [TEST_STEP][PASSED] - out.println("Actual Title of Tool Tip" + actualTooltip): null

2021-07-08 00:09:31 - [TEST_STEP][PASSED] - if (actualTooltip.equals(expectedTooltip)): null

2021-07-08 00:09:31 - [TEST_STEP][PASSED] - out.println("Test Case Passed"): null

2021-07-08 00:09:31 - [TEST_STEP][PASSED] - click(findTestObject("Object Repository/Organization Link/button_unfoldingWord_MuiButtonBase-root MuiIconButton-root")): Object: 'Object Repository/Organization Link/button_unfoldingWord_MuiButtonBase-root MuiIconButton-root' is clicked on

2021-07-08 00:09:33 - [MESSAGE][PASSED] - Object: 'Object Repository/Organization Link/button_unfoldingWord_MuiButtonBase-root MuiIconButton-root' is clicked on

2021-07-08 00:09:33 - [TEST_STEP][PASSED] - switchToWindowIndex(1): Switched to window with index: '1'

2021-07-08 00:09:33 - [MESSAGE][PASSED] - Switched to window with index: '1'

2021-07-08 00:09:33 - [TEST_STEP][PASSED] - if (verifyElementVisible(findTestObject("Object Repository/Organization Link/div_unfoldingWord"), CONTINUE_ON_FAILURE)): null

2021-07-08 00:09:34 - [MESSAGE][PASSED] - Object 'Object Repository/Organization Link/div_unfoldingWord' is visible

2021-07-08 00:09:34 - [TEST_STEP][PASSED] - out.println("Organization page is opening"): null

2021-07-08 00:09:34 - [TEST_STEP][PASSED] - switchToWindowIndex(0): Switched to window with index: '0'

2021-07-08 00:09:34 - [MESSAGE][PASSED] - Switched to window with index: '0'

2021-07-08 00:09:34 - [TEST_STEP][PASSED] - closeBrowser(): Browser is closed

2021-07-08 00:09:34 - [MESSAGE][PASSED] - Browser is closed]]></system-out>
         <system-err><![CDATA[]]></system-err>
      </testcase>
      <testcase name="Test Cases/tCC Test Cases/tN_undo text in tN Editor" time="28.544" classname="Test Cases/tCC Test Cases/tN_undo text in tN Editor" status="PASSED">
         <system-out><![CDATA[2021-07-08 00:09:34 - [TEST_CASE][PASSED] - Test Cases/tCC Test Cases/tN_undo text in tN Editor: Test Cases/tCC Test Cases/tN_undo text in tN Editor

2021-07-08 00:09:35 - [TEST_STEP][PASSED] - com.tccreate.keywords.WriteToFile.writeTofilename("tN-undo editing"): com.tccreate.keywords.WriteToFile.writeTofilename is PASSED

2021-07-08 00:09:35 - [MESSAGE][PASSED] - com.tccreate.keywords.WriteToFile.writeTofilename is PASSED

2021-07-08 00:09:35 - [TEST_STEP][PASSED] - com.helper.login.TimeDate.getTimeDate(): com.helper.login.TimeDate.getTimeDate is PASSED

2021-07-08 00:09:35 - [MESSAGE][INFO] - Time at which the test run:2021-07-08 00:09:35.152

2021-07-08 00:09:35 - [MESSAGE][PASSED] - com.helper.login.TimeDate.getTimeDate is PASSED

2021-07-08 00:09:35 - [TEST_STEP][PASSED] - com.helper.login.loginhelper.logintoapp(): com.helper.login.loginhelper.logintoapp is PASSED

2021-07-08 00:09:35 - [MESSAGE][INFO] - Starting 'Chrome' driver

2021-07-08 00:09:35 - [MESSAGE][INFO] - Action delay is set to 1,000 milliseconds

2021-07-08 00:09:36 - [MESSAGE][WARNING] - FFmpeg was not installed! Browser Recording will be disabled. Please follow this document to install FFmpeg first: https://docs.katalon.com/katalon-studio/docs/screenshots-videos.html#browser-based-recorder

2021-07-08 00:09:38 - [MESSAGE][PASSED] - Browser is opened with url: 'https://create.translationcore.com/'

2021-07-08 00:09:38 - [MESSAGE][PASSED] - Wait for page load successfully

2021-07-08 00:09:38 - [MESSAGE][PASSED] - Current window maximized

2021-07-08 00:09:40 - [MESSAGE][PASSED] - Keys 'elsylambert' sent to object: 'Object Repository/Page_tC Create/input__username'

2021-07-08 00:09:42 - [MESSAGE][PASSED] - Keys 'fatak43' sent to object: 'Object Repository/Page_tC Create/input__password'

2021-07-08 00:09:43 - [MESSAGE][PASSED] - Object: 'Object Repository/Page_tC Create/button_Login' is clicked on

2021-07-08 00:09:44 - [MESSAGE][PASSED] - Delayed 1 second(s)

2021-07-08 00:09:45 - [MESSAGE][PASSED] - Text of object 'Object Repository/Page_tC Create/tcc-version number' is: 'translationCore Create - v1.2.1 build 55-760999c'

2021-07-08 00:09:45 - [MESSAGE][INFO] - : The current version and build number is translationCore Create - v1.2.1 build 55-760999c

2021-07-08 00:09:45 - [MESSAGE][PASSED] - com.helper.login.loginhelper.logintoapp is PASSED

2021-07-08 00:09:45 - [TEST_STEP][PASSED] - com.tccreate.keywords.selectOrg.organization(""): com.tccreate.keywords.selectOrg.organization is PASSED

2021-07-08 00:09:47 - [MESSAGE][PASSED] - Object: 'Object Repository/Page_tC Create/listOption_organisation_Parmed' is clicked on

2021-07-08 00:09:49 - [MESSAGE][WARNING] - No alert found after 2 second(s).

2021-07-08 00:09:49 - [MESSAGE][PASSED] - com.tccreate.keywords.selectOrg.organization is PASSED

2021-07-08 00:09:49 - [TEST_STEP][PASSED] - com.tccreate.keywords.selectOrg.resource("unfoldingWord速 Translation Notes"): com.tccreate.keywords.selectOrg.resource is PASSED

2021-07-08 00:09:50 - [MESSAGE][PASSED] - Object: 'Object Repository/Page_tC Create/resource_Parmed' is clicked on

2021-07-08 00:09:50 - [MESSAGE][PASSED] - com.tccreate.keywords.selectOrg.resource is PASSED

2021-07-08 00:09:50 - [TEST_STEP][PASSED] - com.tccreate.keywords.selectOrg.language(""): com.tccreate.keywords.selectOrg.language is PASSED

2021-07-08 00:09:52 - [MESSAGE][PASSED] - Object: 'Object Repository/Page_tC Create/combo_Select Language' is clicked on

2021-07-08 00:09:53 - [MESSAGE][PASSED] - Object: 'Object Repository/Page_tC Create/listOption_Language_Parmed' is clicked on

2021-07-08 00:09:53 - [MESSAGE][PASSED] - com.tccreate.keywords.selectOrg.language is PASSED

2021-07-08 00:09:53 - [TEST_STEP][PASSED] - click(findTestObject("Object Repository/Page_tC Create/span_en_tn_57-TIT.tsv")): Object: 'Object Repository/Page_tC Create/span_en_tn_57-TIT.tsv' is clicked on

2021-07-08 00:09:55 - [MESSAGE][PASSED] - Object: 'Object Repository/Page_tC Create/span_en_tn_57-TIT.tsv' is clicked on

2021-07-08 00:09:55 - [TEST_STEP][PASSED] - click(findTestObject("Object Repository/Page_tC Create/div_Introduction to TitusPart 1")): Object: 'Object Repository/Page_tC Create/div_Introduction to TitusPart 1' is clicked on

2021-07-08 00:10:00 - [MESSAGE][PASSED] - Object: 'Object Repository/Page_tC Create/div_Introduction to TitusPart 1' is clicked on

2021-07-08 00:10:00 - [TEST_STEP][PASSED] - sendKeys(findTestObject("Object Repository/Page_tC Create/div_Introduction to TitusPart 1"), "edit again "): Keys 'edit again ' sent to object: 'Object Repository/Page_tC Create/div_Introduction to TitusPart 1'

2021-07-08 00:10:01 - [MESSAGE][PASSED] - Keys 'edit again ' sent to object: 'Object Repository/Page_tC Create/div_Introduction to TitusPart 1'

2021-07-08 00:10:01 - [TEST_STEP][PASSED] - driver = getWebDriver(): null

2021-07-08 00:10:01 - [TEST_STEP][PASSED] - action = new org.openqa.selenium.interactions.Actions(driver): null

2021-07-08 00:10:01 - [TEST_STEP][PASSED] - keyUp(COMMAND).perform(): null

2021-07-08 00:10:01 - [TEST_STEP][PASSED] - sendKeys(findTestObject("Object Repository/Page_tC Create/div_Introduction to TitusPart 1"), Keys.chord(COMMAND, "z")): Keys 'COMMAND + z' sent to object: 'Object Repository/Page_tC Create/div_Introduction to TitusPart 1'

2021-07-08 00:10:03 - [MESSAGE][PASSED] - Keys 'COMMAND + z' sent to object: 'Object Repository/Page_tC Create/div_Introduction to TitusPart 1'

2021-07-08 00:10:03 - [TEST_STEP][PASSED] - logInfo("Text is cleared successfully by undo action"): Text is cleared successfully by undo action

2021-07-08 00:10:03 - [MESSAGE][INFO] - Text is cleared successfully by undo action

2021-07-08 00:10:03 - [TEST_STEP][PASSED] - closeBrowser(): Browser is closed

2021-07-08 00:10:03 - [MESSAGE][PASSED] - Browser is closed]]></system-out>
         <system-err><![CDATA[]]></system-err>
      </testcase>
      <testcase name="Test Cases/tCC Test Cases/tN_Add or Delete a Row" time="37.271" classname="Test Cases/tCC Test Cases/tN_Add or Delete a Row" status="PASSED">
         <system-out><![CDATA[2021-07-08 00:10:03 - [TEST_CASE][PASSED] - Test Cases/tCC Test Cases/tN_Add or Delete a Row: Test Cases/tCC Test Cases/tN_Add or Delete a Row

2021-07-08 00:10:03 - [TEST_STEP][PASSED] - com.tccreate.keywords.WriteToFile.writeTofilename("tA-Add or delete row"): com.tccreate.keywords.WriteToFile.writeTofilename is PASSED

2021-07-08 00:10:03 - [MESSAGE][PASSED] - com.tccreate.keywords.WriteToFile.writeTofilename is PASSED

2021-07-08 00:10:03 - [TEST_STEP][PASSED] - com.helper.login.TimeDate.getTimeDate(): com.helper.login.TimeDate.getTimeDate is PASSED

2021-07-08 00:10:03 - [MESSAGE][INFO] - Time at which the test run:2021-07-08 00:10:03.623

2021-07-08 00:10:03 - [MESSAGE][PASSED] - com.helper.login.TimeDate.getTimeDate is PASSED

2021-07-08 00:10:03 - [TEST_STEP][PASSED] - com.helper.login.loginhelper.logintoapp(): com.helper.login.loginhelper.logintoapp is PASSED

2021-07-08 00:10:03 - [MESSAGE][INFO] - Starting 'Chrome' driver

2021-07-08 00:10:03 - [MESSAGE][INFO] - Action delay is set to 1,000 milliseconds

2021-07-08 00:10:04 - [MESSAGE][WARNING] - FFmpeg was not installed! Browser Recording will be disabled. Please follow this document to install FFmpeg first: https://docs.katalon.com/katalon-studio/docs/screenshots-videos.html#browser-based-recorder

2021-07-08 00:10:06 - [MESSAGE][PASSED] - Browser is opened with url: 'https://create.translationcore.com/'

2021-07-08 00:10:07 - [MESSAGE][PASSED] - Wait for page load successfully

2021-07-08 00:10:07 - [MESSAGE][PASSED] - Current window maximized

2021-07-08 00:10:09 - [MESSAGE][PASSED] - Keys 'elsylambert' sent to object: 'Object Repository/Page_tC Create/input__username'

2021-07-08 00:10:10 - [MESSAGE][PASSED] - Keys 'fatak43' sent to object: 'Object Repository/Page_tC Create/input__password'

2021-07-08 00:10:11 - [MESSAGE][PASSED] - Object: 'Object Repository/Page_tC Create/button_Login' is clicked on

2021-07-08 00:10:12 - [MESSAGE][PASSED] - Delayed 1 second(s)

2021-07-08 00:10:14 - [MESSAGE][PASSED] - Text of object 'Object Repository/Page_tC Create/tcc-version number' is: 'translationCore Create - v1.2.1 build 55-760999c'

2021-07-08 00:10:14 - [MESSAGE][INFO] - : The current version and build number is translationCore Create - v1.2.1 build 55-760999c

2021-07-08 00:10:14 - [MESSAGE][PASSED] - com.helper.login.loginhelper.logintoapp is PASSED

2021-07-08 00:10:14 - [TEST_STEP][PASSED] - com.tccreate.keywords.selectOrg.organization(""): com.tccreate.keywords.selectOrg.organization is PASSED

2021-07-08 00:10:15 - [MESSAGE][PASSED] - Object: 'Object Repository/Page_tC Create/listOption_organisation_Parmed' is clicked on

2021-07-08 00:10:17 - [MESSAGE][WARNING] - No alert found after 2 second(s).

2021-07-08 00:10:17 - [MESSAGE][PASSED] - com.tccreate.keywords.selectOrg.organization is PASSED

2021-07-08 00:10:17 - [TEST_STEP][PASSED] - com.tccreate.keywords.selectOrg.resource("unfoldingWord速 Translation Notes"): com.tccreate.keywords.selectOrg.resource is PASSED

2021-07-08 00:10:19 - [MESSAGE][PASSED] - Object: 'Object Repository/Page_tC Create/resource_Parmed' is clicked on

2021-07-08 00:10:19 - [MESSAGE][PASSED] - com.tccreate.keywords.selectOrg.resource is PASSED

2021-07-08 00:10:19 - [TEST_STEP][PASSED] - com.tccreate.keywords.selectOrg.language(""): com.tccreate.keywords.selectOrg.language is PASSED

2021-07-08 00:10:20 - [MESSAGE][PASSED] - Object: 'Object Repository/Page_tC Create/combo_Select Language' is clicked on

2021-07-08 00:10:22 - [MESSAGE][PASSED] - Object: 'Object Repository/Page_tC Create/listOption_Language_Parmed' is clicked on

2021-07-08 00:10:22 - [MESSAGE][PASSED] - com.tccreate.keywords.selectOrg.language is PASSED

2021-07-08 00:10:22 - [TEST_STEP][PASSED] - click(findTestObject("Page_tC Create/Add new resource objects/span_en_tn_57-TIT.tsv")): Object: 'Object Repository/Page_tC Create/Add new resource objects/span_en_tn_57-TIT.tsv' is clicked on

2021-07-08 00:10:24 - [MESSAGE][PASSED] - Object: 'Object Repository/Page_tC Create/Add new resource objects/span_en_tn_57-TIT.tsv' is clicked on

2021-07-08 00:10:24 - [TEST_STEP][PASSED] - click(findTestObject("Object Repository/tN objects/button_view columns")): Object: 'Object Repository/tN objects/button_view columns' is clicked on

2021-07-08 00:10:28 - [MESSAGE][PASSED] - Object: 'Object Repository/tN objects/button_view columns' is clicked on

2021-07-08 00:10:28 - [TEST_STEP][PASSED] - click(findTestObject("Object Repository/tN objects/input_ID")): Object: 'Object Repository/tN objects/input_ID' is clicked on

2021-07-08 00:10:30 - [MESSAGE][PASSED] - Object: 'Object Repository/tN objects/input_ID' is clicked on

2021-07-08 00:10:30 - [TEST_STEP][PASSED] - click(findTestObject("tN objects/button__Close-Columns")): Object: 'Object Repository/tN objects/button__Close-Columns' is clicked on

2021-07-08 00:10:31 - [MESSAGE][PASSED] - Object: 'Object Repository/tN objects/button__Close-Columns' is clicked on

2021-07-08 00:10:31 - [TEST_STEP][PASSED] - scrollToElement(findTestObject("Object Repository/tN objects/div_Titus 11"), 2): Scroll to object 'Object Repository/tN objects/div_Titus 11' successfully

2021-07-08 00:10:32 - [MESSAGE][PASSED] - Scroll to object 'Object Repository/tN objects/div_Titus 11' successfully

2021-07-08 00:10:32 - [TEST_STEP][PASSED] - click(findTestObject("Object Repository/tN objects/button_Titus 11_add a new row")): Object: 'Object Repository/tN objects/button_Titus 11_add a new row' is clicked on

2021-07-08 00:10:34 - [MESSAGE][PASSED] - Object: 'Object Repository/tN objects/button_Titus 11_add a new row' is clicked on

2021-07-08 00:10:34 - [TEST_STEP][PASSED] - click(findTestObject("Object Repository/tN objects/button_Add")): Object: 'Object Repository/tN objects/button_Add' is clicked on

2021-07-08 00:10:36 - [MESSAGE][PASSED] - Object: 'Object Repository/tN objects/button_Add' is clicked on

2021-07-08 00:10:36 - [TEST_STEP][PASSED] - if (verifyElementVisible(findTestObject("Object Repository/tN objects/p_empty"))): null

2021-07-08 00:10:36 - [MESSAGE][PASSED] - Object 'Object Repository/tN objects/p_empty' is visible

2021-07-08 00:10:36 - [TEST_STEP][PASSED] - logInfo(" New row is added successfully"):  New row is added successfully

2021-07-08 00:10:36 - [MESSAGE][INFO] -  New row is added successfully

2021-07-08 00:10:36 - [TEST_STEP][PASSED] - click(findTestObject("Object Repository/tN objects/button_Titus 11_Delete new row")): Object: 'Object Repository/tN objects/button_Titus 11_Delete new row' is clicked on

2021-07-08 00:10:38 - [MESSAGE][PASSED] - Object: 'Object Repository/tN objects/button_Titus 11_Delete new row' is clicked on

2021-07-08 00:10:38 - [TEST_STEP][PASSED] - click(findTestObject("Object Repository/tN objects/span_Delete")): Object: 'Object Repository/tN objects/span_Delete' is clicked on

2021-07-08 00:10:40 - [MESSAGE][PASSED] - Object: 'Object Repository/tN objects/span_Delete' is clicked on

2021-07-08 00:10:40 - [TEST_STEP][PASSED] - if (verifyElementVisible(findTestObject("Object Repository/tN objects/p_empty"))): null

2021-07-08 00:10:40 - [MESSAGE][PASSED] - Object 'Object Repository/tN objects/p_empty' is visible

2021-07-08 00:10:40 - [TEST_STEP][PASSED] - logInfo(" New row is deleted successfully"):  New row is deleted successfully

2021-07-08 00:10:40 - [MESSAGE][INFO] -  New row is deleted successfully

2021-07-08 00:10:40 - [TEST_STEP][PASSED] - closeBrowser(): Browser is closed

2021-07-08 00:10:40 - [MESSAGE][PASSED] - Browser is closed]]></system-out>
         <system-err><![CDATA[]]></system-err>
      </testcase>
      <testcase name="Test Cases/tCC Test Cases/tN_Expand chapter" time="72.93" classname="Test Cases/tCC Test Cases/tN_Expand chapter" status="PASSED">
         <system-out><![CDATA[2021-07-08 00:10:40 - [TEST_CASE][PASSED] - Test Cases/tCC Test Cases/tN_Expand chapter: Test Cases/tCC Test Cases/tN_Expand chapter

2021-07-08 00:10:40 - [TEST_STEP][PASSED] - com.tccreate.keywords.WriteToFile.writeTofilename("tN-Expand chapter"): com.tccreate.keywords.WriteToFile.writeTofilename is PASSED

2021-07-08 00:10:40 - [MESSAGE][PASSED] - com.tccreate.keywords.WriteToFile.writeTofilename is PASSED

2021-07-08 00:10:40 - [TEST_STEP][PASSED] - com.helper.login.TimeDate.getTimeDate(): com.helper.login.TimeDate.getTimeDate is PASSED

2021-07-08 00:10:40 - [MESSAGE][INFO] - Time at which the test run:2021-07-08 00:10:40.965

2021-07-08 00:10:40 - [MESSAGE][PASSED] - com.helper.login.TimeDate.getTimeDate is PASSED

2021-07-08 00:10:40 - [TEST_STEP][PASSED] - com.helper.login.loginhelper.logintoapp(): com.helper.login.loginhelper.logintoapp is PASSED

2021-07-08 00:10:40 - [MESSAGE][INFO] - Starting 'Chrome' driver

2021-07-08 00:10:40 - [MESSAGE][INFO] - Action delay is set to 1,000 milliseconds

2021-07-08 00:10:42 - [MESSAGE][WARNING] - FFmpeg was not installed! Browser Recording will be disabled. Please follow this document to install FFmpeg first: https://docs.katalon.com/katalon-studio/docs/screenshots-videos.html#browser-based-recorder

2021-07-08 00:10:44 - [MESSAGE][PASSED] - Browser is opened with url: 'https://create.translationcore.com/'

2021-07-08 00:10:44 - [MESSAGE][PASSED] - Wait for page load successfully

2021-07-08 00:10:44 - [MESSAGE][PASSED] - Current window maximized

2021-07-08 00:10:46 - [MESSAGE][PASSED] - Keys 'elsylambert' sent to object: 'Object Repository/Page_tC Create/input__username'

2021-07-08 00:10:47 - [MESSAGE][PASSED] - Keys 'fatak43' sent to object: 'Object Repository/Page_tC Create/input__password'

2021-07-08 00:10:48 - [MESSAGE][PASSED] - Object: 'Object Repository/Page_tC Create/button_Login' is clicked on

2021-07-08 00:10:49 - [MESSAGE][PASSED] - Delayed 1 second(s)

2021-07-08 00:10:50 - [MESSAGE][PASSED] - Text of object 'Object Repository/Page_tC Create/tcc-version number' is: 'translationCore Create - v1.2.1 build 55-760999c'

2021-07-08 00:10:50 - [MESSAGE][INFO] - : The current version and build number is translationCore Create - v1.2.1 build 55-760999c

2021-07-08 00:10:50 - [MESSAGE][PASSED] - com.helper.login.loginhelper.logintoapp is PASSED

2021-07-08 00:10:50 - [TEST_STEP][PASSED] - com.tccreate.keywords.selectOrg.organization(""): com.tccreate.keywords.selectOrg.organization is PASSED

2021-07-08 00:10:52 - [MESSAGE][PASSED] - Object: 'Object Repository/Page_tC Create/listOption_organisation_Parmed' is clicked on

2021-07-08 00:10:54 - [MESSAGE][WARNING] - No alert found after 2 second(s).

2021-07-08 00:10:54 - [MESSAGE][PASSED] - com.tccreate.keywords.selectOrg.organization is PASSED

2021-07-08 00:10:54 - [TEST_STEP][PASSED] - com.tccreate.keywords.selectOrg.resource("unfoldingWord速 Translation Notes"): com.tccreate.keywords.selectOrg.resource is PASSED

2021-07-08 00:10:56 - [MESSAGE][PASSED] - Object: 'Object Repository/Page_tC Create/resource_Parmed' is clicked on

2021-07-08 00:10:56 - [MESSAGE][PASSED] - com.tccreate.keywords.selectOrg.resource is PASSED

2021-07-08 00:10:56 - [TEST_STEP][PASSED] - com.tccreate.keywords.selectOrg.language(""): com.tccreate.keywords.selectOrg.language is PASSED

2021-07-08 00:10:57 - [MESSAGE][PASSED] - Object: 'Object Repository/Page_tC Create/combo_Select Language' is clicked on

2021-07-08 00:10:59 - [MESSAGE][PASSED] - Object: 'Object Repository/Page_tC Create/listOption_Language_Parmed' is clicked on

2021-07-08 00:10:59 - [MESSAGE][PASSED] - com.tccreate.keywords.selectOrg.language is PASSED

2021-07-08 00:10:59 - [TEST_STEP][PASSED] - click(findTestObject("Page_tC Create/Add new resource objects/span_en_tn_57-TIT.tsv")): Object: 'Object Repository/Page_tC Create/Add new resource objects/span_en_tn_57-TIT.tsv' is clicked on

2021-07-08 00:11:01 - [MESSAGE][PASSED] - Object: 'Object Repository/Page_tC Create/Add new resource objects/span_en_tn_57-TIT.tsv' is clicked on

2021-07-08 00:11:01 - [TEST_STEP][PASSED] - buttonstate = com.tccreate.keywords.ExpandAllScriptureToggle.toggleAllScripture("test"): com.tccreate.keywords.ExpandAllScriptureToggle.toggleAllScripture is PASSED

2021-07-08 00:11:04 - [MESSAGE][INFO] - Unable to find the element located by 'By.xpath: //*[@type = 'button' and @data-test = 'drawer-menu-close-button']'. Please recheck the objects properties to make sure the desired element is located. 

2021-07-08 00:11:04 - [MESSAGE][WARNING] - Object 'Object Repository/Page_tC Create/button_DrawerClose' is not present after 2 second(s)

2021-07-08 00:11:05 - [MESSAGE][PASSED] - Object: 'Object Repository/Page_tC Create/Hamburger Menu Button' is clicked on

2021-07-08 00:11:06 - [MESSAGE][PASSED] - Delayed 1 second(s)

2021-07-08 00:11:07 - [MESSAGE][PASSED] - Object 'Object Repository/Page_tC Create/input_Expand all Scripture_default' is checked

2021-07-08 00:11:08 - [MESSAGE][PASSED] - Object: 'Object Repository/Page_tC Create/button_DrawerClose' is clicked on

2021-07-08 00:11:09 - [MESSAGE][PASSED] - Object 'Object Repository/Page_tC Create/Hamburger Menu Button' is visible

2021-07-08 00:11:09 - [MESSAGE][PASSED] - com.tccreate.keywords.ExpandAllScriptureToggle.toggleAllScripture is PASSED

2021-07-08 00:11:09 - [TEST_STEP][PASSED] - out.println(" the state of the button is" + buttonstate): null

2021-07-08 00:11:09 - [TEST_STEP][PASSED] - delay(1): Delayed 1 second(s)

2021-07-08 00:11:10 - [MESSAGE][PASSED] - Delayed 1 second(s)

2021-07-08 00:11:10 - [TEST_STEP][PASSED] - if (buttonstate == "off"): null

2021-07-08 00:11:10 - [TEST_STEP][PASSED] - else: Parallel scripture viewer is ON

2021-07-08 00:11:10 - [TEST_STEP][PASSED] - logInfo("Parallel scripture viewer is ON"): Parallel scripture viewer is ON

2021-07-08 00:11:10 - [MESSAGE][INFO] - Parallel scripture viewer is ON

2021-07-08 00:11:10 - [TEST_STEP][PASSED] - scrollToElement(findTestObject("Page_tC Create/Add new resource objects/h6_TIT 1intro"), 2, CONTINUE_ON_FAILURE): Scroll to object 'Object Repository/Page_tC Create/Add new resource objects/h6_TIT 1intro' successfully

2021-07-08 00:11:10 - [MESSAGE][PASSED] - Scroll to object 'Object Repository/Page_tC Create/Add new resource objects/h6_TIT 1intro' successfully

2021-07-08 00:11:10 - [TEST_STEP][PASSED] - click(findTestObject("Object Repository/tN objects/button_Titus 11_Expand chapter button")): Object: 'Object Repository/tN objects/button_Titus 11_Expand chapter button' is clicked on

2021-07-08 00:11:11 - [MESSAGE][PASSED] - Object: 'Object Repository/tN objects/button_Titus 11_Expand chapter button' is clicked on

2021-07-08 00:11:11 - [TEST_STEP][PASSED] - mouseOver(findTestObject("Object Repository/tN objects/td_12")): Object: 'Object Repository/tN objects/td_12' is hovered

2021-07-08 00:11:13 - [MESSAGE][PASSED] - Object: 'Object Repository/tN objects/td_12' is hovered

2021-07-08 00:11:13 - [TEST_STEP][PASSED] - click(findTestObject("Object Repository/tN objects/td_12")): Object: 'Object Repository/tN objects/td_12' is clicked on

2021-07-08 00:11:14 - [MESSAGE][PASSED] - Object: 'Object Repository/tN objects/td_12' is clicked on

2021-07-08 00:11:14 - [TEST_STEP][PASSED] - for (int i : (1..19)): Keys 'PAGE_DOWN + ' sent to object: 'tempBody'

2021-07-08 00:11:14 - [TEST_STEP][PASSED] - sendKeys(findTestObject(null), Keys.chord(PAGE_DOWN)): Keys 'PAGE_DOWN + ' sent to object: 'tempBody'

2021-07-08 00:11:14 - [MESSAGE][WARNING] - Test object id is null

2021-07-08 00:11:14 - [MESSAGE][WARNING] - Test object with id 'Object Repository/' does not exist

2021-07-08 00:11:15 - [MESSAGE][PASSED] - Keys 'PAGE_DOWN + ' sent to object: 'tempBody'

2021-07-08 00:11:15 - [TEST_STEP][PASSED] - sendKeys(findTestObject(null), Keys.chord(PAGE_DOWN)): Keys 'PAGE_DOWN + ' sent to object: 'tempBody'

2021-07-08 00:11:15 - [MESSAGE][WARNING] - Test object id is null

2021-07-08 00:11:15 - [MESSAGE][WARNING] - Test object with id 'Object Repository/' does not exist

2021-07-08 00:11:17 - [MESSAGE][PASSED] - Keys 'PAGE_DOWN + ' sent to object: 'tempBody'

2021-07-08 00:11:17 - [TEST_STEP][PASSED] - sendKeys(findTestObject(null), Keys.chord(PAGE_DOWN)): Keys 'PAGE_DOWN + ' sent to object: 'tempBody'

2021-07-08 00:11:17 - [MESSAGE][WARNING] - Test object id is null

2021-07-08 00:11:17 - [MESSAGE][WARNING] - Test object with id 'Object Repository/' does not exist

2021-07-08 00:11:19 - [MESSAGE][PASSED] - Keys 'PAGE_DOWN + ' sent to object: 'tempBody'

2021-07-08 00:11:19 - [TEST_STEP][PASSED] - sendKeys(findTestObject(null), Keys.chord(PAGE_DOWN)): Keys 'PAGE_DOWN + ' sent to object: 'tempBody'

2021-07-08 00:11:19 - [MESSAGE][WARNING] - Test object id is null

2021-07-08 00:11:19 - [MESSAGE][WARNING] - Test object with id 'Object Repository/' does not exist

2021-07-08 00:11:20 - [MESSAGE][PASSED] - Keys 'PAGE_DOWN + ' sent to object: 'tempBody'

2021-07-08 00:11:20 - [TEST_STEP][PASSED] - sendKeys(findTestObject(null), Keys.chord(PAGE_DOWN)): Keys 'PAGE_DOWN + ' sent to object: 'tempBody'

2021-07-08 00:11:20 - [MESSAGE][WARNING] - Test object id is null

2021-07-08 00:11:20 - [MESSAGE][WARNING] - Test object with id 'Object Repository/' does not exist

2021-07-08 00:11:22 - [MESSAGE][PASSED] - Keys 'PAGE_DOWN + ' sent to object: 'tempBody'

2021-07-08 00:11:22 - [TEST_STEP][PASSED] - sendKeys(findTestObject(null), Keys.chord(PAGE_DOWN)): Keys 'PAGE_DOWN + ' sent to object: 'tempBody'

2021-07-08 00:11:22 - [MESSAGE][WARNING] - Test object id is null

2021-07-08 00:11:22 - [MESSAGE][WARNING] - Test object with id 'Object Repository/' does not exist

2021-07-08 00:11:23 - [MESSAGE][PASSED] - Keys 'PAGE_DOWN + ' sent to object: 'tempBody'

2021-07-08 00:11:23 - [TEST_STEP][PASSED] - sendKeys(findTestObject(null), Keys.chord(PAGE_DOWN)): Keys 'PAGE_DOWN + ' sent to object: 'tempBody'

2021-07-08 00:11:23 - [MESSAGE][WARNING] - Test object id is null

2021-07-08 00:11:23 - [MESSAGE][WARNING] - Test object with id 'Object Repository/' does not exist

2021-07-08 00:11:25 - [MESSAGE][PASSED] - Keys 'PAGE_DOWN + ' sent to object: 'tempBody'

2021-07-08 00:11:25 - [TEST_STEP][PASSED] - sendKeys(findTestObject(null), Keys.chord(PAGE_DOWN)): Keys 'PAGE_DOWN + ' sent to object: 'tempBody'

2021-07-08 00:11:25 - [MESSAGE][WARNING] - Test object id is null

2021-07-08 00:11:25 - [MESSAGE][WARNING] - Test object with id 'Object Repository/' does not exist

2021-07-08 00:11:27 - [MESSAGE][PASSED] - Keys 'PAGE_DOWN + ' sent to object: 'tempBody'

2021-07-08 00:11:27 - [TEST_STEP][PASSED] - sendKeys(findTestObject(null), Keys.chord(PAGE_DOWN)): Keys 'PAGE_DOWN + ' sent to object: 'tempBody'

2021-07-08 00:11:27 - [MESSAGE][WARNING] - Test object id is null

2021-07-08 00:11:27 - [MESSAGE][WARNING] - Test object with id 'Object Repository/' does not exist

2021-07-08 00:11:28 - [MESSAGE][PASSED] - Keys 'PAGE_DOWN + ' sent to object: 'tempBody'

2021-07-08 00:11:28 - [TEST_STEP][PASSED] - sendKeys(findTestObject(null), Keys.chord(PAGE_DOWN)): Keys 'PAGE_DOWN + ' sent to object: 'tempBody'

2021-07-08 00:11:28 - [MESSAGE][WARNING] - Test object id is null

2021-07-08 00:11:28 - [MESSAGE][WARNING] - Test object with id 'Object Repository/' does not exist

2021-07-08 00:11:30 - [MESSAGE][PASSED] - Keys 'PAGE_DOWN + ' sent to object: 'tempBody'

2021-07-08 00:11:30 - [TEST_STEP][PASSED] - sendKeys(findTestObject(null), Keys.chord(PAGE_DOWN)): Keys 'PAGE_DOWN + ' sent to object: 'tempBody'

2021-07-08 00:11:30 - [MESSAGE][WARNING] - Test object id is null

2021-07-08 00:11:30 - [MESSAGE][WARNING] - Test object with id 'Object Repository/' does not exist

2021-07-08 00:11:32 - [MESSAGE][PASSED] - Keys 'PAGE_DOWN + ' sent to object: 'tempBody'

2021-07-08 00:11:32 - [TEST_STEP][PASSED] - sendKeys(findTestObject(null), Keys.chord(PAGE_DOWN)): Keys 'PAGE_DOWN + ' sent to object: 'tempBody'

2021-07-08 00:11:32 - [MESSAGE][WARNING] - Test object id is null

2021-07-08 00:11:32 - [MESSAGE][WARNING] - Test object with id 'Object Repository/' does not exist

2021-07-08 00:11:33 - [MESSAGE][PASSED] - Keys 'PAGE_DOWN + ' sent to object: 'tempBody'

2021-07-08 00:11:33 - [TEST_STEP][PASSED] - sendKeys(findTestObject(null), Keys.chord(PAGE_DOWN)): Keys 'PAGE_DOWN + ' sent to object: 'tempBody'

2021-07-08 00:11:33 - [MESSAGE][WARNING] - Test object id is null

2021-07-08 00:11:33 - [MESSAGE][WARNING] - Test object with id 'Object Repository/' does not exist

2021-07-08 00:11:35 - [MESSAGE][PASSED] - Keys 'PAGE_DOWN + ' sent to object: 'tempBody'

2021-07-08 00:11:35 - [TEST_STEP][PASSED] - sendKeys(findTestObject(null), Keys.chord(PAGE_DOWN)): Keys 'PAGE_DOWN + ' sent to object: 'tempBody'

2021-07-08 00:11:35 - [MESSAGE][WARNING] - Test object id is null

2021-07-08 00:11:35 - [MESSAGE][WARNING] - Test object with id 'Object Repository/' does not exist

2021-07-08 00:11:36 - [MESSAGE][PASSED] - Keys 'PAGE_DOWN + ' sent to object: 'tempBody'

2021-07-08 00:11:36 - [TEST_STEP][PASSED] - sendKeys(findTestObject(null), Keys.chord(PAGE_DOWN)): Keys 'PAGE_DOWN + ' sent to object: 'tempBody'

2021-07-08 00:11:36 - [MESSAGE][WARNING] - Test object id is null

2021-07-08 00:11:36 - [MESSAGE][WARNING] - Test object with id 'Object Repository/' does not exist

2021-07-08 00:11:38 - [MESSAGE][PASSED] - Keys 'PAGE_DOWN + ' sent to object: 'tempBody'

2021-07-08 00:11:38 - [TEST_STEP][PASSED] - sendKeys(findTestObject(null), Keys.chord(PAGE_DOWN)): Keys 'PAGE_DOWN + ' sent to object: 'tempBody'

2021-07-08 00:11:38 - [MESSAGE][WARNING] - Test object id is null

2021-07-08 00:11:38 - [MESSAGE][WARNING] - Test object with id 'Object Repository/' does not exist

2021-07-08 00:11:40 - [MESSAGE][PASSED] - Keys 'PAGE_DOWN + ' sent to object: 'tempBody'

2021-07-08 00:11:40 - [TEST_STEP][PASSED] - sendKeys(findTestObject(null), Keys.chord(PAGE_DOWN)): Keys 'PAGE_DOWN + ' sent to object: 'tempBody'

2021-07-08 00:11:40 - [MESSAGE][WARNING] - Test object id is null

2021-07-08 00:11:40 - [MESSAGE][WARNING] - Test object with id 'Object Repository/' does not exist

2021-07-08 00:11:41 - [MESSAGE][PASSED] - Keys 'PAGE_DOWN + ' sent to object: 'tempBody'

2021-07-08 00:11:41 - [TEST_STEP][PASSED] - sendKeys(findTestObject(null), Keys.chord(PAGE_DOWN)): Keys 'PAGE_DOWN + ' sent to object: 'tempBody'

2021-07-08 00:11:41 - [MESSAGE][WARNING] - Test object id is null

2021-07-08 00:11:41 - [MESSAGE][WARNING] - Test object with id 'Object Repository/' does not exist

2021-07-08 00:11:43 - [MESSAGE][PASSED] - Keys 'PAGE_DOWN + ' sent to object: 'tempBody'

2021-07-08 00:11:43 - [TEST_STEP][PASSED] - sendKeys(findTestObject(null), Keys.chord(PAGE_DOWN)): Keys 'PAGE_DOWN + ' sent to object: 'tempBody'

2021-07-08 00:11:43 - [MESSAGE][WARNING] - Test object id is null

2021-07-08 00:11:43 - [MESSAGE][WARNING] - Test object with id 'Object Repository/' does not exist

2021-07-08 00:11:45 - [MESSAGE][PASSED] - Keys 'PAGE_DOWN + ' sent to object: 'tempBody'

2021-07-08 00:11:45 - [TEST_STEP][PASSED] - if (verifyElementVisible(findTestObject("Object Repository/tN objects/sup_315"))): null

2021-07-08 00:11:45 - [MESSAGE][PASSED] - Object 'Object Repository/tN objects/sup_315' is visible

2021-07-08 00:11:45 - [TEST_STEP][PASSED] - logInfo("Chapter is expanded successfully"): Chapter is expanded successfully

2021-07-08 00:11:45 - [MESSAGE][INFO] - Chapter is expanded successfully

2021-07-08 00:11:45 - [TEST_STEP][PASSED] - delay(3): Delayed 3 second(s)

2021-07-08 00:11:48 - [MESSAGE][PASSED] - Delayed 3 second(s)

2021-07-08 00:11:48 - [TEST_STEP][PASSED] - sendKeys(findTestObject(null), Keys.chord(PAGE_UP)): Keys 'PAGE_UP + ' sent to object: 'tempBody'

2021-07-08 00:11:48 - [MESSAGE][WARNING] - Test object id is null

2021-07-08 00:11:48 - [MESSAGE][WARNING] - Test object with id 'Object Repository/' does not exist

2021-07-08 00:11:49 - [MESSAGE][PASSED] - Keys 'PAGE_UP + ' sent to object: 'tempBody'

2021-07-08 00:11:49 - [TEST_STEP][PASSED] - click(findTestObject("Object Repository/tN objects/button_Titus 11_collapse-chapter")): Object: 'Object Repository/tN objects/button_Titus 11_collapse-chapter' is clicked on

2021-07-08 00:11:51 - [MESSAGE][PASSED] - Object: 'Object Repository/tN objects/button_Titus 11_collapse-chapter' is clicked on

2021-07-08 00:11:51 - [TEST_STEP][PASSED] - delay(2): Delayed 2 second(s)

2021-07-08 00:11:53 - [MESSAGE][PASSED] - Delayed 2 second(s)

2021-07-08 00:11:53 - [TEST_STEP][PASSED] - if (verifyElementNotPresent(findTestObject("Object Repository/tN objects/sup_315"), 2, CONTINUE_ON_FAILURE)): null

2021-07-08 00:11:53 - [MESSAGE][PASSED] - Web element with id: 'Object Repository/tN objects/sup_315' located by 'By.xpath: //tr[@id='3:15']/td[3]/div/sup' is not present after '2' second(s)

2021-07-08 00:11:53 - [TEST_STEP][PASSED] - logInfo("Chapter is collapsed successfully"): Chapter is collapsed successfully

2021-07-08 00:11:53 - [MESSAGE][INFO] - Chapter is collapsed successfully

2021-07-08 00:11:53 - [TEST_STEP][PASSED] - closeBrowser(): Browser is closed

2021-07-08 00:11:53 - [MESSAGE][PASSED] - Browser is closed]]></system-out>
         <system-err><![CDATA[]]></system-err>
      </testcase>
      <testcase name="Test Cases/tCC Test Cases/tN_Highlighting by Occurrence Number" time="57.744" classname="Test Cases/tCC Test Cases/tN_Highlighting by Occurrence Number" status="PASSED">
         <system-out><![CDATA[2021-07-08 00:11:53 - [TEST_CASE][PASSED] - Test Cases/tCC Test Cases/tN_Highlighting by Occurrence Number: Test Cases/tCC Test Cases/tN_Highlighting by Occurrence Number

2021-07-08 00:11:53 - [TEST_STEP][PASSED] - com.tccreate.keywords.WriteToFile.writeTofilename("tN-Highlighting by occurrence number"): com.tccreate.keywords.WriteToFile.writeTofilename is PASSED

2021-07-08 00:11:53 - [MESSAGE][PASSED] - com.tccreate.keywords.WriteToFile.writeTofilename is PASSED

2021-07-08 00:11:53 - [TEST_STEP][PASSED] - com.helper.login.TimeDate.getTimeDate(): com.helper.login.TimeDate.getTimeDate is PASSED

2021-07-08 00:11:53 - [MESSAGE][INFO] - Time at which the test run:2021-07-08 00:11:53.879

2021-07-08 00:11:53 - [MESSAGE][PASSED] - com.helper.login.TimeDate.getTimeDate is PASSED

2021-07-08 00:11:53 - [TEST_STEP][PASSED] - com.helper.login.loginhelper.logintoapp(): com.helper.login.loginhelper.logintoapp is PASSED

2021-07-08 00:11:53 - [MESSAGE][INFO] - Starting 'Chrome' driver

2021-07-08 00:11:53 - [MESSAGE][INFO] - Action delay is set to 1,000 milliseconds

2021-07-08 00:11:54 - [MESSAGE][WARNING] - FFmpeg was not installed! Browser Recording will be disabled. Please follow this document to install FFmpeg first: https://docs.katalon.com/katalon-studio/docs/screenshots-videos.html#browser-based-recorder

2021-07-08 00:11:57 - [MESSAGE][PASSED] - Browser is opened with url: 'https://create.translationcore.com/'

2021-07-08 00:11:57 - [MESSAGE][PASSED] - Wait for page load successfully

2021-07-08 00:11:57 - [MESSAGE][PASSED] - Current window maximized

2021-07-08 00:11:59 - [MESSAGE][PASSED] - Keys 'elsylambert' sent to object: 'Object Repository/Page_tC Create/input__username'

2021-07-08 00:12:00 - [MESSAGE][PASSED] - Keys 'fatak43' sent to object: 'Object Repository/Page_tC Create/input__password'

2021-07-08 00:12:01 - [MESSAGE][PASSED] - Object: 'Object Repository/Page_tC Create/button_Login' is clicked on

2021-07-08 00:12:02 - [MESSAGE][PASSED] - Delayed 1 second(s)

2021-07-08 00:12:04 - [MESSAGE][PASSED] - Text of object 'Object Repository/Page_tC Create/tcc-version number' is: 'translationCore Create - v1.2.1 build 55-760999c'

2021-07-08 00:12:04 - [MESSAGE][INFO] - : The current version and build number is translationCore Create - v1.2.1 build 55-760999c

2021-07-08 00:12:04 - [MESSAGE][PASSED] - com.helper.login.loginhelper.logintoapp is PASSED

2021-07-08 00:12:04 - [TEST_STEP][PASSED] - com.tccreate.keywords.selectOrg.organization(""): com.tccreate.keywords.selectOrg.organization is PASSED

2021-07-08 00:12:05 - [MESSAGE][PASSED] - Object: 'Object Repository/Page_tC Create/listOption_organisation_Parmed' is clicked on

2021-07-08 00:12:07 - [MESSAGE][WARNING] - No alert found after 2 second(s).

2021-07-08 00:12:07 - [MESSAGE][PASSED] - com.tccreate.keywords.selectOrg.organization is PASSED

2021-07-08 00:12:07 - [TEST_STEP][PASSED] - com.tccreate.keywords.selectOrg.resource("unfoldingWord速 Translation Notes"): com.tccreate.keywords.selectOrg.resource is PASSED

2021-07-08 00:12:09 - [MESSAGE][PASSED] - Object: 'Object Repository/Page_tC Create/resource_Parmed' is clicked on

2021-07-08 00:12:09 - [MESSAGE][PASSED] - com.tccreate.keywords.selectOrg.resource is PASSED

2021-07-08 00:12:09 - [TEST_STEP][PASSED] - com.tccreate.keywords.selectOrg.language(""): com.tccreate.keywords.selectOrg.language is PASSED

2021-07-08 00:12:10 - [MESSAGE][PASSED] - Object: 'Object Repository/Page_tC Create/combo_Select Language' is clicked on

2021-07-08 00:12:12 - [MESSAGE][PASSED] - Object: 'Object Repository/Page_tC Create/listOption_Language_Parmed' is clicked on

2021-07-08 00:12:12 - [MESSAGE][PASSED] - com.tccreate.keywords.selectOrg.language is PASSED

2021-07-08 00:12:12 - [TEST_STEP][PASSED] - click(findTestObject("Object Repository/Page_tC Create/span_en_tn_57-TIT.tsv")): Object: 'Object Repository/Page_tC Create/span_en_tn_57-TIT.tsv' is clicked on

2021-07-08 00:12:14 - [MESSAGE][PASSED] - Object: 'Object Repository/Page_tC Create/span_en_tn_57-TIT.tsv' is clicked on

2021-07-08 00:12:14 - [TEST_STEP][PASSED] - click(findTestObject("Object Repository/tN objects/button_view columns")): Object: 'Object Repository/tN objects/button_view columns' is clicked on

2021-07-08 00:12:18 - [MESSAGE][PASSED] - Object: 'Object Repository/tN objects/button_view columns' is clicked on

2021-07-08 00:12:18 - [TEST_STEP][PASSED] - click(findTestObject("tN objects/input_OrigQuote_checkbox")): Object: 'Object Repository/tN objects/input_OrigQuote_checkbox' is clicked on

2021-07-08 00:12:20 - [MESSAGE][PASSED] - Object: 'Object Repository/tN objects/input_OrigQuote_checkbox' is clicked on

2021-07-08 00:12:20 - [TEST_STEP][PASSED] - click(findTestObject("Object Repository/tN objects/input_SupportReference")): Object: 'Object Repository/tN objects/input_SupportReference' is clicked on

2021-07-08 00:12:21 - [MESSAGE][PASSED] - Object: 'Object Repository/tN objects/input_SupportReference' is clicked on

2021-07-08 00:12:21 - [TEST_STEP][PASSED] - click(findTestObject("tN objects/button__Close-Columns")): Object: 'Object Repository/tN objects/button__Close-Columns' is clicked on

2021-07-08 00:12:22 - [MESSAGE][PASSED] - Object: 'Object Repository/tN objects/button__Close-Columns' is clicked on

2021-07-08 00:12:22 - [TEST_STEP][PASSED] - buttonstate = com.tccreate.keywords.ExpandAllScriptureToggle.toggleAllScripture("test"): com.tccreate.keywords.ExpandAllScriptureToggle.toggleAllScripture is PASSED

2021-07-08 00:12:26 - [MESSAGE][INFO] - Unable to find the element located by 'By.xpath: //*[@type = 'button' and @data-test = 'drawer-menu-close-button']'. Please recheck the objects properties to make sure the desired element is located. 

2021-07-08 00:12:26 - [MESSAGE][WARNING] - Object 'Object Repository/Page_tC Create/button_DrawerClose' is not present after 2 second(s)

2021-07-08 00:12:27 - [MESSAGE][PASSED] - Object: 'Object Repository/Page_tC Create/Hamburger Menu Button' is clicked on

2021-07-08 00:12:28 - [MESSAGE][PASSED] - Delayed 1 second(s)

2021-07-08 00:12:28 - [MESSAGE][PASSED] - Object 'Object Repository/Page_tC Create/input_Expand all Scripture_default' is checked

2021-07-08 00:12:30 - [MESSAGE][PASSED] - Object: 'Object Repository/Page_tC Create/button_DrawerClose' is clicked on

2021-07-08 00:12:30 - [MESSAGE][PASSED] - Object 'Object Repository/Page_tC Create/Hamburger Menu Button' is visible

2021-07-08 00:12:30 - [MESSAGE][PASSED] - com.tccreate.keywords.ExpandAllScriptureToggle.toggleAllScripture is PASSED

2021-07-08 00:12:30 - [TEST_STEP][PASSED] - out.println(" the state of the button is" + buttonstate): null

2021-07-08 00:12:30 - [TEST_STEP][PASSED] - delay(1): Delayed 1 second(s)

2021-07-08 00:12:31 - [MESSAGE][PASSED] - Delayed 1 second(s)

2021-07-08 00:12:31 - [TEST_STEP][PASSED] - if (buttonstate == "off"): null

2021-07-08 00:12:31 - [TEST_STEP][PASSED] - else: Parallel scripture viewer is ON

2021-07-08 00:12:31 - [TEST_STEP][PASSED] - logInfo("Parallel scripture viewer is ON"): Parallel scripture viewer is ON

2021-07-08 00:12:31 - [MESSAGE][INFO] - Parallel scripture viewer is ON

2021-07-08 00:12:31 - [TEST_STEP][PASSED] - scrollToElement(findTestObject("Object Repository/tN objects/div_Titus 11"), 2): Scroll to object 'Object Repository/tN objects/div_Titus 11' successfully

2021-07-08 00:12:32 - [MESSAGE][PASSED] - Scroll to object 'Object Repository/tN objects/div_Titus 11' successfully

2021-07-08 00:12:32 - [TEST_STEP][PASSED] - click(findTestObject("Object Repository/tN objects/button_Titus 11_add a new row")): Object: 'Object Repository/tN objects/button_Titus 11_add a new row' is clicked on

2021-07-08 00:12:33 - [MESSAGE][PASSED] - Object: 'Object Repository/tN objects/button_Titus 11_add a new row' is clicked on

2021-07-08 00:12:33 - [TEST_STEP][PASSED] - click(findTestObject("Object Repository/tN objects/button_Add")): Object: 'Object Repository/tN objects/button_Add' is clicked on

2021-07-08 00:12:35 - [MESSAGE][PASSED] - Object: 'Object Repository/tN objects/button_Add' is clicked on

2021-07-08 00:12:35 - [TEST_STEP][PASSED] - word1 = getText(findTestObject("tN objects/word1")): Text of object 'Object Repository/tN objects/word1' is: '竜凌畤'

2021-07-08 00:12:36 - [MESSAGE][PASSED] - Text of object 'Object Repository/tN objects/word1' is: '竜凌畤'

2021-07-08 00:12:36 - [TEST_STEP][PASSED] - logInfo("the word is" + word1): the word is竜凌畤

2021-07-08 00:12:36 - [MESSAGE][INFO] - the word is竜凌畤

2021-07-08 00:12:36 - [TEST_STEP][PASSED] - color_word1 = getCSSValue(findTestObject("tN objects/word1"), "color"): Get CSS 'color' value on 'Object Repository/tN objects/word1' successfully: 'rgba(0, 0, 0, 0.87)'.

2021-07-08 00:12:36 - [MESSAGE][PASSED] - Get CSS 'color' value on 'Object Repository/tN objects/word1' successfully: 'rgba(0, 0, 0, 0.87)'.

2021-07-08 00:12:36 - [TEST_STEP][PASSED] - backcolor_word1 = getCSSValue(findTestObject("tN objects/word1"), "background-color"): Get CSS 'background-color' value on 'Object Repository/tN objects/word1' successfully: 'rgba(0, 0, 0, 0)'.

2021-07-08 00:12:36 - [MESSAGE][PASSED] - Get CSS 'background-color' value on 'Object Repository/tN objects/word1' successfully: 'rgba(0, 0, 0, 0)'.

2021-07-08 00:12:36 - [TEST_STEP][PASSED] - logInfo(color_word1): rgba(0, 0, 0, 0.87)

2021-07-08 00:12:36 - [MESSAGE][INFO] - rgba(0, 0, 0, 0.87)

2021-07-08 00:12:36 - [TEST_STEP][PASSED] - logInfo(backcolor_word1): rgba(0, 0, 0, 0)

2021-07-08 00:12:36 - [MESSAGE][INFO] - rgba(0, 0, 0, 0)

2021-07-08 00:12:36 - [TEST_STEP][PASSED] - click(findTestObject("Object Repository/tN objects/p_OL_box")): Object: 'Object Repository/tN objects/p_OL_box' is clicked on

2021-07-08 00:12:37 - [MESSAGE][PASSED] - Object: 'Object Repository/tN objects/p_OL_box' is clicked on

2021-07-08 00:12:37 - [TEST_STEP][PASSED] - setText(findTestObject("Object Repository/tN objects/p_OL_box"), "竜凌畤"): Text '竜凌畤' is set on object 'Object Repository/tN objects/p_OL_box'

2021-07-08 00:12:40 - [MESSAGE][PASSED] - Text '竜凌畤' is set on object 'Object Repository/tN objects/p_OL_box'

2021-07-08 00:12:40 - [TEST_STEP][PASSED] - driver = getWebDriver(): null

2021-07-08 00:12:40 - [TEST_STEP][PASSED] - action = new org.openqa.selenium.interactions.Actions(driver): null

2021-07-08 00:12:40 - [TEST_STEP][PASSED] - build().perform(): null

2021-07-08 00:12:41 - [TEST_STEP][PASSED] - if (!(color_word1.equals(backcolor_word1))): First Occurrence is highlighted!

2021-07-08 00:12:41 - [TEST_STEP][PASSED] - logInfo("First Occurrence is highlighted!"): First Occurrence is highlighted!

2021-07-08 00:12:41 - [MESSAGE][INFO] - First Occurrence is highlighted!

2021-07-08 00:12:41 - [TEST_STEP][PASSED] - color_word2 = getCSSValue(findTestObject("tN objects/word2"), "color"): Get CSS 'color' value on 'Object Repository/tN objects/word2' successfully: 'rgba(0, 0, 0, 0.87)'.

2021-07-08 00:12:41 - [MESSAGE][PASSED] - Get CSS 'color' value on 'Object Repository/tN objects/word2' successfully: 'rgba(0, 0, 0, 0.87)'.

2021-07-08 00:12:41 - [TEST_STEP][PASSED] - backcolor_word2 = getCSSValue(findTestObject("tN objects/word2"), "background-color"): Get CSS 'background-color' value on 'Object Repository/tN objects/word2' successfully: 'rgba(0, 0, 0, 0)'.

2021-07-08 00:12:41 - [MESSAGE][PASSED] - Get CSS 'background-color' value on 'Object Repository/tN objects/word2' successfully: 'rgba(0, 0, 0, 0)'.

2021-07-08 00:12:41 - [TEST_STEP][PASSED] - click(findTestObject("Object Repository/tN objects/p_occurrence box")): Object: 'Object Repository/tN objects/p_occurrence box' is clicked on

2021-07-08 00:12:43 - [MESSAGE][PASSED] - Object: 'Object Repository/tN objects/p_occurrence box' is clicked on

2021-07-08 00:12:43 - [TEST_STEP][PASSED] - clearText(findTestObject("Object Repository/tN objects/p_occurrence box"), CONTINUE_ON_FAILURE): Text of object 'Object Repository/tN objects/p_occurrence box' is cleared

2021-07-08 00:12:44 - [MESSAGE][PASSED] - Text of object 'Object Repository/tN objects/p_occurrence box' is cleared

2021-07-08 00:12:44 - [TEST_STEP][PASSED] - sendKeys(findTestObject("Object Repository/tN objects/p_occurrence box"), "2"): Keys '2' sent to object: 'Object Repository/tN objects/p_occurrence box'

2021-07-08 00:12:46 - [MESSAGE][PASSED] - Keys '2' sent to object: 'Object Repository/tN objects/p_occurrence box'

2021-07-08 00:12:46 - [TEST_STEP][PASSED] - build().perform(): null

2021-07-08 00:12:46 - [TEST_STEP][PASSED] - if (!(color_word2.equals(backcolor_word2))): Second occcurrence is highlighted!

2021-07-08 00:12:46 - [TEST_STEP][PASSED] - logInfo("Second occcurrence is highlighted!"): Second occcurrence is highlighted!

2021-07-08 00:12:46 - [MESSAGE][INFO] - Second occcurrence is highlighted!

2021-07-08 00:12:46 - [TEST_STEP][PASSED] - clearText(findTestObject("Object Repository/tN objects/p_occurrence box"), CONTINUE_ON_FAILURE): Text of object 'Object Repository/tN objects/p_occurrence box' is cleared

2021-07-08 00:12:47 - [MESSAGE][PASSED] - Text of object 'Object Repository/tN objects/p_occurrence box' is cleared

2021-07-08 00:12:47 - [TEST_STEP][PASSED] - sendKeys(findTestObject("Object Repository/tN objects/p_occurrence box"), "-1"): Keys '-1' sent to object: 'Object Repository/tN objects/p_occurrence box'

2021-07-08 00:12:49 - [MESSAGE][PASSED] - Keys '-1' sent to object: 'Object Repository/tN objects/p_occurrence box'

2021-07-08 00:12:49 - [TEST_STEP][PASSED] - build().perform(): null

2021-07-08 00:12:49 - [TEST_STEP][PASSED] - if (!(color_word1.equals(backcolor_word1)) && !(color_word2.equals(backcolor_word2))): Both occurrences are highlighted!

2021-07-08 00:12:49 - [TEST_STEP][PASSED] - logInfo("Both occurrences are highlighted!"): Both occurrences are highlighted!

2021-07-08 00:12:49 - [MESSAGE][INFO] - Both occurrences are highlighted!

2021-07-08 00:12:49 - [TEST_STEP][PASSED] - delay(2): Delayed 2 second(s)

2021-07-08 00:12:51 - [MESSAGE][PASSED] - Delayed 2 second(s)

2021-07-08 00:12:51 - [TEST_STEP][PASSED] - closeBrowser(): Browser is closed

2021-07-08 00:12:51 - [MESSAGE][PASSED] - Browser is closed]]></system-out>
         <system-err><![CDATA[]]></system-err>
      </testcase>
      <testcase name="Test Cases/tCC Test Cases/tW_Saving tW Article" time="35.203" classname="Test Cases/tCC Test Cases/tW_Saving tW Article" status="PASSED">
         <system-out><![CDATA[2021-07-08 00:12:51 - [TEST_CASE][PASSED] - Test Cases/tCC Test Cases/tW_Saving tW Article: Test Cases/tCC Test Cases/tW_Saving tW Article

2021-07-08 00:12:51 - [TEST_STEP][PASSED] - com.tccreate.keywords.WriteToFile.writeTofilename("tW-Save"): com.tccreate.keywords.WriteToFile.writeTofilename is PASSED

2021-07-08 00:12:51 - [MESSAGE][PASSED] - com.tccreate.keywords.WriteToFile.writeTofilename is PASSED

2021-07-08 00:12:51 - [TEST_STEP][PASSED] - com.helper.login.TimeDate.getTimeDate(): com.helper.login.TimeDate.getTimeDate is PASSED

2021-07-08 00:12:51 - [MESSAGE][INFO] - Time at which the test run:2021-07-08 00:12:51.589

2021-07-08 00:12:51 - [MESSAGE][PASSED] - com.helper.login.TimeDate.getTimeDate is PASSED

2021-07-08 00:12:51 - [TEST_STEP][PASSED] - com.helper.login.loginhelper.logintoapp(): com.helper.login.loginhelper.logintoapp is PASSED

2021-07-08 00:12:51 - [MESSAGE][INFO] - Starting 'Chrome' driver

2021-07-08 00:12:51 - [MESSAGE][INFO] - Action delay is set to 1,000 milliseconds

2021-07-08 00:12:52 - [MESSAGE][WARNING] - FFmpeg was not installed! Browser Recording will be disabled. Please follow this document to install FFmpeg first: https://docs.katalon.com/katalon-studio/docs/screenshots-videos.html#browser-based-recorder

2021-07-08 00:12:54 - [MESSAGE][PASSED] - Browser is opened with url: 'https://create.translationcore.com/'

2021-07-08 00:12:54 - [MESSAGE][PASSED] - Wait for page load successfully

2021-07-08 00:12:55 - [MESSAGE][PASSED] - Current window maximized

2021-07-08 00:12:56 - [MESSAGE][PASSED] - Keys 'elsylambert' sent to object: 'Object Repository/Page_tC Create/input__username'

2021-07-08 00:12:58 - [MESSAGE][PASSED] - Keys 'fatak43' sent to object: 'Object Repository/Page_tC Create/input__password'

2021-07-08 00:12:59 - [MESSAGE][PASSED] - Object: 'Object Repository/Page_tC Create/button_Login' is clicked on

2021-07-08 00:13:00 - [MESSAGE][PASSED] - Delayed 1 second(s)

2021-07-08 00:13:01 - [MESSAGE][PASSED] - Text of object 'Object Repository/Page_tC Create/tcc-version number' is: 'translationCore Create - v1.2.1 build 55-760999c'

2021-07-08 00:13:01 - [MESSAGE][INFO] - : The current version and build number is translationCore Create - v1.2.1 build 55-760999c

2021-07-08 00:13:01 - [MESSAGE][PASSED] - com.helper.login.loginhelper.logintoapp is PASSED

2021-07-08 00:13:01 - [TEST_STEP][PASSED] - com.tccreate.keywords.selectOrg.organization(""): com.tccreate.keywords.selectOrg.organization is PASSED

2021-07-08 00:13:03 - [MESSAGE][PASSED] - Object: 'Object Repository/Page_tC Create/listOption_organisation_Parmed' is clicked on

2021-07-08 00:13:05 - [MESSAGE][WARNING] - No alert found after 2 second(s).

2021-07-08 00:13:05 - [MESSAGE][PASSED] - com.tccreate.keywords.selectOrg.organization is PASSED

2021-07-08 00:13:05 - [TEST_STEP][PASSED] - com.tccreate.keywords.selectOrg.resource("unfoldingWord速 Translation Words"): com.tccreate.keywords.selectOrg.resource is PASSED

2021-07-08 00:13:06 - [MESSAGE][PASSED] - Object: 'Object Repository/Page_tC Create/resource_Parmed' is clicked on

2021-07-08 00:13:06 - [MESSAGE][PASSED] - com.tccreate.keywords.selectOrg.resource is PASSED

2021-07-08 00:13:06 - [TEST_STEP][PASSED] - com.tccreate.keywords.selectOrg.language(""): com.tccreate.keywords.selectOrg.language is PASSED

2021-07-08 00:13:08 - [MESSAGE][PASSED] - Object: 'Object Repository/Page_tC Create/combo_Select Language' is clicked on

2021-07-08 00:13:09 - [MESSAGE][PASSED] - Object: 'Object Repository/Page_tC Create/listOption_Language_Parmed' is clicked on

2021-07-08 00:13:09 - [MESSAGE][PASSED] - com.tccreate.keywords.selectOrg.language is PASSED

2021-07-08 00:13:09 - [TEST_STEP][PASSED] - click(findTestObject("tW Objects/span_bible")): Object: 'Object Repository/tW Objects/span_bible' is clicked on

2021-07-08 00:13:11 - [MESSAGE][PASSED] - Object: 'Object Repository/tW Objects/span_bible' is clicked on

2021-07-08 00:13:11 - [TEST_STEP][PASSED] - click(findTestObject("tW Objects/span_kt")): Object: 'Object Repository/tW Objects/span_kt' is clicked on

2021-07-08 00:13:13 - [MESSAGE][PASSED] - Object: 'Object Repository/tW Objects/span_kt' is clicked on

2021-07-08 00:13:13 - [TEST_STEP][PASSED] - click(findTestObject("tW Objects/span_almighty.md")): Object: 'Object Repository/tW Objects/span_almighty.md' is clicked on

2021-07-08 00:13:15 - [MESSAGE][PASSED] - Object: 'Object Repository/tW Objects/span_almighty.md' is clicked on

2021-07-08 00:13:15 - [TEST_STEP][PASSED] - click(findTestObject("tW Objects/h1_Almighty")): Object: 'Object Repository/tW Objects/h1_Almighty' is clicked on

2021-07-08 00:13:17 - [MESSAGE][PASSED] - Object: 'Object Repository/tW Objects/h1_Almighty' is clicked on

2021-07-08 00:13:17 - [TEST_STEP][PASSED] - sendKeys(findTestObject("tW Objects/h1_Almighty"), "  edits by a test script"): Keys '  edits by a test script' sent to object: 'Object Repository/tW Objects/h1_Almighty'

2021-07-08 00:13:19 - [MESSAGE][PASSED] - Keys '  edits by a test script' sent to object: 'Object Repository/tW Objects/h1_Almighty'

2021-07-08 00:13:19 - [TEST_STEP][PASSED] - click(findTestObject("Object Repository/Page_tC Create/button_Save")): Object: 'Object Repository/Page_tC Create/button_Save' is clicked on

2021-07-08 00:13:20 - [MESSAGE][PASSED] - Object: 'Object Repository/Page_tC Create/button_Save' is clicked on

2021-07-08 00:13:20 - [TEST_STEP][PASSED] - delay(2): Delayed 2 second(s)

2021-07-08 00:13:22 - [MESSAGE][PASSED] - Delayed 2 second(s)

2021-07-08 00:13:22 - [TEST_STEP][PASSED] - if (verifyElementNotClickable(findTestObject("Page_tC Create/button_Save"), CONTINUE_ON_FAILURE)): null

2021-07-08 00:13:22 - [MESSAGE][PASSED] - Object 'Object Repository/Page_tC Create/button_Save' is NOT clickable

2021-07-08 00:13:22 - [TEST_STEP][PASSED] - logInfo(" Save button is greyed out as expected"):  Save button is greyed out as expected

2021-07-08 00:13:22 - [MESSAGE][INFO] -  Save button is greyed out as expected

2021-07-08 00:13:22 - [TEST_STEP][PASSED] - click(findTestObject("Object Repository/tW Objects/chip_English - unfoldingWorden_twElsyLambert-tc-create-1")): Object: 'Object Repository/tW Objects/chip_English - unfoldingWorden_twElsyLambert-tc-create-1' is clicked on

2021-07-08 00:13:24 - [MESSAGE][PASSED] - Object: 'Object Repository/tW Objects/chip_English - unfoldingWorden_twElsyLambert-tc-create-1' is clicked on

2021-07-08 00:13:24 - [TEST_STEP][PASSED] - delay(2): Delayed 2 second(s)

2021-07-08 00:13:26 - [MESSAGE][PASSED] - Delayed 2 second(s)

2021-07-08 00:13:26 - [TEST_STEP][PASSED] - switchToWindowIndex(1): Switched to window with index: '1'

2021-07-08 00:13:26 - [MESSAGE][PASSED] - Switched to window with index: '1'

2021-07-08 00:13:26 - [TEST_STEP][PASSED] - if (getText(findTestObject("Object Repository/tW Objects/h1_Almighty article on DCS")).contains("edits by a test script")): null

2021-07-08 00:13:26 - [MESSAGE][PASSED] - Text of object 'Object Repository/tW Objects/h1_Almighty article on DCS' is: 'Almighty  edits by a test scrip  edits by a test script  edits by a test script  edits by a test script  edits by a test script  edits by a test scriptt'

2021-07-08 00:13:26 - [TEST_STEP][PASSED] - logInfo("The edits are saved on the DCS Repo File"): The edits are saved on the DCS Repo File

2021-07-08 00:13:26 - [MESSAGE][INFO] - The edits are saved on the DCS Repo File

2021-07-08 00:13:26 - [TEST_STEP][PASSED] - switchToWindowIndex(0): Switched to window with index: '0'

2021-07-08 00:13:26 - [MESSAGE][PASSED] - Switched to window with index: '0'

2021-07-08 00:13:26 - [TEST_STEP][PASSED] - closeBrowser(): Browser is closed

2021-07-08 00:13:26 - [MESSAGE][PASSED] - Browser is closed

2021-07-08 00:13:26 - [TEST_STEP][PASSED] - closeBrowser(): Browser is closed

2021-07-08 00:13:26 - [MESSAGE][PASSED] - Browser is closed]]></system-out>
         <system-err><![CDATA[]]></system-err>
      </testcase>
      <testcase name="Test Cases/tCC Test Cases/tA_Saving tA Article" time="39.734" classname="Test Cases/tCC Test Cases/tA_Saving tA Article" status="PASSED">
         <system-out><![CDATA[2021-07-08 00:13:26 - [TEST_CASE][PASSED] - Test Cases/tCC Test Cases/tA_Saving tA Article: Test Cases/tCC Test Cases/tA_Saving tA Article

2021-07-08 00:13:26 - [TEST_STEP][PASSED] - com.tccreate.keywords.WriteToFile.writeTofilename("tA-Save"): com.tccreate.keywords.WriteToFile.writeTofilename is PASSED

2021-07-08 00:13:26 - [MESSAGE][PASSED] - com.tccreate.keywords.WriteToFile.writeTofilename is PASSED

2021-07-08 00:13:26 - [TEST_STEP][PASSED] - com.helper.login.TimeDate.getTimeDate(): com.helper.login.TimeDate.getTimeDate is PASSED

2021-07-08 00:13:26 - [MESSAGE][INFO] - Time at which the test run:2021-07-08 00:13:26.795

2021-07-08 00:13:26 - [MESSAGE][PASSED] - com.helper.login.TimeDate.getTimeDate is PASSED

2021-07-08 00:13:26 - [TEST_STEP][PASSED] - com.helper.login.loginhelper.logintoapp(): com.helper.login.loginhelper.logintoapp is PASSED

2021-07-08 00:13:26 - [MESSAGE][INFO] - Starting 'Chrome' driver

2021-07-08 00:13:26 - [MESSAGE][INFO] - Action delay is set to 1,000 milliseconds

2021-07-08 00:13:27 - [MESSAGE][WARNING] - FFmpeg was not installed! Browser Recording will be disabled. Please follow this document to install FFmpeg first: https://docs.katalon.com/katalon-studio/docs/screenshots-videos.html#browser-based-recorder

2021-07-08 00:13:30 - [MESSAGE][PASSED] - Browser is opened with url: 'https://create.translationcore.com/'

2021-07-08 00:13:30 - [MESSAGE][PASSED] - Wait for page load successfully

2021-07-08 00:13:30 - [MESSAGE][PASSED] - Current window maximized

2021-07-08 00:13:32 - [MESSAGE][PASSED] - Keys 'elsylambert' sent to object: 'Object Repository/Page_tC Create/input__username'

2021-07-08 00:13:33 - [MESSAGE][PASSED] - Keys 'fatak43' sent to object: 'Object Repository/Page_tC Create/input__password'

2021-07-08 00:13:34 - [MESSAGE][PASSED] - Object: 'Object Repository/Page_tC Create/button_Login' is clicked on

2021-07-08 00:13:35 - [MESSAGE][PASSED] - Delayed 1 second(s)

2021-07-08 00:13:37 - [MESSAGE][PASSED] - Text of object 'Object Repository/Page_tC Create/tcc-version number' is: 'translationCore Create - v1.2.1 build 55-760999c'

2021-07-08 00:13:37 - [MESSAGE][INFO] - : The current version and build number is translationCore Create - v1.2.1 build 55-760999c

2021-07-08 00:13:37 - [MESSAGE][PASSED] - com.helper.login.loginhelper.logintoapp is PASSED

2021-07-08 00:13:37 - [TEST_STEP][PASSED] - com.tccreate.keywords.selectOrg.organization(""): com.tccreate.keywords.selectOrg.organization is PASSED

2021-07-08 00:13:39 - [MESSAGE][PASSED] - Object: 'Object Repository/Page_tC Create/listOption_organisation_Parmed' is clicked on

2021-07-08 00:13:41 - [MESSAGE][WARNING] - No alert found after 2 second(s).

2021-07-08 00:13:41 - [MESSAGE][PASSED] - com.tccreate.keywords.selectOrg.organization is PASSED

2021-07-08 00:13:41 - [TEST_STEP][PASSED] - com.tccreate.keywords.selectOrg.resource("unfoldingWord速 Translation Academy"): com.tccreate.keywords.selectOrg.resource is PASSED

2021-07-08 00:13:42 - [MESSAGE][PASSED] - Object: 'Object Repository/Page_tC Create/resource_Parmed' is clicked on

2021-07-08 00:13:42 - [MESSAGE][PASSED] - com.tccreate.keywords.selectOrg.resource is PASSED

2021-07-08 00:13:42 - [TEST_STEP][PASSED] - com.tccreate.keywords.selectOrg.language(""): com.tccreate.keywords.selectOrg.language is PASSED

2021-07-08 00:13:44 - [MESSAGE][PASSED] - Object: 'Object Repository/Page_tC Create/combo_Select Language' is clicked on

2021-07-08 00:13:46 - [MESSAGE][PASSED] - Object: 'Object Repository/Page_tC Create/listOption_Language_Parmed' is clicked on

2021-07-08 00:13:46 - [MESSAGE][PASSED] - com.tccreate.keywords.selectOrg.language is PASSED

2021-07-08 00:13:46 - [TEST_STEP][PASSED] - click(findTestObject("Page_tC Create/span_translate")): Object: 'Object Repository/Page_tC Create/span_translate' is clicked on

2021-07-08 00:13:48 - [MESSAGE][PASSED] - Object: 'Object Repository/Page_tC Create/span_translate' is clicked on

2021-07-08 00:13:48 - [TEST_STEP][PASSED] - click(findTestObject("Object Repository/Page_tC Create/span_bita-farming")): Object: 'Object Repository/Page_tC Create/span_bita-farming' is clicked on

2021-07-08 00:13:50 - [MESSAGE][PASSED] - Object: 'Object Repository/Page_tC Create/span_bita-farming' is clicked on

2021-07-08 00:13:50 - [TEST_STEP][PASSED] - click(findTestObject("Object Repository/Page_tC Create/span_01.md")): Object: 'Object Repository/Page_tC Create/span_01.md' is clicked on

2021-07-08 00:13:52 - [MESSAGE][PASSED] - Object: 'Object Repository/Page_tC Create/span_01.md' is clicked on

2021-07-08 00:13:52 - [TEST_STEP][PASSED] - click(findTestObject("Object Repository/Page_tC Create/div_A FARMER represents God, and the VINEYA_8b10d9")): Object: 'Object Repository/Page_tC Create/div_A FARMER represents God, and the VINEYA_8b10d9' is clicked on

2021-07-08 00:13:54 - [MESSAGE][PASSED] - Object: 'Object Repository/Page_tC Create/div_A FARMER represents God, and the VINEYA_8b10d9' is clicked on

2021-07-08 00:13:54 - [TEST_STEP][PASSED] - sendKeys(findTestObject("Object Repository/tA/div_A FARMER represents God,edit box"), " test edit by the test script"): Keys ' test edit by the test script' sent to object: 'Object Repository/tA/div_A FARMER represents God,edit box'

2021-07-08 00:13:56 - [MESSAGE][PASSED] - Keys ' test edit by the test script' sent to object: 'Object Repository/tA/div_A FARMER represents God,edit box'

2021-07-08 00:13:56 - [TEST_STEP][PASSED] - click(findTestObject("Page_tC Create/button_Save")): Object: 'Object Repository/Page_tC Create/button_Save' is clicked on

2021-07-08 00:13:57 - [MESSAGE][PASSED] - Object: 'Object Repository/Page_tC Create/button_Save' is clicked on

2021-07-08 00:13:57 - [TEST_STEP][PASSED] - delay(2): Delayed 2 second(s)

2021-07-08 00:13:59 - [MESSAGE][PASSED] - Delayed 2 second(s)

2021-07-08 00:13:59 - [TEST_STEP][PASSED] - if (verifyElementNotClickable(findTestObject("Page_tC Create/button_Save"), CONTINUE_ON_FAILURE)): null

2021-07-08 00:14:02 - [MESSAGE][PASSED] - Object 'Object Repository/Page_tC Create/button_Save' is NOT clickable

2021-07-08 00:14:02 - [TEST_STEP][PASSED] - logInfo(" 
 Save button is greyed out as expected"):  
 Save button is greyed out as expected

2021-07-08 00:14:02 - [MESSAGE][INFO] -  
 Save button is greyed out as expected

2021-07-08 00:14:02 - [TEST_STEP][PASSED] - click(findTestObject("Object Repository/tA/Chip_English - unfoldingWorden_taElsyLambert-tc-create-1")): Object: 'Object Repository/tA/Chip_English - unfoldingWorden_taElsyLambert-tc-create-1' is clicked on

2021-07-08 00:14:03 - [MESSAGE][PASSED] - Object: 'Object Repository/tA/Chip_English - unfoldingWorden_taElsyLambert-tc-create-1' is clicked on

2021-07-08 00:14:03 - [TEST_STEP][PASSED] - delay(2): Delayed 2 second(s)

2021-07-08 00:14:05 - [MESSAGE][PASSED] - Delayed 2 second(s)

2021-07-08 00:14:05 - [TEST_STEP][PASSED] - switchToWindowIndex(1): Switched to window with index: '1'

2021-07-08 00:14:05 - [MESSAGE][PASSED] - Switched to window with index: '1'

2021-07-08 00:14:05 - [TEST_STEP][PASSED] - if (getText(findTestObject("Object Repository/tA/h4_dcs article")).contains("test edit by the test script")): null

2021-07-08 00:14:06 - [MESSAGE][PASSED] - Text of object 'Object Repository/tA/h4_dcs article' is: 'A FARMER represents God, and the VINEYARD represents his chosen people test edit by the test script test edit by the test script test edit by the test script test edit by the test script test edit by the test script test edit by the test script'

2021-07-08 00:14:06 - [TEST_STEP][PASSED] - logInfo("
 The edits are saved on the DCS Repo File"): 
 The edits are saved on the DCS Repo File

2021-07-08 00:14:06 - [MESSAGE][INFO] - 
 The edits are saved on the DCS Repo File

2021-07-08 00:14:06 - [TEST_STEP][PASSED] - switchToWindowIndex(0): Switched to window with index: '0'

2021-07-08 00:14:06 - [MESSAGE][PASSED] - Switched to window with index: '0'

2021-07-08 00:14:06 - [TEST_STEP][PASSED] - logInfo("
 TEST PASSED:Edits are saved successfully in tA articles"): 
 TEST PASSED:Edits are saved successfully in tA articles

2021-07-08 00:14:06 - [MESSAGE][INFO] - 
 TEST PASSED:Edits are saved successfully in tA articles

2021-07-08 00:14:06 - [TEST_STEP][PASSED] - closeBrowser(): Browser is closed

2021-07-08 00:14:06 - [MESSAGE][PASSED] - Browser is closed]]></system-out>
         <system-err><![CDATA[]]></system-err>
      </testcase>
      <testcase name="Test Cases/tCC Test Cases/tN_Add New Resource" time="72.96" classname="Test Cases/tCC Test Cases/tN_Add New Resource" status="PASSED">
         <system-out><![CDATA[2021-07-08 00:14:06 - [TEST_CASE][PASSED] - Test Cases/tCC Test Cases/tN_Add New Resource: Test Cases/tCC Test Cases/tN_Add New Resource

2021-07-08 00:14:06 - [TEST_STEP][PASSED] - com.tccreate.keywords.WriteToFile.writeTofilename("tN-Add new resource"): com.tccreate.keywords.WriteToFile.writeTofilename is PASSED

2021-07-08 00:14:06 - [MESSAGE][PASSED] - com.tccreate.keywords.WriteToFile.writeTofilename is PASSED

2021-07-08 00:14:06 - [TEST_STEP][PASSED] - com.helper.login.TimeDate.getTimeDate(): com.helper.login.TimeDate.getTimeDate is PASSED

2021-07-08 00:14:06 - [MESSAGE][INFO] - Time at which the test run:2021-07-08 00:14:06.564

2021-07-08 00:14:06 - [MESSAGE][PASSED] - com.helper.login.TimeDate.getTimeDate is PASSED

2021-07-08 00:14:06 - [TEST_STEP][PASSED] - com.helper.login.loginhelper.logintoapp(): com.helper.login.loginhelper.logintoapp is PASSED

2021-07-08 00:14:06 - [MESSAGE][INFO] - Starting 'Chrome' driver

2021-07-08 00:14:06 - [MESSAGE][INFO] - Action delay is set to 1,000 milliseconds

2021-07-08 00:14:07 - [MESSAGE][WARNING] - FFmpeg was not installed! Browser Recording will be disabled. Please follow this document to install FFmpeg first: https://docs.katalon.com/katalon-studio/docs/screenshots-videos.html#browser-based-recorder

2021-07-08 00:14:09 - [MESSAGE][PASSED] - Browser is opened with url: 'https://create.translationcore.com/'

2021-07-08 00:14:10 - [MESSAGE][PASSED] - Wait for page load successfully

2021-07-08 00:14:10 - [MESSAGE][PASSED] - Current window maximized

2021-07-08 00:14:12 - [MESSAGE][PASSED] - Keys 'elsylambert' sent to object: 'Object Repository/Page_tC Create/input__username'

2021-07-08 00:14:13 - [MESSAGE][PASSED] - Keys 'fatak43' sent to object: 'Object Repository/Page_tC Create/input__password'

2021-07-08 00:14:14 - [MESSAGE][PASSED] - Object: 'Object Repository/Page_tC Create/button_Login' is clicked on

2021-07-08 00:14:15 - [MESSAGE][PASSED] - Delayed 1 second(s)

2021-07-08 00:14:16 - [MESSAGE][PASSED] - Text of object 'Object Repository/Page_tC Create/tcc-version number' is: 'translationCore Create - v1.2.1 build 55-760999c'

2021-07-08 00:14:16 - [MESSAGE][INFO] - : The current version and build number is translationCore Create - v1.2.1 build 55-760999c

2021-07-08 00:14:16 - [MESSAGE][PASSED] - com.helper.login.loginhelper.logintoapp is PASSED

2021-07-08 00:14:16 - [TEST_STEP][PASSED] - com.tccreate.keywords.selectOrg.organization(""): com.tccreate.keywords.selectOrg.organization is PASSED

2021-07-08 00:14:18 - [MESSAGE][PASSED] - Object: 'Object Repository/Page_tC Create/listOption_organisation_Parmed' is clicked on

2021-07-08 00:14:20 - [MESSAGE][WARNING] - No alert found after 2 second(s).

2021-07-08 00:14:20 - [MESSAGE][PASSED] - com.tccreate.keywords.selectOrg.organization is PASSED

2021-07-08 00:14:20 - [TEST_STEP][PASSED] - com.tccreate.keywords.selectOrg.resource("unfoldingWord速 Translation Notes"): com.tccreate.keywords.selectOrg.resource is PASSED

2021-07-08 00:14:22 - [MESSAGE][PASSED] - Object: 'Object Repository/Page_tC Create/resource_Parmed' is clicked on

2021-07-08 00:14:22 - [MESSAGE][PASSED] - com.tccreate.keywords.selectOrg.resource is PASSED

2021-07-08 00:14:22 - [TEST_STEP][PASSED] - com.tccreate.keywords.selectOrg.language(""): com.tccreate.keywords.selectOrg.language is PASSED

2021-07-08 00:14:24 - [MESSAGE][PASSED] - Object: 'Object Repository/Page_tC Create/combo_Select Language' is clicked on

2021-07-08 00:14:25 - [MESSAGE][PASSED] - Object: 'Object Repository/Page_tC Create/listOption_Language_Parmed' is clicked on

2021-07-08 00:14:25 - [MESSAGE][PASSED] - com.tccreate.keywords.selectOrg.language is PASSED

2021-07-08 00:14:25 - [TEST_STEP][PASSED] - click(findTestObject("Page_tC Create/Add new resource objects/span_en_tn_57-TIT.tsv")): Object: 'Object Repository/Page_tC Create/Add new resource objects/span_en_tn_57-TIT.tsv' is clicked on

2021-07-08 00:14:27 - [MESSAGE][PASSED] - Object: 'Object Repository/Page_tC Create/Add new resource objects/span_en_tn_57-TIT.tsv' is clicked on

2021-07-08 00:14:27 - [TEST_STEP][PASSED] - buttonstate = com.tccreate.keywords.ExpandAllScriptureToggle.toggleAllScripture("test"): com.tccreate.keywords.ExpandAllScriptureToggle.toggleAllScripture is PASSED

2021-07-08 00:14:31 - [MESSAGE][INFO] - Unable to find the element located by 'By.xpath: //*[@type = 'button' and @data-test = 'drawer-menu-close-button']'. Please recheck the objects properties to make sure the desired element is located. 

2021-07-08 00:14:31 - [MESSAGE][WARNING] - Object 'Object Repository/Page_tC Create/button_DrawerClose' is not present after 2 second(s)

2021-07-08 00:14:33 - [MESSAGE][PASSED] - Object: 'Object Repository/Page_tC Create/Hamburger Menu Button' is clicked on

2021-07-08 00:14:34 - [MESSAGE][PASSED] - Delayed 1 second(s)

2021-07-08 00:14:34 - [MESSAGE][PASSED] - Object 'Object Repository/Page_tC Create/input_Expand all Scripture_default' is checked

2021-07-08 00:14:36 - [MESSAGE][PASSED] - Object: 'Object Repository/Page_tC Create/button_DrawerClose' is clicked on

2021-07-08 00:14:36 - [MESSAGE][PASSED] - Object 'Object Repository/Page_tC Create/Hamburger Menu Button' is visible

2021-07-08 00:14:36 - [MESSAGE][PASSED] - com.tccreate.keywords.ExpandAllScriptureToggle.toggleAllScripture is PASSED

2021-07-08 00:14:36 - [TEST_STEP][PASSED] - out.println(" the state of the button is" + buttonstate): null

2021-07-08 00:14:36 - [TEST_STEP][PASSED] - delay(1): Delayed 1 second(s)

2021-07-08 00:14:37 - [MESSAGE][PASSED] - Delayed 1 second(s)

2021-07-08 00:14:37 - [TEST_STEP][PASSED] - if (buttonstate == "off"): null

2021-07-08 00:14:37 - [TEST_STEP][PASSED] - else: Parallel scripture viewer is ON

2021-07-08 00:14:37 - [TEST_STEP][PASSED] - logInfo("Parallel scripture viewer is ON"): Parallel scripture viewer is ON

2021-07-08 00:14:37 - [MESSAGE][INFO] - Parallel scripture viewer is ON

2021-07-08 00:14:37 - [TEST_STEP][PASSED] - scrollToElement(findTestObject("Page_tC Create/Add new resource objects/h6_TIT 1intro"), 2, CONTINUE_ON_FAILURE): Scroll to object 'Object Repository/Page_tC Create/Add new resource objects/h6_TIT 1intro' successfully

2021-07-08 00:14:38 - [MESSAGE][PASSED] - Scroll to object 'Object Repository/Page_tC Create/Add new resource objects/h6_TIT 1intro' successfully

2021-07-08 00:14:38 - [TEST_STEP][PASSED] - click(findTestObject("Page_tC Create/Add new resource objects/h6_Titus 11")): Object: 'Object Repository/Page_tC Create/Add new resource objects/h6_Titus 11' is clicked on

2021-07-08 00:14:39 - [MESSAGE][PASSED] - Object: 'Object Repository/Page_tC Create/Add new resource objects/h6_Titus 11' is clicked on

2021-07-08 00:14:39 - [TEST_STEP][PASSED] - verifyElementVisible(findTestObject("Page_tC Create/Add new resource objects/h6_Titus 11"), CONTINUE_ON_FAILURE): Object 'Object Repository/Page_tC Create/Add new resource objects/h6_Titus 11' is visible

2021-07-08 00:14:40 - [MESSAGE][PASSED] - Object 'Object Repository/Page_tC Create/Add new resource objects/h6_Titus 11' is visible

2021-07-08 00:14:40 - [TEST_STEP][PASSED] - click(findTestObject("Object Repository/Page_tC Create/Add new resource objects/button_Manage Versions")): Object: 'Object Repository/Page_tC Create/Add new resource objects/button_Manage Versions' is clicked on

2021-07-08 00:14:41 - [MESSAGE][PASSED] - Object: 'Object Repository/Page_tC Create/Add new resource objects/button_Manage Versions' is clicked on

2021-07-08 00:14:41 - [TEST_STEP][PASSED] - click(findTestObject("Page_tC Create/Add new resource objects/input_Resource Path_resourceUrl")): Object: 'Object Repository/Page_tC Create/Add new resource objects/input_Resource Path_resourceUrl' is clicked on

2021-07-08 00:14:43 - [MESSAGE][PASSED] - Object: 'Object Repository/Page_tC Create/Add new resource objects/input_Resource Path_resourceUrl' is clicked on

2021-07-08 00:14:43 - [TEST_STEP][PASSED] - setText(findTestObject("Page_tC Create/Add new resource objects/input_Resource Path_resourceUrl"), "Door43-Catalog/hi/ulb/master/"): Text 'Door43-Catalog/hi/ulb/master/' is set on object 'Object Repository/Page_tC Create/Add new resource objects/input_Resource Path_resourceUrl'

2021-07-08 00:14:46 - [MESSAGE][PASSED] - Text 'Door43-Catalog/hi/ulb/master/' is set on object 'Object Repository/Page_tC Create/Add new resource objects/input_Resource Path_resourceUrl'

2021-07-08 00:14:46 - [TEST_STEP][PASSED] - click(findTestObject("Object Repository/Page_tC Create/Add new resource objects/button_Add_Resource Path")): Object: 'Object Repository/Page_tC Create/Add new resource objects/button_Add_Resource Path' is clicked on

2021-07-08 00:14:47 - [MESSAGE][PASSED] - Object: 'Object Repository/Page_tC Create/Add new resource objects/button_Add_Resource Path' is clicked on

2021-07-08 00:14:47 - [TEST_STEP][PASSED] - if (verifyElementChecked(findTestObject("Object Repository/Page_tC Create/Add new resource objects/input_unfoldingWord Simplified Textv14_jss5689"), 1)): null

2021-07-08 00:14:49 - [MESSAGE][PASSED] - Object 'Object Repository/Page_tC Create/Add new resource objects/input_unfoldingWord Simplified Textv14_jss5689' is checked

2021-07-08 00:14:49 - [TEST_STEP][PASSED] - driver = getWebDriver(): null

2021-07-08 00:14:49 - [TEST_STEP][PASSED] - action = new org.openqa.selenium.interactions.Actions(driver): null

2021-07-08 00:14:49 - [TEST_STEP][PASSED] - build().perform(): null

2021-07-08 00:14:49 - [TEST_STEP][PASSED] - delay(2): Delayed 2 second(s)

2021-07-08 00:14:51 - [MESSAGE][PASSED] - Delayed 2 second(s)

2021-07-08 00:14:51 - [TEST_STEP][PASSED] - if (verifyElementVisible(findTestObject("Object Repository/Page_tC Create/Add new resource objects/Header_Unlocked Literal Bible - Hindi v5"), CONTINUE_ON_FAILURE)): null

2021-07-08 00:14:51 - [MESSAGE][PASSED] - Object 'Object Repository/Page_tC Create/Add new resource objects/Header_Unlocked Literal Bible - Hindi v5' is visible

2021-07-08 00:14:51 - [TEST_STEP][PASSED] - out.println("New Resource Header Present in the Scripture Viewer"): null

2021-07-08 00:14:51 - [TEST_STEP][PASSED] - if (verifyElementVisible(findTestObject("Object Repository/Page_tC Create/Add new resource objects/Hindi ULB Text"), CONTINUE_ON_FAILURE)): null

2021-07-08 00:14:52 - [MESSAGE][PASSED] - Object 'Object Repository/Page_tC Create/Add new resource objects/Hindi ULB Text' is visible

2021-07-08 00:14:52 - [TEST_STEP][PASSED] - logInfo(" New Resource Text added by a Relative path is Present in the Scripture Viewer"):  New Resource Text added by a Relative path is Present in the Scripture Viewer

2021-07-08 00:14:52 - [MESSAGE][INFO] -  New Resource Text added by a Relative path is Present in the Scripture Viewer

2021-07-08 00:14:52 - [TEST_STEP][PASSED] - click(findTestObject("Object Repository/Page_tC Create/Add new resource objects/button_Manage Versions")): Object: 'Object Repository/Page_tC Create/Add new resource objects/button_Manage Versions' is clicked on

2021-07-08 00:14:53 - [MESSAGE][PASSED] - Object: 'Object Repository/Page_tC Create/Add new resource objects/button_Manage Versions' is clicked on

2021-07-08 00:14:53 - [TEST_STEP][PASSED] - click(findTestObject("Page_tC Create/Add new resource objects/input_Resource Path_resourceUrl")): Object: 'Object Repository/Page_tC Create/Add new resource objects/input_Resource Path_resourceUrl' is clicked on

2021-07-08 00:14:55 - [MESSAGE][PASSED] - Object: 'Object Repository/Page_tC Create/Add new resource objects/input_Resource Path_resourceUrl' is clicked on

2021-07-08 00:14:55 - [TEST_STEP][PASSED] - setText(findTestObject("Page_tC Create/Add new resource objects/input_Resource Path_resourceUrl"), "https://git.door43.org/ru_gl/ru_rlob"): Text 'https://git.door43.org/ru_gl/ru_rlob' is set on object 'Object Repository/Page_tC Create/Add new resource objects/input_Resource Path_resourceUrl'

2021-07-08 00:14:58 - [MESSAGE][PASSED] - Text 'https://git.door43.org/ru_gl/ru_rlob' is set on object 'Object Repository/Page_tC Create/Add new resource objects/input_Resource Path_resourceUrl'

2021-07-08 00:14:58 - [TEST_STEP][PASSED] - click(findTestObject("Object Repository/Page_tC Create/Add new resource objects/button_Add_Resource Path")): Object: 'Object Repository/Page_tC Create/Add new resource objects/button_Add_Resource Path' is clicked on

2021-07-08 00:14:59 - [MESSAGE][PASSED] - Object: 'Object Repository/Page_tC Create/Add new resource objects/button_Add_Resource Path' is clicked on

2021-07-08 00:14:59 - [TEST_STEP][PASSED] - if (verifyElementChecked(findTestObject("Object Repository/Page_tC Create/Add new resource objects/input_unfoldingWord Simplified Text-Russian check box"), 1)): null

2021-07-08 00:15:01 - [MESSAGE][PASSED] - Object 'Object Repository/Page_tC Create/Add new resource objects/input_unfoldingWord Simplified Text-Russian check box' is checked

2021-07-08 00:15:01 - [TEST_STEP][PASSED] - driver = getWebDriver(): null

2021-07-08 00:15:01 - [TEST_STEP][PASSED] - action = new org.openqa.selenium.interactions.Actions(driver): null

2021-07-08 00:15:01 - [TEST_STEP][PASSED] - build().perform(): null

2021-07-08 00:15:01 - [TEST_STEP][PASSED] - delay(2): Delayed 2 second(s)

2021-07-08 00:15:03 - [MESSAGE][PASSED] - Delayed 2 second(s)

2021-07-08 00:15:03 - [TEST_STEP][PASSED] - if (verifyElementVisible(findTestObject("Object Repository/Page_tC Create/Add new resource objects/span_RLOB v1"), CONTINUE_ON_FAILURE)): null

2021-07-08 00:15:04 - [MESSAGE][PASSED] - Object 'Object Repository/Page_tC Create/Add new resource objects/span_RLOB v1' is visible

2021-07-08 00:15:04 - [TEST_STEP][PASSED] - out.println("New Resource Header Present in the Scripture Viewer"): null

2021-07-08 00:15:04 - [TEST_STEP][PASSED] - if (verifyElementVisible(findTestObject("Object Repository/Page_tC Create/Add new resource objects/div_11-russian text"), CONTINUE_ON_FAILURE)): null

2021-07-08 00:15:04 - [MESSAGE][PASSED] - Object 'Object Repository/Page_tC Create/Add new resource objects/div_11-russian text' is visible

2021-07-08 00:15:04 - [TEST_STEP][PASSED] - logInfo(" New Resource Text added by a URL is Present in the Scripture Viewer"):  New Resource Text added by a URL is Present in the Scripture Viewer

2021-07-08 00:15:04 - [MESSAGE][INFO] -  New Resource Text added by a URL is Present in the Scripture Viewer

2021-07-08 00:15:04 - [TEST_STEP][PASSED] - delay(2): Delayed 2 second(s)

2021-07-08 00:15:06 - [MESSAGE][PASSED] - Delayed 2 second(s)

2021-07-08 00:15:06 - [TEST_STEP][FAILED] - try: Unable to click on object 'Object Repository/Page_tC Create/Hamburger Menu Button' (Root cause: com.kms.katalon.core.exception.StepFailedException: Unable to click on object 'Object Repository/Page_tC Create/Hamburger Menu Button'
	at com.kms.katalon.core.webui.keyword.internal.WebUIKeywordMain.stepFailed(WebUIKeywordMain.groovy:64)
	at com.kms.katalon.core.webui.keyword.internal.WebUIKeywordMain.runKeyword(WebUIKeywordMain.groovy:26)
	at com.kms.katalon.core.webui.keyword.builtin.ClickKeyword.click(ClickKeyword.groovy:75)
	at com.kms.katalon.core.webui.keyword.builtin.ClickKeyword.execute(ClickKeyword.groovy:42)
	at com.kms.katalon.core.keyword.internal.KeywordExecutor.executeKeywordForPlatform(KeywordExecutor.groovy:73)
	at com.kms.katalon.core.webui.keyword.WebUiBuiltInKeywords.click(WebUiBuiltInKeywords.groovy:607)
	at com.kms.katalon.core.webui.keyword.WebUiBuiltInKeywords$click$7.call(Unknown Source)
	at tN_Add New Resource.run(tN_Add New Resource:143)
	at com.kms.katalon.core.main.ScriptEngine.run(ScriptEngine.java:194)
	at com.kms.katalon.core.main.ScriptEngine.runScriptAsRawText(ScriptEngine.java:119)
	at com.kms.katalon.core.main.TestCaseExecutor.runScript(TestCaseExecutor.java:398)
	at com.kms.katalon.core.main.TestCaseExecutor.doExecute(TestCaseExecutor.java:389)
	at com.kms.katalon.core.main.TestCaseExecutor.processExecutionPhase(TestCaseExecutor.java:368)
	at com.kms.katalon.core.main.TestCaseExecutor.accessMainPhase(TestCaseExecutor.java:360)
	at com.kms.katalon.core.main.TestCaseExecutor.execute(TestCaseExecutor.java:255)
	at com.kms.katalon.core.main.TestSuiteExecutor.accessTestCaseMainPhase(TestSuiteExecutor.java:203)
	at com.kms.katalon.core.main.TestSuiteExecutor.accessTestSuiteMainPhase(TestSuiteExecutor.java:152)
	at com.kms.katalon.core.main.TestSuiteExecutor.execute(TestSuiteExecutor.java:95)
	at com.kms.katalon.core.main.TestCaseMain.startTestSuite(TestCaseMain.java:157)
	at com.kms.katalon.core.main.TestCaseMain$startTestSuite$0.call(Unknown Source)
	at TempTestSuite1625717301758.run(TempTestSuite1625717301758.groovy:39)
Caused by: org.openqa.selenium.ElementClickInterceptedException: element click intercepted: Element is not clickable at point (36, -32)
  (Session info: chrome=91.0.4472.114)
Build info: version: '3.141.59', revision: 'e82be7d358', time: '2018-11-14T08:25:53'
System info: host: 'ELSYs-MacBook-Pro.local', ip: '2607:fea8:2ce3:ca00:0:0:0:7d5a%en0', os.name: 'Mac OS X', os.arch: 'x86_64', os.version: '10.16', java.version: '1.8.0_275'
Driver info: com.kms.katalon.selenium.driver.CChromeDriver
Capabilities {acceptInsecureCerts: false, browserName: chrome, browserVersion: 91.0.4472.114, chrome: {chromedriverVersion: 90.0.4430.24 (4c6d850f087da..., userDataDir: /var/folders/sf/msc8p_nx3x3...}, goog:chromeOptions: {debuggerAddress: localhost:57177}, javascriptEnabled: true, networkConnectionEnabled: false, pageLoadStrategy: normal, platform: MAC, platformName: MAC, proxy: Proxy(), setWindowRect: true, strictFileInteractability: false, timeouts: {implicit: 0, pageLoad: 300000, script: 30000}, unhandledPromptBehavior: dismiss and notify, webauthn:extension:largeBlob: true, webauthn:virtualAuthenticators: true}
Session ID: 995e59a55a19ee1d1ecc7ccb3256b761
	at org.openqa.selenium.remote.http.W3CHttpResponseCodec.createException(W3CHttpResponseCodec.java:187)
	at org.openqa.selenium.remote.http.W3CHttpResponseCodec.decode(W3CHttpResponseCodec.java:122)
	at org.openqa.selenium.remote.http.W3CHttpResponseCodec.decode(W3CHttpResponseCodec.java:49)
	at org.openqa.selenium.remote.HttpCommandExecutor.execute(HttpCommandExecutor.java:158)
	at org.openqa.selenium.remote.service.DriverCommandExecutor.execute(DriverCommandExecutor.java:83)
	at org.openqa.selenium.remote.RemoteWebDriver.execute(RemoteWebDriver.java:552)
	at com.kms.katalon.selenium.driver.CChromeDriver.execute(CChromeDriver.java:19)
	at org.openqa.selenium.remote.RemoteWebElement.execute(RemoteWebElement.java:285)
	at org.openqa.selenium.remote.RemoteWebElement.click(RemoteWebElement.java:84)
	at org.openqa.selenium.support.events.EventFiringWebDriver$EventFiringWebElement.lambda$new$0(EventFiringWebDriver.java:404)
	at com.sun.proxy.$Proxy11.click(Unknown Source)
	at org.openqa.selenium.support.events.EventFiringWebDriver$EventFiringWebElement.click(EventFiringWebDriver.java:417)
	at com.kms.katalon.core.webui.keyword.builtin.ClickKeyword$_click_closure1.doCall(ClickKeyword.groovy:68)
	at com.kms.katalon.core.webui.keyword.builtin.ClickKeyword$_click_closure1.call(ClickKeyword.groovy)
	at com.kms.katalon.core.webui.keyword.internal.WebUIKeywordMain.runKeyword(WebUIKeywordMain.groovy:20)
	at com.kms.katalon.core.webui.keyword.builtin.ClickKeyword.click(ClickKeyword.groovy:75)
	at com.kms.katalon.core.webui.keyword.builtin.ClickKeyword.execute(ClickKeyword.groovy:42)
	at com.kms.katalon.core.keyword.internal.KeywordExecutor.executeKeywordForPlatform(KeywordExecutor.groovy:73)
	at com.kms.katalon.core.webui.keyword.WebUiBuiltInKeywords.click(WebUiBuiltInKeywords.groovy:607)
	at com.kms.katalon.core.webui.keyword.WebUiBuiltInKeywords$click$7.call(Unknown Source)
	at Script1609194777899.run(Script1609194777899.groovy:143)
	... 13 more
)

2021-07-08 00:15:06 - [TEST_STEP][FAILED] - click(findTestObject("Object Repository/Page_tC Create/Hamburger Menu Button"), STOP_ON_FAILURE): Unable to click on object 'Object Repository/Page_tC Create/Hamburger Menu Button' (Root cause: com.kms.katalon.core.exception.StepFailedException: Unable to click on object 'Object Repository/Page_tC Create/Hamburger Menu Button'
	at com.kms.katalon.core.webui.keyword.internal.WebUIKeywordMain.stepFailed(WebUIKeywordMain.groovy:64)
	at com.kms.katalon.core.webui.keyword.internal.WebUIKeywordMain.runKeyword(WebUIKeywordMain.groovy:26)
	at com.kms.katalon.core.webui.keyword.builtin.ClickKeyword.click(ClickKeyword.groovy:75)
	at com.kms.katalon.core.webui.keyword.builtin.ClickKeyword.execute(ClickKeyword.groovy:42)
	at com.kms.katalon.core.keyword.internal.KeywordExecutor.executeKeywordForPlatform(KeywordExecutor.groovy:73)
	at com.kms.katalon.core.webui.keyword.WebUiBuiltInKeywords.click(WebUiBuiltInKeywords.groovy:607)
	at com.kms.katalon.core.webui.keyword.WebUiBuiltInKeywords$click$7.call(Unknown Source)
	at tN_Add New Resource.run(tN_Add New Resource:143)
	at com.kms.katalon.core.main.ScriptEngine.run(ScriptEngine.java:194)
	at com.kms.katalon.core.main.ScriptEngine.runScriptAsRawText(ScriptEngine.java:119)
	at com.kms.katalon.core.main.TestCaseExecutor.runScript(TestCaseExecutor.java:398)
	at com.kms.katalon.core.main.TestCaseExecutor.doExecute(TestCaseExecutor.java:389)
	at com.kms.katalon.core.main.TestCaseExecutor.processExecutionPhase(TestCaseExecutor.java:368)
	at com.kms.katalon.core.main.TestCaseExecutor.accessMainPhase(TestCaseExecutor.java:360)
	at com.kms.katalon.core.main.TestCaseExecutor.execute(TestCaseExecutor.java:255)
	at com.kms.katalon.core.main.TestSuiteExecutor.accessTestCaseMainPhase(TestSuiteExecutor.java:203)
	at com.kms.katalon.core.main.TestSuiteExecutor.accessTestSuiteMainPhase(TestSuiteExecutor.java:152)
	at com.kms.katalon.core.main.TestSuiteExecutor.execute(TestSuiteExecutor.java:95)
	at com.kms.katalon.core.main.TestCaseMain.startTestSuite(TestCaseMain.java:157)
	at com.kms.katalon.core.main.TestCaseMain$startTestSuite$0.call(Unknown Source)
	at TempTestSuite1625717301758.run(TempTestSuite1625717301758.groovy:39)
Caused by: org.openqa.selenium.ElementClickInterceptedException: element click intercepted: Element is not clickable at point (36, -32)
  (Session info: chrome=91.0.4472.114)
Build info: version: '3.141.59', revision: 'e82be7d358', time: '2018-11-14T08:25:53'
System info: host: 'ELSYs-MacBook-Pro.local', ip: '2607:fea8:2ce3:ca00:0:0:0:7d5a%en0', os.name: 'Mac OS X', os.arch: 'x86_64', os.version: '10.16', java.version: '1.8.0_275'
Driver info: com.kms.katalon.selenium.driver.CChromeDriver
Capabilities {acceptInsecureCerts: false, browserName: chrome, browserVersion: 91.0.4472.114, chrome: {chromedriverVersion: 90.0.4430.24 (4c6d850f087da..., userDataDir: /var/folders/sf/msc8p_nx3x3...}, goog:chromeOptions: {debuggerAddress: localhost:57177}, javascriptEnabled: true, networkConnectionEnabled: false, pageLoadStrategy: normal, platform: MAC, platformName: MAC, proxy: Proxy(), setWindowRect: true, strictFileInteractability: false, timeouts: {implicit: 0, pageLoad: 300000, script: 30000}, unhandledPromptBehavior: dismiss and notify, webauthn:extension:largeBlob: true, webauthn:virtualAuthenticators: true}
Session ID: 995e59a55a19ee1d1ecc7ccb3256b761
	at org.openqa.selenium.remote.http.W3CHttpResponseCodec.createException(W3CHttpResponseCodec.java:187)
	at org.openqa.selenium.remote.http.W3CHttpResponseCodec.decode(W3CHttpResponseCodec.java:122)
	at org.openqa.selenium.remote.http.W3CHttpResponseCodec.decode(W3CHttpResponseCodec.java:49)
	at org.openqa.selenium.remote.HttpCommandExecutor.execute(HttpCommandExecutor.java:158)
	at org.openqa.selenium.remote.service.DriverCommandExecutor.execute(DriverCommandExecutor.java:83)
	at org.openqa.selenium.remote.RemoteWebDriver.execute(RemoteWebDriver.java:552)
	at com.kms.katalon.selenium.driver.CChromeDriver.execute(CChromeDriver.java:19)
	at org.openqa.selenium.remote.RemoteWebElement.execute(RemoteWebElement.java:285)
	at org.openqa.selenium.remote.RemoteWebElement.click(RemoteWebElement.java:84)
	at org.openqa.selenium.support.events.EventFiringWebDriver$EventFiringWebElement.lambda$new$0(EventFiringWebDriver.java:404)
	at com.sun.proxy.$Proxy11.click(Unknown Source)
	at org.openqa.selenium.support.events.EventFiringWebDriver$EventFiringWebElement.click(EventFiringWebDriver.java:417)
	at com.kms.katalon.core.webui.keyword.builtin.ClickKeyword$_click_closure1.doCall(ClickKeyword.groovy:68)
	at com.kms.katalon.core.webui.keyword.builtin.ClickKeyword$_click_closure1.call(ClickKeyword.groovy)
	at com.kms.katalon.core.webui.keyword.internal.WebUIKeywordMain.runKeyword(WebUIKeywordMain.groovy:20)
	at com.kms.katalon.core.webui.keyword.builtin.ClickKeyword.click(ClickKeyword.groovy:75)
	at com.kms.katalon.core.webui.keyword.builtin.ClickKeyword.execute(ClickKeyword.groovy:42)
	at com.kms.katalon.core.keyword.internal.KeywordExecutor.executeKeywordForPlatform(KeywordExecutor.groovy:73)
	at com.kms.katalon.core.webui.keyword.WebUiBuiltInKeywords.click(WebUiBuiltInKeywords.groovy:607)
	at com.kms.katalon.core.webui.keyword.WebUiBuiltInKeywords$click$7.call(Unknown Source)
	at Script1609194777899.run(Script1609194777899.groovy:143)
	... 13 more
)

2021-07-08 00:15:09 - [MESSAGE][FAILED] - Unable to click on object 'Object Repository/Page_tC Create/Hamburger Menu Button' (Root cause: com.kms.katalon.core.exception.StepFailedException: Unable to click on object 'Object Repository/Page_tC Create/Hamburger Menu Button'
	at com.kms.katalon.core.webui.keyword.internal.WebUIKeywordMain.stepFailed(WebUIKeywordMain.groovy:64)
	at com.kms.katalon.core.webui.keyword.internal.WebUIKeywordMain.runKeyword(WebUIKeywordMain.groovy:26)
	at com.kms.katalon.core.webui.keyword.builtin.ClickKeyword.click(ClickKeyword.groovy:75)
	at com.kms.katalon.core.webui.keyword.builtin.ClickKeyword.execute(ClickKeyword.groovy:42)
	at com.kms.katalon.core.keyword.internal.KeywordExecutor.executeKeywordForPlatform(KeywordExecutor.groovy:73)
	at com.kms.katalon.core.webui.keyword.WebUiBuiltInKeywords.click(WebUiBuiltInKeywords.groovy:607)
	at com.kms.katalon.core.webui.keyword.WebUiBuiltInKeywords$click$7.call(Unknown Source)
	at tN_Add New Resource.run(tN_Add New Resource:143)
	at com.kms.katalon.core.main.ScriptEngine.run(ScriptEngine.java:194)
	at com.kms.katalon.core.main.ScriptEngine.runScriptAsRawText(ScriptEngine.java:119)
	at com.kms.katalon.core.main.TestCaseExecutor.runScript(TestCaseExecutor.java:398)
	at com.kms.katalon.core.main.TestCaseExecutor.doExecute(TestCaseExecutor.java:389)
	at com.kms.katalon.core.main.TestCaseExecutor.processExecutionPhase(TestCaseExecutor.java:368)
	at com.kms.katalon.core.main.TestCaseExecutor.accessMainPhase(TestCaseExecutor.java:360)
	at com.kms.katalon.core.main.TestCaseExecutor.execute(TestCaseExecutor.java:255)
	at com.kms.katalon.core.main.TestSuiteExecutor.accessTestCaseMainPhase(TestSuiteExecutor.java:203)
	at com.kms.katalon.core.main.TestSuiteExecutor.accessTestSuiteMainPhase(TestSuiteExecutor.java:152)
	at com.kms.katalon.core.main.TestSuiteExecutor.execute(TestSuiteExecutor.java:95)
	at com.kms.katalon.core.main.TestCaseMain.startTestSuite(TestCaseMain.java:157)
	at com.kms.katalon.core.main.TestCaseMain$startTestSuite$0.call(Unknown Source)
	at TempTestSuite1625717301758.run(TempTestSuite1625717301758.groovy:39)
Caused by: org.openqa.selenium.ElementClickInterceptedException: element click intercepted: Element is not clickable at point (36, -32)
  (Session info: chrome=91.0.4472.114)
Build info: version: '3.141.59', revision: 'e82be7d358', time: '2018-11-14T08:25:53'
System info: host: 'ELSYs-MacBook-Pro.local', ip: '2607:fea8:2ce3:ca00:0:0:0:7d5a%en0', os.name: 'Mac OS X', os.arch: 'x86_64', os.version: '10.16', java.version: '1.8.0_275'
Driver info: com.kms.katalon.selenium.driver.CChromeDriver
Capabilities {acceptInsecureCerts: false, browserName: chrome, browserVersion: 91.0.4472.114, chrome: {chromedriverVersion: 90.0.4430.24 (4c6d850f087da..., userDataDir: /var/folders/sf/msc8p_nx3x3...}, goog:chromeOptions: {debuggerAddress: localhost:57177}, javascriptEnabled: true, networkConnectionEnabled: false, pageLoadStrategy: normal, platform: MAC, platformName: MAC, proxy: Proxy(), setWindowRect: true, strictFileInteractability: false, timeouts: {implicit: 0, pageLoad: 300000, script: 30000}, unhandledPromptBehavior: dismiss and notify, webauthn:extension:largeBlob: true, webauthn:virtualAuthenticators: true}
Session ID: 995e59a55a19ee1d1ecc7ccb3256b761
	at org.openqa.selenium.remote.http.W3CHttpResponseCodec.createException(W3CHttpResponseCodec.java:187)
	at org.openqa.selenium.remote.http.W3CHttpResponseCodec.decode(W3CHttpResponseCodec.java:122)
	at org.openqa.selenium.remote.http.W3CHttpResponseCodec.decode(W3CHttpResponseCodec.java:49)
	at org.openqa.selenium.remote.HttpCommandExecutor.execute(HttpCommandExecutor.java:158)
	at org.openqa.selenium.remote.service.DriverCommandExecutor.execute(DriverCommandExecutor.java:83)
	at org.openqa.selenium.remote.RemoteWebDriver.execute(RemoteWebDriver.java:552)
	at com.kms.katalon.selenium.driver.CChromeDriver.execute(CChromeDriver.java:19)
	at org.openqa.selenium.remote.RemoteWebElement.execute(RemoteWebElement.java:285)
	at org.openqa.selenium.remote.RemoteWebElement.click(RemoteWebElement.java:84)
	at org.openqa.selenium.support.events.EventFiringWebDriver$EventFiringWebElement.lambda$new$0(EventFiringWebDriver.java:404)
	at com.sun.proxy.$Proxy11.click(Unknown Source)
	at org.openqa.selenium.support.events.EventFiringWebDriver$EventFiringWebElement.click(EventFiringWebDriver.java:417)
	at com.kms.katalon.core.webui.keyword.builtin.ClickKeyword$_click_closure1.doCall(ClickKeyword.groovy:68)
	at com.kms.katalon.core.webui.keyword.builtin.ClickKeyword$_click_closure1.call(ClickKeyword.groovy)
	at com.kms.katalon.core.webui.keyword.internal.WebUIKeywordMain.runKeyword(WebUIKeywordMain.groovy:20)
	at com.kms.katalon.core.webui.keyword.builtin.ClickKeyword.click(ClickKeyword.groovy:75)
	at com.kms.katalon.core.webui.keyword.builtin.ClickKeyword.execute(ClickKeyword.groovy:42)
	at com.kms.katalon.core.keyword.internal.KeywordExecutor.executeKeywordForPlatform(KeywordExecutor.groovy:73)
	at com.kms.katalon.core.webui.keyword.WebUiBuiltInKeywords.click(WebUiBuiltInKeywords.groovy:607)
	at com.kms.katalon.core.webui.keyword.WebUiBuiltInKeywords$click$7.call(Unknown Source)
	at Script1609194777899.run(Script1609194777899.groovy:143)
	... 13 more
)
[[ATTACHMENT|/Users/elsylitsonlambert/git/tcCreateQA/Reports/20210708_000820/Test Suite1- Regression/20210708_000821/1625717708758.png]]

2021-07-08 00:15:09 - [TEST_STEP][PASSED] - catch (Exception e): Object: 'Object Repository/Page_tC Create/button_DrawerOpen' is clicked on

2021-07-08 00:15:09 - [TEST_STEP][PASSED] - scrollToElement(findTestObject("Object Repository/Page_tC Create/chip_Repo"), 2): Scroll to object 'Object Repository/Page_tC Create/chip_Repo' successfully

2021-07-08 00:15:09 - [MESSAGE][PASSED] - Scroll to object 'Object Repository/Page_tC Create/chip_Repo' successfully

2021-07-08 00:15:09 - [TEST_STEP][PASSED] - click(findTestObject("Page_tC Create/button_DrawerOpen"), STOP_ON_FAILURE): Object: 'Object Repository/Page_tC Create/button_DrawerOpen' is clicked on

2021-07-08 00:15:10 - [MESSAGE][PASSED] - Object: 'Object Repository/Page_tC Create/button_DrawerOpen' is clicked on

2021-07-08 00:15:10 - [TEST_STEP][PASSED] - click(findTestObject("Object Repository/Page_tC Create/Add new resource objects/span_en_tn_01-GEN.tsv")): Object: 'Object Repository/Page_tC Create/Add new resource objects/span_en_tn_01-GEN.tsv' is clicked on

2021-07-08 00:15:13 - [MESSAGE][PASSED] - Object: 'Object Repository/Page_tC Create/Add new resource objects/span_en_tn_01-GEN.tsv' is clicked on

2021-07-08 00:15:13 - [TEST_STEP][PASSED] - click(findTestObject("Object Repository/Page_tC Create/button_DrawerClose")): Object: 'Object Repository/Page_tC Create/button_DrawerClose' is clicked on

2021-07-08 00:15:16 - [MESSAGE][PASSED] - Object: 'Object Repository/Page_tC Create/button_DrawerClose' is clicked on

2021-07-08 00:15:16 - [TEST_STEP][PASSED] - delay(1): Delayed 1 second(s)

2021-07-08 00:15:17 - [MESSAGE][PASSED] - Delayed 1 second(s)

2021-07-08 00:15:17 - [TEST_STEP][PASSED] - if (verifyElementVisible(findTestObject("Object Repository/Page_tC Create/Add new resource objects/h6_GEN frontintro"), CONTINUE_ON_FAILURE)): null

2021-07-08 00:15:19 - [MESSAGE][PASSED] - Object 'Object Repository/Page_tC Create/Add new resource objects/h6_GEN frontintro' is visible

2021-07-08 00:15:19 - [TEST_STEP][PASSED] - logInfo("Other Books which do not have the added resource did not crash "): Other Books which do not have the added resource did not crash 

2021-07-08 00:15:19 - [MESSAGE][INFO] - Other Books which do not have the added resource did not crash 

2021-07-08 00:15:19 - [TEST_STEP][PASSED] - closeBrowser(): Browser is closed

2021-07-08 00:15:19 - [MESSAGE][PASSED] - Browser is closed]]></system-out>
         <system-err><![CDATA[]]></system-err>
      </testcase>
      <testcase name="Test Cases/tCC Test Cases/tN_Tool Tips" time="38.045" classname="Test Cases/tCC Test Cases/tN_Tool Tips" status="PASSED">
         <system-out><![CDATA[2021-07-08 00:15:19 - [TEST_CASE][PASSED] - Test Cases/tCC Test Cases/tN_Tool Tips: Test Cases/tCC Test Cases/tN_Tool Tips

2021-07-08 00:15:19 - [TEST_STEP][PASSED] - com.tccreate.keywords.WriteToFile.writeTofilename("tN-ToolTips"): com.tccreate.keywords.WriteToFile.writeTofilename is PASSED

2021-07-08 00:15:19 - [MESSAGE][PASSED] - com.tccreate.keywords.WriteToFile.writeTofilename is PASSED

2021-07-08 00:15:19 - [TEST_STEP][PASSED] - com.helper.login.TimeDate.getTimeDate(): com.helper.login.TimeDate.getTimeDate is PASSED

2021-07-08 00:15:19 - [MESSAGE][INFO] - Time at which the test run:2021-07-08 00:15:19.478

2021-07-08 00:15:19 - [MESSAGE][PASSED] - com.helper.login.TimeDate.getTimeDate is PASSED

2021-07-08 00:15:19 - [TEST_STEP][PASSED] - com.helper.login.loginhelper.logintoapp(): com.helper.login.loginhelper.logintoapp is PASSED

2021-07-08 00:15:19 - [MESSAGE][INFO] - Starting 'Chrome' driver

2021-07-08 00:15:19 - [MESSAGE][INFO] - Action delay is set to 1,000 milliseconds

2021-07-08 00:15:20 - [MESSAGE][WARNING] - FFmpeg was not installed! Browser Recording will be disabled. Please follow this document to install FFmpeg first: https://docs.katalon.com/katalon-studio/docs/screenshots-videos.html#browser-based-recorder

2021-07-08 00:15:23 - [MESSAGE][PASSED] - Browser is opened with url: 'https://create.translationcore.com/'

2021-07-08 00:15:23 - [MESSAGE][PASSED] - Wait for page load successfully

2021-07-08 00:15:23 - [MESSAGE][PASSED] - Current window maximized

2021-07-08 00:15:25 - [MESSAGE][PASSED] - Keys 'elsylambert' sent to object: 'Object Repository/Page_tC Create/input__username'

2021-07-08 00:15:26 - [MESSAGE][PASSED] - Keys 'fatak43' sent to object: 'Object Repository/Page_tC Create/input__password'

2021-07-08 00:15:28 - [MESSAGE][PASSED] - Object: 'Object Repository/Page_tC Create/button_Login' is clicked on

2021-07-08 00:15:29 - [MESSAGE][PASSED] - Delayed 1 second(s)

2021-07-08 00:15:32 - [MESSAGE][PASSED] - Text of object 'Object Repository/Page_tC Create/tcc-version number' is: 'translationCore Create - v1.2.1 build 55-760999c'

2021-07-08 00:15:32 - [MESSAGE][INFO] - : The current version and build number is translationCore Create - v1.2.1 build 55-760999c

2021-07-08 00:15:32 - [MESSAGE][PASSED] - com.helper.login.loginhelper.logintoapp is PASSED

2021-07-08 00:15:32 - [TEST_STEP][PASSED] - com.tccreate.keywords.selectOrg.organization(""): com.tccreate.keywords.selectOrg.organization is PASSED

2021-07-08 00:15:34 - [MESSAGE][PASSED] - Object: 'Object Repository/Page_tC Create/listOption_organisation_Parmed' is clicked on

2021-07-08 00:15:36 - [MESSAGE][WARNING] - No alert found after 2 second(s).

2021-07-08 00:15:36 - [MESSAGE][PASSED] - com.tccreate.keywords.selectOrg.organization is PASSED

2021-07-08 00:15:36 - [TEST_STEP][PASSED] - com.tccreate.keywords.selectOrg.resource("unfoldingWord速 Translation Notes"): com.tccreate.keywords.selectOrg.resource is PASSED

2021-07-08 00:15:37 - [MESSAGE][PASSED] - Object: 'Object Repository/Page_tC Create/resource_Parmed' is clicked on

2021-07-08 00:15:37 - [MESSAGE][PASSED] - com.tccreate.keywords.selectOrg.resource is PASSED

2021-07-08 00:15:37 - [TEST_STEP][PASSED] - com.tccreate.keywords.selectOrg.language(""): com.tccreate.keywords.selectOrg.language is PASSED

2021-07-08 00:15:39 - [MESSAGE][PASSED] - Object: 'Object Repository/Page_tC Create/combo_Select Language' is clicked on

2021-07-08 00:15:41 - [MESSAGE][PASSED] - Object: 'Object Repository/Page_tC Create/listOption_Language_Parmed' is clicked on

2021-07-08 00:15:41 - [MESSAGE][PASSED] - com.tccreate.keywords.selectOrg.language is PASSED

2021-07-08 00:15:41 - [TEST_STEP][PASSED] - click(findTestObject("Page_tC Create/Add new resource objects/span_en_tn_57-TIT.tsv")): Object: 'Object Repository/Page_tC Create/Add new resource objects/span_en_tn_57-TIT.tsv' is clicked on

2021-07-08 00:15:43 - [MESSAGE][PASSED] - Object: 'Object Repository/Page_tC Create/Add new resource objects/span_en_tn_57-TIT.tsv' is clicked on

2021-07-08 00:15:43 - [TEST_STEP][PASSED] - testToolTip("Object Repository/Tool tips/button_Search", "Search"): null

2021-07-08 00:15:43 - [TEST_STEP][PASSED] - actualTooltip = getAttribute(findTestObject(button), "title"): Attribute 'title' of object 'Object Repository/Tool tips/button_Search' is: 'Search'

2021-07-08 00:15:47 - [MESSAGE][PASSED] - Attribute 'title' of object 'Object Repository/Tool tips/button_Search' is: 'Search'

2021-07-08 00:15:47 - [TEST_STEP][PASSED] - out.println("Actual Title of Tool Tip for button " + toolTip + " is " + actualTooltip): null

2021-07-08 00:15:47 - [TEST_STEP][PASSED] - expectedTooltip = toolTip: null

2021-07-08 00:15:47 - [TEST_STEP][PASSED] - if (actualTooltip.equals(expectedTooltip)): null

2021-07-08 00:15:47 - [TEST_STEP][PASSED] - out.println("Test Case Passed for " + toolTip): null

2021-07-08 00:15:47 - [TEST_STEP][PASSED] - testToolTip("Object Repository/Tool tips/button_Filter table", "Filter Table"): null

2021-07-08 00:15:47 - [TEST_STEP][PASSED] - actualTooltip = getAttribute(findTestObject(button), "title"): Attribute 'title' of object 'Object Repository/Tool tips/button_Filter table' is: 'Filter Table'

2021-07-08 00:15:47 - [MESSAGE][PASSED] - Attribute 'title' of object 'Object Repository/Tool tips/button_Filter table' is: 'Filter Table'

2021-07-08 00:15:47 - [TEST_STEP][PASSED] - out.println("Actual Title of Tool Tip for button " + toolTip + " is " + actualTooltip): null

2021-07-08 00:15:47 - [TEST_STEP][PASSED] - expectedTooltip = toolTip: null

2021-07-08 00:15:47 - [TEST_STEP][PASSED] - if (actualTooltip.equals(expectedTooltip)): null

2021-07-08 00:15:47 - [TEST_STEP][PASSED] - out.println("Test Case Passed for " + toolTip): null

2021-07-08 00:15:47 - [TEST_STEP][PASSED] - testToolTip("Object Repository/Tool tips/button_view columns", "View Columns"): null

2021-07-08 00:15:47 - [TEST_STEP][PASSED] - actualTooltip = getAttribute(findTestObject(button), "title"): Attribute 'title' of object 'Object Repository/Tool tips/button_view columns' is: 'View Columns'

2021-07-08 00:15:48 - [MESSAGE][PASSED] - Attribute 'title' of object 'Object Repository/Tool tips/button_view columns' is: 'View Columns'

2021-07-08 00:15:48 - [TEST_STEP][PASSED] - out.println("Actual Title of Tool Tip for button " + toolTip + " is " + actualTooltip): null

2021-07-08 00:15:48 - [TEST_STEP][PASSED] - expectedTooltip = toolTip: null

2021-07-08 00:15:48 - [TEST_STEP][PASSED] - if (actualTooltip.equals(expectedTooltip)): null

2021-07-08 00:15:48 - [TEST_STEP][PASSED] - out.println("Test Case Passed for " + toolTip): null

2021-07-08 00:15:48 - [TEST_STEP][PASSED] - testToolTip("Object Repository/Tool tips/button_Validate", "Validate"): null

2021-07-08 00:15:48 - [TEST_STEP][PASSED] - actualTooltip = getAttribute(findTestObject(button), "title"): Attribute 'title' of object 'Object Repository/Tool tips/button_Validate' is: 'Validate'

2021-07-08 00:15:48 - [MESSAGE][PASSED] - Attribute 'title' of object 'Object Repository/Tool tips/button_Validate' is: 'Validate'

2021-07-08 00:15:48 - [TEST_STEP][PASSED] - out.println("Actual Title of Tool Tip for button " + toolTip + " is " + actualTooltip): null

2021-07-08 00:15:48 - [TEST_STEP][PASSED] - expectedTooltip = toolTip: null

2021-07-08 00:15:48 - [TEST_STEP][PASSED] - if (actualTooltip.equals(expectedTooltip)): null

2021-07-08 00:15:48 - [TEST_STEP][PASSED] - out.println("Test Case Passed for " + toolTip): null

2021-07-08 00:15:48 - [TEST_STEP][PASSED] - testToolTip("Object Repository/Tool tips/button_Preview", "Preview"): null

2021-07-08 00:15:48 - [TEST_STEP][PASSED] - actualTooltip = getAttribute(findTestObject(button), "title"): Attribute 'title' of object 'Object Repository/Tool tips/button_Preview' is: 'Preview'

2021-07-08 00:15:48 - [MESSAGE][PASSED] - Attribute 'title' of object 'Object Repository/Tool tips/button_Preview' is: 'Preview'

2021-07-08 00:15:48 - [TEST_STEP][PASSED] - out.println("Actual Title of Tool Tip for button " + toolTip + " is " + actualTooltip): null

2021-07-08 00:15:48 - [TEST_STEP][PASSED] - expectedTooltip = toolTip: null

2021-07-08 00:15:48 - [TEST_STEP][PASSED] - if (actualTooltip.equals(expectedTooltip)): null

2021-07-08 00:15:48 - [TEST_STEP][PASSED] - out.println("Test Case Passed for " + toolTip): null

2021-07-08 00:15:48 - [TEST_STEP][PASSED] - testToolTip("Object Repository/Tool tips/button_add a new row", "Add a Row"): null

2021-07-08 00:15:48 - [TEST_STEP][PASSED] - actualTooltip = getAttribute(findTestObject(button), "title"): Attribute 'title' of object 'Object Repository/Tool tips/button_add a new row' is: 'Add a Row'

2021-07-08 00:15:49 - [MESSAGE][PASSED] - Attribute 'title' of object 'Object Repository/Tool tips/button_add a new row' is: 'Add a Row'

2021-07-08 00:15:49 - [TEST_STEP][PASSED] - out.println("Actual Title of Tool Tip for button " + toolTip + " is " + actualTooltip): null

2021-07-08 00:15:49 - [TEST_STEP][PASSED] - expectedTooltip = toolTip: null

2021-07-08 00:15:49 - [TEST_STEP][PASSED] - if (actualTooltip.equals(expectedTooltip)): null

2021-07-08 00:15:49 - [TEST_STEP][PASSED] - out.println("Test Case Passed for " + toolTip): null

2021-07-08 00:15:49 - [TEST_STEP][PASSED] - testToolTip("Object Repository/Tool tips/button_Delete new row", "Delete a Row"): null

2021-07-08 00:15:49 - [TEST_STEP][PASSED] - actualTooltip = getAttribute(findTestObject(button), "title"): Attribute 'title' of object 'Object Repository/Tool tips/button_Delete new row' is: 'Delete a Row'

2021-07-08 00:15:49 - [MESSAGE][PASSED] - Attribute 'title' of object 'Object Repository/Tool tips/button_Delete new row' is: 'Delete a Row'

2021-07-08 00:15:49 - [TEST_STEP][PASSED] - out.println("Actual Title of Tool Tip for button " + toolTip + " is " + actualTooltip): null

2021-07-08 00:15:49 - [TEST_STEP][PASSED] - expectedTooltip = toolTip: null

2021-07-08 00:15:49 - [TEST_STEP][PASSED] - if (actualTooltip.equals(expectedTooltip)): null

2021-07-08 00:15:49 - [TEST_STEP][PASSED] - out.println("Test Case Passed for " + toolTip): null

2021-07-08 00:15:49 - [TEST_STEP][PASSED] - testToolTip("Object Repository/Tool tips/button_Move Row Down", "Move Row Down"): null

2021-07-08 00:15:49 - [TEST_STEP][PASSED] - actualTooltip = getAttribute(findTestObject(button), "title"): Attribute 'title' of object 'Object Repository/Tool tips/button_Move Row Down' is: 'Move Row Down'

2021-07-08 00:15:49 - [MESSAGE][PASSED] - Attribute 'title' of object 'Object Repository/Tool tips/button_Move Row Down' is: 'Move Row Down'

2021-07-08 00:15:49 - [TEST_STEP][PASSED] - out.println("Actual Title of Tool Tip for button " + toolTip + " is " + actualTooltip): null

2021-07-08 00:15:49 - [TEST_STEP][PASSED] - expectedTooltip = toolTip: null

2021-07-08 00:15:49 - [TEST_STEP][PASSED] - if (actualTooltip.equals(expectedTooltip)): null

2021-07-08 00:15:49 - [TEST_STEP][PASSED] - out.println("Test Case Passed for " + toolTip): null

2021-07-08 00:15:49 - [TEST_STEP][PASSED] - testToolTip("Object Repository/Tool tips/button_Move row up", "Move Row Up"): null

2021-07-08 00:15:49 - [TEST_STEP][PASSED] - actualTooltip = getAttribute(findTestObject(button), "title"): Attribute 'title' of object 'Object Repository/Tool tips/button_Move row up' is: 'Move Row Up'

2021-07-08 00:15:50 - [MESSAGE][PASSED] - Attribute 'title' of object 'Object Repository/Tool tips/button_Move row up' is: 'Move Row Up'

2021-07-08 00:15:50 - [TEST_STEP][PASSED] - out.println("Actual Title of Tool Tip for button " + toolTip + " is " + actualTooltip): null

2021-07-08 00:15:50 - [TEST_STEP][PASSED] - expectedTooltip = toolTip: null

2021-07-08 00:15:50 - [TEST_STEP][PASSED] - if (actualTooltip.equals(expectedTooltip)): null

2021-07-08 00:15:50 - [TEST_STEP][PASSED] - out.println("Test Case Passed for " + toolTip): null

2021-07-08 00:15:50 - [TEST_STEP][PASSED] - testToolTip("Object Repository/Tool tips/button_Manage Versions", "Manage Versions"): null

2021-07-08 00:15:50 - [TEST_STEP][PASSED] - actualTooltip = getAttribute(findTestObject(button), "title"): Attribute 'title' of object 'Object Repository/Tool tips/button_Manage Versions' is: 'Manage Versions'

2021-07-08 00:15:50 - [MESSAGE][PASSED] - Attribute 'title' of object 'Object Repository/Tool tips/button_Manage Versions' is: 'Manage Versions'

2021-07-08 00:15:50 - [TEST_STEP][PASSED] - out.println("Actual Title of Tool Tip for button " + toolTip + " is " + actualTooltip): null

2021-07-08 00:15:50 - [TEST_STEP][PASSED] - expectedTooltip = toolTip: null

2021-07-08 00:15:50 - [TEST_STEP][PASSED] - if (actualTooltip.equals(expectedTooltip)): null

2021-07-08 00:15:50 - [TEST_STEP][PASSED] - out.println("Test Case Passed for " + toolTip): null

2021-07-08 00:15:50 - [TEST_STEP][PASSED] - scrollToElement(findTestObject("Object Repository/Tool tips/button_Expand chapter"), 2): Scroll to object 'Object Repository/Tool tips/button_Expand chapter' successfully

2021-07-08 00:15:51 - [MESSAGE][PASSED] - Scroll to object 'Object Repository/Tool tips/button_Expand chapter' successfully

2021-07-08 00:15:51 - [TEST_STEP][PASSED] - testToggleTip("Object Repository/Tool tips/button_Expand chapter", "Expand Chapter", "Object Repository/Tool tips/button_collapse-chapter", "Collapse Chapter"): null

2021-07-08 00:15:51 - [TEST_STEP][PASSED] - actualTooltip = getAttribute(findTestObject(button1), "title"): Attribute 'title' of object 'Object Repository/Tool tips/button_Expand chapter' is: 'Expand Chapter'

2021-07-08 00:15:51 - [MESSAGE][PASSED] - Attribute 'title' of object 'Object Repository/Tool tips/button_Expand chapter' is: 'Expand Chapter'

2021-07-08 00:15:51 - [TEST_STEP][PASSED] - out.println("Actual Title of Tool Tip for button " + toolTip + " is " + actualTooltip): null

2021-07-08 00:15:51 - [TEST_STEP][PASSED] - expectedTooltip = toolTip: null

2021-07-08 00:15:51 - [TEST_STEP][PASSED] - if (actualTooltip.equals(expectedTooltip)): null

2021-07-08 00:15:51 - [TEST_STEP][PASSED] - out.println("Test Case Passed for " + toolTip): null

2021-07-08 00:15:51 - [TEST_STEP][PASSED] - delay(2): Delayed 2 second(s)

2021-07-08 00:15:53 - [MESSAGE][PASSED] - Delayed 2 second(s)

2021-07-08 00:15:53 - [TEST_STEP][PASSED] - click(findTestObject(button1)): Object: 'Object Repository/Tool tips/button_Expand chapter' is clicked on

2021-07-08 00:15:55 - [MESSAGE][PASSED] - Object: 'Object Repository/Tool tips/button_Expand chapter' is clicked on

2021-07-08 00:15:55 - [TEST_STEP][PASSED] - button = toggleButton: null

2021-07-08 00:15:55 - [TEST_STEP][PASSED] - toggleTipTest = toggleTip: null

2021-07-08 00:15:55 - [TEST_STEP][PASSED] - out.println("Togglebutton" + button): null

2021-07-08 00:15:55 - [TEST_STEP][PASSED] - out.println("ToggleTip" + toggleTipTest): null

2021-07-08 00:15:55 - [TEST_STEP][PASSED] - delay(2): Delayed 2 second(s)

2021-07-08 00:15:57 - [MESSAGE][PASSED] - Delayed 2 second(s)

2021-07-08 00:15:57 - [TEST_STEP][PASSED] - testToolTip(button, toggleTipTest): null

2021-07-08 00:15:57 - [TEST_STEP][PASSED] - actualTooltip = getAttribute(findTestObject(button), "title"): Attribute 'title' of object 'Object Repository/Tool tips/button_collapse-chapter' is: ''

2021-07-08 00:15:57 - [MESSAGE][PASSED] - Attribute 'title' of object 'Object Repository/Tool tips/button_collapse-chapter' is: ''

2021-07-08 00:15:57 - [TEST_STEP][PASSED] - out.println("Actual Title of Tool Tip for button " + toolTip + " is " + actualTooltip): null

2021-07-08 00:15:57 - [TEST_STEP][PASSED] - expectedTooltip = toolTip: null

2021-07-08 00:15:57 - [TEST_STEP][PASSED] - if (actualTooltip.equals(expectedTooltip)): null

2021-07-08 00:15:57 - [TEST_STEP][PASSED] - else: null

2021-07-08 00:15:57 - [TEST_STEP][PASSED] - out.println("Test Case failed- Tool tips are different"): null

2021-07-08 00:15:57 - [TEST_STEP][PASSED] - closeBrowser(): Browser is closed

2021-07-08 00:15:57 - [MESSAGE][PASSED] - Browser is closed]]></system-out>
         <system-err><![CDATA[]]></system-err>
      </testcase>
      <testcase name="Test Cases/tCC Test Cases/tA buttons funtions" time="33.853" classname="Test Cases/tCC Test Cases/tA buttons funtions" status="PASSED">
         <system-out><![CDATA[2021-07-08 00:15:57 - [TEST_CASE][PASSED] - Test Cases/tCC Test Cases/tA buttons funtions: Test Cases/tCC Test Cases/tA buttons funtions

2021-07-08 00:15:57 - [TEST_STEP][PASSED] - com.tccreate.keywords.WriteToFile.writeTofilename("tA-buttons"): com.tccreate.keywords.WriteToFile.writeTofilename is PASSED

2021-07-08 00:15:57 - [MESSAGE][PASSED] - com.tccreate.keywords.WriteToFile.writeTofilename is PASSED

2021-07-08 00:15:57 - [TEST_STEP][PASSED] - com.helper.login.TimeDate.getTimeDate(): com.helper.login.TimeDate.getTimeDate is PASSED

2021-07-08 00:15:57 - [MESSAGE][INFO] - Time at which the test run:2021-07-08 00:15:57.527

2021-07-08 00:15:57 - [MESSAGE][PASSED] - com.helper.login.TimeDate.getTimeDate is PASSED

2021-07-08 00:15:57 - [TEST_STEP][PASSED] - com.helper.login.loginhelper.logintoapp(): com.helper.login.loginhelper.logintoapp is PASSED

2021-07-08 00:15:57 - [MESSAGE][INFO] - Starting 'Chrome' driver

2021-07-08 00:15:57 - [MESSAGE][INFO] - Action delay is set to 1,000 milliseconds

2021-07-08 00:15:58 - [MESSAGE][WARNING] - FFmpeg was not installed! Browser Recording will be disabled. Please follow this document to install FFmpeg first: https://docs.katalon.com/katalon-studio/docs/screenshots-videos.html#browser-based-recorder

2021-07-08 00:16:00 - [MESSAGE][PASSED] - Browser is opened with url: 'https://create.translationcore.com/'

2021-07-08 00:16:00 - [MESSAGE][PASSED] - Wait for page load successfully

2021-07-08 00:16:01 - [MESSAGE][PASSED] - Current window maximized

2021-07-08 00:16:02 - [MESSAGE][PASSED] - Keys 'elsylambert' sent to object: 'Object Repository/Page_tC Create/input__username'

2021-07-08 00:16:04 - [MESSAGE][PASSED] - Keys 'fatak43' sent to object: 'Object Repository/Page_tC Create/input__password'

2021-07-08 00:16:05 - [MESSAGE][PASSED] - Object: 'Object Repository/Page_tC Create/button_Login' is clicked on

2021-07-08 00:16:06 - [MESSAGE][PASSED] - Delayed 1 second(s)

2021-07-08 00:16:07 - [MESSAGE][PASSED] - Text of object 'Object Repository/Page_tC Create/tcc-version number' is: 'translationCore Create - v1.2.1 build 55-760999c'

2021-07-08 00:16:07 - [MESSAGE][INFO] - : The current version and build number is translationCore Create - v1.2.1 build 55-760999c

2021-07-08 00:16:07 - [MESSAGE][PASSED] - com.helper.login.loginhelper.logintoapp is PASSED

2021-07-08 00:16:07 - [TEST_STEP][PASSED] - com.tccreate.keywords.selectOrg.organization(""): com.tccreate.keywords.selectOrg.organization is PASSED

2021-07-08 00:16:09 - [MESSAGE][PASSED] - Object: 'Object Repository/Page_tC Create/listOption_organisation_Parmed' is clicked on

2021-07-08 00:16:12 - [MESSAGE][WARNING] - No alert found after 2 second(s).

2021-07-08 00:16:12 - [MESSAGE][PASSED] - com.tccreate.keywords.selectOrg.organization is PASSED

2021-07-08 00:16:12 - [TEST_STEP][PASSED] - com.tccreate.keywords.selectOrg.resource("unfoldingWord速 Translation Academy"): com.tccreate.keywords.selectOrg.resource is PASSED

2021-07-08 00:16:13 - [MESSAGE][PASSED] - Object: 'Object Repository/Page_tC Create/resource_Parmed' is clicked on

2021-07-08 00:16:13 - [MESSAGE][PASSED] - com.tccreate.keywords.selectOrg.resource is PASSED

2021-07-08 00:16:13 - [TEST_STEP][PASSED] - com.tccreate.keywords.selectOrg.language(""): com.tccreate.keywords.selectOrg.language is PASSED

2021-07-08 00:16:15 - [MESSAGE][PASSED] - Object: 'Object Repository/Page_tC Create/combo_Select Language' is clicked on

2021-07-08 00:16:16 - [MESSAGE][PASSED] - Object: 'Object Repository/Page_tC Create/listOption_Language_Parmed' is clicked on

2021-07-08 00:16:16 - [MESSAGE][PASSED] - com.tccreate.keywords.selectOrg.language is PASSED

2021-07-08 00:16:16 - [TEST_STEP][PASSED] - click(findTestObject("Page_tC Create/span_translate")): Object: 'Object Repository/Page_tC Create/span_translate' is clicked on

2021-07-08 00:16:18 - [MESSAGE][PASSED] - Object: 'Object Repository/Page_tC Create/span_translate' is clicked on

2021-07-08 00:16:18 - [TEST_STEP][PASSED] - click(findTestObject("Object Repository/Page_tC Create/span_bita-farming")): Object: 'Object Repository/Page_tC Create/span_bita-farming' is clicked on

2021-07-08 00:16:20 - [MESSAGE][PASSED] - Object: 'Object Repository/Page_tC Create/span_bita-farming' is clicked on

2021-07-08 00:16:20 - [TEST_STEP][PASSED] - click(findTestObject("Object Repository/Page_tC Create/span_01.md")): Object: 'Object Repository/Page_tC Create/span_01.md' is clicked on

2021-07-08 00:16:22 - [MESSAGE][PASSED] - Object: 'Object Repository/Page_tC Create/span_01.md' is clicked on

2021-07-08 00:16:22 - [TEST_STEP][PASSED] - click(findTestObject("Object Repository/tA/button_Sections")): Object: 'Object Repository/tA/button_Sections' is clicked on

2021-07-08 00:16:25 - [MESSAGE][PASSED] - Object: 'Object Repository/tA/button_Sections' is clicked on

2021-07-08 00:16:25 - [TEST_STEP][PASSED] - if (verifyElementNotPresent(findTestObject("Object Repository/tA/div_A FARMER represents God, collapse tab"), 2, CONTINUE_ON_FAILURE)): null

2021-07-08 00:16:26 - [MESSAGE][PASSED] - Web element with id: 'Object Repository/tA/div_A FARMER represents God, collapse tab' located by 'By.xpath: //div[@id='root']/div/div/div/div[2]/div[2]/div[2]/div/div[2]' is not present after '2' second(s)

2021-07-08 00:16:26 - [TEST_STEP][PASSED] - logInfo("Collapsable Sections are not visible and is expanded as expected 
"): Collapsable Sections are not visible and is expanded as expected 


2021-07-08 00:16:26 - [MESSAGE][INFO] - Collapsable Sections are not visible and is expanded as expected 


2021-07-08 00:16:26 - [TEST_STEP][PASSED] - if (getText(findTestObject("Object Repository/tA/p_My well section")).contains("My well beloved had a vineyard")): null

2021-07-08 00:16:26 - [MESSAGE][PASSED] - Text of object 'Object Repository/tA/p_My well section' is: 'My well beloved had a vineyard on a very fertile hill.
He spaded it, removed the stones, and planted it with an excellent kind of vine.
He built a tower in the middle of it, and also built a winepress.
He waited for it to produce grapes, but it only produced wild grapes. (Isaiah 5:1-2)'

2021-07-08 00:16:26 - [TEST_STEP][PASSED] - logInfo("Section is expanded as expected and text is visible 
"): Section is expanded as expected and text is visible 


2021-07-08 00:16:26 - [MESSAGE][INFO] - Section is expanded as expected and text is visible 


2021-07-08 00:16:26 - [TEST_STEP][PASSED] - click(findTestObject("Object Repository/tA/button_Blocks")): Object: 'Object Repository/tA/button_Blocks' is clicked on

2021-07-08 00:16:28 - [MESSAGE][PASSED] - Object: 'Object Repository/tA/button_Blocks' is clicked on

2021-07-08 00:16:28 - [TEST_STEP][PASSED] - click(findTestObject("Object Repository/tA/button_Preview")): Object: 'Object Repository/tA/button_Preview' is clicked on

2021-07-08 00:16:30 - [MESSAGE][PASSED] - Object: 'Object Repository/tA/button_Preview' is clicked on

2021-07-08 00:16:30 - [TEST_STEP][PASSED] - if (getText(findTestObject("Object Repository/tA/block in preview mode")).contains(">")): null

2021-07-08 00:16:31 - [MESSAGE][PASSED] - Text of object 'Object Repository/tA/block in preview mode' is: 'Some common [metonymies](../figs-metonymy/01.md) and [metaphors](../figs-metaphor/01.md) from the Bible relating to farming are listed below in alphabetical order. The word in all capital letters identifies an Image that represents an Idea. The specific word of the Image may not appear in every verse that uses the Image, but the text will communicate somehow the concept of the Image.

#### A FARMER represents God, and the VINEYARD represents his chosen people test edit by the test script test edit by the test script test edit by the test script test edit by the test script test edit by the test script test edit by the test script

> My well beloved had a **vineyard** on a very fertile hill.
> He spaded it, removed the stones, and planted it with an excellent kind of vine.
> He built a tower in the middle of it, and also built a winepress.
> He waited for it to produce grapes, but it only produced wild grapes. (Isaiah 5:1-2)
>
> For the kingdom of heaven is like a landowner who went out early in the morning to hire workers for his **vineyard**. (Matthew 20:1 ULT)
>
> There was a man, a landowner. He planted a **vineyard**, set a hedge about it, dug a winepress in it, built a watchtower, and rented it out to vine growers. Then he went into another country. (Matthew 21:33 ULT)

#### The GROUND represents peoples hearts (inner being)

> For Yahweh says this to each person in Judah and Jerusalem: Plow your own **ground**, and do not sow among thorns. (Jeremiah 4:3 ULT)
>
> When anyone hears the word of the kingdom but does not understand it  This is the seed that was sown **beside the road**. That which was sown on **rocky ground** is the person who hears the word and immediately receives it with joy  That which was sown **among the thorn plants**, this is the person who hears the word, but the cares of the world and the deceitfulness of riches choke the word That which was sown on the **good soil**, this is the person who hears the word and understands it. (Matthew 13:19-23 ULT)
>
> Break up your **unplowed ground**,
> for it is time to seek Yahweh. (Hosea 10:12 ULT)

#### SOWING represents actions or attitudes, and REAPING represents judgment or reward

> According to what I have seen, those who plow iniquity and **sow** trouble **reap** it. (Job 4:8 ULT)
>
> Do not be deceived. God is not mocked, for whatever a man **plants**, that he will also **gather** in. For he who **plants** seed to his own sinful nature, from the sinful nature **will gathe**r in destruction. But the one who **plants** seed to the Spirit, from the Spirit **will gather** in eternal life. (Galatians 6:7-8 ULT)

#### THRESHING and WINNOWING represent the separation of evil people from good people

After farmers harvest wheat and other types of grain, they bring them to a **threshing floor**, a flat place with hard ground, and have oxen pull heavy wheeled carts or sleds without wheels over the grain to **thresh** it, to separate the usable grains from the useless chaff. Then they take large forks and **winnow** the threshed grain by throwing it up in the air so the wind can carry off the chaff (waste) while the grains fall back to the threshing floor, where they can be gathered and used for food. (See thresh and winnow pages in [unfoldingWord速 Translation Words](http://ufw.io/tw/) for help translating thresh and winnow.)

> So I will **winnow** them with a pitchfork at the gates of the land. I will bereave them. I will destroy my people since they will not turn from their ways. (Jeremiah 15:7 ULT)
>
> His **winnowing fork** is in his hand to thoroughly clear off his **threshing floor** and to gather the wheat into his storehouse. But he will burn up the chaff with unquenchable fire. (Luke 3:17 ULT)

#### GRAFTING represents Gods allowing the Gentiles to become his people

> For if you were cut out of what is by nature a wild olive tree, and contrary to nature were **grafted** into a good olive tree, how much more will these Jews, who are the natural branches, be **grafted** back into their own olive tree? For I do not want you to be unaware, brothers, of this mystery, in order that you will not be wise in your own thinking. This mystery is that a partial hardening has occurred in Israel, until the completion of the Gentiles come in. (Romans 11:24-25 ULT)

#### RAIN represents Gods gifts to his people

>  he comes and **rains** righteousness on you. (Hosea 10:12b ULT)
>
> For the land that drinks in the **rain** that often comes on it, and that produces plants useful to those for whom the land was also cultivated, receives a blessing from God. But land that bears thorns and thistles is worthless and is about to be cursed. Its end is to be burned. (Hebrews 6:7-8 ULT)
>
> So be patient, brothers, until the Lords coming. See, the farmer awaits the valuable harvest from the ground. He is patiently waiting for it, until it receives the early and late **rains**. (James 5:7 ULT)'

2021-07-08 00:16:31 - [TEST_STEP][PASSED] - logInfo("Preview mode is ON as expected 
"): Preview mode is ON as expected 


2021-07-08 00:16:31 - [MESSAGE][INFO] - Preview mode is ON as expected 


2021-07-08 00:16:31 - [TEST_STEP][PASSED] - closeBrowser(): Browser is closed

2021-07-08 00:16:31 - [MESSAGE][PASSED] - Browser is closed]]></system-out>
         <system-err><![CDATA[]]></system-err>
      </testcase>
      <testcase name="Test Cases/tCC Test Cases/tCC Test OBS-tQ" time="37.281" classname="Test Cases/tCC Test Cases/tCC Test OBS-tQ" status="PASSED">
         <system-out><![CDATA[2021-07-08 00:16:31 - [TEST_CASE][PASSED] - Test Cases/tCC Test Cases/tCC Test OBS-tQ: Test Cases/tCC Test Cases/tCC Test OBS-tQ

2021-07-08 00:16:31 - [TEST_STEP][PASSED] - com.tccreate.keywords.WriteToFile.writeTofilename("OBS-tQ-Save"): com.tccreate.keywords.WriteToFile.writeTofilename is PASSED

2021-07-08 00:16:31 - [MESSAGE][PASSED] - com.tccreate.keywords.WriteToFile.writeTofilename is PASSED

2021-07-08 00:16:31 - [TEST_STEP][PASSED] - com.helper.login.TimeDate.getTimeDate(): com.helper.login.TimeDate.getTimeDate is PASSED

2021-07-08 00:16:31 - [MESSAGE][INFO] - Time at which the test run:2021-07-08 00:16:31.389

2021-07-08 00:16:31 - [MESSAGE][PASSED] - com.helper.login.TimeDate.getTimeDate is PASSED

2021-07-08 00:16:31 - [TEST_STEP][PASSED] - com.helper.login.loginhelper.logintoapp(): com.helper.login.loginhelper.logintoapp is PASSED

2021-07-08 00:16:31 - [MESSAGE][INFO] - Starting 'Chrome' driver

2021-07-08 00:16:31 - [MESSAGE][INFO] - Action delay is set to 1,000 milliseconds

2021-07-08 00:16:32 - [MESSAGE][WARNING] - FFmpeg was not installed! Browser Recording will be disabled. Please follow this document to install FFmpeg first: https://docs.katalon.com/katalon-studio/docs/screenshots-videos.html#browser-based-recorder

2021-07-08 00:16:34 - [MESSAGE][PASSED] - Browser is opened with url: 'https://create.translationcore.com/'

2021-07-08 00:16:34 - [MESSAGE][PASSED] - Wait for page load successfully

2021-07-08 00:16:34 - [MESSAGE][PASSED] - Current window maximized

2021-07-08 00:16:36 - [MESSAGE][PASSED] - Keys 'elsylambert' sent to object: 'Object Repository/Page_tC Create/input__username'

2021-07-08 00:16:38 - [MESSAGE][PASSED] - Keys 'fatak43' sent to object: 'Object Repository/Page_tC Create/input__password'

2021-07-08 00:16:39 - [MESSAGE][PASSED] - Object: 'Object Repository/Page_tC Create/button_Login' is clicked on

2021-07-08 00:16:40 - [MESSAGE][PASSED] - Delayed 1 second(s)

2021-07-08 00:16:42 - [MESSAGE][PASSED] - Text of object 'Object Repository/Page_tC Create/tcc-version number' is: 'translationCore Create - v1.2.1 build 55-760999c'

2021-07-08 00:16:42 - [MESSAGE][INFO] - : The current version and build number is translationCore Create - v1.2.1 build 55-760999c

2021-07-08 00:16:42 - [MESSAGE][PASSED] - com.helper.login.loginhelper.logintoapp is PASSED

2021-07-08 00:16:42 - [TEST_STEP][PASSED] - com.tccreate.keywords.selectOrg.organization(""): com.tccreate.keywords.selectOrg.organization is PASSED

2021-07-08 00:16:44 - [MESSAGE][PASSED] - Object: 'Object Repository/Page_tC Create/listOption_organisation_Parmed' is clicked on

2021-07-08 00:16:46 - [MESSAGE][WARNING] - No alert found after 2 second(s).

2021-07-08 00:16:46 - [MESSAGE][PASSED] - com.tccreate.keywords.selectOrg.organization is PASSED

2021-07-08 00:16:46 - [TEST_STEP][PASSED] - com.tccreate.keywords.selectOrg.resource("unfoldingWord速 Open Bible Stories Translation Questions"): com.tccreate.keywords.selectOrg.resource is PASSED

2021-07-08 00:16:47 - [MESSAGE][PASSED] - Object: 'Object Repository/Page_tC Create/resource_Parmed' is clicked on

2021-07-08 00:16:47 - [MESSAGE][PASSED] - com.tccreate.keywords.selectOrg.resource is PASSED

2021-07-08 00:16:47 - [TEST_STEP][PASSED] - com.tccreate.keywords.selectOrg.language(""): com.tccreate.keywords.selectOrg.language is PASSED

2021-07-08 00:16:49 - [MESSAGE][PASSED] - Object: 'Object Repository/Page_tC Create/combo_Select Language' is clicked on

2021-07-08 00:16:50 - [MESSAGE][PASSED] - Object: 'Object Repository/Page_tC Create/listOption_Language_Parmed' is clicked on

2021-07-08 00:16:50 - [MESSAGE][PASSED] - com.tccreate.keywords.selectOrg.language is PASSED

2021-07-08 00:16:51 - [TEST_STEP][PASSED] - click(findTestObject("Object Repository/OBS-tn/div_content")): Object: 'Object Repository/OBS-tn/div_content' is clicked on

2021-07-08 00:16:52 - [MESSAGE][PASSED] - Object: 'Object Repository/OBS-tn/div_content' is clicked on

2021-07-08 00:16:52 - [TEST_STEP][PASSED] - click(findTestObject("Object Repository/OBS-tn/span_02")): Object: 'Object Repository/OBS-tn/span_02' is clicked on

2021-07-08 00:16:54 - [MESSAGE][PASSED] - Object: 'Object Repository/OBS-tn/span_02' is clicked on

2021-07-08 00:16:54 - [TEST_STEP][PASSED] - click(findTestObject("Object Repository/OBS-tn/span_01.md")): Object: 'Object Repository/OBS-tn/span_01.md' is clicked on

2021-07-08 00:16:56 - [MESSAGE][PASSED] - Object: 'Object Repository/OBS-tn/span_01.md' is clicked on

2021-07-08 00:16:56 - [TEST_STEP][PASSED] - click(findTestObject("Object Repository/obs-tq/div_question edit box")): Object: 'Object Repository/obs-tq/div_question edit box' is clicked on

2021-07-08 00:16:59 - [MESSAGE][PASSED] - Object: 'Object Repository/obs-tq/div_question edit box' is clicked on

2021-07-08 00:16:59 - [TEST_STEP][PASSED] - sendKeys(findTestObject("Object Repository/obs-tq/div_question edit box"), "  edits by a test script"): Keys '  edits by a test script' sent to object: 'Object Repository/obs-tq/div_question edit box'

2021-07-08 00:17:00 - [MESSAGE][PASSED] - Keys '  edits by a test script' sent to object: 'Object Repository/obs-tq/div_question edit box'

2021-07-08 00:17:00 - [TEST_STEP][PASSED] - click(findTestObject("Object Repository/Page_tC Create/button_Save")): Object: 'Object Repository/Page_tC Create/button_Save' is clicked on

2021-07-08 00:17:02 - [MESSAGE][PASSED] - Object: 'Object Repository/Page_tC Create/button_Save' is clicked on

2021-07-08 00:17:02 - [TEST_STEP][PASSED] - delay(2): Delayed 2 second(s)

2021-07-08 00:17:04 - [MESSAGE][PASSED] - Delayed 2 second(s)

2021-07-08 00:17:04 - [TEST_STEP][PASSED] - if (verifyElementNotClickable(findTestObject("Page_tC Create/button_Save"), CONTINUE_ON_FAILURE)): null

2021-07-08 00:17:04 - [MESSAGE][PASSED] - Object 'Object Repository/Page_tC Create/button_Save' is NOT clickable

2021-07-08 00:17:04 - [TEST_STEP][PASSED] - logInfo(" Save button is greyed out as expected"):  Save button is greyed out as expected

2021-07-08 00:17:04 - [MESSAGE][INFO] -  Save button is greyed out as expected

2021-07-08 00:17:04 - [TEST_STEP][PASSED] - click(findTestObject("Object Repository/obs-tq/span_English - unfoldingWorden_obs-tqElsyLambert-tc-create-1")): Object: 'Object Repository/obs-tq/span_English - unfoldingWorden_obs-tqElsyLambert-tc-create-1' is clicked on

2021-07-08 00:17:06 - [MESSAGE][PASSED] - Object: 'Object Repository/obs-tq/span_English - unfoldingWorden_obs-tqElsyLambert-tc-create-1' is clicked on

2021-07-08 00:17:06 - [TEST_STEP][PASSED] - delay(2): Delayed 2 second(s)

2021-07-08 00:17:08 - [MESSAGE][PASSED] - Delayed 2 second(s)

2021-07-08 00:17:08 - [TEST_STEP][PASSED] - switchToWindowIndex(1): Switched to window with index: '1'

2021-07-08 00:17:08 - [MESSAGE][PASSED] - Switched to window with index: '1'

2021-07-08 00:17:08 - [TEST_STEP][PASSED] - if (getText(findTestObject("Object Repository/obs-tq/h1_DCS Repo question")).contains("edits by a test script")): null

2021-07-08 00:17:08 - [MESSAGE][PASSED] - Text of object 'Object Repository/obs-tq/h1_DCS Repo question' is: 'Why were Adam and Eve not    edits by a test script  edits by a test script edits by a test  edits by a test script  edits by a test script scriptashamed that they were naked?'

2021-07-08 00:17:08 - [TEST_STEP][PASSED] - logInfo("The edits are saved on the DCS Repo File"): The edits are saved on the DCS Repo File

2021-07-08 00:17:08 - [MESSAGE][INFO] - The edits are saved on the DCS Repo File

2021-07-08 00:17:08 - [TEST_STEP][PASSED] - switchToWindowIndex(0): Switched to window with index: '0'

2021-07-08 00:17:08 - [MESSAGE][PASSED] - Switched to window with index: '0'

2021-07-08 00:17:08 - [TEST_STEP][PASSED] - closeBrowser(): Browser is closed

2021-07-08 00:17:08 - [MESSAGE][PASSED] - Browser is closed

2021-07-08 00:17:08 - [TEST_STEP][PASSED] - closeBrowser(): Browser is closed

2021-07-08 00:17:08 - [MESSAGE][PASSED] - Browser is closed]]></system-out>
         <system-err><![CDATA[]]></system-err>
      </testcase>
      <testcase name="Test Cases/tCC Test Cases/tCC-Test OBS-tn" time="38.24" classname="Test Cases/tCC Test Cases/tCC-Test OBS-tn" status="PASSED">
         <system-out><![CDATA[2021-07-08 00:17:08 - [TEST_CASE][PASSED] - Test Cases/tCC Test Cases/tCC-Test OBS-tn: Test Cases/tCC Test Cases/tCC-Test OBS-tn

2021-07-08 00:17:08 - [TEST_STEP][PASSED] - com.tccreate.keywords.WriteToFile.writeTofilename("OBS-tN-Save"): com.tccreate.keywords.WriteToFile.writeTofilename is PASSED

2021-07-08 00:17:08 - [MESSAGE][PASSED] - com.tccreate.keywords.WriteToFile.writeTofilename is PASSED

2021-07-08 00:17:08 - [TEST_STEP][PASSED] - com.helper.login.TimeDate.getTimeDate(): com.helper.login.TimeDate.getTimeDate is PASSED

2021-07-08 00:17:08 - [MESSAGE][INFO] - Time at which the test run:2021-07-08 00:17:08.67

2021-07-08 00:17:08 - [MESSAGE][PASSED] - com.helper.login.TimeDate.getTimeDate is PASSED

2021-07-08 00:17:08 - [TEST_STEP][PASSED] - com.helper.login.loginhelper.logintoapp(): com.helper.login.loginhelper.logintoapp is PASSED

2021-07-08 00:17:08 - [MESSAGE][INFO] - Starting 'Chrome' driver

2021-07-08 00:17:08 - [MESSAGE][INFO] - Action delay is set to 1,000 milliseconds

2021-07-08 00:17:09 - [MESSAGE][WARNING] - FFmpeg was not installed! Browser Recording will be disabled. Please follow this document to install FFmpeg first: https://docs.katalon.com/katalon-studio/docs/screenshots-videos.html#browser-based-recorder

2021-07-08 00:17:11 - [MESSAGE][PASSED] - Browser is opened with url: 'https://create.translationcore.com/'

2021-07-08 00:17:12 - [MESSAGE][PASSED] - Wait for page load successfully

2021-07-08 00:17:12 - [MESSAGE][PASSED] - Current window maximized

2021-07-08 00:17:13 - [MESSAGE][PASSED] - Keys 'elsylambert' sent to object: 'Object Repository/Page_tC Create/input__username'

2021-07-08 00:17:15 - [MESSAGE][PASSED] - Keys 'fatak43' sent to object: 'Object Repository/Page_tC Create/input__password'

2021-07-08 00:17:16 - [MESSAGE][PASSED] - Object: 'Object Repository/Page_tC Create/button_Login' is clicked on

2021-07-08 00:17:17 - [MESSAGE][PASSED] - Delayed 1 second(s)

2021-07-08 00:17:19 - [MESSAGE][PASSED] - Text of object 'Object Repository/Page_tC Create/tcc-version number' is: 'translationCore Create - v1.2.1 build 55-760999c'

2021-07-08 00:17:19 - [MESSAGE][INFO] - : The current version and build number is translationCore Create - v1.2.1 build 55-760999c

2021-07-08 00:17:19 - [MESSAGE][PASSED] - com.helper.login.loginhelper.logintoapp is PASSED

2021-07-08 00:17:19 - [TEST_STEP][PASSED] - com.tccreate.keywords.selectOrg.organization(""): com.tccreate.keywords.selectOrg.organization is PASSED

2021-07-08 00:17:21 - [MESSAGE][PASSED] - Object: 'Object Repository/Page_tC Create/listOption_organisation_Parmed' is clicked on

2021-07-08 00:17:23 - [MESSAGE][WARNING] - No alert found after 2 second(s).

2021-07-08 00:17:23 - [MESSAGE][PASSED] - com.tccreate.keywords.selectOrg.organization is PASSED

2021-07-08 00:17:23 - [TEST_STEP][PASSED] - com.tccreate.keywords.selectOrg.resource("unfoldingWord速 Open Bible Stories Translation Notes"): com.tccreate.keywords.selectOrg.resource is PASSED

2021-07-08 00:17:24 - [MESSAGE][PASSED] - Object: 'Object Repository/Page_tC Create/resource_Parmed' is clicked on

2021-07-08 00:17:24 - [MESSAGE][PASSED] - com.tccreate.keywords.selectOrg.resource is PASSED

2021-07-08 00:17:24 - [TEST_STEP][PASSED] - com.tccreate.keywords.selectOrg.language(""): com.tccreate.keywords.selectOrg.language is PASSED

2021-07-08 00:17:26 - [MESSAGE][PASSED] - Object: 'Object Repository/Page_tC Create/combo_Select Language' is clicked on

2021-07-08 00:17:28 - [MESSAGE][PASSED] - Object: 'Object Repository/Page_tC Create/listOption_Language_Parmed' is clicked on

2021-07-08 00:17:28 - [MESSAGE][PASSED] - com.tccreate.keywords.selectOrg.language is PASSED

2021-07-08 00:17:28 - [TEST_STEP][PASSED] - click(findTestObject("Object Repository/OBS-tn/div_content")): Object: 'Object Repository/OBS-tn/div_content' is clicked on

2021-07-08 00:17:30 - [MESSAGE][PASSED] - Object: 'Object Repository/OBS-tn/div_content' is clicked on

2021-07-08 00:17:30 - [TEST_STEP][PASSED] - click(findTestObject("Object Repository/OBS-tn/span_02")): Object: 'Object Repository/OBS-tn/span_02' is clicked on

2021-07-08 00:17:32 - [MESSAGE][PASSED] - Object: 'Object Repository/OBS-tn/span_02' is clicked on

2021-07-08 00:17:32 - [TEST_STEP][PASSED] - click(findTestObject("Object Repository/OBS-tn/span_01.md")): Object: 'Object Repository/OBS-tn/span_01.md' is clicked on

2021-07-08 00:17:34 - [MESSAGE][PASSED] - Object: 'Object Repository/OBS-tn/span_01.md' is clicked on

2021-07-08 00:17:34 - [TEST_STEP][PASSED] - click(findTestObject("Object Repository/OBS-tn/div_the beautiful garden edits box")): Object: 'Object Repository/OBS-tn/div_the beautiful garden edits box' is clicked on

2021-07-08 00:17:36 - [MESSAGE][PASSED] - Object: 'Object Repository/OBS-tn/div_the beautiful garden edits box' is clicked on

2021-07-08 00:17:36 - [TEST_STEP][PASSED] - sendKeys(findTestObject("Object Repository/OBS-tn/div_the beautiful garden edits box"), "  edits by a test script"): Keys '  edits by a test script' sent to object: 'Object Repository/OBS-tn/div_the beautiful garden edits box'

2021-07-08 00:17:38 - [MESSAGE][PASSED] - Keys '  edits by a test script' sent to object: 'Object Repository/OBS-tn/div_the beautiful garden edits box'

2021-07-08 00:17:38 - [TEST_STEP][PASSED] - click(findTestObject("Object Repository/Page_tC Create/button_Save")): Object: 'Object Repository/Page_tC Create/button_Save' is clicked on

2021-07-08 00:17:39 - [MESSAGE][PASSED] - Object: 'Object Repository/Page_tC Create/button_Save' is clicked on

2021-07-08 00:17:39 - [TEST_STEP][PASSED] - delay(2): Delayed 2 second(s)

2021-07-08 00:17:41 - [MESSAGE][PASSED] - Delayed 2 second(s)

2021-07-08 00:17:41 - [TEST_STEP][PASSED] - if (verifyElementNotClickable(findTestObject("Page_tC Create/button_Save"), CONTINUE_ON_FAILURE)): null

2021-07-08 00:17:42 - [MESSAGE][PASSED] - Object 'Object Repository/Page_tC Create/button_Save' is NOT clickable

2021-07-08 00:17:42 - [TEST_STEP][PASSED] - logInfo(" Save button is greyed out as expected"):  Save button is greyed out as expected

2021-07-08 00:17:42 - [MESSAGE][INFO] -  Save button is greyed out as expected

2021-07-08 00:17:42 - [TEST_STEP][PASSED] - click(findTestObject("Object Repository/OBS-tn/div_English - unfoldingWorden_obs-tnElsyLambert-tc-create-1")): Object: 'Object Repository/OBS-tn/div_English - unfoldingWorden_obs-tnElsyLambert-tc-create-1' is clicked on

2021-07-08 00:17:44 - [MESSAGE][PASSED] - Object: 'Object Repository/OBS-tn/div_English - unfoldingWorden_obs-tnElsyLambert-tc-create-1' is clicked on

2021-07-08 00:17:44 - [TEST_STEP][PASSED] - delay(2): Delayed 2 second(s)

2021-07-08 00:17:46 - [MESSAGE][PASSED] - Delayed 2 second(s)

2021-07-08 00:17:46 - [TEST_STEP][PASSED] - switchToWindowIndex(1): Switched to window with index: '1'

2021-07-08 00:17:46 - [MESSAGE][PASSED] - Switched to window with index: '1'

2021-07-08 00:17:46 - [TEST_STEP][PASSED] - if (getText(findTestObject("Object Repository/OBS-tn/h1_the beautiful garden on DCS")).contains("edits by a test script")): null

2021-07-08 00:17:46 - [MESSAGE][PASSED] - Text of object 'Object Repository/OBS-tn/h1_the beautiful garden on DCS' is: 'Home
Catalog
About DCS
Help
Register
Sign In
unfoldingWord
/
en_obs-tn
v9
Catalog
v9
Watch
3
Star
1
Fork
12
Files
Issues
Pull Requests
1
Releases
6
Activity
Preview
unfoldingWord速 Open Bible Stories Translation Notes https://www.openbiblestories.org/
239 Commits
8 Branches
6 Tags
14 MiB
English (en)
  Branch: ElsyLambert-tc-create-1
en_obs-tn/content/02/01.md
709 B
Raw
Permalink
Blame
History
the beautiful garden  edits by  edits by a test script  edits by a test script  edits by a test script  edits by a test script a test script
This refers to a special collection of trees and plants that God prepared for Adam and Eve to enjoy and from which to eat. This should be the same word that was used in 01:11. See how you translated it there.
shame
the feeling that comes with knowing we have sinned or that we fall short in some way
talked with God
The word for talk should be the same as would be used to refer to talking to a human being. God may have taken a physical form to talk to the man and the woman since the text indicates that they talked to him face-to-face.
Except where otherwise noted, content on DCS is licensed under a CC BY-SA 4.0 License
English
Licenses API unfoldingWord'

2021-07-08 00:17:46 - [TEST_STEP][PASSED] - logInfo("The edits are saved on the DCS Repo File"): The edits are saved on the DCS Repo File

2021-07-08 00:17:46 - [MESSAGE][INFO] - The edits are saved on the DCS Repo File

2021-07-08 00:17:46 - [TEST_STEP][PASSED] - switchToWindowIndex(0): Switched to window with index: '0'

2021-07-08 00:17:46 - [MESSAGE][PASSED] - Switched to window with index: '0'

2021-07-08 00:17:46 - [TEST_STEP][PASSED] - closeBrowser(): Browser is closed

2021-07-08 00:17:46 - [MESSAGE][PASSED] - Browser is closed

2021-07-08 00:17:46 - [TEST_STEP][PASSED] - closeBrowser(): Browser is closed

2021-07-08 00:17:46 - [MESSAGE][PASSED] - Browser is closed]]></system-out>
         <system-err><![CDATA[]]></system-err>
      </testcase>
      <testcase name="Test Cases/tCC Test Cases/tCC Test OBS Study Notes" time="36.987" classname="Test Cases/tCC Test Cases/tCC Test OBS Study Notes" status="PASSED">
         <system-out><![CDATA[2021-07-08 00:17:46 - [TEST_CASE][PASSED] - Test Cases/tCC Test Cases/tCC Test OBS Study Notes: Test Cases/tCC Test Cases/tCC Test OBS Study Notes

2021-07-08 00:17:46 - [TEST_STEP][PASSED] - com.tccreate.keywords.WriteToFile.writeTofilename("OBS-sn-Save"): com.tccreate.keywords.WriteToFile.writeTofilename is PASSED

2021-07-08 00:17:46 - [MESSAGE][PASSED] - com.tccreate.keywords.WriteToFile.writeTofilename is PASSED

2021-07-08 00:17:46 - [TEST_STEP][PASSED] - com.helper.login.TimeDate.getTimeDate(): com.helper.login.TimeDate.getTimeDate is PASSED

2021-07-08 00:17:46 - [MESSAGE][INFO] - Time at which the test run:2021-07-08 00:17:46.912

2021-07-08 00:17:46 - [MESSAGE][PASSED] - com.helper.login.TimeDate.getTimeDate is PASSED

2021-07-08 00:17:46 - [TEST_STEP][PASSED] - com.helper.login.loginhelper.logintoapp(): com.helper.login.loginhelper.logintoapp is PASSED

2021-07-08 00:17:46 - [MESSAGE][INFO] - Starting 'Chrome' driver

2021-07-08 00:17:46 - [MESSAGE][INFO] - Action delay is set to 1,000 milliseconds

2021-07-08 00:17:48 - [MESSAGE][WARNING] - FFmpeg was not installed! Browser Recording will be disabled. Please follow this document to install FFmpeg first: https://docs.katalon.com/katalon-studio/docs/screenshots-videos.html#browser-based-recorder

2021-07-08 00:17:50 - [MESSAGE][PASSED] - Browser is opened with url: 'https://create.translationcore.com/'

2021-07-08 00:17:50 - [MESSAGE][PASSED] - Wait for page load successfully

2021-07-08 00:17:50 - [MESSAGE][PASSED] - Current window maximized

2021-07-08 00:17:52 - [MESSAGE][PASSED] - Keys 'elsylambert' sent to object: 'Object Repository/Page_tC Create/input__username'

2021-07-08 00:17:53 - [MESSAGE][PASSED] - Keys 'fatak43' sent to object: 'Object Repository/Page_tC Create/input__password'

2021-07-08 00:17:55 - [MESSAGE][PASSED] - Object: 'Object Repository/Page_tC Create/button_Login' is clicked on

2021-07-08 00:17:56 - [MESSAGE][PASSED] - Delayed 1 second(s)

2021-07-08 00:17:57 - [MESSAGE][PASSED] - Text of object 'Object Repository/Page_tC Create/tcc-version number' is: 'translationCore Create - v1.2.1 build 55-760999c'

2021-07-08 00:17:57 - [MESSAGE][INFO] - : The current version and build number is translationCore Create - v1.2.1 build 55-760999c

2021-07-08 00:17:57 - [MESSAGE][PASSED] - com.helper.login.loginhelper.logintoapp is PASSED

2021-07-08 00:17:57 - [TEST_STEP][PASSED] - com.tccreate.keywords.selectOrg.organization(""): com.tccreate.keywords.selectOrg.organization is PASSED

2021-07-08 00:17:59 - [MESSAGE][PASSED] - Object: 'Object Repository/Page_tC Create/listOption_organisation_Parmed' is clicked on

2021-07-08 00:18:01 - [MESSAGE][WARNING] - No alert found after 2 second(s).

2021-07-08 00:18:01 - [MESSAGE][PASSED] - com.tccreate.keywords.selectOrg.organization is PASSED

2021-07-08 00:18:01 - [TEST_STEP][PASSED] - com.tccreate.keywords.selectOrg.resource("unfoldingWord速 Open Bible Stories Study Notes"): com.tccreate.keywords.selectOrg.resource is PASSED

2021-07-08 00:18:02 - [MESSAGE][PASSED] - Object: 'Object Repository/Page_tC Create/resource_Parmed' is clicked on

2021-07-08 00:18:02 - [MESSAGE][PASSED] - com.tccreate.keywords.selectOrg.resource is PASSED

2021-07-08 00:18:02 - [TEST_STEP][PASSED] - com.tccreate.keywords.selectOrg.language(""): com.tccreate.keywords.selectOrg.language is PASSED

2021-07-08 00:18:04 - [MESSAGE][PASSED] - Object: 'Object Repository/Page_tC Create/combo_Select Language' is clicked on

2021-07-08 00:18:05 - [MESSAGE][PASSED] - Object: 'Object Repository/Page_tC Create/listOption_Language_Parmed' is clicked on

2021-07-08 00:18:05 - [MESSAGE][PASSED] - com.tccreate.keywords.selectOrg.language is PASSED

2021-07-08 00:18:05 - [TEST_STEP][PASSED] - click(findTestObject("Object Repository/OBS-tn/div_content")): Object: 'Object Repository/OBS-tn/div_content' is clicked on

2021-07-08 00:18:07 - [MESSAGE][PASSED] - Object: 'Object Repository/OBS-tn/div_content' is clicked on

2021-07-08 00:18:07 - [TEST_STEP][PASSED] - click(findTestObject("Object Repository/OBS-tn/span_02")): Object: 'Object Repository/OBS-tn/span_02' is clicked on

2021-07-08 00:18:09 - [MESSAGE][PASSED] - Object: 'Object Repository/OBS-tn/span_02' is clicked on

2021-07-08 00:18:09 - [TEST_STEP][PASSED] - click(findTestObject("Object Repository/OBS-tn/span_02.md")): Object: 'Object Repository/OBS-tn/span_02.md' is clicked on

2021-07-08 00:18:12 - [MESSAGE][PASSED] - Object: 'Object Repository/OBS-tn/span_02.md' is clicked on

2021-07-08 00:18:12 - [TEST_STEP][PASSED] - click(findTestObject("Object Repository/obs-sn/div_a snake edit box")): Object: 'Object Repository/obs-sn/div_a snake edit box' is clicked on

2021-07-08 00:18:14 - [MESSAGE][PASSED] - Object: 'Object Repository/obs-sn/div_a snake edit box' is clicked on

2021-07-08 00:18:14 - [TEST_STEP][PASSED] - sendKeys(findTestObject("Object Repository/obs-sn/div_a snake edit box"), "  edits by a test script"): Keys '  edits by a test script' sent to object: 'Object Repository/obs-sn/div_a snake edit box'

2021-07-08 00:18:15 - [MESSAGE][PASSED] - Keys '  edits by a test script' sent to object: 'Object Repository/obs-sn/div_a snake edit box'

2021-07-08 00:18:15 - [TEST_STEP][PASSED] - click(findTestObject("Object Repository/Page_tC Create/button_Save")): Object: 'Object Repository/Page_tC Create/button_Save' is clicked on

2021-07-08 00:18:17 - [MESSAGE][PASSED] - Object: 'Object Repository/Page_tC Create/button_Save' is clicked on

2021-07-08 00:18:17 - [TEST_STEP][PASSED] - delay(2): Delayed 2 second(s)

2021-07-08 00:18:19 - [MESSAGE][PASSED] - Delayed 2 second(s)

2021-07-08 00:18:19 - [TEST_STEP][PASSED] - if (verifyElementNotClickable(findTestObject("Page_tC Create/button_Save"), CONTINUE_ON_FAILURE)): null

2021-07-08 00:18:19 - [MESSAGE][PASSED] - Object 'Object Repository/Page_tC Create/button_Save' is NOT clickable

2021-07-08 00:18:19 - [TEST_STEP][PASSED] - logInfo(" Save button is greyed out as expected"):  Save button is greyed out as expected

2021-07-08 00:18:19 - [MESSAGE][INFO] -  Save button is greyed out as expected

2021-07-08 00:18:19 - [TEST_STEP][PASSED] - click(findTestObject("Object Repository/obs-sn/div_English - unfoldingWorden_obs-snElsyLambert-tc-create-1")): Object: 'Object Repository/obs-sn/div_English - unfoldingWorden_obs-snElsyLambert-tc-create-1' is clicked on

2021-07-08 00:18:21 - [MESSAGE][PASSED] - Object: 'Object Repository/obs-sn/div_English - unfoldingWorden_obs-snElsyLambert-tc-create-1' is clicked on

2021-07-08 00:18:21 - [TEST_STEP][PASSED] - delay(2): Delayed 2 second(s)

2021-07-08 00:18:23 - [MESSAGE][PASSED] - Delayed 2 second(s)

2021-07-08 00:18:23 - [TEST_STEP][PASSED] - switchToWindowIndex(1): Switched to window with index: '1'

2021-07-08 00:18:23 - [MESSAGE][PASSED] - Switched to window with index: '1'

2021-07-08 00:18:23 - [TEST_STEP][PASSED] - if (getText(findTestObject("Object Repository/obs-sn/h1_a snake DCS page")).contains("edits by a test script")): null

2021-07-08 00:18:23 - [MESSAGE][PASSED] - Text of object 'Object Repository/obs-sn/h1_a snake DCS page' is: 'Home
Catalog
About DCS
Help
Register
Sign In
unfoldingWord
/
en_obs-sn
v4
Catalog
v4
Watch
9
Star
1
Fork
3
Files
Issues
Pull Requests
1
Releases
4
Activity
Preview
unfoldingWord速 Open Bible Stories Study Notes
188 Commits
3 Branches
4 Tags
2.2 MiB
English (en)
  Branch: ElsyLambert-tc-create-1
en_obs-sn/content/02/02.md
522 B
Raw
Permalink
Blame
History
a snake  edits by a test script   edits by a test script  edits by a test script  edits by a test script edits by a test script
Some scholars think the snake represents Satan. Other scholars think the snake was a real snake, and that Satan was the one who was speaking through it.
Did God really tell you not to eat the fruit from any of the trees in the garden?
The snake asked this question to cause the woman to think about the things that God told her not to do, instead of the things he said she could do.
Except where otherwise noted, content on DCS is licensed under a CC BY-SA 4.0 License
English
Licenses API unfoldingWord'

2021-07-08 00:18:23 - [TEST_STEP][PASSED] - logInfo("The edits are saved on the DCS Repo File"): The edits are saved on the DCS Repo File

2021-07-08 00:18:23 - [MESSAGE][INFO] - The edits are saved on the DCS Repo File

2021-07-08 00:18:23 - [TEST_STEP][PASSED] - switchToWindowIndex(0): Switched to window with index: '0'

2021-07-08 00:18:23 - [MESSAGE][PASSED] - Switched to window with index: '0'

2021-07-08 00:18:23 - [TEST_STEP][PASSED] - closeBrowser(): Browser is closed

2021-07-08 00:18:23 - [MESSAGE][PASSED] - Browser is closed

2021-07-08 00:18:23 - [TEST_STEP][PASSED] - closeBrowser(): Browser is closed

2021-07-08 00:18:23 - [MESSAGE][PASSED] - Browser is closed]]></system-out>
         <system-err><![CDATA[]]></system-err>
      </testcase>
      <testcase name="Test Cases/tCC Test Cases/Tool Tips - tA" time="86.343" classname="Test Cases/tCC Test Cases/Tool Tips - tA" status="FAILED">
         <failure type="FAILED" message="Test Cases/tCC Test Cases/Tool Tips - tA FAILED.
Reason:
com.kms.katalon.core.exception.StepFailedException: Unable to get attribute 'title' of object 'Object Repository/Tool tips/button_No Sections' (Root cause: com.kms.katalon.core.exception.StepFailedException: Unable to get attribute 'title' of object 'Object Repository/Tool tips/button_No Sections'
	at com.kms.katalon.core.webui.keyword.internal.WebUIKeywordMain.stepFailed(WebUIKeywordMain.groovy:64)
	at com.kms.katalon.core.webui.keyword.internal.WebUIKeywordMain.runKeyword(WebUIKeywordMain.groovy:26)
	at com.kms.katalon.core.webui.keyword.builtin.GetAttributeKeyword.getAttribute(GetAttributeKeyword.groovy:93)
	at com.kms.katalon.core.webui.keyword.builtin.GetAttributeKeyword.execute(GetAttributeKeyword.groovy:68)
	at com.kms.katalon.core.keyword.internal.KeywordExecutor.executeKeywordForPlatform(KeywordExecutor.groovy:73)
	at com.kms.katalon.core.webui.keyword.WebUiBuiltInKeywords.getAttribute(WebUiBuiltInKeywords.groovy:950)
	at com.kms.katalon.core.webui.keyword.WebUiBuiltInKeywords$getAttribute$13.call(Unknown Source)
	at Tool Tips - tA.testToolTip(Tool Tips - tA:41)
	at Tool Tips - tA.testToggleTip(Tool Tips - tA:95)
	at Tool Tips - tA.run(Tool Tips - tA:31)
	at com.kms.katalon.core.main.ScriptEngine.run(ScriptEngine.java:194)
	at com.kms.katalon.core.main.ScriptEngine.runScriptAsRawText(ScriptEngine.java:119)
	at com.kms.katalon.core.main.TestCaseExecutor.runScript(TestCaseExecutor.java:398)
	at com.kms.katalon.core.main.TestCaseExecutor.doExecute(TestCaseExecutor.java:389)
	at com.kms.katalon.core.main.TestCaseExecutor.processExecutionPhase(TestCaseExecutor.java:368)
	at com.kms.katalon.core.main.TestCaseExecutor.accessMainPhase(TestCaseExecutor.java:360)
	at com.kms.katalon.core.main.TestCaseExecutor.execute(TestCaseExecutor.java:255)
	at com.kms.katalon.core.main.TestSuiteExecutor.accessTestCaseMainPhase(TestSuiteExecutor.java:203)
	at com.kms.katalon.core.main.TestSuiteExecutor.accessTestSuiteMainPhase(TestSuiteExecutor.java:152)
	at com.kms.katalon.core.main.TestSuiteExecutor.execute(TestSuiteExecutor.java:95)
	at com.kms.katalon.core.main.TestCaseMain.startTestSuite(TestCaseMain.java:157)
	at com.kms.katalon.core.main.TestCaseMain$startTestSuite$0.call(Unknown Source)
	at TempTestSuite1625717301758.run(TempTestSuite1625717301758.groovy:39)
Caused by: com.kms.katalon.core.webui.exception.WebElementNotFoundException: Web element with id: 'Object Repository/Tool tips/button_No Sections' located by '//*[@type = 'button' and @title = 'No Sections']' not found
	at com.kms.katalon.core.webui.common.WebUiCommonHelper.findWebElement(WebUiCommonHelper.java:1368)
	at com.kms.katalon.core.webui.keyword.internal.WebUIAbstractKeyword.findWebElement(WebUIAbstractKeyword.groovy:27)
	at com.kms.katalon.core.webui.keyword.internal.WebUIAbstractKeyword.findWebElement(WebUIAbstractKeyword.groovy:26)
	at com.kms.katalon.core.webui.keyword.builtin.GetAttributeKeyword$_getAttribute_closure1.doCall(GetAttributeKeyword.groovy:83)
	at com.kms.katalon.core.webui.keyword.builtin.GetAttributeKeyword$_getAttribute_closure1.call(GetAttributeKeyword.groovy)
	at com.kms.katalon.core.webui.keyword.internal.WebUIKeywordMain.runKeyword(WebUIKeywordMain.groovy:20)
	at com.kms.katalon.core.webui.keyword.builtin.GetAttributeKeyword.getAttribute(GetAttributeKeyword.groovy:93)
	at com.kms.katalon.core.webui.keyword.builtin.GetAttributeKeyword.execute(GetAttributeKeyword.groovy:68)
	at com.kms.katalon.core.keyword.internal.KeywordExecutor.executeKeywordForPlatform(KeywordExecutor.groovy:73)
	at com.kms.katalon.core.webui.keyword.WebUiBuiltInKeywords.getAttribute(WebUiBuiltInKeywords.groovy:950)
	at com.kms.katalon.core.webui.keyword.WebUiBuiltInKeywords$getAttribute$13.call(Unknown Source)
	at Script1613662810777.testToolTip(Script1613662810777.groovy:41)
	at Script1613662810777.testToggleTip(Script1613662810777.groovy:95)
	at Script1613662810777.run(Script1613662810777.groovy:31)
	... 13 more
)
	at com.kms.katalon.core.keyword.internal.KeywordMain.stepFailed(KeywordMain.groovy:39)
	at com.kms.katalon.core.webui.keyword.internal.WebUIKeywordMain.stepFailed(WebUIKeywordMain.groovy:64)
	at com.kms.katalon.core.webui.keyword.internal.WebUIKeywordMain.runKeyword(WebUIKeywordMain.groovy:26)
	at com.kms.katalon.core.webui.keyword.builtin.GetAttributeKeyword.getAttribute(GetAttributeKeyword.groovy:93)
	at com.kms.katalon.core.webui.keyword.builtin.GetAttributeKeyword.execute(GetAttributeKeyword.groovy:68)
	at com.kms.katalon.core.keyword.internal.KeywordExecutor.executeKeywordForPlatform(KeywordExecutor.groovy:73)
	at com.kms.katalon.core.webui.keyword.WebUiBuiltInKeywords.getAttribute(WebUiBuiltInKeywords.groovy:950)
	at com.kms.katalon.core.webui.keyword.WebUiBuiltInKeywords$getAttribute$13.call(Unknown Source)
	at Tool Tips - tA.testToolTip(Tool Tips - tA:41)
	at Tool Tips - tA.testToggleTip(Tool Tips - tA:95)
	at Tool Tips - tA.run(Tool Tips - tA:31)
	at com.kms.katalon.core.main.ScriptEngine.run(ScriptEngine.java:194)
	at com.kms.katalon.core.main.ScriptEngine.runScriptAsRawText(ScriptEngine.java:119)
	at com.kms.katalon.core.main.TestCaseExecutor.runScript(TestCaseExecutor.java:398)
	at com.kms.katalon.core.main.TestCaseExecutor.doExecute(TestCaseExecutor.java:389)
	at com.kms.katalon.core.main.TestCaseExecutor.processExecutionPhase(TestCaseExecutor.java:368)
	at com.kms.katalon.core.main.TestCaseExecutor.accessMainPhase(TestCaseExecutor.java:360)
	at com.kms.katalon.core.main.TestCaseExecutor.execute(TestCaseExecutor.java:255)
	at com.kms.katalon.core.main.TestSuiteExecutor.accessTestCaseMainPhase(TestSuiteExecutor.java:203)
	at com.kms.katalon.core.main.TestSuiteExecutor.accessTestSuiteMainPhase(TestSuiteExecutor.java:152)
	at com.kms.katalon.core.main.TestSuiteExecutor.execute(TestSuiteExecutor.java:95)
	at com.kms.katalon.core.main.TestCaseMain.startTestSuite(TestCaseMain.java:157)
	at com.kms.katalon.core.main.TestCaseMain$startTestSuite$0.call(Unknown Source)
	at TempTestSuite1625717301758.run(TempTestSuite1625717301758.groovy:39)
Caused by: com.kms.katalon.core.exception.StepFailedException: Unable to get attribute 'title' of object 'Object Repository/Tool tips/button_No Sections'
	... 23 more
Caused by: com.kms.katalon.core.webui.exception.WebElementNotFoundException: Web element with id: 'Object Repository/Tool tips/button_No Sections' located by '//*[@type = 'button' and @title = 'No Sections']' not found
	at com.kms.katalon.core.webui.common.WebUiCommonHelper.findWebElement(WebUiCommonHelper.java:1368)
	at com.kms.katalon.core.webui.keyword.internal.WebUIAbstractKeyword.findWebElement(WebUIAbstractKeyword.groovy:27)
	at com.kms.katalon.core.webui.keyword.internal.WebUIAbstractKeyword.findWebElement(WebUIAbstractKeyword.groovy:26)
	at com.kms.katalon.core.webui.keyword.builtin.GetAttributeKeyword$_getAttribute_closure1.doCall(GetAttributeKeyword.groovy:83)
	at com.kms.katalon.core.webui.keyword.builtin.GetAttributeKeyword$_getAttribute_closure1.call(GetAttributeKeyword.groovy)
	at com.kms.katalon.core.webui.keyword.internal.WebUIKeywordMain.runKeyword(WebUIKeywordMain.groovy:20)
	... 21 more
"/>
         <system-out><![CDATA[2021-07-08 00:18:23 - [TEST_CASE][FAILED] - Test Cases/tCC Test Cases/Tool Tips - tA: Test Cases/tCC Test Cases/Tool Tips - tA FAILED.
Reason:
com.kms.katalon.core.exception.StepFailedException: Unable to get attribute 'title' of object 'Object Repository/Tool tips/button_No Sections' (Root cause: com.kms.katalon.core.exception.StepFailedException: Unable to get attribute 'title' of object 'Object Repository/Tool tips/button_No Sections'
	at com.kms.katalon.core.webui.keyword.internal.WebUIKeywordMain.stepFailed(WebUIKeywordMain.groovy:64)
	at com.kms.katalon.core.webui.keyword.internal.WebUIKeywordMain.runKeyword(WebUIKeywordMain.groovy:26)
	at com.kms.katalon.core.webui.keyword.builtin.GetAttributeKeyword.getAttribute(GetAttributeKeyword.groovy:93)
	at com.kms.katalon.core.webui.keyword.builtin.GetAttributeKeyword.execute(GetAttributeKeyword.groovy:68)
	at com.kms.katalon.core.keyword.internal.KeywordExecutor.executeKeywordForPlatform(KeywordExecutor.groovy:73)
	at com.kms.katalon.core.webui.keyword.WebUiBuiltInKeywords.getAttribute(WebUiBuiltInKeywords.groovy:950)
	at com.kms.katalon.core.webui.keyword.WebUiBuiltInKeywords$getAttribute$13.call(Unknown Source)
	at Tool Tips - tA.testToolTip(Tool Tips - tA:41)
	at Tool Tips - tA.testToggleTip(Tool Tips - tA:95)
	at Tool Tips - tA.run(Tool Tips - tA:31)
	at com.kms.katalon.core.main.ScriptEngine.run(ScriptEngine.java:194)
	at com.kms.katalon.core.main.ScriptEngine.runScriptAsRawText(ScriptEngine.java:119)
	at com.kms.katalon.core.main.TestCaseExecutor.runScript(TestCaseExecutor.java:398)
	at com.kms.katalon.core.main.TestCaseExecutor.doExecute(TestCaseExecutor.java:389)
	at com.kms.katalon.core.main.TestCaseExecutor.processExecutionPhase(TestCaseExecutor.java:368)
	at com.kms.katalon.core.main.TestCaseExecutor.accessMainPhase(TestCaseExecutor.java:360)
	at com.kms.katalon.core.main.TestCaseExecutor.execute(TestCaseExecutor.java:255)
	at com.kms.katalon.core.main.TestSuiteExecutor.accessTestCaseMainPhase(TestSuiteExecutor.java:203)
	at com.kms.katalon.core.main.TestSuiteExecutor.accessTestSuiteMainPhase(TestSuiteExecutor.java:152)
	at com.kms.katalon.core.main.TestSuiteExecutor.execute(TestSuiteExecutor.java:95)
	at com.kms.katalon.core.main.TestCaseMain.startTestSuite(TestCaseMain.java:157)
	at com.kms.katalon.core.main.TestCaseMain$startTestSuite$0.call(Unknown Source)
	at TempTestSuite1625717301758.run(TempTestSuite1625717301758.groovy:39)
Caused by: com.kms.katalon.core.webui.exception.WebElementNotFoundException: Web element with id: 'Object Repository/Tool tips/button_No Sections' located by '//*[@type = 'button' and @title = 'No Sections']' not found
	at com.kms.katalon.core.webui.common.WebUiCommonHelper.findWebElement(WebUiCommonHelper.java:1368)
	at com.kms.katalon.core.webui.keyword.internal.WebUIAbstractKeyword.findWebElement(WebUIAbstractKeyword.groovy:27)
	at com.kms.katalon.core.webui.keyword.internal.WebUIAbstractKeyword.findWebElement(WebUIAbstractKeyword.groovy:26)
	at com.kms.katalon.core.webui.keyword.builtin.GetAttributeKeyword$_getAttribute_closure1.doCall(GetAttributeKeyword.groovy:83)
	at com.kms.katalon.core.webui.keyword.builtin.GetAttributeKeyword$_getAttribute_closure1.call(GetAttributeKeyword.groovy)
	at com.kms.katalon.core.webui.keyword.internal.WebUIKeywordMain.runKeyword(WebUIKeywordMain.groovy:20)
	at com.kms.katalon.core.webui.keyword.builtin.GetAttributeKeyword.getAttribute(GetAttributeKeyword.groovy:93)
	at com.kms.katalon.core.webui.keyword.builtin.GetAttributeKeyword.execute(GetAttributeKeyword.groovy:68)
	at com.kms.katalon.core.keyword.internal.KeywordExecutor.executeKeywordForPlatform(KeywordExecutor.groovy:73)
	at com.kms.katalon.core.webui.keyword.WebUiBuiltInKeywords.getAttribute(WebUiBuiltInKeywords.groovy:950)
	at com.kms.katalon.core.webui.keyword.WebUiBuiltInKeywords$getAttribute$13.call(Unknown Source)
	at Script1613662810777.testToolTip(Script1613662810777.groovy:41)
	at Script1613662810777.testToggleTip(Script1613662810777.groovy:95)
	at Script1613662810777.run(Script1613662810777.groovy:31)
	... 13 more
)
	at com.kms.katalon.core.keyword.internal.KeywordMain.stepFailed(KeywordMain.groovy:39)
	at com.kms.katalon.core.webui.keyword.internal.WebUIKeywordMain.stepFailed(WebUIKeywordMain.groovy:64)
	at com.kms.katalon.core.webui.keyword.internal.WebUIKeywordMain.runKeyword(WebUIKeywordMain.groovy:26)
	at com.kms.katalon.core.webui.keyword.builtin.GetAttributeKeyword.getAttribute(GetAttributeKeyword.groovy:93)
	at com.kms.katalon.core.webui.keyword.builtin.GetAttributeKeyword.execute(GetAttributeKeyword.groovy:68)
	at com.kms.katalon.core.keyword.internal.KeywordExecutor.executeKeywordForPlatform(KeywordExecutor.groovy:73)
	at com.kms.katalon.core.webui.keyword.WebUiBuiltInKeywords.getAttribute(WebUiBuiltInKeywords.groovy:950)
	at com.kms.katalon.core.webui.keyword.WebUiBuiltInKeywords$getAttribute$13.call(Unknown Source)
	at Tool Tips - tA.testToolTip(Tool Tips - tA:41)
	at Tool Tips - tA.testToggleTip(Tool Tips - tA:95)
	at Tool Tips - tA.run(Tool Tips - tA:31)
	at com.kms.katalon.core.main.ScriptEngine.run(ScriptEngine.java:194)
	at com.kms.katalon.core.main.ScriptEngine.runScriptAsRawText(ScriptEngine.java:119)
	at com.kms.katalon.core.main.TestCaseExecutor.runScript(TestCaseExecutor.java:398)
	at com.kms.katalon.core.main.TestCaseExecutor.doExecute(TestCaseExecutor.java:389)
	at com.kms.katalon.core.main.TestCaseExecutor.processExecutionPhase(TestCaseExecutor.java:368)
	at com.kms.katalon.core.main.TestCaseExecutor.accessMainPhase(TestCaseExecutor.java:360)
	at com.kms.katalon.core.main.TestCaseExecutor.execute(TestCaseExecutor.java:255)
	at com.kms.katalon.core.main.TestSuiteExecutor.accessTestCaseMainPhase(TestSuiteExecutor.java:203)
	at com.kms.katalon.core.main.TestSuiteExecutor.accessTestSuiteMainPhase(TestSuiteExecutor.java:152)
	at com.kms.katalon.core.main.TestSuiteExecutor.execute(TestSuiteExecutor.java:95)
	at com.kms.katalon.core.main.TestCaseMain.startTestSuite(TestCaseMain.java:157)
	at com.kms.katalon.core.main.TestCaseMain$startTestSuite$0.call(Unknown Source)
	at TempTestSuite1625717301758.run(TempTestSuite1625717301758.groovy:39)
Caused by: com.kms.katalon.core.exception.StepFailedException: Unable to get attribute 'title' of object 'Object Repository/Tool tips/button_No Sections'
	... 23 more
Caused by: com.kms.katalon.core.webui.exception.WebElementNotFoundException: Web element with id: 'Object Repository/Tool tips/button_No Sections' located by '//*[@type = 'button' and @title = 'No Sections']' not found
	at com.kms.katalon.core.webui.common.WebUiCommonHelper.findWebElement(WebUiCommonHelper.java:1368)
	at com.kms.katalon.core.webui.keyword.internal.WebUIAbstractKeyword.findWebElement(WebUIAbstractKeyword.groovy:27)
	at com.kms.katalon.core.webui.keyword.internal.WebUIAbstractKeyword.findWebElement(WebUIAbstractKeyword.groovy:26)
	at com.kms.katalon.core.webui.keyword.builtin.GetAttributeKeyword$_getAttribute_closure1.doCall(GetAttributeKeyword.groovy:83)
	at com.kms.katalon.core.webui.keyword.builtin.GetAttributeKeyword$_getAttribute_closure1.call(GetAttributeKeyword.groovy)
	at com.kms.katalon.core.webui.keyword.internal.WebUIKeywordMain.runKeyword(WebUIKeywordMain.groovy:20)
	... 21 more


2021-07-08 00:18:23 - [TEST_STEP][PASSED] - com.helper.login.loginhelper.logintoapp(): com.helper.login.loginhelper.logintoapp is PASSED

2021-07-08 00:18:23 - [MESSAGE][INFO] - Starting 'Chrome' driver

2021-07-08 00:18:23 - [MESSAGE][INFO] - Action delay is set to 1,000 milliseconds

2021-07-08 00:18:24 - [MESSAGE][WARNING] - FFmpeg was not installed! Browser Recording will be disabled. Please follow this document to install FFmpeg first: https://docs.katalon.com/katalon-studio/docs/screenshots-videos.html#browser-based-recorder

2021-07-08 00:18:27 - [MESSAGE][PASSED] - Browser is opened with url: 'https://create.translationcore.com/'

2021-07-08 00:18:27 - [MESSAGE][PASSED] - Wait for page load successfully

2021-07-08 00:18:27 - [MESSAGE][PASSED] - Current window maximized

2021-07-08 00:18:29 - [MESSAGE][PASSED] - Keys 'elsylambert' sent to object: 'Object Repository/Page_tC Create/input__username'

2021-07-08 00:18:30 - [MESSAGE][PASSED] - Keys 'fatak43' sent to object: 'Object Repository/Page_tC Create/input__password'

2021-07-08 00:18:32 - [MESSAGE][PASSED] - Object: 'Object Repository/Page_tC Create/button_Login' is clicked on

2021-07-08 00:18:33 - [MESSAGE][PASSED] - Delayed 1 second(s)

2021-07-08 00:18:33 - [MESSAGE][PASSED] - Text of object 'Object Repository/Page_tC Create/tcc-version number' is: 'translationCore Create - v1.2.1 build 55-760999c'

2021-07-08 00:18:33 - [MESSAGE][INFO] - : The current version and build number is translationCore Create - v1.2.1 build 55-760999c

2021-07-08 00:18:33 - [MESSAGE][PASSED] - com.helper.login.loginhelper.logintoapp is PASSED

2021-07-08 00:18:33 - [TEST_STEP][PASSED] - com.tccreate.keywords.selectOrg.organization(""): com.tccreate.keywords.selectOrg.organization is PASSED

2021-07-08 00:18:36 - [MESSAGE][PASSED] - Object: 'Object Repository/Page_tC Create/listOption_organisation_Parmed' is clicked on

2021-07-08 00:18:38 - [MESSAGE][WARNING] - No alert found after 2 second(s).

2021-07-08 00:18:38 - [MESSAGE][PASSED] - com.tccreate.keywords.selectOrg.organization is PASSED

2021-07-08 00:18:38 - [TEST_STEP][PASSED] - com.tccreate.keywords.selectOrg.resource("unfoldingWord速 Translation Academy"): com.tccreate.keywords.selectOrg.resource is PASSED

2021-07-08 00:18:39 - [MESSAGE][PASSED] - Object: 'Object Repository/Page_tC Create/resource_Parmed' is clicked on

2021-07-08 00:18:39 - [MESSAGE][PASSED] - com.tccreate.keywords.selectOrg.resource is PASSED

2021-07-08 00:18:39 - [TEST_STEP][PASSED] - com.tccreate.keywords.selectOrg.language(""): com.tccreate.keywords.selectOrg.language is PASSED

2021-07-08 00:18:41 - [MESSAGE][PASSED] - Object: 'Object Repository/Page_tC Create/combo_Select Language' is clicked on

2021-07-08 00:18:42 - [MESSAGE][PASSED] - Object: 'Object Repository/Page_tC Create/listOption_Language_Parmed' is clicked on

2021-07-08 00:18:42 - [MESSAGE][PASSED] - com.tccreate.keywords.selectOrg.language is PASSED

2021-07-08 00:18:42 - [TEST_STEP][PASSED] - click(findTestObject("Page_tC Create/span_translate")): Object: 'Object Repository/Page_tC Create/span_translate' is clicked on

2021-07-08 00:18:44 - [MESSAGE][PASSED] - Object: 'Object Repository/Page_tC Create/span_translate' is clicked on

2021-07-08 00:18:44 - [TEST_STEP][PASSED] - click(findTestObject("Object Repository/Page_tC Create/span_bita-farming")): Object: 'Object Repository/Page_tC Create/span_bita-farming' is clicked on

2021-07-08 00:18:46 - [MESSAGE][PASSED] - Object: 'Object Repository/Page_tC Create/span_bita-farming' is clicked on

2021-07-08 00:18:46 - [TEST_STEP][PASSED] - click(findTestObject("Object Repository/Page_tC Create/span_01.md")): Object: 'Object Repository/Page_tC Create/span_01.md' is clicked on

2021-07-08 00:18:48 - [MESSAGE][PASSED] - Object: 'Object Repository/Page_tC Create/span_01.md' is clicked on

2021-07-08 00:18:48 - [TEST_STEP][PASSED] - testToggleTip("Object Repository/Tool tips/button_Sections", "Sections", "Object Repository/Tool tips/button_No Sections", "No Sections"): null

2021-07-08 00:18:48 - [TEST_STEP][PASSED] - actualTooltip = getAttribute(findTestObject(button1), "title"): Attribute 'title' of object 'Object Repository/Tool tips/button_Sections' is: 'Sections'

2021-07-08 00:18:49 - [MESSAGE][PASSED] - Attribute 'title' of object 'Object Repository/Tool tips/button_Sections' is: 'Sections'

2021-07-08 00:18:49 - [TEST_STEP][PASSED] - out.println("Actual Title of Tool Tip for button " + toolTip + " is " + actualTooltip): null

2021-07-08 00:18:49 - [TEST_STEP][PASSED] - expectedTooltip = toolTip: null

2021-07-08 00:18:49 - [TEST_STEP][PASSED] - if (actualTooltip.equals(expectedTooltip)): null

2021-07-08 00:18:49 - [TEST_STEP][PASSED] - out.println("Test Case Passed for " + toolTip): null

2021-07-08 00:18:49 - [TEST_STEP][PASSED] - delay(2): Delayed 2 second(s)

2021-07-08 00:18:51 - [MESSAGE][PASSED] - Delayed 2 second(s)

2021-07-08 00:18:51 - [TEST_STEP][PASSED] - click(findTestObject(button1)): Object: 'Object Repository/Tool tips/button_Sections' is clicked on

2021-07-08 00:18:53 - [MESSAGE][PASSED] - Object: 'Object Repository/Tool tips/button_Sections' is clicked on

2021-07-08 00:18:53 - [TEST_STEP][PASSED] - button = toggleButton: null

2021-07-08 00:18:53 - [TEST_STEP][PASSED] - toggleTipTest = toggleTip: null

2021-07-08 00:18:53 - [TEST_STEP][PASSED] - out.println("Togglebutton" + button): null

2021-07-08 00:18:53 - [TEST_STEP][PASSED] - out.println("ToggleTip" + toggleTipTest): null

2021-07-08 00:18:53 - [TEST_STEP][PASSED] - delay(2): Delayed 2 second(s)

2021-07-08 00:18:55 - [MESSAGE][PASSED] - Delayed 2 second(s)

2021-07-08 00:18:55 - [TEST_STEP][PASSED] - testToolTip(button, toggleTipTest): null

2021-07-08 00:18:55 - [TEST_STEP][FAILED] - actualTooltip = getAttribute(findTestObject(button), "title"): Unable to get attribute 'title' of object 'Object Repository/Tool tips/button_No Sections' (Root cause: com.kms.katalon.core.exception.StepFailedException: Unable to get attribute 'title' of object 'Object Repository/Tool tips/button_No Sections'
	at com.kms.katalon.core.webui.keyword.internal.WebUIKeywordMain.stepFailed(WebUIKeywordMain.groovy:64)
	at com.kms.katalon.core.webui.keyword.internal.WebUIKeywordMain.runKeyword(WebUIKeywordMain.groovy:26)
	at com.kms.katalon.core.webui.keyword.builtin.GetAttributeKeyword.getAttribute(GetAttributeKeyword.groovy:93)
	at com.kms.katalon.core.webui.keyword.builtin.GetAttributeKeyword.execute(GetAttributeKeyword.groovy:68)
	at com.kms.katalon.core.keyword.internal.KeywordExecutor.executeKeywordForPlatform(KeywordExecutor.groovy:73)
	at com.kms.katalon.core.webui.keyword.WebUiBuiltInKeywords.getAttribute(WebUiBuiltInKeywords.groovy:950)
	at com.kms.katalon.core.webui.keyword.WebUiBuiltInKeywords$getAttribute$13.call(Unknown Source)
	at Tool Tips - tA.testToolTip(Tool Tips - tA:41)
	at Tool Tips - tA.testToggleTip(Tool Tips - tA:95)
	at Tool Tips - tA.run(Tool Tips - tA:31)
	at com.kms.katalon.core.main.ScriptEngine.run(ScriptEngine.java:194)
	at com.kms.katalon.core.main.ScriptEngine.runScriptAsRawText(ScriptEngine.java:119)
	at com.kms.katalon.core.main.TestCaseExecutor.runScript(TestCaseExecutor.java:398)
	at com.kms.katalon.core.main.TestCaseExecutor.doExecute(TestCaseExecutor.java:389)
	at com.kms.katalon.core.main.TestCaseExecutor.processExecutionPhase(TestCaseExecutor.java:368)
	at com.kms.katalon.core.main.TestCaseExecutor.accessMainPhase(TestCaseExecutor.java:360)
	at com.kms.katalon.core.main.TestCaseExecutor.execute(TestCaseExecutor.java:255)
	at com.kms.katalon.core.main.TestSuiteExecutor.accessTestCaseMainPhase(TestSuiteExecutor.java:203)
	at com.kms.katalon.core.main.TestSuiteExecutor.accessTestSuiteMainPhase(TestSuiteExecutor.java:152)
	at com.kms.katalon.core.main.TestSuiteExecutor.execute(TestSuiteExecutor.java:95)
	at com.kms.katalon.core.main.TestCaseMain.startTestSuite(TestCaseMain.java:157)
	at com.kms.katalon.core.main.TestCaseMain$startTestSuite$0.call(Unknown Source)
	at TempTestSuite1625717301758.run(TempTestSuite1625717301758.groovy:39)
Caused by: com.kms.katalon.core.webui.exception.WebElementNotFoundException: Web element with id: 'Object Repository/Tool tips/button_No Sections' located by '//*[@type = 'button' and @title = 'No Sections']' not found
	at com.kms.katalon.core.webui.common.WebUiCommonHelper.findWebElement(WebUiCommonHelper.java:1368)
	at com.kms.katalon.core.webui.keyword.internal.WebUIAbstractKeyword.findWebElement(WebUIAbstractKeyword.groovy:27)
	at com.kms.katalon.core.webui.keyword.internal.WebUIAbstractKeyword.findWebElement(WebUIAbstractKeyword.groovy:26)
	at com.kms.katalon.core.webui.keyword.builtin.GetAttributeKeyword$_getAttribute_closure1.doCall(GetAttributeKeyword.groovy:83)
	at com.kms.katalon.core.webui.keyword.builtin.GetAttributeKeyword$_getAttribute_closure1.call(GetAttributeKeyword.groovy)
	at com.kms.katalon.core.webui.keyword.internal.WebUIKeywordMain.runKeyword(WebUIKeywordMain.groovy:20)
	at com.kms.katalon.core.webui.keyword.builtin.GetAttributeKeyword.getAttribute(GetAttributeKeyword.groovy:93)
	at com.kms.katalon.core.webui.keyword.builtin.GetAttributeKeyword.execute(GetAttributeKeyword.groovy:68)
	at com.kms.katalon.core.keyword.internal.KeywordExecutor.executeKeywordForPlatform(KeywordExecutor.groovy:73)
	at com.kms.katalon.core.webui.keyword.WebUiBuiltInKeywords.getAttribute(WebUiBuiltInKeywords.groovy:950)
	at com.kms.katalon.core.webui.keyword.WebUiBuiltInKeywords$getAttribute$13.call(Unknown Source)
	at Script1613662810777.testToolTip(Script1613662810777.groovy:41)
	at Script1613662810777.testToggleTip(Script1613662810777.groovy:95)
	at Script1613662810777.run(Script1613662810777.groovy:31)
	... 13 more
)

2021-07-08 00:19:26 - [MESSAGE][INFO] - Unable to find the element located by 'By.xpath: //*[@type = 'button' and @title = 'No Sections']'. Please recheck the objects properties to make sure the desired element is located. 

2021-07-08 00:19:26 - [MESSAGE][FAILED] - Unable to get attribute 'title' of object 'Object Repository/Tool tips/button_No Sections' (Root cause: com.kms.katalon.core.exception.StepFailedException: Unable to get attribute 'title' of object 'Object Repository/Tool tips/button_No Sections'
	at com.kms.katalon.core.webui.keyword.internal.WebUIKeywordMain.stepFailed(WebUIKeywordMain.groovy:64)
	at com.kms.katalon.core.webui.keyword.internal.WebUIKeywordMain.runKeyword(WebUIKeywordMain.groovy:26)
	at com.kms.katalon.core.webui.keyword.builtin.GetAttributeKeyword.getAttribute(GetAttributeKeyword.groovy:93)
	at com.kms.katalon.core.webui.keyword.builtin.GetAttributeKeyword.execute(GetAttributeKeyword.groovy:68)
	at com.kms.katalon.core.keyword.internal.KeywordExecutor.executeKeywordForPlatform(KeywordExecutor.groovy:73)
	at com.kms.katalon.core.webui.keyword.WebUiBuiltInKeywords.getAttribute(WebUiBuiltInKeywords.groovy:950)
	at com.kms.katalon.core.webui.keyword.WebUiBuiltInKeywords$getAttribute$13.call(Unknown Source)
	at Tool Tips - tA.testToolTip(Tool Tips - tA:41)
	at Tool Tips - tA.testToggleTip(Tool Tips - tA:95)
	at Tool Tips - tA.run(Tool Tips - tA:31)
	at com.kms.katalon.core.main.ScriptEngine.run(ScriptEngine.java:194)
	at com.kms.katalon.core.main.ScriptEngine.runScriptAsRawText(ScriptEngine.java:119)
	at com.kms.katalon.core.main.TestCaseExecutor.runScript(TestCaseExecutor.java:398)
	at com.kms.katalon.core.main.TestCaseExecutor.doExecute(TestCaseExecutor.java:389)
	at com.kms.katalon.core.main.TestCaseExecutor.processExecutionPhase(TestCaseExecutor.java:368)
	at com.kms.katalon.core.main.TestCaseExecutor.accessMainPhase(TestCaseExecutor.java:360)
	at com.kms.katalon.core.main.TestCaseExecutor.execute(TestCaseExecutor.java:255)
	at com.kms.katalon.core.main.TestSuiteExecutor.accessTestCaseMainPhase(TestSuiteExecutor.java:203)
	at com.kms.katalon.core.main.TestSuiteExecutor.accessTestSuiteMainPhase(TestSuiteExecutor.java:152)
	at com.kms.katalon.core.main.TestSuiteExecutor.execute(TestSuiteExecutor.java:95)
	at com.kms.katalon.core.main.TestCaseMain.startTestSuite(TestCaseMain.java:157)
	at com.kms.katalon.core.main.TestCaseMain$startTestSuite$0.call(Unknown Source)
	at TempTestSuite1625717301758.run(TempTestSuite1625717301758.groovy:39)
Caused by: com.kms.katalon.core.webui.exception.WebElementNotFoundException: Web element with id: 'Object Repository/Tool tips/button_No Sections' located by '//*[@type = 'button' and @title = 'No Sections']' not found
	at com.kms.katalon.core.webui.common.WebUiCommonHelper.findWebElement(WebUiCommonHelper.java:1368)
	at com.kms.katalon.core.webui.keyword.internal.WebUIAbstractKeyword.findWebElement(WebUIAbstractKeyword.groovy:27)
	at com.kms.katalon.core.webui.keyword.internal.WebUIAbstractKeyword.findWebElement(WebUIAbstractKeyword.groovy:26)
	at com.kms.katalon.core.webui.keyword.builtin.GetAttributeKeyword$_getAttribute_closure1.doCall(GetAttributeKeyword.groovy:83)
	at com.kms.katalon.core.webui.keyword.builtin.GetAttributeKeyword$_getAttribute_closure1.call(GetAttributeKeyword.groovy)
	at com.kms.katalon.core.webui.keyword.internal.WebUIKeywordMain.runKeyword(WebUIKeywordMain.groovy:20)
	at com.kms.katalon.core.webui.keyword.builtin.GetAttributeKeyword.getAttribute(GetAttributeKeyword.groovy:93)
	at com.kms.katalon.core.webui.keyword.builtin.GetAttributeKeyword.execute(GetAttributeKeyword.groovy:68)
	at com.kms.katalon.core.keyword.internal.KeywordExecutor.executeKeywordForPlatform(KeywordExecutor.groovy:73)
	at com.kms.katalon.core.webui.keyword.WebUiBuiltInKeywords.getAttribute(WebUiBuiltInKeywords.groovy:950)
	at com.kms.katalon.core.webui.keyword.WebUiBuiltInKeywords$getAttribute$13.call(Unknown Source)
	at Script1613662810777.testToolTip(Script1613662810777.groovy:41)
	at Script1613662810777.testToggleTip(Script1613662810777.groovy:95)
	at Script1613662810777.run(Script1613662810777.groovy:31)
	... 13 more
)
[[ATTACHMENT|/Users/elsylitsonlambert/git/tcCreateQA/Reports/20210708_000820/Test Suite1- Regression/20210708_000821/1625717966382.png]]

2021-07-08 00:19:26 - [TEST_STEP][PASSED] - out.println("Actual Title of Tool Tip for button " + toolTip + " is " + actualTooltip): null

2021-07-08 00:19:26 - [TEST_STEP][PASSED] - expectedTooltip = toolTip: null

2021-07-08 00:19:26 - [TEST_STEP][PASSED] - if (actualTooltip.equals(expectedTooltip)): null

2021-07-08 00:19:26 - [TEST_STEP][PASSED] - else: null

2021-07-08 00:19:26 - [TEST_STEP][PASSED] - out.println("Test Case failed- Tool tips are different"): null

2021-07-08 00:19:26 - [TEST_STEP][PASSED] - testToggleTip("Object Repository/Tool tips/button_Blocks", "Blocks", "Object Repository/Tool tips/button_No Blocks", "NoBlocks"): null

2021-07-08 00:19:26 - [TEST_STEP][PASSED] - actualTooltip = getAttribute(findTestObject(button1), "title"): Attribute 'title' of object 'Object Repository/Tool tips/button_Blocks' is: 'Blocks'

2021-07-08 00:19:27 - [MESSAGE][PASSED] - Attribute 'title' of object 'Object Repository/Tool tips/button_Blocks' is: 'Blocks'

2021-07-08 00:19:27 - [TEST_STEP][PASSED] - out.println("Actual Title of Tool Tip for button " + toolTip + " is " + actualTooltip): null

2021-07-08 00:19:27 - [TEST_STEP][PASSED] - expectedTooltip = toolTip: null

2021-07-08 00:19:27 - [TEST_STEP][PASSED] - if (actualTooltip.equals(expectedTooltip)): null

2021-07-08 00:19:27 - [TEST_STEP][PASSED] - out.println("Test Case Passed for " + toolTip): null

2021-07-08 00:19:27 - [TEST_STEP][PASSED] - delay(2): Delayed 2 second(s)

2021-07-08 00:19:29 - [MESSAGE][PASSED] - Delayed 2 second(s)

2021-07-08 00:19:29 - [TEST_STEP][PASSED] - click(findTestObject(button1)): Object: 'Object Repository/Tool tips/button_Blocks' is clicked on

2021-07-08 00:19:30 - [MESSAGE][PASSED] - Object: 'Object Repository/Tool tips/button_Blocks' is clicked on

2021-07-08 00:19:30 - [TEST_STEP][PASSED] - button = toggleButton: null

2021-07-08 00:19:30 - [TEST_STEP][PASSED] - toggleTipTest = toggleTip: null

2021-07-08 00:19:30 - [TEST_STEP][PASSED] - out.println("Togglebutton" + button): null

2021-07-08 00:19:30 - [TEST_STEP][PASSED] - out.println("ToggleTip" + toggleTipTest): null

2021-07-08 00:19:30 - [TEST_STEP][PASSED] - delay(2): Delayed 2 second(s)

2021-07-08 00:19:32 - [MESSAGE][PASSED] - Delayed 2 second(s)

2021-07-08 00:19:32 - [TEST_STEP][PASSED] - testToolTip(button, toggleTipTest): null

2021-07-08 00:19:32 - [TEST_STEP][PASSED] - actualTooltip = getAttribute(findTestObject(button), "title"): Attribute 'title' of object 'Object Repository/Tool tips/button_No Blocks' is: 'NoBlocks'

2021-07-08 00:19:49 - [MESSAGE][PASSED] - Attribute 'title' of object 'Object Repository/Tool tips/button_No Blocks' is: 'NoBlocks'

2021-07-08 00:19:49 - [TEST_STEP][PASSED] - out.println("Actual Title of Tool Tip for button " + toolTip + " is " + actualTooltip): null

2021-07-08 00:19:49 - [TEST_STEP][PASSED] - expectedTooltip = toolTip: null

2021-07-08 00:19:49 - [TEST_STEP][PASSED] - if (actualTooltip.equals(expectedTooltip)): null

2021-07-08 00:19:49 - [TEST_STEP][PASSED] - out.println("Test Case Passed for " + toolTip): null

2021-07-08 00:19:49 - [TEST_STEP][PASSED] - testToolTip("Object Repository/Tool tips/button_Preview", "Preview"): null

2021-07-08 00:19:49 - [TEST_STEP][PASSED] - actualTooltip = getAttribute(findTestObject(button), "title"): Attribute 'title' of object 'Object Repository/Tool tips/button_Preview' is: 'Preview'

2021-07-08 00:19:49 - [MESSAGE][PASSED] - Attribute 'title' of object 'Object Repository/Tool tips/button_Preview' is: 'Preview'

2021-07-08 00:19:49 - [TEST_STEP][PASSED] - out.println("Actual Title of Tool Tip for button " + toolTip + " is " + actualTooltip): null

2021-07-08 00:19:49 - [TEST_STEP][PASSED] - expectedTooltip = toolTip: null

2021-07-08 00:19:49 - [TEST_STEP][PASSED] - if (actualTooltip.equals(expectedTooltip)): null

2021-07-08 00:19:49 - [TEST_STEP][PASSED] - out.println("Test Case Passed for " + toolTip): null

2021-07-08 00:19:49 - [TEST_STEP][PASSED] - closeBrowser(): Browser is closed

2021-07-08 00:19:50 - [MESSAGE][PASSED] - Browser is closed]]></system-out>
         <system-err><![CDATA[2021-07-08 00:18:23 - [TEST_CASE][FAILED] - Test Cases/tCC Test Cases/Tool Tips - tA: Test Cases/tCC Test Cases/Tool Tips - tA FAILED.
Reason:
com.kms.katalon.core.exception.StepFailedException: Unable to get attribute 'title' of object 'Object Repository/Tool tips/button_No Sections' (Root cause: com.kms.katalon.core.exception.StepFailedException: Unable to get attribute 'title' of object 'Object Repository/Tool tips/button_No Sections'
	at com.kms.katalon.core.webui.keyword.internal.WebUIKeywordMain.stepFailed(WebUIKeywordMain.groovy:64)
	at com.kms.katalon.core.webui.keyword.internal.WebUIKeywordMain.runKeyword(WebUIKeywordMain.groovy:26)
	at com.kms.katalon.core.webui.keyword.builtin.GetAttributeKeyword.getAttribute(GetAttributeKeyword.groovy:93)
	at com.kms.katalon.core.webui.keyword.builtin.GetAttributeKeyword.execute(GetAttributeKeyword.groovy:68)
	at com.kms.katalon.core.keyword.internal.KeywordExecutor.executeKeywordForPlatform(KeywordExecutor.groovy:73)
	at com.kms.katalon.core.webui.keyword.WebUiBuiltInKeywords.getAttribute(WebUiBuiltInKeywords.groovy:950)
	at com.kms.katalon.core.webui.keyword.WebUiBuiltInKeywords$getAttribute$13.call(Unknown Source)
	at Tool Tips - tA.testToolTip(Tool Tips - tA:41)
	at Tool Tips - tA.testToggleTip(Tool Tips - tA:95)
	at Tool Tips - tA.run(Tool Tips - tA:31)
	at com.kms.katalon.core.main.ScriptEngine.run(ScriptEngine.java:194)
	at com.kms.katalon.core.main.ScriptEngine.runScriptAsRawText(ScriptEngine.java:119)
	at com.kms.katalon.core.main.TestCaseExecutor.runScript(TestCaseExecutor.java:398)
	at com.kms.katalon.core.main.TestCaseExecutor.doExecute(TestCaseExecutor.java:389)
	at com.kms.katalon.core.main.TestCaseExecutor.processExecutionPhase(TestCaseExecutor.java:368)
	at com.kms.katalon.core.main.TestCaseExecutor.accessMainPhase(TestCaseExecutor.java:360)
	at com.kms.katalon.core.main.TestCaseExecutor.execute(TestCaseExecutor.java:255)
	at com.kms.katalon.core.main.TestSuiteExecutor.accessTestCaseMainPhase(TestSuiteExecutor.java:203)
	at com.kms.katalon.core.main.TestSuiteExecutor.accessTestSuiteMainPhase(TestSuiteExecutor.java:152)
	at com.kms.katalon.core.main.TestSuiteExecutor.execute(TestSuiteExecutor.java:95)
	at com.kms.katalon.core.main.TestCaseMain.startTestSuite(TestCaseMain.java:157)
	at com.kms.katalon.core.main.TestCaseMain$startTestSuite$0.call(Unknown Source)
	at TempTestSuite1625717301758.run(TempTestSuite1625717301758.groovy:39)
Caused by: com.kms.katalon.core.webui.exception.WebElementNotFoundException: Web element with id: 'Object Repository/Tool tips/button_No Sections' located by '//*[@type = 'button' and @title = 'No Sections']' not found
	at com.kms.katalon.core.webui.common.WebUiCommonHelper.findWebElement(WebUiCommonHelper.java:1368)
	at com.kms.katalon.core.webui.keyword.internal.WebUIAbstractKeyword.findWebElement(WebUIAbstractKeyword.groovy:27)
	at com.kms.katalon.core.webui.keyword.internal.WebUIAbstractKeyword.findWebElement(WebUIAbstractKeyword.groovy:26)
	at com.kms.katalon.core.webui.keyword.builtin.GetAttributeKeyword$_getAttribute_closure1.doCall(GetAttributeKeyword.groovy:83)
	at com.kms.katalon.core.webui.keyword.builtin.GetAttributeKeyword$_getAttribute_closure1.call(GetAttributeKeyword.groovy)
	at com.kms.katalon.core.webui.keyword.internal.WebUIKeywordMain.runKeyword(WebUIKeywordMain.groovy:20)
	at com.kms.katalon.core.webui.keyword.builtin.GetAttributeKeyword.getAttribute(GetAttributeKeyword.groovy:93)
	at com.kms.katalon.core.webui.keyword.builtin.GetAttributeKeyword.execute(GetAttributeKeyword.groovy:68)
	at com.kms.katalon.core.keyword.internal.KeywordExecutor.executeKeywordForPlatform(KeywordExecutor.groovy:73)
	at com.kms.katalon.core.webui.keyword.WebUiBuiltInKeywords.getAttribute(WebUiBuiltInKeywords.groovy:950)
	at com.kms.katalon.core.webui.keyword.WebUiBuiltInKeywords$getAttribute$13.call(Unknown Source)
	at Script1613662810777.testToolTip(Script1613662810777.groovy:41)
	at Script1613662810777.testToggleTip(Script1613662810777.groovy:95)
	at Script1613662810777.run(Script1613662810777.groovy:31)
	... 13 more
)
	at com.kms.katalon.core.keyword.internal.KeywordMain.stepFailed(KeywordMain.groovy:39)
	at com.kms.katalon.core.webui.keyword.internal.WebUIKeywordMain.stepFailed(WebUIKeywordMain.groovy:64)
	at com.kms.katalon.core.webui.keyword.internal.WebUIKeywordMain.runKeyword(WebUIKeywordMain.groovy:26)
	at com.kms.katalon.core.webui.keyword.builtin.GetAttributeKeyword.getAttribute(GetAttributeKeyword.groovy:93)
	at com.kms.katalon.core.webui.keyword.builtin.GetAttributeKeyword.execute(GetAttributeKeyword.groovy:68)
	at com.kms.katalon.core.keyword.internal.KeywordExecutor.executeKeywordForPlatform(KeywordExecutor.groovy:73)
	at com.kms.katalon.core.webui.keyword.WebUiBuiltInKeywords.getAttribute(WebUiBuiltInKeywords.groovy:950)
	at com.kms.katalon.core.webui.keyword.WebUiBuiltInKeywords$getAttribute$13.call(Unknown Source)
	at Tool Tips - tA.testToolTip(Tool Tips - tA:41)
	at Tool Tips - tA.testToggleTip(Tool Tips - tA:95)
	at Tool Tips - tA.run(Tool Tips - tA:31)
	at com.kms.katalon.core.main.ScriptEngine.run(ScriptEngine.java:194)
	at com.kms.katalon.core.main.ScriptEngine.runScriptAsRawText(ScriptEngine.java:119)
	at com.kms.katalon.core.main.TestCaseExecutor.runScript(TestCaseExecutor.java:398)
	at com.kms.katalon.core.main.TestCaseExecutor.doExecute(TestCaseExecutor.java:389)
	at com.kms.katalon.core.main.TestCaseExecutor.processExecutionPhase(TestCaseExecutor.java:368)
	at com.kms.katalon.core.main.TestCaseExecutor.accessMainPhase(TestCaseExecutor.java:360)
	at com.kms.katalon.core.main.TestCaseExecutor.execute(TestCaseExecutor.java:255)
	at com.kms.katalon.core.main.TestSuiteExecutor.accessTestCaseMainPhase(TestSuiteExecutor.java:203)
	at com.kms.katalon.core.main.TestSuiteExecutor.accessTestSuiteMainPhase(TestSuiteExecutor.java:152)
	at com.kms.katalon.core.main.TestSuiteExecutor.execute(TestSuiteExecutor.java:95)
	at com.kms.katalon.core.main.TestCaseMain.startTestSuite(TestCaseMain.java:157)
	at com.kms.katalon.core.main.TestCaseMain$startTestSuite$0.call(Unknown Source)
	at TempTestSuite1625717301758.run(TempTestSuite1625717301758.groovy:39)
Caused by: com.kms.katalon.core.exception.StepFailedException: Unable to get attribute 'title' of object 'Object Repository/Tool tips/button_No Sections'
	... 23 more
Caused by: com.kms.katalon.core.webui.exception.WebElementNotFoundException: Web element with id: 'Object Repository/Tool tips/button_No Sections' located by '//*[@type = 'button' and @title = 'No Sections']' not found
	at com.kms.katalon.core.webui.common.WebUiCommonHelper.findWebElement(WebUiCommonHelper.java:1368)
	at com.kms.katalon.core.webui.keyword.internal.WebUIAbstractKeyword.findWebElement(WebUIAbstractKeyword.groovy:27)
	at com.kms.katalon.core.webui.keyword.internal.WebUIAbstractKeyword.findWebElement(WebUIAbstractKeyword.groovy:26)
	at com.kms.katalon.core.webui.keyword.builtin.GetAttributeKeyword$_getAttribute_closure1.doCall(GetAttributeKeyword.groovy:83)
	at com.kms.katalon.core.webui.keyword.builtin.GetAttributeKeyword$_getAttribute_closure1.call(GetAttributeKeyword.groovy)
	at com.kms.katalon.core.webui.keyword.internal.WebUIKeywordMain.runKeyword(WebUIKeywordMain.groovy:20)
	... 21 more]]></system-err>
      </testcase>
      <system-out><![CDATA[2021-07-08 00:08:23 - [TEST_SUITE][FAILED] - Test Suite1- Regression: Test Cases/tCC Test Cases/Tool Tips - tA FAILED.
Reason:
com.kms.katalon.core.exception.StepFailedException: Unable to get attribute 'title' of object 'Object Repository/Tool tips/button_No Sections' (Root cause: com.kms.katalon.core.exception.StepFailedException: Unable to get attribute 'title' of object 'Object Repository/Tool tips/button_No Sections'
	at com.kms.katalon.core.webui.keyword.internal.WebUIKeywordMain.stepFailed(WebUIKeywordMain.groovy:64)
	at com.kms.katalon.core.webui.keyword.internal.WebUIKeywordMain.runKeyword(WebUIKeywordMain.groovy:26)
	at com.kms.katalon.core.webui.keyword.builtin.GetAttributeKeyword.getAttribute(GetAttributeKeyword.groovy:93)
	at com.kms.katalon.core.webui.keyword.builtin.GetAttributeKeyword.execute(GetAttributeKeyword.groovy:68)
	at com.kms.katalon.core.keyword.internal.KeywordExecutor.executeKeywordForPlatform(KeywordExecutor.groovy:73)
	at com.kms.katalon.core.webui.keyword.WebUiBuiltInKeywords.getAttribute(WebUiBuiltInKeywords.groovy:950)
	at com.kms.katalon.core.webui.keyword.WebUiBuiltInKeywords$getAttribute$13.call(Unknown Source)
	at Tool Tips - tA.testToolTip(Tool Tips - tA:41)
	at Tool Tips - tA.testToggleTip(Tool Tips - tA:95)
	at Tool Tips - tA.run(Tool Tips - tA:31)
	at com.kms.katalon.core.main.ScriptEngine.run(ScriptEngine.java:194)
	at com.kms.katalon.core.main.ScriptEngine.runScriptAsRawText(ScriptEngine.java:119)
	at com.kms.katalon.core.main.TestCaseExecutor.runScript(TestCaseExecutor.java:398)
	at com.kms.katalon.core.main.TestCaseExecutor.doExecute(TestCaseExecutor.java:389)
	at com.kms.katalon.core.main.TestCaseExecutor.processExecutionPhase(TestCaseExecutor.java:368)
	at com.kms.katalon.core.main.TestCaseExecutor.accessMainPhase(TestCaseExecutor.java:360)
	at com.kms.katalon.core.main.TestCaseExecutor.execute(TestCaseExecutor.java:255)
	at com.kms.katalon.core.main.TestSuiteExecutor.accessTestCaseMainPhase(TestSuiteExecutor.java:203)
	at com.kms.katalon.core.main.TestSuiteExecutor.accessTestSuiteMainPhase(TestSuiteExecutor.java:152)
	at com.kms.katalon.core.main.TestSuiteExecutor.execute(TestSuiteExecutor.java:95)
	at com.kms.katalon.core.main.TestCaseMain.startTestSuite(TestCaseMain.java:157)
	at com.kms.katalon.core.main.TestCaseMain$startTestSuite$0.call(Unknown Source)
	at TempTestSuite1625717301758.run(TempTestSuite1625717301758.groovy:39)
Caused by: com.kms.katalon.core.webui.exception.WebElementNotFoundException: Web element with id: 'Object Repository/Tool tips/button_No Sections' located by '//*[@type = 'button' and @title = 'No Sections']' not found
	at com.kms.katalon.core.webui.common.WebUiCommonHelper.findWebElement(WebUiCommonHelper.java:1368)
	at com.kms.katalon.core.webui.keyword.internal.WebUIAbstractKeyword.findWebElement(WebUIAbstractKeyword.groovy:27)
	at com.kms.katalon.core.webui.keyword.internal.WebUIAbstractKeyword.findWebElement(WebUIAbstractKeyword.groovy:26)
	at com.kms.katalon.core.webui.keyword.builtin.GetAttributeKeyword$_getAttribute_closure1.doCall(GetAttributeKeyword.groovy:83)
	at com.kms.katalon.core.webui.keyword.builtin.GetAttributeKeyword$_getAttribute_closure1.call(GetAttributeKeyword.groovy)
	at com.kms.katalon.core.webui.keyword.internal.WebUIKeywordMain.runKeyword(WebUIKeywordMain.groovy:20)
	at com.kms.katalon.core.webui.keyword.builtin.GetAttributeKeyword.getAttribute(GetAttributeKeyword.groovy:93)
	at com.kms.katalon.core.webui.keyword.builtin.GetAttributeKeyword.execute(GetAttributeKeyword.groovy:68)
	at com.kms.katalon.core.keyword.internal.KeywordExecutor.executeKeywordForPlatform(KeywordExecutor.groovy:73)
	at com.kms.katalon.core.webui.keyword.WebUiBuiltInKeywords.getAttribute(WebUiBuiltInKeywords.groovy:950)
	at com.kms.katalon.core.webui.keyword.WebUiBuiltInKeywords$getAttribute$13.call(Unknown Source)
	at Script1613662810777.testToolTip(Script1613662810777.groovy:41)
	at Script1613662810777.testToggleTip(Script1613662810777.groovy:95)
	at Script1613662810777.run(Script1613662810777.groovy:31)
	... 13 more
)
	at com.kms.katalon.core.keyword.internal.KeywordMain.stepFailed(KeywordMain.groovy:39)
	at com.kms.katalon.core.webui.keyword.internal.WebUIKeywordMain.stepFailed(WebUIKeywordMain.groovy:64)
	at com.kms.katalon.core.webui.keyword.internal.WebUIKeywordMain.runKeyword(WebUIKeywordMain.groovy:26)
	at com.kms.katalon.core.webui.keyword.builtin.GetAttributeKeyword.getAttribute(GetAttributeKeyword.groovy:93)
	at com.kms.katalon.core.webui.keyword.builtin.GetAttributeKeyword.execute(GetAttributeKeyword.groovy:68)
	at com.kms.katalon.core.keyword.internal.KeywordExecutor.executeKeywordForPlatform(KeywordExecutor.groovy:73)
	at com.kms.katalon.core.webui.keyword.WebUiBuiltInKeywords.getAttribute(WebUiBuiltInKeywords.groovy:950)
	at com.kms.katalon.core.webui.keyword.WebUiBuiltInKeywords$getAttribute$13.call(Unknown Source)
	at Tool Tips - tA.testToolTip(Tool Tips - tA:41)
	at Tool Tips - tA.testToggleTip(Tool Tips - tA:95)
	at Tool Tips - tA.run(Tool Tips - tA:31)
	at com.kms.katalon.core.main.ScriptEngine.run(ScriptEngine.java:194)
	at com.kms.katalon.core.main.ScriptEngine.runScriptAsRawText(ScriptEngine.java:119)
	at com.kms.katalon.core.main.TestCaseExecutor.runScript(TestCaseExecutor.java:398)
	at com.kms.katalon.core.main.TestCaseExecutor.doExecute(TestCaseExecutor.java:389)
	at com.kms.katalon.core.main.TestCaseExecutor.processExecutionPhase(TestCaseExecutor.java:368)
	at com.kms.katalon.core.main.TestCaseExecutor.accessMainPhase(TestCaseExecutor.java:360)
	at com.kms.katalon.core.main.TestCaseExecutor.execute(TestCaseExecutor.java:255)
	at com.kms.katalon.core.main.TestSuiteExecutor.accessTestCaseMainPhase(TestSuiteExecutor.java:203)
	at com.kms.katalon.core.main.TestSuiteExecutor.accessTestSuiteMainPhase(TestSuiteExecutor.java:152)
	at com.kms.katalon.core.main.TestSuiteExecutor.execute(TestSuiteExecutor.java:95)
	at com.kms.katalon.core.main.TestCaseMain.startTestSuite(TestCaseMain.java:157)
	at com.kms.katalon.core.main.TestCaseMain$startTestSuite$0.call(Unknown Source)
	at TempTestSuite1625717301758.run(TempTestSuite1625717301758.groovy:39)
Caused by: com.kms.katalon.core.exception.StepFailedException: Unable to get attribute 'title' of object 'Object Repository/Tool tips/button_No Sections'
	... 23 more
Caused by: com.kms.katalon.core.webui.exception.WebElementNotFoundException: Web element with id: 'Object Repository/Tool tips/button_No Sections' located by '//*[@type = 'button' and @title = 'No Sections']' not found
	at com.kms.katalon.core.webui.common.WebUiCommonHelper.findWebElement(WebUiCommonHelper.java:1368)
	at com.kms.katalon.core.webui.keyword.internal.WebUIAbstractKeyword.findWebElement(WebUIAbstractKeyword.groovy:27)
	at com.kms.katalon.core.webui.keyword.internal.WebUIAbstractKeyword.findWebElement(WebUIAbstractKeyword.groovy:26)
	at com.kms.katalon.core.webui.keyword.builtin.GetAttributeKeyword$_getAttribute_closure1.doCall(GetAttributeKeyword.groovy:83)
	at com.kms.katalon.core.webui.keyword.builtin.GetAttributeKeyword$_getAttribute_closure1.call(GetAttributeKeyword.groovy)
	at com.kms.katalon.core.webui.keyword.internal.WebUIKeywordMain.runKeyword(WebUIKeywordMain.groovy:20)
	... 21 more]]></system-out>
      <system-err><![CDATA[2021-07-08 00:08:23 - [TEST_SUITE][FAILED] - Test Suite1- Regression: Test Cases/tCC Test Cases/Tool Tips - tA FAILED.
Reason:
com.kms.katalon.core.exception.StepFailedException: Unable to get attribute 'title' of object 'Object Repository/Tool tips/button_No Sections' (Root cause: com.kms.katalon.core.exception.StepFailedException: Unable to get attribute 'title' of object 'Object Repository/Tool tips/button_No Sections'
	at com.kms.katalon.core.webui.keyword.internal.WebUIKeywordMain.stepFailed(WebUIKeywordMain.groovy:64)
	at com.kms.katalon.core.webui.keyword.internal.WebUIKeywordMain.runKeyword(WebUIKeywordMain.groovy:26)
	at com.kms.katalon.core.webui.keyword.builtin.GetAttributeKeyword.getAttribute(GetAttributeKeyword.groovy:93)
	at com.kms.katalon.core.webui.keyword.builtin.GetAttributeKeyword.execute(GetAttributeKeyword.groovy:68)
	at com.kms.katalon.core.keyword.internal.KeywordExecutor.executeKeywordForPlatform(KeywordExecutor.groovy:73)
	at com.kms.katalon.core.webui.keyword.WebUiBuiltInKeywords.getAttribute(WebUiBuiltInKeywords.groovy:950)
	at com.kms.katalon.core.webui.keyword.WebUiBuiltInKeywords$getAttribute$13.call(Unknown Source)
	at Tool Tips - tA.testToolTip(Tool Tips - tA:41)
	at Tool Tips - tA.testToggleTip(Tool Tips - tA:95)
	at Tool Tips - tA.run(Tool Tips - tA:31)
	at com.kms.katalon.core.main.ScriptEngine.run(ScriptEngine.java:194)
	at com.kms.katalon.core.main.ScriptEngine.runScriptAsRawText(ScriptEngine.java:119)
	at com.kms.katalon.core.main.TestCaseExecutor.runScript(TestCaseExecutor.java:398)
	at com.kms.katalon.core.main.TestCaseExecutor.doExecute(TestCaseExecutor.java:389)
	at com.kms.katalon.core.main.TestCaseExecutor.processExecutionPhase(TestCaseExecutor.java:368)
	at com.kms.katalon.core.main.TestCaseExecutor.accessMainPhase(TestCaseExecutor.java:360)
	at com.kms.katalon.core.main.TestCaseExecutor.execute(TestCaseExecutor.java:255)
	at com.kms.katalon.core.main.TestSuiteExecutor.accessTestCaseMainPhase(TestSuiteExecutor.java:203)
	at com.kms.katalon.core.main.TestSuiteExecutor.accessTestSuiteMainPhase(TestSuiteExecutor.java:152)
	at com.kms.katalon.core.main.TestSuiteExecutor.execute(TestSuiteExecutor.java:95)
	at com.kms.katalon.core.main.TestCaseMain.startTestSuite(TestCaseMain.java:157)
	at com.kms.katalon.core.main.TestCaseMain$startTestSuite$0.call(Unknown Source)
	at TempTestSuite1625717301758.run(TempTestSuite1625717301758.groovy:39)
Caused by: com.kms.katalon.core.webui.exception.WebElementNotFoundException: Web element with id: 'Object Repository/Tool tips/button_No Sections' located by '//*[@type = 'button' and @title = 'No Sections']' not found
	at com.kms.katalon.core.webui.common.WebUiCommonHelper.findWebElement(WebUiCommonHelper.java:1368)
	at com.kms.katalon.core.webui.keyword.internal.WebUIAbstractKeyword.findWebElement(WebUIAbstractKeyword.groovy:27)
	at com.kms.katalon.core.webui.keyword.internal.WebUIAbstractKeyword.findWebElement(WebUIAbstractKeyword.groovy:26)
	at com.kms.katalon.core.webui.keyword.builtin.GetAttributeKeyword$_getAttribute_closure1.doCall(GetAttributeKeyword.groovy:83)
	at com.kms.katalon.core.webui.keyword.builtin.GetAttributeKeyword$_getAttribute_closure1.call(GetAttributeKeyword.groovy)
	at com.kms.katalon.core.webui.keyword.internal.WebUIKeywordMain.runKeyword(WebUIKeywordMain.groovy:20)
	at com.kms.katalon.core.webui.keyword.builtin.GetAttributeKeyword.getAttribute(GetAttributeKeyword.groovy:93)
	at com.kms.katalon.core.webui.keyword.builtin.GetAttributeKeyword.execute(GetAttributeKeyword.groovy:68)
	at com.kms.katalon.core.keyword.internal.KeywordExecutor.executeKeywordForPlatform(KeywordExecutor.groovy:73)
	at com.kms.katalon.core.webui.keyword.WebUiBuiltInKeywords.getAttribute(WebUiBuiltInKeywords.groovy:950)
	at com.kms.katalon.core.webui.keyword.WebUiBuiltInKeywords$getAttribute$13.call(Unknown Source)
	at Script1613662810777.testToolTip(Script1613662810777.groovy:41)
	at Script1613662810777.testToggleTip(Script1613662810777.groovy:95)
	at Script1613662810777.run(Script1613662810777.groovy:31)
	... 13 more
)
	at com.kms.katalon.core.keyword.internal.KeywordMain.stepFailed(KeywordMain.groovy:39)
	at com.kms.katalon.core.webui.keyword.internal.WebUIKeywordMain.stepFailed(WebUIKeywordMain.groovy:64)
	at com.kms.katalon.core.webui.keyword.internal.WebUIKeywordMain.runKeyword(WebUIKeywordMain.groovy:26)
	at com.kms.katalon.core.webui.keyword.builtin.GetAttributeKeyword.getAttribute(GetAttributeKeyword.groovy:93)
	at com.kms.katalon.core.webui.keyword.builtin.GetAttributeKeyword.execute(GetAttributeKeyword.groovy:68)
	at com.kms.katalon.core.keyword.internal.KeywordExecutor.executeKeywordForPlatform(KeywordExecutor.groovy:73)
	at com.kms.katalon.core.webui.keyword.WebUiBuiltInKeywords.getAttribute(WebUiBuiltInKeywords.groovy:950)
	at com.kms.katalon.core.webui.keyword.WebUiBuiltInKeywords$getAttribute$13.call(Unknown Source)
	at Tool Tips - tA.testToolTip(Tool Tips - tA:41)
	at Tool Tips - tA.testToggleTip(Tool Tips - tA:95)
	at Tool Tips - tA.run(Tool Tips - tA:31)
	at com.kms.katalon.core.main.ScriptEngine.run(ScriptEngine.java:194)
	at com.kms.katalon.core.main.ScriptEngine.runScriptAsRawText(ScriptEngine.java:119)
	at com.kms.katalon.core.main.TestCaseExecutor.runScript(TestCaseExecutor.java:398)
	at com.kms.katalon.core.main.TestCaseExecutor.doExecute(TestCaseExecutor.java:389)
	at com.kms.katalon.core.main.TestCaseExecutor.processExecutionPhase(TestCaseExecutor.java:368)
	at com.kms.katalon.core.main.TestCaseExecutor.accessMainPhase(TestCaseExecutor.java:360)
	at com.kms.katalon.core.main.TestCaseExecutor.execute(TestCaseExecutor.java:255)
	at com.kms.katalon.core.main.TestSuiteExecutor.accessTestCaseMainPhase(TestSuiteExecutor.java:203)
	at com.kms.katalon.core.main.TestSuiteExecutor.accessTestSuiteMainPhase(TestSuiteExecutor.java:152)
	at com.kms.katalon.core.main.TestSuiteExecutor.execute(TestSuiteExecutor.java:95)
	at com.kms.katalon.core.main.TestCaseMain.startTestSuite(TestCaseMain.java:157)
	at com.kms.katalon.core.main.TestCaseMain$startTestSuite$0.call(Unknown Source)
	at TempTestSuite1625717301758.run(TempTestSuite1625717301758.groovy:39)
Caused by: com.kms.katalon.core.exception.StepFailedException: Unable to get attribute 'title' of object 'Object Repository/Tool tips/button_No Sections'
	... 23 more
Caused by: com.kms.katalon.core.webui.exception.WebElementNotFoundException: Web element with id: 'Object Repository/Tool tips/button_No Sections' located by '//*[@type = 'button' and @title = 'No Sections']' not found
	at com.kms.katalon.core.webui.common.WebUiCommonHelper.findWebElement(WebUiCommonHelper.java:1368)
	at com.kms.katalon.core.webui.keyword.internal.WebUIAbstractKeyword.findWebElement(WebUIAbstractKeyword.groovy:27)
	at com.kms.katalon.core.webui.keyword.internal.WebUIAbstractKeyword.findWebElement(WebUIAbstractKeyword.groovy:26)
	at com.kms.katalon.core.webui.keyword.builtin.GetAttributeKeyword$_getAttribute_closure1.doCall(GetAttributeKeyword.groovy:83)
	at com.kms.katalon.core.webui.keyword.builtin.GetAttributeKeyword$_getAttribute_closure1.call(GetAttributeKeyword.groovy)
	at com.kms.katalon.core.webui.keyword.internal.WebUIKeywordMain.runKeyword(WebUIKeywordMain.groovy:20)
	... 21 more]]></system-err>
   </testsuite>
</testsuites>
