<?xml version="1.0" encoding="UTF-8"?>
<testsuites name="Test Suite1- Regression" time="700.473" tests="15" failures="1" skips="0" errors="0">
   <testsuite name="Test Suite1- Regression" tests="15" failures="1" errors="0" time="700.473" skips="0" timestamp="2021-06-28 09:12:41" hostname="elsylitsonlambert - localhost" id="Test Suites/Test Suite1- Regression">
      <properties>
         <property name="deviceName" value=""/>
         <property name="devicePlatform" value=""/>
         <property name="logFolder" value="/Users/elsylitsonlambert/git/tcCreateQA/Reports/20210628_091238/Test Suite1- Regression/20210628_091239"/>
         <property name="logFiles" value="/Users/elsylitsonlambert/git/tcCreateQA/Reports/20210628_091238/Test Suite1- Regression/20210628_091239/execution0.log"/>
         <property name="attachments" value="/Users/elsylitsonlambert/git/tcCreateQA/Reports/20210628_091238/Test Suite1- Regression/20210628_091239/1624886000930.png, /Users/elsylitsonlambert/git/tcCreateQA/Reports/20210628_091238/Test Suite1- Regression/20210628_091239/1624886375812.png, /Users/elsylitsonlambert/git/tcCreateQA/Reports/20210628_091238/Test Suite1- Regression/20210628_091239/1624886623123.png, /Users/elsylitsonlambert/git/tcCreateQA/Reports/20210628_091238/Test Suite1- Regression/20210628_091239/1624886660543.png"/>
         <property name="hostName" value="elsylitsonlambert - localhost"/>
         <property name="os" value="Mac OS X 64bit"/>
         <property name="katalonVersion" value="7.9.1.208"/>
         <property name="browser" value="Chrome 91.0.4472.114"/>
         <property name="hostAddress" value="127.0.0.1"/>
         <property name="sessionId" value="4b425218411e06c1558d53f94b8a5201"/>
         <property name="seleniumVersion" value="3.141.59"/>
         <property name="proxyInformation" value="ProxyInformation { proxyOption=NO_PROXY, proxyServerType=HTTP, username=, password=********, proxyServerAddress=, proxyServerPort=0, executionList=&quot;&quot;, isApplyToDesiredCapabilities=true }"/>
         <property name="platform" value="Mac OS X"/>
      </properties>
      <testcase name="Test Cases/tCC Test Cases/tN_Parallel Scripture viewer" time="56.245" classname="Test Cases/tCC Test Cases/tN_Parallel Scripture viewer" status="PASSED">
         <system-out><![CDATA[2021-06-28 09:12:41 - [TEST_CASE][PASSED] - Test Cases/tCC Test Cases/tN_Parallel Scripture viewer: Test Cases/tCC Test Cases/tN_Parallel Scripture viewer

2021-06-28 09:12:42 - [TEST_STEP][PASSED] - com.tccreate.keywords.WriteToFile.writeTofilename("tN-Parallel Scripture Viewer"): com.tccreate.keywords.WriteToFile.writeTofilename is PASSED

2021-06-28 09:12:42 - [MESSAGE][PASSED] - com.tccreate.keywords.WriteToFile.writeTofilename is PASSED

2021-06-28 09:12:42 - [TEST_STEP][PASSED] - com.helper.login.TimeDate.getTimeDate(): com.helper.login.TimeDate.getTimeDate is PASSED

2021-06-28 09:12:42 - [MESSAGE][INFO] - Time at which the test run:2021-06-28 09:12:42.185

2021-06-28 09:12:42 - [MESSAGE][PASSED] - com.helper.login.TimeDate.getTimeDate is PASSED

2021-06-28 09:12:42 - [TEST_STEP][PASSED] - com.helper.login.loginhelper.logintoapp(): com.helper.login.loginhelper.logintoapp is PASSED

2021-06-28 09:12:42 - [MESSAGE][INFO] - Starting 'Chrome' driver

2021-06-28 09:12:42 - [MESSAGE][INFO] - Action delay is set to 1,000 milliseconds

2021-06-28 09:12:44 - [MESSAGE][WARNING] - FFmpeg was not installed! Browser Recording will be disabled. Please follow this document to install FFmpeg first: https://docs.katalon.com/katalon-studio/docs/screenshots-videos.html#browser-based-recorder

2021-06-28 09:12:46 - [MESSAGE][PASSED] - Browser is opened with url: 'https://stage--tc-create-app.netlify.app/'

2021-06-28 09:12:46 - [MESSAGE][PASSED] - Wait for page load successfully

2021-06-28 09:12:47 - [MESSAGE][PASSED] - Current window maximized

2021-06-28 09:12:48 - [MESSAGE][PASSED] - Keys 'elsylambert' sent to object: 'Object Repository/Page_tC Create/input__username'

2021-06-28 09:12:49 - [MESSAGE][PASSED] - Keys 'fatak43' sent to object: 'Object Repository/Page_tC Create/input__password'

2021-06-28 09:12:51 - [MESSAGE][PASSED] - Object: 'Object Repository/Page_tC Create/button_Login' is clicked on

2021-06-28 09:12:52 - [MESSAGE][PASSED] - Delayed 1 second(s)

2021-06-28 09:12:53 - [MESSAGE][PASSED] - Text of object 'Object Repository/Page_tC Create/tcc-version number' is: 'translationCore Create - v1.2.1 build 54-23bc2b8'

2021-06-28 09:12:53 - [MESSAGE][INFO] - : The current version and build number is translationCore Create - v1.2.1 build 54-23bc2b8

2021-06-28 09:12:53 - [MESSAGE][PASSED] - com.helper.login.loginhelper.logintoapp is PASSED

2021-06-28 09:12:53 - [TEST_STEP][PASSED] - com.tccreate.keywords.selectOrg.organization(""): com.tccreate.keywords.selectOrg.organization is PASSED

2021-06-28 09:12:55 - [MESSAGE][PASSED] - Object: 'Object Repository/Page_tC Create/listOption_organisation_Parmed' is clicked on

2021-06-28 09:12:57 - [MESSAGE][WARNING] - No alert found after 2 second(s).

2021-06-28 09:12:57 - [MESSAGE][PASSED] - com.tccreate.keywords.selectOrg.organization is PASSED

2021-06-28 09:12:57 - [TEST_STEP][PASSED] - com.tccreate.keywords.selectOrg.resource("unfoldingWord® Translation Notes"): com.tccreate.keywords.selectOrg.resource is PASSED

2021-06-28 09:12:58 - [MESSAGE][PASSED] - Object: 'Object Repository/Page_tC Create/resource_Parmed' is clicked on

2021-06-28 09:12:58 - [MESSAGE][PASSED] - com.tccreate.keywords.selectOrg.resource is PASSED

2021-06-28 09:12:58 - [TEST_STEP][PASSED] - com.tccreate.keywords.selectOrg.language(""): com.tccreate.keywords.selectOrg.language is PASSED

2021-06-28 09:13:00 - [MESSAGE][PASSED] - Object: 'Object Repository/Page_tC Create/combo_Select Language' is clicked on

2021-06-28 09:13:01 - [MESSAGE][PASSED] - Object: 'Object Repository/Page_tC Create/listOption_Language_Parmed' is clicked on

2021-06-28 09:13:01 - [MESSAGE][PASSED] - com.tccreate.keywords.selectOrg.language is PASSED

2021-06-28 09:13:01 - [TEST_STEP][PASSED] - click(findTestObject("Object Repository/Page_tC Create/span_en_tn_57-TIT.tsv")): Object: 'Object Repository/Page_tC Create/span_en_tn_57-TIT.tsv' is clicked on

2021-06-28 09:13:03 - [MESSAGE][PASSED] - Object: 'Object Repository/Page_tC Create/span_en_tn_57-TIT.tsv' is clicked on

2021-06-28 09:13:03 - [TEST_STEP][PASSED] - com.tccreate.keywords.ExpandAllScriptureToggle.toggleAllScripture(""test""): com.tccreate.keywords.ExpandAllScriptureToggle.toggleAllScripture is PASSED

2021-06-28 09:13:07 - [MESSAGE][INFO] - Unable to find the element located by 'By.xpath: //*[@type = 'button' and @data-test = 'drawer-menu-close-button']'. Please recheck the objects properties to make sure the desired element is located. 

2021-06-28 09:13:07 - [MESSAGE][WARNING] - Object 'Object Repository/Page_tC Create/button_DrawerClose' is not present after 2 second(s)

2021-06-28 09:13:09 - [MESSAGE][PASSED] - Object: 'Object Repository/Page_tC Create/Hamburger Menu Button' is clicked on

2021-06-28 09:13:10 - [MESSAGE][PASSED] - Delayed 1 second(s)

2021-06-28 09:13:10 - [MESSAGE][PASSED] - Object 'Object Repository/Page_tC Create/input_Expand all Scripture_default' is checked

2021-06-28 09:13:12 - [MESSAGE][PASSED] - Object: 'Object Repository/Page_tC Create/input_Expand all Scripture_default' is clicked on

2021-06-28 09:13:13 - [MESSAGE][PASSED] - Delayed 1 second(s)

2021-06-28 09:13:14 - [MESSAGE][PASSED] - Object: 'Object Repository/Page_tC Create/button_DrawerClose' is clicked on

2021-06-28 09:13:15 - [MESSAGE][PASSED] - Object 'Object Repository/Page_tC Create/Hamburger Menu Button' is visible

2021-06-28 09:13:15 - [MESSAGE][PASSED] - com.tccreate.keywords.ExpandAllScriptureToggle.toggleAllScripture is PASSED

2021-06-28 09:13:15 - [TEST_STEP][PASSED] - com.tccreate.keywords.ExpandAllScriptureToggle.toggleAllScripture(""on""): com.tccreate.keywords.ExpandAllScriptureToggle.toggleAllScripture is PASSED

2021-06-28 09:13:18 - [MESSAGE][INFO] - Unable to find the element located by 'By.xpath: //*[@type = 'button' and @data-test = 'drawer-menu-close-button']'. Please recheck the objects properties to make sure the desired element is located. 

2021-06-28 09:13:18 - [MESSAGE][WARNING] - Object 'Object Repository/Page_tC Create/button_DrawerClose' is not present after 2 second(s)

2021-06-28 09:13:19 - [MESSAGE][PASSED] - Object: 'Object Repository/Page_tC Create/Hamburger Menu Button' is clicked on

2021-06-28 09:13:20 - [MESSAGE][PASSED] - Delayed 1 second(s)

2021-06-28 09:13:21 - [MESSAGE][WARNING] - Object 'Object Repository/Page_tC Create/input_Expand all Scripture_default' is not checked (Root cause: com.kms.katalon.core.exception.StepFailedException: Object 'Object Repository/Page_tC Create/input_Expand all Scripture_default' is not checked
	at com.kms.katalon.core.webui.keyword.internal.WebUIKeywordMain.stepFailed(WebUIKeywordMain.groovy:64)
	at com.kms.katalon.core.webui.keyword.builtin.VerifyElementCheckedKeyword$_verifyElementChecked_closure1.doCall(VerifyElementCheckedKeyword.groovy:81)
	at com.kms.katalon.core.webui.keyword.builtin.VerifyElementCheckedKeyword$_verifyElementChecked_closure1.call(VerifyElementCheckedKeyword.groovy)
	at com.kms.katalon.core.webui.keyword.internal.WebUIKeywordMain.runKeyword(WebUIKeywordMain.groovy:20)
	at com.kms.katalon.core.webui.keyword.builtin.VerifyElementCheckedKeyword.verifyElementChecked(VerifyElementCheckedKeyword.groovy:92)
	at com.kms.katalon.core.webui.keyword.builtin.VerifyElementCheckedKeyword.execute(VerifyElementCheckedKeyword.groovy:68)
	at com.kms.katalon.core.keyword.internal.KeywordExecutor.executeKeywordForPlatform(KeywordExecutor.groovy:73)
	at com.kms.katalon.core.webui.keyword.WebUiBuiltInKeywords.verifyElementChecked(WebUiBuiltInKeywords.groovy:1381)
	at com.kms.katalon.core.webui.keyword.WebUiBuiltInKeywords$verifyElementChecked$8.call(Unknown Source)
	at com.tccreate.keywords.ExpandAllScriptureToggle.toggleAllScripture(ExpandAllScriptureToggle.groovy:43)
	at com.tccreate.keywords.ExpandAllScriptureToggle.invokeMethod(ExpandAllScriptureToggle.groovy)
	at com.kms.katalon.core.main.CustomKeywordDelegatingMetaClass.invokeStaticMethod(CustomKeywordDelegatingMetaClass.java:50)
	at tN_Parallel Scripture viewer.run(tN_Parallel Scripture viewer:39)
	at com.kms.katalon.core.main.ScriptEngine.run(ScriptEngine.java:194)
	at com.kms.katalon.core.main.ScriptEngine.runScriptAsRawText(ScriptEngine.java:119)
	at com.kms.katalon.core.main.TestCaseExecutor.runScript(TestCaseExecutor.java:398)
	at com.kms.katalon.core.main.TestCaseExecutor.doExecute(TestCaseExecutor.java:389)
	at com.kms.katalon.core.main.TestCaseExecutor.processExecutionPhase(TestCaseExecutor.java:368)
	at com.kms.katalon.core.main.TestCaseExecutor.accessMainPhase(TestCaseExecutor.java:360)
	at com.kms.katalon.core.main.TestCaseExecutor.execute(TestCaseExecutor.java:255)
	at com.kms.katalon.core.main.TestSuiteExecutor.accessTestCaseMainPhase(TestSuiteExecutor.java:203)
	at com.kms.katalon.core.main.TestSuiteExecutor.accessTestSuiteMainPhase(TestSuiteExecutor.java:152)
	at com.kms.katalon.core.main.TestSuiteExecutor.execute(TestSuiteExecutor.java:95)
	at com.kms.katalon.core.main.TestCaseMain.startTestSuite(TestCaseMain.java:157)
	at com.kms.katalon.core.main.TestCaseMain$startTestSuite$0.call(Unknown Source)
	at TempTestSuite1624885959906.run(TempTestSuite1624885959906.groovy:39)
)
[[ATTACHMENT|/Users/elsylitsonlambert/git/tcCreateQA/Reports/20210628_091238/Test Suite1- Regression/20210628_091239/1624886000930.png]]

2021-06-28 09:13:23 - [MESSAGE][PASSED] - Object: 'Object Repository/Page_tC Create/input_Expand all Scripture_default' is clicked on

2021-06-28 09:13:24 - [MESSAGE][PASSED] - Delayed 1 second(s)

2021-06-28 09:13:25 - [MESSAGE][PASSED] - Object: 'Object Repository/Page_tC Create/button_DrawerClose' is clicked on

2021-06-28 09:13:26 - [MESSAGE][PASSED] - Object 'Object Repository/Page_tC Create/Hamburger Menu Button' is visible

2021-06-28 09:13:26 - [MESSAGE][PASSED] - com.tccreate.keywords.ExpandAllScriptureToggle.toggleAllScripture is PASSED

2021-06-28 09:13:26 - [TEST_STEP][PASSED] - if (verifyElementPresent(findTestObject("Page_tC Create/span_unfoldingWord Literal Text v14"), 5)): null

2021-06-28 09:13:26 - [MESSAGE][PASSED] - Object 'Object Repository/Page_tC Create/span_unfoldingWord Literal Text v14' is present

2021-06-28 09:13:26 - [TEST_STEP][PASSED] - logInfo("ULT is visible 1"): ULT is visible 1

2021-06-28 09:13:26 - [MESSAGE][INFO] - ULT is visible 1

2021-06-28 09:13:26 - [TEST_STEP][PASSED] - if (verifyElementPresent(findTestObject("Page_tC Create/span_unfoldingWord Simplified Text v14"), 5)): null

2021-06-28 09:13:27 - [MESSAGE][PASSED] - Object 'Object Repository/Page_tC Create/span_unfoldingWord Simplified Text v14' is present

2021-06-28 09:13:27 - [TEST_STEP][PASSED] - logInfo("UST is visible"): UST is visible

2021-06-28 09:13:27 - [MESSAGE][INFO] - UST is visible

2021-06-28 09:13:27 - [TEST_STEP][PASSED] - logInfo("ParallelScripture is present"): ParallelScripture is present

2021-06-28 09:13:27 - [MESSAGE][INFO] - ParallelScripture is present

2021-06-28 09:13:27 - [TEST_STEP][PASSED] - com.tccreate.keywords.ExpandAllScriptureToggle.toggleAllScripture(""off""): com.tccreate.keywords.ExpandAllScriptureToggle.toggleAllScripture is PASSED

2021-06-28 09:13:30 - [MESSAGE][INFO] - Unable to find the element located by 'By.xpath: //*[@type = 'button' and @data-test = 'drawer-menu-close-button']'. Please recheck the objects properties to make sure the desired element is located. 

2021-06-28 09:13:30 - [MESSAGE][WARNING] - Object 'Object Repository/Page_tC Create/button_DrawerClose' is not present after 2 second(s)

2021-06-28 09:13:31 - [MESSAGE][PASSED] - Object: 'Object Repository/Page_tC Create/Hamburger Menu Button' is clicked on

2021-06-28 09:13:32 - [MESSAGE][PASSED] - Delayed 1 second(s)

2021-06-28 09:13:33 - [MESSAGE][PASSED] - Object 'Object Repository/Page_tC Create/input_Expand all Scripture_default' is checked

2021-06-28 09:13:34 - [MESSAGE][PASSED] - Object: 'Object Repository/Page_tC Create/input_Expand all Scripture_default' is clicked on

2021-06-28 09:13:35 - [MESSAGE][PASSED] - Delayed 1 second(s)

2021-06-28 09:13:37 - [MESSAGE][PASSED] - Object: 'Object Repository/Page_tC Create/button_DrawerClose' is clicked on

2021-06-28 09:13:37 - [MESSAGE][PASSED] - Object 'Object Repository/Page_tC Create/Hamburger Menu Button' is visible

2021-06-28 09:13:37 - [MESSAGE][PASSED] - com.tccreate.keywords.ExpandAllScriptureToggle.toggleAllScripture is PASSED

2021-06-28 09:13:37 - [TEST_STEP][PASSED] - logInfo("button is toggled"): button is toggled

2021-06-28 09:13:37 - [MESSAGE][INFO] - button is toggled

2021-06-28 09:13:37 - [TEST_STEP][PASSED] - if (verifyElementNotPresent(findTestObject("Page_tC Create/span_unfoldingWord Literal Text v14"), 3)): null

2021-06-28 09:13:38 - [MESSAGE][PASSED] - Web element with id: 'Object Repository/Page_tC Create/span_unfoldingWord Literal Text v14' located by 'By.xpath: //div[@id='wrapY']/table/thead/tr/th[2]/span' is not present after '3' second(s)

2021-06-28 09:13:38 - [TEST_STEP][PASSED] - logInfo("ULT is not visible as expected"): ULT is not visible as expected

2021-06-28 09:13:38 - [MESSAGE][INFO] - ULT is not visible as expected

2021-06-28 09:13:38 - [TEST_STEP][PASSED] - closeBrowser(): Browser is closed

2021-06-28 09:13:38 - [MESSAGE][PASSED] - Browser is closed]]></system-out>
         <system-err><![CDATA[]]></system-err>
      </testcase>
      <testcase name="Test Cases/tCC Test Cases/tCC_Link to Organization page" time="19.002" classname="Test Cases/tCC Test Cases/tCC_Link to Organization page" status="PASSED">
         <system-out><![CDATA[2021-06-28 09:13:38 - [TEST_CASE][PASSED] - Test Cases/tCC Test Cases/tCC_Link to Organization page: Test Cases/tCC Test Cases/tCC_Link to Organization page

2021-06-28 09:13:38 - [TEST_STEP][PASSED] - com.tccreate.keywords.WriteToFile.writeTofilename("Links to Org page"): com.tccreate.keywords.WriteToFile.writeTofilename is PASSED

2021-06-28 09:13:38 - [MESSAGE][PASSED] - com.tccreate.keywords.WriteToFile.writeTofilename is PASSED

2021-06-28 09:13:38 - [TEST_STEP][PASSED] - com.helper.login.TimeDate.getTimeDate(): com.helper.login.TimeDate.getTimeDate is PASSED

2021-06-28 09:13:38 - [MESSAGE][INFO] - Time at which the test run:2021-06-28 09:13:38.308

2021-06-28 09:13:38 - [MESSAGE][PASSED] - com.helper.login.TimeDate.getTimeDate is PASSED

2021-06-28 09:13:38 - [TEST_STEP][PASSED] - com.helper.login.loginhelper.logintoapp(): com.helper.login.loginhelper.logintoapp is PASSED

2021-06-28 09:13:38 - [MESSAGE][INFO] - Starting 'Chrome' driver

2021-06-28 09:13:38 - [MESSAGE][INFO] - Action delay is set to 1,000 milliseconds

2021-06-28 09:13:39 - [MESSAGE][WARNING] - FFmpeg was not installed! Browser Recording will be disabled. Please follow this document to install FFmpeg first: https://docs.katalon.com/katalon-studio/docs/screenshots-videos.html#browser-based-recorder

2021-06-28 09:13:45 - [MESSAGE][PASSED] - Browser is opened with url: 'https://stage--tc-create-app.netlify.app/'

2021-06-28 09:13:45 - [MESSAGE][PASSED] - Wait for page load successfully

2021-06-28 09:13:45 - [MESSAGE][PASSED] - Current window maximized

2021-06-28 09:13:47 - [MESSAGE][PASSED] - Keys 'elsylambert' sent to object: 'Object Repository/Page_tC Create/input__username'

2021-06-28 09:13:48 - [MESSAGE][PASSED] - Keys 'fatak43' sent to object: 'Object Repository/Page_tC Create/input__password'

2021-06-28 09:13:50 - [MESSAGE][PASSED] - Object: 'Object Repository/Page_tC Create/button_Login' is clicked on

2021-06-28 09:13:51 - [MESSAGE][PASSED] - Delayed 1 second(s)

2021-06-28 09:13:53 - [MESSAGE][PASSED] - Text of object 'Object Repository/Page_tC Create/tcc-version number' is: 'translationCore Create - v1.2.1 build 54-23bc2b8'

2021-06-28 09:13:53 - [MESSAGE][INFO] - : The current version and build number is translationCore Create - v1.2.1 build 54-23bc2b8

2021-06-28 09:13:53 - [MESSAGE][PASSED] - com.helper.login.loginhelper.logintoapp is PASSED

2021-06-28 09:13:53 - [TEST_STEP][PASSED] - verifyElementPresent(findTestObject("Object Repository/Organization Link/span_unfoldingWord"), 1): Object 'Object Repository/Organization Link/span_unfoldingWord' is present

2021-06-28 09:13:53 - [MESSAGE][PASSED] - Object 'Object Repository/Organization Link/span_unfoldingWord' is present

2021-06-28 09:13:53 - [TEST_STEP][PASSED] - expectedTooltip = "Go to Organization": null

2021-06-28 09:13:53 - [TEST_STEP][PASSED] - actualTooltip = getAttribute(findTestObject("Object Repository/Organization Link/button_unfoldingWord_MuiButtonBase-root MuiIconButton-root"), "title"): Attribute 'title' of object 'Object Repository/Organization Link/button_unfoldingWord_MuiButtonBase-root MuiIconButton-root' is: 'Go to Organization'

2021-06-28 09:13:53 - [MESSAGE][PASSED] - Attribute 'title' of object 'Object Repository/Organization Link/button_unfoldingWord_MuiButtonBase-root MuiIconButton-root' is: 'Go to Organization'

2021-06-28 09:13:53 - [TEST_STEP][PASSED] - out.println("Actual Title of Tool Tip" + actualTooltip): null

2021-06-28 09:13:53 - [TEST_STEP][PASSED] - if (actualTooltip.equals(expectedTooltip)): null

2021-06-28 09:13:53 - [TEST_STEP][PASSED] - out.println("Test Case Passed"): null

2021-06-28 09:13:53 - [TEST_STEP][PASSED] - click(findTestObject("Object Repository/Organization Link/button_unfoldingWord_MuiButtonBase-root MuiIconButton-root")): Object: 'Object Repository/Organization Link/button_unfoldingWord_MuiButtonBase-root MuiIconButton-root' is clicked on

2021-06-28 09:13:55 - [MESSAGE][PASSED] - Object: 'Object Repository/Organization Link/button_unfoldingWord_MuiButtonBase-root MuiIconButton-root' is clicked on

2021-06-28 09:13:55 - [TEST_STEP][PASSED] - switchToWindowIndex(1): Switched to window with index: '1'

2021-06-28 09:13:55 - [MESSAGE][PASSED] - Switched to window with index: '1'

2021-06-28 09:13:55 - [TEST_STEP][PASSED] - if (verifyElementVisible(findTestObject("Object Repository/Organization Link/div_unfoldingWord"), CONTINUE_ON_FAILURE)): null

2021-06-28 09:13:57 - [MESSAGE][PASSED] - Object 'Object Repository/Organization Link/div_unfoldingWord' is visible

2021-06-28 09:13:57 - [TEST_STEP][PASSED] - out.println("Organization page is opening"): null

2021-06-28 09:13:57 - [TEST_STEP][PASSED] - switchToWindowIndex(0): Switched to window with index: '0'

2021-06-28 09:13:57 - [MESSAGE][PASSED] - Switched to window with index: '0'

2021-06-28 09:13:57 - [TEST_STEP][PASSED] - closeBrowser(): Browser is closed

2021-06-28 09:13:57 - [MESSAGE][PASSED] - Browser is closed]]></system-out>
         <system-err><![CDATA[]]></system-err>
      </testcase>
      <testcase name="Test Cases/tCC Test Cases/tN_undo text in tN Editor" time="29.04" classname="Test Cases/tCC Test Cases/tN_undo text in tN Editor" status="PASSED">
         <system-out><![CDATA[2021-06-28 09:13:57 - [TEST_CASE][PASSED] - Test Cases/tCC Test Cases/tN_undo text in tN Editor: Test Cases/tCC Test Cases/tN_undo text in tN Editor

2021-06-28 09:13:57 - [TEST_STEP][PASSED] - com.tccreate.keywords.WriteToFile.writeTofilename("tN-undo editing"): com.tccreate.keywords.WriteToFile.writeTofilename is PASSED

2021-06-28 09:13:57 - [MESSAGE][PASSED] - com.tccreate.keywords.WriteToFile.writeTofilename is PASSED

2021-06-28 09:13:57 - [TEST_STEP][PASSED] - com.helper.login.TimeDate.getTimeDate(): com.helper.login.TimeDate.getTimeDate is PASSED

2021-06-28 09:13:57 - [MESSAGE][INFO] - Time at which the test run:2021-06-28 09:13:57.393

2021-06-28 09:13:57 - [MESSAGE][PASSED] - com.helper.login.TimeDate.getTimeDate is PASSED

2021-06-28 09:13:57 - [TEST_STEP][PASSED] - com.helper.login.loginhelper.logintoapp(): com.helper.login.loginhelper.logintoapp is PASSED

2021-06-28 09:13:57 - [MESSAGE][INFO] - Starting 'Chrome' driver

2021-06-28 09:13:57 - [MESSAGE][INFO] - Action delay is set to 1,000 milliseconds

2021-06-28 09:13:58 - [MESSAGE][WARNING] - FFmpeg was not installed! Browser Recording will be disabled. Please follow this document to install FFmpeg first: https://docs.katalon.com/katalon-studio/docs/screenshots-videos.html#browser-based-recorder

2021-06-28 09:14:00 - [MESSAGE][PASSED] - Browser is opened with url: 'https://stage--tc-create-app.netlify.app/'

2021-06-28 09:14:00 - [MESSAGE][PASSED] - Wait for page load successfully

2021-06-28 09:14:01 - [MESSAGE][PASSED] - Current window maximized

2021-06-28 09:14:02 - [MESSAGE][PASSED] - Keys 'elsylambert' sent to object: 'Object Repository/Page_tC Create/input__username'

2021-06-28 09:14:03 - [MESSAGE][PASSED] - Keys 'fatak43' sent to object: 'Object Repository/Page_tC Create/input__password'

2021-06-28 09:14:05 - [MESSAGE][PASSED] - Object: 'Object Repository/Page_tC Create/button_Login' is clicked on

2021-06-28 09:14:06 - [MESSAGE][PASSED] - Delayed 1 second(s)

2021-06-28 09:14:08 - [MESSAGE][PASSED] - Text of object 'Object Repository/Page_tC Create/tcc-version number' is: 'translationCore Create - v1.2.1 build 54-23bc2b8'

2021-06-28 09:14:08 - [MESSAGE][INFO] - : The current version and build number is translationCore Create - v1.2.1 build 54-23bc2b8

2021-06-28 09:14:08 - [MESSAGE][PASSED] - com.helper.login.loginhelper.logintoapp is PASSED

2021-06-28 09:14:08 - [TEST_STEP][PASSED] - com.tccreate.keywords.selectOrg.organization(""): com.tccreate.keywords.selectOrg.organization is PASSED

2021-06-28 09:14:09 - [MESSAGE][PASSED] - Object: 'Object Repository/Page_tC Create/listOption_organisation_Parmed' is clicked on

2021-06-28 09:14:11 - [MESSAGE][WARNING] - No alert found after 2 second(s).

2021-06-28 09:14:11 - [MESSAGE][PASSED] - com.tccreate.keywords.selectOrg.organization is PASSED

2021-06-28 09:14:11 - [TEST_STEP][PASSED] - com.tccreate.keywords.selectOrg.resource("unfoldingWord® Translation Notes"): com.tccreate.keywords.selectOrg.resource is PASSED

2021-06-28 09:14:13 - [MESSAGE][PASSED] - Object: 'Object Repository/Page_tC Create/resource_Parmed' is clicked on

2021-06-28 09:14:13 - [MESSAGE][PASSED] - com.tccreate.keywords.selectOrg.resource is PASSED

2021-06-28 09:14:13 - [TEST_STEP][PASSED] - com.tccreate.keywords.selectOrg.language(""): com.tccreate.keywords.selectOrg.language is PASSED

2021-06-28 09:14:14 - [MESSAGE][PASSED] - Object: 'Object Repository/Page_tC Create/combo_Select Language' is clicked on

2021-06-28 09:14:16 - [MESSAGE][PASSED] - Object: 'Object Repository/Page_tC Create/listOption_Language_Parmed' is clicked on

2021-06-28 09:14:16 - [MESSAGE][PASSED] - com.tccreate.keywords.selectOrg.language is PASSED

2021-06-28 09:14:16 - [TEST_STEP][PASSED] - click(findTestObject("Object Repository/Page_tC Create/span_en_tn_57-TIT.tsv")): Object: 'Object Repository/Page_tC Create/span_en_tn_57-TIT.tsv' is clicked on

2021-06-28 09:14:18 - [MESSAGE][PASSED] - Object: 'Object Repository/Page_tC Create/span_en_tn_57-TIT.tsv' is clicked on

2021-06-28 09:14:18 - [TEST_STEP][PASSED] - click(findTestObject("Object Repository/Page_tC Create/div_Introduction to TitusPart 1")): Object: 'Object Repository/Page_tC Create/div_Introduction to TitusPart 1' is clicked on

2021-06-28 09:14:23 - [MESSAGE][PASSED] - Object: 'Object Repository/Page_tC Create/div_Introduction to TitusPart 1' is clicked on

2021-06-28 09:14:23 - [TEST_STEP][PASSED] - sendKeys(findTestObject("Object Repository/Page_tC Create/div_Introduction to TitusPart 1"), "edit again "): Keys 'edit again ' sent to object: 'Object Repository/Page_tC Create/div_Introduction to TitusPart 1'

2021-06-28 09:14:24 - [MESSAGE][PASSED] - Keys 'edit again ' sent to object: 'Object Repository/Page_tC Create/div_Introduction to TitusPart 1'

2021-06-28 09:14:24 - [TEST_STEP][PASSED] - driver = getWebDriver(): null

2021-06-28 09:14:24 - [TEST_STEP][PASSED] - action = new org.openqa.selenium.interactions.Actions(driver): null

2021-06-28 09:14:24 - [TEST_STEP][PASSED] - keyUp(COMMAND).perform(): null

2021-06-28 09:14:24 - [TEST_STEP][PASSED] - sendKeys(findTestObject("Object Repository/Page_tC Create/div_Introduction to TitusPart 1"), Keys.chord(COMMAND, "z")): Keys 'COMMAND + z' sent to object: 'Object Repository/Page_tC Create/div_Introduction to TitusPart 1'

2021-06-28 09:14:26 - [MESSAGE][PASSED] - Keys 'COMMAND + z' sent to object: 'Object Repository/Page_tC Create/div_Introduction to TitusPart 1'

2021-06-28 09:14:26 - [TEST_STEP][PASSED] - logInfo("Text is cleared successfully by undo action"): Text is cleared successfully by undo action

2021-06-28 09:14:26 - [MESSAGE][INFO] - Text is cleared successfully by undo action

2021-06-28 09:14:26 - [TEST_STEP][PASSED] - closeBrowser(): Browser is closed

2021-06-28 09:14:26 - [MESSAGE][PASSED] - Browser is closed]]></system-out>
         <system-err><![CDATA[]]></system-err>
      </testcase>
      <testcase name="Test Cases/tCC Test Cases/tN_Add or Delete a Row" time="37.527" classname="Test Cases/tCC Test Cases/tN_Add or Delete a Row" status="PASSED">
         <system-out><![CDATA[2021-06-28 09:14:26 - [TEST_CASE][PASSED] - Test Cases/tCC Test Cases/tN_Add or Delete a Row: Test Cases/tCC Test Cases/tN_Add or Delete a Row

2021-06-28 09:14:26 - [TEST_STEP][PASSED] - com.tccreate.keywords.WriteToFile.writeTofilename("tA-Add or delete row"): com.tccreate.keywords.WriteToFile.writeTofilename is PASSED

2021-06-28 09:14:26 - [MESSAGE][PASSED] - com.tccreate.keywords.WriteToFile.writeTofilename is PASSED

2021-06-28 09:14:26 - [TEST_STEP][PASSED] - com.helper.login.TimeDate.getTimeDate(): com.helper.login.TimeDate.getTimeDate is PASSED

2021-06-28 09:14:26 - [MESSAGE][INFO] - Time at which the test run:2021-06-28 09:14:26.353

2021-06-28 09:14:26 - [MESSAGE][PASSED] - com.helper.login.TimeDate.getTimeDate is PASSED

2021-06-28 09:14:26 - [TEST_STEP][PASSED] - com.helper.login.loginhelper.logintoapp(): com.helper.login.loginhelper.logintoapp is PASSED

2021-06-28 09:14:26 - [MESSAGE][INFO] - Starting 'Chrome' driver

2021-06-28 09:14:26 - [MESSAGE][INFO] - Action delay is set to 1,000 milliseconds

2021-06-28 09:14:27 - [MESSAGE][WARNING] - FFmpeg was not installed! Browser Recording will be disabled. Please follow this document to install FFmpeg first: https://docs.katalon.com/katalon-studio/docs/screenshots-videos.html#browser-based-recorder

2021-06-28 09:14:29 - [MESSAGE][PASSED] - Browser is opened with url: 'https://stage--tc-create-app.netlify.app/'

2021-06-28 09:14:29 - [MESSAGE][PASSED] - Wait for page load successfully

2021-06-28 09:14:29 - [MESSAGE][PASSED] - Current window maximized

2021-06-28 09:14:31 - [MESSAGE][PASSED] - Keys 'elsylambert' sent to object: 'Object Repository/Page_tC Create/input__username'

2021-06-28 09:14:32 - [MESSAGE][PASSED] - Keys 'fatak43' sent to object: 'Object Repository/Page_tC Create/input__password'

2021-06-28 09:14:34 - [MESSAGE][PASSED] - Object: 'Object Repository/Page_tC Create/button_Login' is clicked on

2021-06-28 09:14:35 - [MESSAGE][PASSED] - Delayed 1 second(s)

2021-06-28 09:14:37 - [MESSAGE][PASSED] - Text of object 'Object Repository/Page_tC Create/tcc-version number' is: 'translationCore Create - v1.2.1 build 54-23bc2b8'

2021-06-28 09:14:37 - [MESSAGE][INFO] - : The current version and build number is translationCore Create - v1.2.1 build 54-23bc2b8

2021-06-28 09:14:37 - [MESSAGE][PASSED] - com.helper.login.loginhelper.logintoapp is PASSED

2021-06-28 09:14:37 - [TEST_STEP][PASSED] - com.tccreate.keywords.selectOrg.organization(""): com.tccreate.keywords.selectOrg.organization is PASSED

2021-06-28 09:14:38 - [MESSAGE][PASSED] - Object: 'Object Repository/Page_tC Create/listOption_organisation_Parmed' is clicked on

2021-06-28 09:14:40 - [MESSAGE][WARNING] - No alert found after 2 second(s).

2021-06-28 09:14:40 - [MESSAGE][PASSED] - com.tccreate.keywords.selectOrg.organization is PASSED

2021-06-28 09:14:40 - [TEST_STEP][PASSED] - com.tccreate.keywords.selectOrg.resource("unfoldingWord® Translation Notes"): com.tccreate.keywords.selectOrg.resource is PASSED

2021-06-28 09:14:41 - [MESSAGE][PASSED] - Object: 'Object Repository/Page_tC Create/resource_Parmed' is clicked on

2021-06-28 09:14:41 - [MESSAGE][PASSED] - com.tccreate.keywords.selectOrg.resource is PASSED

2021-06-28 09:14:41 - [TEST_STEP][PASSED] - com.tccreate.keywords.selectOrg.language(""): com.tccreate.keywords.selectOrg.language is PASSED

2021-06-28 09:14:43 - [MESSAGE][PASSED] - Object: 'Object Repository/Page_tC Create/combo_Select Language' is clicked on

2021-06-28 09:14:44 - [MESSAGE][PASSED] - Object: 'Object Repository/Page_tC Create/listOption_Language_Parmed' is clicked on

2021-06-28 09:14:44 - [MESSAGE][PASSED] - com.tccreate.keywords.selectOrg.language is PASSED

2021-06-28 09:14:44 - [TEST_STEP][PASSED] - click(findTestObject("Page_tC Create/Add new resource objects/span_en_tn_57-TIT.tsv")): Object: 'Object Repository/Page_tC Create/Add new resource objects/span_en_tn_57-TIT.tsv' is clicked on

2021-06-28 09:14:47 - [MESSAGE][PASSED] - Object: 'Object Repository/Page_tC Create/Add new resource objects/span_en_tn_57-TIT.tsv' is clicked on

2021-06-28 09:14:47 - [TEST_STEP][PASSED] - click(findTestObject("Object Repository/tN objects/button_view columns")): Object: 'Object Repository/tN objects/button_view columns' is clicked on

2021-06-28 09:14:51 - [MESSAGE][PASSED] - Object: 'Object Repository/tN objects/button_view columns' is clicked on

2021-06-28 09:14:51 - [TEST_STEP][PASSED] - click(findTestObject("Object Repository/tN objects/input_ID")): Object: 'Object Repository/tN objects/input_ID' is clicked on

2021-06-28 09:14:53 - [MESSAGE][PASSED] - Object: 'Object Repository/tN objects/input_ID' is clicked on

2021-06-28 09:14:53 - [TEST_STEP][PASSED] - click(findTestObject("tN objects/button__Close-Columns")): Object: 'Object Repository/tN objects/button__Close-Columns' is clicked on

2021-06-28 09:14:54 - [MESSAGE][PASSED] - Object: 'Object Repository/tN objects/button__Close-Columns' is clicked on

2021-06-28 09:14:54 - [TEST_STEP][PASSED] - scrollToElement(findTestObject("Object Repository/tN objects/div_Titus 11"), 2): Scroll to object 'Object Repository/tN objects/div_Titus 11' successfully

2021-06-28 09:14:55 - [MESSAGE][PASSED] - Scroll to object 'Object Repository/tN objects/div_Titus 11' successfully

2021-06-28 09:14:55 - [TEST_STEP][PASSED] - click(findTestObject("Object Repository/tN objects/button_Titus 11_add a new row")): Object: 'Object Repository/tN objects/button_Titus 11_add a new row' is clicked on

2021-06-28 09:14:57 - [MESSAGE][PASSED] - Object: 'Object Repository/tN objects/button_Titus 11_add a new row' is clicked on

2021-06-28 09:14:57 - [TEST_STEP][PASSED] - click(findTestObject("Object Repository/tN objects/button_Add")): Object: 'Object Repository/tN objects/button_Add' is clicked on

2021-06-28 09:14:59 - [MESSAGE][PASSED] - Object: 'Object Repository/tN objects/button_Add' is clicked on

2021-06-28 09:14:59 - [TEST_STEP][PASSED] - if (verifyElementVisible(findTestObject("Object Repository/tN objects/p_empty"))): null

2021-06-28 09:14:59 - [MESSAGE][PASSED] - Object 'Object Repository/tN objects/p_empty' is visible

2021-06-28 09:14:59 - [TEST_STEP][PASSED] - logInfo(" New row is added successfully"):  New row is added successfully

2021-06-28 09:14:59 - [MESSAGE][INFO] -  New row is added successfully

2021-06-28 09:14:59 - [TEST_STEP][PASSED] - click(findTestObject("Object Repository/tN objects/button_Titus 11_Delete new row")): Object: 'Object Repository/tN objects/button_Titus 11_Delete new row' is clicked on

2021-06-28 09:15:01 - [MESSAGE][PASSED] - Object: 'Object Repository/tN objects/button_Titus 11_Delete new row' is clicked on

2021-06-28 09:15:01 - [TEST_STEP][PASSED] - click(findTestObject("Object Repository/tN objects/span_Delete")): Object: 'Object Repository/tN objects/span_Delete' is clicked on

2021-06-28 09:15:03 - [MESSAGE][PASSED] - Object: 'Object Repository/tN objects/span_Delete' is clicked on

2021-06-28 09:15:03 - [TEST_STEP][PASSED] - if (verifyElementVisible(findTestObject("Object Repository/tN objects/p_empty"))): null

2021-06-28 09:15:03 - [MESSAGE][PASSED] - Object 'Object Repository/tN objects/p_empty' is visible

2021-06-28 09:15:03 - [TEST_STEP][PASSED] - logInfo(" New row is deleted successfully"):  New row is deleted successfully

2021-06-28 09:15:03 - [MESSAGE][INFO] -  New row is deleted successfully

2021-06-28 09:15:03 - [TEST_STEP][PASSED] - closeBrowser(): Browser is closed

2021-06-28 09:15:03 - [MESSAGE][PASSED] - Browser is closed]]></system-out>
         <system-err><![CDATA[]]></system-err>
      </testcase>
      <testcase name="Test Cases/tCC Test Cases/tN_Expand chapter" time="76.793" classname="Test Cases/tCC Test Cases/tN_Expand chapter" status="PASSED">
         <system-out><![CDATA[2021-06-28 09:15:03 - [TEST_CASE][PASSED] - Test Cases/tCC Test Cases/tN_Expand chapter: Test Cases/tCC Test Cases/tN_Expand chapter

2021-06-28 09:15:03 - [TEST_STEP][PASSED] - com.tccreate.keywords.WriteToFile.writeTofilename("tN-Expand chapter"): com.tccreate.keywords.WriteToFile.writeTofilename is PASSED

2021-06-28 09:15:03 - [MESSAGE][PASSED] - com.tccreate.keywords.WriteToFile.writeTofilename is PASSED

2021-06-28 09:15:03 - [TEST_STEP][PASSED] - com.helper.login.TimeDate.getTimeDate(): com.helper.login.TimeDate.getTimeDate is PASSED

2021-06-28 09:15:03 - [MESSAGE][INFO] - Time at which the test run:2021-06-28 09:15:03.919

2021-06-28 09:15:03 - [MESSAGE][PASSED] - com.helper.login.TimeDate.getTimeDate is PASSED

2021-06-28 09:15:03 - [TEST_STEP][PASSED] - com.helper.login.loginhelper.logintoapp(): com.helper.login.loginhelper.logintoapp is PASSED

2021-06-28 09:15:03 - [MESSAGE][INFO] - Starting 'Chrome' driver

2021-06-28 09:15:03 - [MESSAGE][INFO] - Action delay is set to 1,000 milliseconds

2021-06-28 09:15:05 - [MESSAGE][WARNING] - FFmpeg was not installed! Browser Recording will be disabled. Please follow this document to install FFmpeg first: https://docs.katalon.com/katalon-studio/docs/screenshots-videos.html#browser-based-recorder

2021-06-28 09:15:07 - [MESSAGE][PASSED] - Browser is opened with url: 'https://stage--tc-create-app.netlify.app/'

2021-06-28 09:15:07 - [MESSAGE][PASSED] - Wait for page load successfully

2021-06-28 09:15:07 - [MESSAGE][PASSED] - Current window maximized

2021-06-28 09:15:09 - [MESSAGE][PASSED] - Keys 'elsylambert' sent to object: 'Object Repository/Page_tC Create/input__username'

2021-06-28 09:15:10 - [MESSAGE][PASSED] - Keys 'fatak43' sent to object: 'Object Repository/Page_tC Create/input__password'

2021-06-28 09:15:12 - [MESSAGE][PASSED] - Object: 'Object Repository/Page_tC Create/button_Login' is clicked on

2021-06-28 09:15:13 - [MESSAGE][PASSED] - Delayed 1 second(s)

2021-06-28 09:15:16 - [MESSAGE][PASSED] - Text of object 'Object Repository/Page_tC Create/tcc-version number' is: 'translationCore Create - v1.2.1 build 54-23bc2b8'

2021-06-28 09:15:16 - [MESSAGE][INFO] - : The current version and build number is translationCore Create - v1.2.1 build 54-23bc2b8

2021-06-28 09:15:16 - [MESSAGE][PASSED] - com.helper.login.loginhelper.logintoapp is PASSED

2021-06-28 09:15:16 - [TEST_STEP][PASSED] - com.tccreate.keywords.selectOrg.organization(""): com.tccreate.keywords.selectOrg.organization is PASSED

2021-06-28 09:15:18 - [MESSAGE][PASSED] - Object: 'Object Repository/Page_tC Create/listOption_organisation_Parmed' is clicked on

2021-06-28 09:15:20 - [MESSAGE][WARNING] - No alert found after 2 second(s).

2021-06-28 09:15:20 - [MESSAGE][PASSED] - com.tccreate.keywords.selectOrg.organization is PASSED

2021-06-28 09:15:20 - [TEST_STEP][PASSED] - com.tccreate.keywords.selectOrg.resource("unfoldingWord® Translation Notes"): com.tccreate.keywords.selectOrg.resource is PASSED

2021-06-28 09:15:22 - [MESSAGE][PASSED] - Object: 'Object Repository/Page_tC Create/resource_Parmed' is clicked on

2021-06-28 09:15:22 - [MESSAGE][PASSED] - com.tccreate.keywords.selectOrg.resource is PASSED

2021-06-28 09:15:22 - [TEST_STEP][PASSED] - com.tccreate.keywords.selectOrg.language(""): com.tccreate.keywords.selectOrg.language is PASSED

2021-06-28 09:15:23 - [MESSAGE][PASSED] - Object: 'Object Repository/Page_tC Create/combo_Select Language' is clicked on

2021-06-28 09:15:25 - [MESSAGE][PASSED] - Object: 'Object Repository/Page_tC Create/listOption_Language_Parmed' is clicked on

2021-06-28 09:15:25 - [MESSAGE][PASSED] - com.tccreate.keywords.selectOrg.language is PASSED

2021-06-28 09:15:25 - [TEST_STEP][PASSED] - click(findTestObject("Page_tC Create/Add new resource objects/span_en_tn_57-TIT.tsv")): Object: 'Object Repository/Page_tC Create/Add new resource objects/span_en_tn_57-TIT.tsv' is clicked on

2021-06-28 09:15:27 - [MESSAGE][PASSED] - Object: 'Object Repository/Page_tC Create/Add new resource objects/span_en_tn_57-TIT.tsv' is clicked on

2021-06-28 09:15:27 - [TEST_STEP][PASSED] - buttonstate = com.tccreate.keywords.ExpandAllScriptureToggle.toggleAllScripture("test"): com.tccreate.keywords.ExpandAllScriptureToggle.toggleAllScripture is PASSED

2021-06-28 09:15:31 - [MESSAGE][INFO] - Unable to find the element located by 'By.xpath: //*[@type = 'button' and @data-test = 'drawer-menu-close-button']'. Please recheck the objects properties to make sure the desired element is located. 

2021-06-28 09:15:31 - [MESSAGE][WARNING] - Object 'Object Repository/Page_tC Create/button_DrawerClose' is not present after 2 second(s)

2021-06-28 09:15:32 - [MESSAGE][PASSED] - Object: 'Object Repository/Page_tC Create/Hamburger Menu Button' is clicked on

2021-06-28 09:15:33 - [MESSAGE][PASSED] - Delayed 1 second(s)

2021-06-28 09:15:33 - [MESSAGE][PASSED] - Object 'Object Repository/Page_tC Create/input_Expand all Scripture_default' is checked

2021-06-28 09:15:35 - [MESSAGE][PASSED] - Object: 'Object Repository/Page_tC Create/button_DrawerClose' is clicked on

2021-06-28 09:15:35 - [MESSAGE][PASSED] - Object 'Object Repository/Page_tC Create/Hamburger Menu Button' is visible

2021-06-28 09:15:35 - [MESSAGE][PASSED] - com.tccreate.keywords.ExpandAllScriptureToggle.toggleAllScripture is PASSED

2021-06-28 09:15:35 - [TEST_STEP][PASSED] - out.println(" the state of the button is" + buttonstate): null

2021-06-28 09:15:35 - [TEST_STEP][PASSED] - delay(1): Delayed 1 second(s)

2021-06-28 09:15:36 - [MESSAGE][PASSED] - Delayed 1 second(s)

2021-06-28 09:15:36 - [TEST_STEP][PASSED] - if (buttonstate == "off"): null

2021-06-28 09:15:36 - [TEST_STEP][PASSED] - else: Parallel scripture viewer is ON

2021-06-28 09:15:36 - [TEST_STEP][PASSED] - logInfo("Parallel scripture viewer is ON"): Parallel scripture viewer is ON

2021-06-28 09:15:36 - [MESSAGE][INFO] - Parallel scripture viewer is ON

2021-06-28 09:15:36 - [TEST_STEP][PASSED] - scrollToElement(findTestObject("Page_tC Create/Add new resource objects/h6_TIT 1intro"), 2, CONTINUE_ON_FAILURE): Scroll to object 'Object Repository/Page_tC Create/Add new resource objects/h6_TIT 1intro' successfully

2021-06-28 09:15:37 - [MESSAGE][PASSED] - Scroll to object 'Object Repository/Page_tC Create/Add new resource objects/h6_TIT 1intro' successfully

2021-06-28 09:15:37 - [TEST_STEP][PASSED] - click(findTestObject("Object Repository/tN objects/button_Titus 11_Expand chapter button")): Object: 'Object Repository/tN objects/button_Titus 11_Expand chapter button' is clicked on

2021-06-28 09:15:38 - [MESSAGE][PASSED] - Object: 'Object Repository/tN objects/button_Titus 11_Expand chapter button' is clicked on

2021-06-28 09:15:38 - [TEST_STEP][PASSED] - mouseOver(findTestObject("Object Repository/tN objects/td_12")): Object: 'Object Repository/tN objects/td_12' is hovered

2021-06-28 09:15:39 - [MESSAGE][PASSED] - Object: 'Object Repository/tN objects/td_12' is hovered

2021-06-28 09:15:39 - [TEST_STEP][PASSED] - click(findTestObject("Object Repository/tN objects/td_12")): Object: 'Object Repository/tN objects/td_12' is clicked on

2021-06-28 09:15:40 - [MESSAGE][PASSED] - Object: 'Object Repository/tN objects/td_12' is clicked on

2021-06-28 09:15:40 - [TEST_STEP][PASSED] - for (int i : (1..19)): Keys 'PAGE_DOWN + ' sent to object: 'tempBody'

2021-06-28 09:15:40 - [TEST_STEP][PASSED] - sendKeys(findTestObject(null), Keys.chord(PAGE_DOWN)): Keys 'PAGE_DOWN + ' sent to object: 'tempBody'

2021-06-28 09:15:40 - [MESSAGE][WARNING] - Test object id is null

2021-06-28 09:15:40 - [MESSAGE][WARNING] - Test object with id 'Object Repository/' does not exist

2021-06-28 09:15:42 - [MESSAGE][PASSED] - Keys 'PAGE_DOWN + ' sent to object: 'tempBody'

2021-06-28 09:15:42 - [TEST_STEP][PASSED] - sendKeys(findTestObject(null), Keys.chord(PAGE_DOWN)): Keys 'PAGE_DOWN + ' sent to object: 'tempBody'

2021-06-28 09:15:42 - [MESSAGE][WARNING] - Test object id is null

2021-06-28 09:15:42 - [MESSAGE][WARNING] - Test object with id 'Object Repository/' does not exist

2021-06-28 09:15:44 - [MESSAGE][PASSED] - Keys 'PAGE_DOWN + ' sent to object: 'tempBody'

2021-06-28 09:15:44 - [TEST_STEP][PASSED] - sendKeys(findTestObject(null), Keys.chord(PAGE_DOWN)): Keys 'PAGE_DOWN + ' sent to object: 'tempBody'

2021-06-28 09:15:44 - [MESSAGE][WARNING] - Test object id is null

2021-06-28 09:15:44 - [MESSAGE][WARNING] - Test object with id 'Object Repository/' does not exist

2021-06-28 09:15:45 - [MESSAGE][PASSED] - Keys 'PAGE_DOWN + ' sent to object: 'tempBody'

2021-06-28 09:15:45 - [TEST_STEP][PASSED] - sendKeys(findTestObject(null), Keys.chord(PAGE_DOWN)): Keys 'PAGE_DOWN + ' sent to object: 'tempBody'

2021-06-28 09:15:45 - [MESSAGE][WARNING] - Test object id is null

2021-06-28 09:15:45 - [MESSAGE][WARNING] - Test object with id 'Object Repository/' does not exist

2021-06-28 09:15:47 - [MESSAGE][PASSED] - Keys 'PAGE_DOWN + ' sent to object: 'tempBody'

2021-06-28 09:15:47 - [TEST_STEP][PASSED] - sendKeys(findTestObject(null), Keys.chord(PAGE_DOWN)): Keys 'PAGE_DOWN + ' sent to object: 'tempBody'

2021-06-28 09:15:47 - [MESSAGE][WARNING] - Test object id is null

2021-06-28 09:15:47 - [MESSAGE][WARNING] - Test object with id 'Object Repository/' does not exist

2021-06-28 09:15:49 - [MESSAGE][PASSED] - Keys 'PAGE_DOWN + ' sent to object: 'tempBody'

2021-06-28 09:15:49 - [TEST_STEP][PASSED] - sendKeys(findTestObject(null), Keys.chord(PAGE_DOWN)): Keys 'PAGE_DOWN + ' sent to object: 'tempBody'

2021-06-28 09:15:49 - [MESSAGE][WARNING] - Test object id is null

2021-06-28 09:15:49 - [MESSAGE][WARNING] - Test object with id 'Object Repository/' does not exist

2021-06-28 09:15:50 - [MESSAGE][PASSED] - Keys 'PAGE_DOWN + ' sent to object: 'tempBody'

2021-06-28 09:15:50 - [TEST_STEP][PASSED] - sendKeys(findTestObject(null), Keys.chord(PAGE_DOWN)): Keys 'PAGE_DOWN + ' sent to object: 'tempBody'

2021-06-28 09:15:50 - [MESSAGE][WARNING] - Test object id is null

2021-06-28 09:15:50 - [MESSAGE][WARNING] - Test object with id 'Object Repository/' does not exist

2021-06-28 09:15:52 - [MESSAGE][PASSED] - Keys 'PAGE_DOWN + ' sent to object: 'tempBody'

2021-06-28 09:15:52 - [TEST_STEP][PASSED] - sendKeys(findTestObject(null), Keys.chord(PAGE_DOWN)): Keys 'PAGE_DOWN + ' sent to object: 'tempBody'

2021-06-28 09:15:52 - [MESSAGE][WARNING] - Test object id is null

2021-06-28 09:15:52 - [MESSAGE][WARNING] - Test object with id 'Object Repository/' does not exist

2021-06-28 09:15:53 - [MESSAGE][PASSED] - Keys 'PAGE_DOWN + ' sent to object: 'tempBody'

2021-06-28 09:15:53 - [TEST_STEP][PASSED] - sendKeys(findTestObject(null), Keys.chord(PAGE_DOWN)): Keys 'PAGE_DOWN + ' sent to object: 'tempBody'

2021-06-28 09:15:53 - [MESSAGE][WARNING] - Test object id is null

2021-06-28 09:15:53 - [MESSAGE][WARNING] - Test object with id 'Object Repository/' does not exist

2021-06-28 09:15:55 - [MESSAGE][PASSED] - Keys 'PAGE_DOWN + ' sent to object: 'tempBody'

2021-06-28 09:15:55 - [TEST_STEP][PASSED] - sendKeys(findTestObject(null), Keys.chord(PAGE_DOWN)): Keys 'PAGE_DOWN + ' sent to object: 'tempBody'

2021-06-28 09:15:55 - [MESSAGE][WARNING] - Test object id is null

2021-06-28 09:15:55 - [MESSAGE][WARNING] - Test object with id 'Object Repository/' does not exist

2021-06-28 09:15:57 - [MESSAGE][PASSED] - Keys 'PAGE_DOWN + ' sent to object: 'tempBody'

2021-06-28 09:15:57 - [TEST_STEP][PASSED] - sendKeys(findTestObject(null), Keys.chord(PAGE_DOWN)): Keys 'PAGE_DOWN + ' sent to object: 'tempBody'

2021-06-28 09:15:57 - [MESSAGE][WARNING] - Test object id is null

2021-06-28 09:15:57 - [MESSAGE][WARNING] - Test object with id 'Object Repository/' does not exist

2021-06-28 09:15:58 - [MESSAGE][PASSED] - Keys 'PAGE_DOWN + ' sent to object: 'tempBody'

2021-06-28 09:15:58 - [TEST_STEP][PASSED] - sendKeys(findTestObject(null), Keys.chord(PAGE_DOWN)): Keys 'PAGE_DOWN + ' sent to object: 'tempBody'

2021-06-28 09:15:58 - [MESSAGE][WARNING] - Test object id is null

2021-06-28 09:15:58 - [MESSAGE][WARNING] - Test object with id 'Object Repository/' does not exist

2021-06-28 09:16:00 - [MESSAGE][PASSED] - Keys 'PAGE_DOWN + ' sent to object: 'tempBody'

2021-06-28 09:16:00 - [TEST_STEP][PASSED] - sendKeys(findTestObject(null), Keys.chord(PAGE_DOWN)): Keys 'PAGE_DOWN + ' sent to object: 'tempBody'

2021-06-28 09:16:00 - [MESSAGE][WARNING] - Test object id is null

2021-06-28 09:16:00 - [MESSAGE][WARNING] - Test object with id 'Object Repository/' does not exist

2021-06-28 09:16:01 - [MESSAGE][PASSED] - Keys 'PAGE_DOWN + ' sent to object: 'tempBody'

2021-06-28 09:16:01 - [TEST_STEP][PASSED] - sendKeys(findTestObject(null), Keys.chord(PAGE_DOWN)): Keys 'PAGE_DOWN + ' sent to object: 'tempBody'

2021-06-28 09:16:01 - [MESSAGE][WARNING] - Test object id is null

2021-06-28 09:16:01 - [MESSAGE][WARNING] - Test object with id 'Object Repository/' does not exist

2021-06-28 09:16:03 - [MESSAGE][PASSED] - Keys 'PAGE_DOWN + ' sent to object: 'tempBody'

2021-06-28 09:16:03 - [TEST_STEP][PASSED] - sendKeys(findTestObject(null), Keys.chord(PAGE_DOWN)): Keys 'PAGE_DOWN + ' sent to object: 'tempBody'

2021-06-28 09:16:03 - [MESSAGE][WARNING] - Test object id is null

2021-06-28 09:16:03 - [MESSAGE][WARNING] - Test object with id 'Object Repository/' does not exist

2021-06-28 09:16:05 - [MESSAGE][PASSED] - Keys 'PAGE_DOWN + ' sent to object: 'tempBody'

2021-06-28 09:16:05 - [TEST_STEP][PASSED] - sendKeys(findTestObject(null), Keys.chord(PAGE_DOWN)): Keys 'PAGE_DOWN + ' sent to object: 'tempBody'

2021-06-28 09:16:05 - [MESSAGE][WARNING] - Test object id is null

2021-06-28 09:16:05 - [MESSAGE][WARNING] - Test object with id 'Object Repository/' does not exist

2021-06-28 09:16:07 - [MESSAGE][PASSED] - Keys 'PAGE_DOWN + ' sent to object: 'tempBody'

2021-06-28 09:16:07 - [TEST_STEP][PASSED] - sendKeys(findTestObject(null), Keys.chord(PAGE_DOWN)): Keys 'PAGE_DOWN + ' sent to object: 'tempBody'

2021-06-28 09:16:07 - [MESSAGE][WARNING] - Test object id is null

2021-06-28 09:16:07 - [MESSAGE][WARNING] - Test object with id 'Object Repository/' does not exist

2021-06-28 09:16:08 - [MESSAGE][PASSED] - Keys 'PAGE_DOWN + ' sent to object: 'tempBody'

2021-06-28 09:16:08 - [TEST_STEP][PASSED] - sendKeys(findTestObject(null), Keys.chord(PAGE_DOWN)): Keys 'PAGE_DOWN + ' sent to object: 'tempBody'

2021-06-28 09:16:08 - [MESSAGE][WARNING] - Test object id is null

2021-06-28 09:16:08 - [MESSAGE][WARNING] - Test object with id 'Object Repository/' does not exist

2021-06-28 09:16:10 - [MESSAGE][PASSED] - Keys 'PAGE_DOWN + ' sent to object: 'tempBody'

2021-06-28 09:16:10 - [TEST_STEP][PASSED] - sendKeys(findTestObject(null), Keys.chord(PAGE_DOWN)): Keys 'PAGE_DOWN + ' sent to object: 'tempBody'

2021-06-28 09:16:10 - [MESSAGE][WARNING] - Test object id is null

2021-06-28 09:16:10 - [MESSAGE][WARNING] - Test object with id 'Object Repository/' does not exist

2021-06-28 09:16:11 - [MESSAGE][PASSED] - Keys 'PAGE_DOWN + ' sent to object: 'tempBody'

2021-06-28 09:16:11 - [TEST_STEP][PASSED] - if (verifyElementVisible(findTestObject("Object Repository/tN objects/sup_315"))): null

2021-06-28 09:16:12 - [MESSAGE][PASSED] - Object 'Object Repository/tN objects/sup_315' is visible

2021-06-28 09:16:12 - [TEST_STEP][PASSED] - logInfo("Chapter is expanded successfully"): Chapter is expanded successfully

2021-06-28 09:16:12 - [MESSAGE][INFO] - Chapter is expanded successfully

2021-06-28 09:16:12 - [TEST_STEP][PASSED] - delay(3): Delayed 3 second(s)

2021-06-28 09:16:15 - [MESSAGE][PASSED] - Delayed 3 second(s)

2021-06-28 09:16:15 - [TEST_STEP][PASSED] - sendKeys(findTestObject(null), Keys.chord(PAGE_UP)): Keys 'PAGE_UP + ' sent to object: 'tempBody'

2021-06-28 09:16:15 - [MESSAGE][WARNING] - Test object id is null

2021-06-28 09:16:15 - [MESSAGE][WARNING] - Test object with id 'Object Repository/' does not exist

2021-06-28 09:16:16 - [MESSAGE][PASSED] - Keys 'PAGE_UP + ' sent to object: 'tempBody'

2021-06-28 09:16:16 - [TEST_STEP][PASSED] - click(findTestObject("Object Repository/tN objects/button_Titus 11_collapse-chapter")): Object: 'Object Repository/tN objects/button_Titus 11_collapse-chapter' is clicked on

2021-06-28 09:16:18 - [MESSAGE][PASSED] - Object: 'Object Repository/tN objects/button_Titus 11_collapse-chapter' is clicked on

2021-06-28 09:16:18 - [TEST_STEP][PASSED] - delay(2): Delayed 2 second(s)

2021-06-28 09:16:20 - [MESSAGE][PASSED] - Delayed 2 second(s)

2021-06-28 09:16:20 - [TEST_STEP][PASSED] - if (verifyElementNotPresent(findTestObject("Object Repository/tN objects/sup_315"), 2, CONTINUE_ON_FAILURE)): null

2021-06-28 09:16:20 - [MESSAGE][PASSED] - Web element with id: 'Object Repository/tN objects/sup_315' located by 'By.xpath: //tr[@id='3:15']/td[3]/div/sup' is not present after '2' second(s)

2021-06-28 09:16:20 - [TEST_STEP][PASSED] - logInfo("Chapter is collapsed successfully"): Chapter is collapsed successfully

2021-06-28 09:16:20 - [MESSAGE][INFO] - Chapter is collapsed successfully

2021-06-28 09:16:20 - [TEST_STEP][PASSED] - closeBrowser(): Browser is closed

2021-06-28 09:16:20 - [MESSAGE][PASSED] - Browser is closed]]></system-out>
         <system-err><![CDATA[]]></system-err>
      </testcase>
      <testcase name="Test Cases/tCC Test Cases/tN_Highlighting by Occurrence Number" time="59.25" classname="Test Cases/tCC Test Cases/tN_Highlighting by Occurrence Number" status="PASSED">
         <system-out><![CDATA[2021-06-28 09:16:20 - [TEST_CASE][PASSED] - Test Cases/tCC Test Cases/tN_Highlighting by Occurrence Number: Test Cases/tCC Test Cases/tN_Highlighting by Occurrence Number

2021-06-28 09:16:20 - [TEST_STEP][PASSED] - com.tccreate.keywords.WriteToFile.writeTofilename("tN-Highlighting by occurrence number"): com.tccreate.keywords.WriteToFile.writeTofilename is PASSED

2021-06-28 09:16:20 - [MESSAGE][PASSED] - com.tccreate.keywords.WriteToFile.writeTofilename is PASSED

2021-06-28 09:16:20 - [TEST_STEP][PASSED] - com.helper.login.TimeDate.getTimeDate(): com.helper.login.TimeDate.getTimeDate is PASSED

2021-06-28 09:16:20 - [MESSAGE][INFO] - Time at which the test run:2021-06-28 09:16:20.723

2021-06-28 09:16:20 - [MESSAGE][PASSED] - com.helper.login.TimeDate.getTimeDate is PASSED

2021-06-28 09:16:20 - [TEST_STEP][PASSED] - com.helper.login.loginhelper.logintoapp(): com.helper.login.loginhelper.logintoapp is PASSED

2021-06-28 09:16:20 - [MESSAGE][INFO] - Starting 'Chrome' driver

2021-06-28 09:16:20 - [MESSAGE][INFO] - Action delay is set to 1,000 milliseconds

2021-06-28 09:16:21 - [MESSAGE][WARNING] - FFmpeg was not installed! Browser Recording will be disabled. Please follow this document to install FFmpeg first: https://docs.katalon.com/katalon-studio/docs/screenshots-videos.html#browser-based-recorder

2021-06-28 09:16:24 - [MESSAGE][PASSED] - Browser is opened with url: 'https://stage--tc-create-app.netlify.app/'

2021-06-28 09:16:24 - [MESSAGE][PASSED] - Wait for page load successfully

2021-06-28 09:16:24 - [MESSAGE][PASSED] - Current window maximized

2021-06-28 09:16:26 - [MESSAGE][PASSED] - Keys 'elsylambert' sent to object: 'Object Repository/Page_tC Create/input__username'

2021-06-28 09:16:27 - [MESSAGE][PASSED] - Keys 'fatak43' sent to object: 'Object Repository/Page_tC Create/input__password'

2021-06-28 09:16:28 - [MESSAGE][PASSED] - Object: 'Object Repository/Page_tC Create/button_Login' is clicked on

2021-06-28 09:16:29 - [MESSAGE][PASSED] - Delayed 1 second(s)

2021-06-28 09:16:31 - [MESSAGE][PASSED] - Text of object 'Object Repository/Page_tC Create/tcc-version number' is: 'translationCore Create - v1.2.1 build 54-23bc2b8'

2021-06-28 09:16:31 - [MESSAGE][INFO] - : The current version and build number is translationCore Create - v1.2.1 build 54-23bc2b8

2021-06-28 09:16:31 - [MESSAGE][PASSED] - com.helper.login.loginhelper.logintoapp is PASSED

2021-06-28 09:16:31 - [TEST_STEP][PASSED] - com.tccreate.keywords.selectOrg.organization(""): com.tccreate.keywords.selectOrg.organization is PASSED

2021-06-28 09:16:32 - [MESSAGE][PASSED] - Object: 'Object Repository/Page_tC Create/listOption_organisation_Parmed' is clicked on

2021-06-28 09:16:34 - [MESSAGE][WARNING] - No alert found after 2 second(s).

2021-06-28 09:16:34 - [MESSAGE][PASSED] - com.tccreate.keywords.selectOrg.organization is PASSED

2021-06-28 09:16:34 - [TEST_STEP][PASSED] - com.tccreate.keywords.selectOrg.resource("unfoldingWord® Translation Notes"): com.tccreate.keywords.selectOrg.resource is PASSED

2021-06-28 09:16:36 - [MESSAGE][PASSED] - Object: 'Object Repository/Page_tC Create/resource_Parmed' is clicked on

2021-06-28 09:16:36 - [MESSAGE][PASSED] - com.tccreate.keywords.selectOrg.resource is PASSED

2021-06-28 09:16:36 - [TEST_STEP][PASSED] - com.tccreate.keywords.selectOrg.language(""): com.tccreate.keywords.selectOrg.language is PASSED

2021-06-28 09:16:37 - [MESSAGE][PASSED] - Object: 'Object Repository/Page_tC Create/combo_Select Language' is clicked on

2021-06-28 09:16:39 - [MESSAGE][PASSED] - Object: 'Object Repository/Page_tC Create/listOption_Language_Parmed' is clicked on

2021-06-28 09:16:39 - [MESSAGE][PASSED] - com.tccreate.keywords.selectOrg.language is PASSED

2021-06-28 09:16:39 - [TEST_STEP][PASSED] - click(findTestObject("Object Repository/Page_tC Create/span_en_tn_57-TIT.tsv")): Object: 'Object Repository/Page_tC Create/span_en_tn_57-TIT.tsv' is clicked on

2021-06-28 09:16:41 - [MESSAGE][PASSED] - Object: 'Object Repository/Page_tC Create/span_en_tn_57-TIT.tsv' is clicked on

2021-06-28 09:16:41 - [TEST_STEP][PASSED] - click(findTestObject("Object Repository/tN objects/button_view columns")): Object: 'Object Repository/tN objects/button_view columns' is clicked on

2021-06-28 09:16:46 - [MESSAGE][PASSED] - Object: 'Object Repository/tN objects/button_view columns' is clicked on

2021-06-28 09:16:46 - [TEST_STEP][PASSED] - click(findTestObject("tN objects/input_OrigQuote_checkbox")): Object: 'Object Repository/tN objects/input_OrigQuote_checkbox' is clicked on

2021-06-28 09:16:48 - [MESSAGE][PASSED] - Object: 'Object Repository/tN objects/input_OrigQuote_checkbox' is clicked on

2021-06-28 09:16:48 - [TEST_STEP][PASSED] - click(findTestObject("Object Repository/tN objects/input_SupportReference")): Object: 'Object Repository/tN objects/input_SupportReference' is clicked on

2021-06-28 09:16:49 - [MESSAGE][PASSED] - Object: 'Object Repository/tN objects/input_SupportReference' is clicked on

2021-06-28 09:16:49 - [TEST_STEP][PASSED] - click(findTestObject("tN objects/button__Close-Columns")): Object: 'Object Repository/tN objects/button__Close-Columns' is clicked on

2021-06-28 09:16:50 - [MESSAGE][PASSED] - Object: 'Object Repository/tN objects/button__Close-Columns' is clicked on

2021-06-28 09:16:50 - [TEST_STEP][PASSED] - buttonstate = com.tccreate.keywords.ExpandAllScriptureToggle.toggleAllScripture("test"): com.tccreate.keywords.ExpandAllScriptureToggle.toggleAllScripture is PASSED

2021-06-28 09:16:54 - [MESSAGE][INFO] - Unable to find the element located by 'By.xpath: //*[@type = 'button' and @data-test = 'drawer-menu-close-button']'. Please recheck the objects properties to make sure the desired element is located. 

2021-06-28 09:16:54 - [MESSAGE][WARNING] - Object 'Object Repository/Page_tC Create/button_DrawerClose' is not present after 2 second(s)

2021-06-28 09:16:55 - [MESSAGE][PASSED] - Object: 'Object Repository/Page_tC Create/Hamburger Menu Button' is clicked on

2021-06-28 09:16:56 - [MESSAGE][PASSED] - Delayed 1 second(s)

2021-06-28 09:16:56 - [MESSAGE][PASSED] - Object 'Object Repository/Page_tC Create/input_Expand all Scripture_default' is checked

2021-06-28 09:16:58 - [MESSAGE][PASSED] - Object: 'Object Repository/Page_tC Create/button_DrawerClose' is clicked on

2021-06-28 09:16:59 - [MESSAGE][PASSED] - Object 'Object Repository/Page_tC Create/Hamburger Menu Button' is visible

2021-06-28 09:16:59 - [MESSAGE][PASSED] - com.tccreate.keywords.ExpandAllScriptureToggle.toggleAllScripture is PASSED

2021-06-28 09:16:59 - [TEST_STEP][PASSED] - out.println(" the state of the button is" + buttonstate): null

2021-06-28 09:16:59 - [TEST_STEP][PASSED] - delay(1): Delayed 1 second(s)

2021-06-28 09:17:00 - [MESSAGE][PASSED] - Delayed 1 second(s)

2021-06-28 09:17:00 - [TEST_STEP][PASSED] - if (buttonstate == "off"): null

2021-06-28 09:17:00 - [TEST_STEP][PASSED] - else: Parallel scripture viewer is ON

2021-06-28 09:17:00 - [TEST_STEP][PASSED] - logInfo("Parallel scripture viewer is ON"): Parallel scripture viewer is ON

2021-06-28 09:17:00 - [MESSAGE][INFO] - Parallel scripture viewer is ON

2021-06-28 09:17:00 - [TEST_STEP][PASSED] - scrollToElement(findTestObject("Object Repository/tN objects/div_Titus 11"), 2): Scroll to object 'Object Repository/tN objects/div_Titus 11' successfully

2021-06-28 09:17:00 - [MESSAGE][PASSED] - Scroll to object 'Object Repository/tN objects/div_Titus 11' successfully

2021-06-28 09:17:00 - [TEST_STEP][PASSED] - click(findTestObject("Object Repository/tN objects/button_Titus 11_add a new row")): Object: 'Object Repository/tN objects/button_Titus 11_add a new row' is clicked on

2021-06-28 09:17:01 - [MESSAGE][PASSED] - Object: 'Object Repository/tN objects/button_Titus 11_add a new row' is clicked on

2021-06-28 09:17:01 - [TEST_STEP][PASSED] - click(findTestObject("Object Repository/tN objects/button_Add")): Object: 'Object Repository/tN objects/button_Add' is clicked on

2021-06-28 09:17:03 - [MESSAGE][PASSED] - Object: 'Object Repository/tN objects/button_Add' is clicked on

2021-06-28 09:17:03 - [TEST_STEP][PASSED] - word1 = getText(findTestObject("tN objects/word1")): Text of object 'Object Repository/tN objects/word1' is: 'Θεοῦ'

2021-06-28 09:17:04 - [MESSAGE][PASSED] - Text of object 'Object Repository/tN objects/word1' is: 'Θεοῦ'

2021-06-28 09:17:04 - [TEST_STEP][PASSED] - logInfo("the word is" + word1): the word isΘεοῦ

2021-06-28 09:17:04 - [MESSAGE][INFO] - the word isΘεοῦ

2021-06-28 09:17:04 - [TEST_STEP][PASSED] - color_word1 = getCSSValue(findTestObject("tN objects/word1"), "color"): Get CSS 'color' value on 'Object Repository/tN objects/word1' successfully: 'rgba(0, 0, 0, 0.87)'.

2021-06-28 09:17:04 - [MESSAGE][PASSED] - Get CSS 'color' value on 'Object Repository/tN objects/word1' successfully: 'rgba(0, 0, 0, 0.87)'.

2021-06-28 09:17:04 - [TEST_STEP][PASSED] - backcolor_word1 = getCSSValue(findTestObject("tN objects/word1"), "background-color"): Get CSS 'background-color' value on 'Object Repository/tN objects/word1' successfully: 'rgba(0, 0, 0, 0)'.

2021-06-28 09:17:04 - [MESSAGE][PASSED] - Get CSS 'background-color' value on 'Object Repository/tN objects/word1' successfully: 'rgba(0, 0, 0, 0)'.

2021-06-28 09:17:04 - [TEST_STEP][PASSED] - logInfo(color_word1): rgba(0, 0, 0, 0.87)

2021-06-28 09:17:04 - [MESSAGE][INFO] - rgba(0, 0, 0, 0.87)

2021-06-28 09:17:04 - [TEST_STEP][PASSED] - logInfo(backcolor_word1): rgba(0, 0, 0, 0)

2021-06-28 09:17:04 - [MESSAGE][INFO] - rgba(0, 0, 0, 0)

2021-06-28 09:17:04 - [TEST_STEP][PASSED] - click(findTestObject("Object Repository/tN objects/p_OL_box")): Object: 'Object Repository/tN objects/p_OL_box' is clicked on

2021-06-28 09:17:06 - [MESSAGE][PASSED] - Object: 'Object Repository/tN objects/p_OL_box' is clicked on

2021-06-28 09:17:06 - [TEST_STEP][PASSED] - setText(findTestObject("Object Repository/tN objects/p_OL_box"), "Θεοῦ"): Text 'Θεοῦ' is set on object 'Object Repository/tN objects/p_OL_box'

2021-06-28 09:17:09 - [MESSAGE][PASSED] - Text 'Θεοῦ' is set on object 'Object Repository/tN objects/p_OL_box'

2021-06-28 09:17:09 - [TEST_STEP][PASSED] - driver = getWebDriver(): null

2021-06-28 09:17:09 - [TEST_STEP][PASSED] - action = new org.openqa.selenium.interactions.Actions(driver): null

2021-06-28 09:17:09 - [TEST_STEP][PASSED] - build().perform(): null

2021-06-28 09:17:09 - [TEST_STEP][PASSED] - if (!(color_word1.equals(backcolor_word1))): First Occurrence is highlighted!

2021-06-28 09:17:09 - [TEST_STEP][PASSED] - logInfo("First Occurrence is highlighted!"): First Occurrence is highlighted!

2021-06-28 09:17:09 - [MESSAGE][INFO] - First Occurrence is highlighted!

2021-06-28 09:17:09 - [TEST_STEP][PASSED] - color_word2 = getCSSValue(findTestObject("tN objects/word2"), "color"): Get CSS 'color' value on 'Object Repository/tN objects/word2' successfully: 'rgba(0, 0, 0, 0.87)'.

2021-06-28 09:17:09 - [MESSAGE][PASSED] - Get CSS 'color' value on 'Object Repository/tN objects/word2' successfully: 'rgba(0, 0, 0, 0.87)'.

2021-06-28 09:17:09 - [TEST_STEP][PASSED] - backcolor_word2 = getCSSValue(findTestObject("tN objects/word2"), "background-color"): Get CSS 'background-color' value on 'Object Repository/tN objects/word2' successfully: 'rgba(0, 0, 0, 0)'.

2021-06-28 09:17:10 - [MESSAGE][PASSED] - Get CSS 'background-color' value on 'Object Repository/tN objects/word2' successfully: 'rgba(0, 0, 0, 0)'.

2021-06-28 09:17:10 - [TEST_STEP][PASSED] - click(findTestObject("Object Repository/tN objects/p_occurrence box")): Object: 'Object Repository/tN objects/p_occurrence box' is clicked on

2021-06-28 09:17:11 - [MESSAGE][PASSED] - Object: 'Object Repository/tN objects/p_occurrence box' is clicked on

2021-06-28 09:17:11 - [TEST_STEP][PASSED] - clearText(findTestObject("Object Repository/tN objects/p_occurrence box"), CONTINUE_ON_FAILURE): Text of object 'Object Repository/tN objects/p_occurrence box' is cleared

2021-06-28 09:17:12 - [MESSAGE][PASSED] - Text of object 'Object Repository/tN objects/p_occurrence box' is cleared

2021-06-28 09:17:12 - [TEST_STEP][PASSED] - sendKeys(findTestObject("Object Repository/tN objects/p_occurrence box"), "2"): Keys '2' sent to object: 'Object Repository/tN objects/p_occurrence box'

2021-06-28 09:17:14 - [MESSAGE][PASSED] - Keys '2' sent to object: 'Object Repository/tN objects/p_occurrence box'

2021-06-28 09:17:14 - [TEST_STEP][PASSED] - build().perform(): null

2021-06-28 09:17:14 - [TEST_STEP][PASSED] - if (!(color_word2.equals(backcolor_word2))): Second occcurrence is highlighted!

2021-06-28 09:17:14 - [TEST_STEP][PASSED] - logInfo("Second occcurrence is highlighted!"): Second occcurrence is highlighted!

2021-06-28 09:17:14 - [MESSAGE][INFO] - Second occcurrence is highlighted!

2021-06-28 09:17:14 - [TEST_STEP][PASSED] - clearText(findTestObject("Object Repository/tN objects/p_occurrence box"), CONTINUE_ON_FAILURE): Text of object 'Object Repository/tN objects/p_occurrence box' is cleared

2021-06-28 09:17:15 - [MESSAGE][PASSED] - Text of object 'Object Repository/tN objects/p_occurrence box' is cleared

2021-06-28 09:17:15 - [TEST_STEP][PASSED] - sendKeys(findTestObject("Object Repository/tN objects/p_occurrence box"), "-1"): Keys '-1' sent to object: 'Object Repository/tN objects/p_occurrence box'

2021-06-28 09:17:17 - [MESSAGE][PASSED] - Keys '-1' sent to object: 'Object Repository/tN objects/p_occurrence box'

2021-06-28 09:17:17 - [TEST_STEP][PASSED] - build().perform(): null

2021-06-28 09:17:17 - [TEST_STEP][PASSED] - if (!(color_word1.equals(backcolor_word1)) && !(color_word2.equals(backcolor_word2))): Both occurrences are highlighted!

2021-06-28 09:17:17 - [TEST_STEP][PASSED] - logInfo("Both occurrences are highlighted!"): Both occurrences are highlighted!

2021-06-28 09:17:17 - [MESSAGE][INFO] - Both occurrences are highlighted!

2021-06-28 09:17:17 - [TEST_STEP][PASSED] - delay(2): Delayed 2 second(s)

2021-06-28 09:17:19 - [MESSAGE][PASSED] - Delayed 2 second(s)

2021-06-28 09:17:19 - [TEST_STEP][PASSED] - closeBrowser(): Browser is closed

2021-06-28 09:17:19 - [MESSAGE][PASSED] - Browser is closed]]></system-out>
         <system-err><![CDATA[]]></system-err>
      </testcase>
      <testcase name="Test Cases/tCC Test Cases/tW_Saving tW Article" time="37.153" classname="Test Cases/tCC Test Cases/tW_Saving tW Article" status="PASSED">
         <system-out><![CDATA[2021-06-28 09:17:19 - [TEST_CASE][PASSED] - Test Cases/tCC Test Cases/tW_Saving tW Article: Test Cases/tCC Test Cases/tW_Saving tW Article

2021-06-28 09:17:19 - [TEST_STEP][PASSED] - com.tccreate.keywords.WriteToFile.writeTofilename("tW-Save"): com.tccreate.keywords.WriteToFile.writeTofilename is PASSED

2021-06-28 09:17:19 - [MESSAGE][PASSED] - com.tccreate.keywords.WriteToFile.writeTofilename is PASSED

2021-06-28 09:17:19 - [TEST_STEP][PASSED] - com.helper.login.TimeDate.getTimeDate(): com.helper.login.TimeDate.getTimeDate is PASSED

2021-06-28 09:17:19 - [MESSAGE][INFO] - Time at which the test run:2021-06-28 09:17:19.925

2021-06-28 09:17:19 - [MESSAGE][PASSED] - com.helper.login.TimeDate.getTimeDate is PASSED

2021-06-28 09:17:19 - [TEST_STEP][PASSED] - com.helper.login.loginhelper.logintoapp(): com.helper.login.loginhelper.logintoapp is PASSED

2021-06-28 09:17:19 - [MESSAGE][INFO] - Starting 'Chrome' driver

2021-06-28 09:17:19 - [MESSAGE][INFO] - Action delay is set to 1,000 milliseconds

2021-06-28 09:17:21 - [MESSAGE][WARNING] - FFmpeg was not installed! Browser Recording will be disabled. Please follow this document to install FFmpeg first: https://docs.katalon.com/katalon-studio/docs/screenshots-videos.html#browser-based-recorder

2021-06-28 09:17:23 - [MESSAGE][PASSED] - Browser is opened with url: 'https://stage--tc-create-app.netlify.app/'

2021-06-28 09:17:23 - [MESSAGE][PASSED] - Wait for page load successfully

2021-06-28 09:17:23 - [MESSAGE][PASSED] - Current window maximized

2021-06-28 09:17:25 - [MESSAGE][PASSED] - Keys 'elsylambert' sent to object: 'Object Repository/Page_tC Create/input__username'

2021-06-28 09:17:26 - [MESSAGE][PASSED] - Keys 'fatak43' sent to object: 'Object Repository/Page_tC Create/input__password'

2021-06-28 09:17:28 - [MESSAGE][PASSED] - Object: 'Object Repository/Page_tC Create/button_Login' is clicked on

2021-06-28 09:17:29 - [MESSAGE][PASSED] - Delayed 1 second(s)

2021-06-28 09:17:31 - [MESSAGE][PASSED] - Text of object 'Object Repository/Page_tC Create/tcc-version number' is: 'translationCore Create - v1.2.1 build 54-23bc2b8'

2021-06-28 09:17:31 - [MESSAGE][INFO] - : The current version and build number is translationCore Create - v1.2.1 build 54-23bc2b8

2021-06-28 09:17:31 - [MESSAGE][PASSED] - com.helper.login.loginhelper.logintoapp is PASSED

2021-06-28 09:17:31 - [TEST_STEP][PASSED] - com.tccreate.keywords.selectOrg.organization(""): com.tccreate.keywords.selectOrg.organization is PASSED

2021-06-28 09:17:32 - [MESSAGE][PASSED] - Object: 'Object Repository/Page_tC Create/listOption_organisation_Parmed' is clicked on

2021-06-28 09:17:34 - [MESSAGE][WARNING] - No alert found after 2 second(s).

2021-06-28 09:17:34 - [MESSAGE][PASSED] - com.tccreate.keywords.selectOrg.organization is PASSED

2021-06-28 09:17:34 - [TEST_STEP][PASSED] - com.tccreate.keywords.selectOrg.resource("unfoldingWord® Translation Words"): com.tccreate.keywords.selectOrg.resource is PASSED

2021-06-28 09:17:36 - [MESSAGE][PASSED] - Object: 'Object Repository/Page_tC Create/resource_Parmed' is clicked on

2021-06-28 09:17:36 - [MESSAGE][PASSED] - com.tccreate.keywords.selectOrg.resource is PASSED

2021-06-28 09:17:36 - [TEST_STEP][PASSED] - com.tccreate.keywords.selectOrg.language(""): com.tccreate.keywords.selectOrg.language is PASSED

2021-06-28 09:17:37 - [MESSAGE][PASSED] - Object: 'Object Repository/Page_tC Create/combo_Select Language' is clicked on

2021-06-28 09:17:39 - [MESSAGE][PASSED] - Object: 'Object Repository/Page_tC Create/listOption_Language_Parmed' is clicked on

2021-06-28 09:17:39 - [MESSAGE][PASSED] - com.tccreate.keywords.selectOrg.language is PASSED

2021-06-28 09:17:39 - [TEST_STEP][PASSED] - click(findTestObject("tW Objects/span_bible")): Object: 'Object Repository/tW Objects/span_bible' is clicked on

2021-06-28 09:17:41 - [MESSAGE][PASSED] - Object: 'Object Repository/tW Objects/span_bible' is clicked on

2021-06-28 09:17:41 - [TEST_STEP][PASSED] - click(findTestObject("tW Objects/span_kt")): Object: 'Object Repository/tW Objects/span_kt' is clicked on

2021-06-28 09:17:43 - [MESSAGE][PASSED] - Object: 'Object Repository/tW Objects/span_kt' is clicked on

2021-06-28 09:17:43 - [TEST_STEP][PASSED] - click(findTestObject("tW Objects/span_almighty.md")): Object: 'Object Repository/tW Objects/span_almighty.md' is clicked on

2021-06-28 09:17:45 - [MESSAGE][PASSED] - Object: 'Object Repository/tW Objects/span_almighty.md' is clicked on

2021-06-28 09:17:45 - [TEST_STEP][PASSED] - click(findTestObject("tW Objects/h1_Almighty")): Object: 'Object Repository/tW Objects/h1_Almighty' is clicked on

2021-06-28 09:17:47 - [MESSAGE][PASSED] - Object: 'Object Repository/tW Objects/h1_Almighty' is clicked on

2021-06-28 09:17:47 - [TEST_STEP][PASSED] - sendKeys(findTestObject("tW Objects/h1_Almighty"), "  edits by a test script"): Keys '  edits by a test script' sent to object: 'Object Repository/tW Objects/h1_Almighty'

2021-06-28 09:17:48 - [MESSAGE][PASSED] - Keys '  edits by a test script' sent to object: 'Object Repository/tW Objects/h1_Almighty'

2021-06-28 09:17:48 - [TEST_STEP][PASSED] - click(findTestObject("Object Repository/Page_tC Create/button_Save")): Object: 'Object Repository/Page_tC Create/button_Save' is clicked on

2021-06-28 09:17:50 - [MESSAGE][PASSED] - Object: 'Object Repository/Page_tC Create/button_Save' is clicked on

2021-06-28 09:17:50 - [TEST_STEP][PASSED] - delay(2): Delayed 2 second(s)

2021-06-28 09:17:52 - [MESSAGE][PASSED] - Delayed 2 second(s)

2021-06-28 09:17:52 - [TEST_STEP][PASSED] - if (verifyElementNotClickable(findTestObject("Page_tC Create/button_Save"), CONTINUE_ON_FAILURE)): null

2021-06-28 09:17:52 - [MESSAGE][PASSED] - Object 'Object Repository/Page_tC Create/button_Save' is NOT clickable

2021-06-28 09:17:52 - [TEST_STEP][PASSED] - logInfo(" Save button is greyed out as expected"):  Save button is greyed out as expected

2021-06-28 09:17:52 - [MESSAGE][INFO] -  Save button is greyed out as expected

2021-06-28 09:17:52 - [TEST_STEP][PASSED] - click(findTestObject("Object Repository/tW Objects/chip_English - unfoldingWorden_twElsyLambert-tc-create-1")): Object: 'Object Repository/tW Objects/chip_English - unfoldingWorden_twElsyLambert-tc-create-1' is clicked on

2021-06-28 09:17:54 - [MESSAGE][PASSED] - Object: 'Object Repository/tW Objects/chip_English - unfoldingWorden_twElsyLambert-tc-create-1' is clicked on

2021-06-28 09:17:54 - [TEST_STEP][PASSED] - delay(2): Delayed 2 second(s)

2021-06-28 09:17:56 - [MESSAGE][PASSED] - Delayed 2 second(s)

2021-06-28 09:17:56 - [TEST_STEP][PASSED] - switchToWindowIndex(1): Switched to window with index: '1'

2021-06-28 09:17:56 - [MESSAGE][PASSED] - Switched to window with index: '1'

2021-06-28 09:17:56 - [TEST_STEP][PASSED] - if (getText(findTestObject("Object Repository/tW Objects/h1_Almighty article on DCS")).contains("edits by a test script")): null

2021-06-28 09:17:56 - [MESSAGE][PASSED] - Text of object 'Object Repository/tW Objects/h1_Almighty article on DCS' is: 'Almighty  edits by a test scrip  edits by a test script  edits by a test scriptt'

2021-06-28 09:17:56 - [TEST_STEP][PASSED] - logInfo("The edits are saved on the DCS Repo File"): The edits are saved on the DCS Repo File

2021-06-28 09:17:56 - [MESSAGE][INFO] - The edits are saved on the DCS Repo File

2021-06-28 09:17:56 - [TEST_STEP][PASSED] - switchToWindowIndex(0): Switched to window with index: '0'

2021-06-28 09:17:56 - [MESSAGE][PASSED] - Switched to window with index: '0'

2021-06-28 09:17:56 - [TEST_STEP][PASSED] - closeBrowser(): Browser is closed

2021-06-28 09:17:56 - [MESSAGE][PASSED] - Browser is closed

2021-06-28 09:17:56 - [TEST_STEP][PASSED] - closeBrowser(): Browser is closed

2021-06-28 09:17:56 - [MESSAGE][PASSED] - Browser is closed]]></system-out>
         <system-err><![CDATA[]]></system-err>
      </testcase>
      <testcase name="Test Cases/tCC Test Cases/tA_Saving tA Article" time="38.447" classname="Test Cases/tCC Test Cases/tA_Saving tA Article" status="PASSED">
         <system-out><![CDATA[2021-06-28 09:17:56 - [TEST_CASE][PASSED] - Test Cases/tCC Test Cases/tA_Saving tA Article: Test Cases/tCC Test Cases/tA_Saving tA Article

2021-06-28 09:17:57 - [TEST_STEP][PASSED] - com.tccreate.keywords.WriteToFile.writeTofilename("tA-Save"): com.tccreate.keywords.WriteToFile.writeTofilename is PASSED

2021-06-28 09:17:57 - [MESSAGE][PASSED] - com.tccreate.keywords.WriteToFile.writeTofilename is PASSED

2021-06-28 09:17:57 - [TEST_STEP][PASSED] - com.helper.login.TimeDate.getTimeDate(): com.helper.login.TimeDate.getTimeDate is PASSED

2021-06-28 09:17:57 - [MESSAGE][INFO] - Time at which the test run:2021-06-28 09:17:57.08

2021-06-28 09:17:57 - [MESSAGE][PASSED] - com.helper.login.TimeDate.getTimeDate is PASSED

2021-06-28 09:17:57 - [TEST_STEP][PASSED] - com.helper.login.loginhelper.logintoapp(): com.helper.login.loginhelper.logintoapp is PASSED

2021-06-28 09:17:57 - [MESSAGE][INFO] - Starting 'Chrome' driver

2021-06-28 09:17:57 - [MESSAGE][INFO] - Action delay is set to 1,000 milliseconds

2021-06-28 09:17:58 - [MESSAGE][WARNING] - FFmpeg was not installed! Browser Recording will be disabled. Please follow this document to install FFmpeg first: https://docs.katalon.com/katalon-studio/docs/screenshots-videos.html#browser-based-recorder

2021-06-28 09:18:00 - [MESSAGE][PASSED] - Browser is opened with url: 'https://stage--tc-create-app.netlify.app/'

2021-06-28 09:18:00 - [MESSAGE][PASSED] - Wait for page load successfully

2021-06-28 09:18:01 - [MESSAGE][PASSED] - Current window maximized

2021-06-28 09:18:02 - [MESSAGE][PASSED] - Keys 'elsylambert' sent to object: 'Object Repository/Page_tC Create/input__username'

2021-06-28 09:18:03 - [MESSAGE][PASSED] - Keys 'fatak43' sent to object: 'Object Repository/Page_tC Create/input__password'

2021-06-28 09:18:05 - [MESSAGE][PASSED] - Object: 'Object Repository/Page_tC Create/button_Login' is clicked on

2021-06-28 09:18:06 - [MESSAGE][PASSED] - Delayed 1 second(s)

2021-06-28 09:18:08 - [MESSAGE][PASSED] - Text of object 'Object Repository/Page_tC Create/tcc-version number' is: 'translationCore Create - v1.2.1 build 54-23bc2b8'

2021-06-28 09:18:08 - [MESSAGE][INFO] - : The current version and build number is translationCore Create - v1.2.1 build 54-23bc2b8

2021-06-28 09:18:08 - [MESSAGE][PASSED] - com.helper.login.loginhelper.logintoapp is PASSED

2021-06-28 09:18:08 - [TEST_STEP][PASSED] - com.tccreate.keywords.selectOrg.organization(""): com.tccreate.keywords.selectOrg.organization is PASSED

2021-06-28 09:18:09 - [MESSAGE][PASSED] - Object: 'Object Repository/Page_tC Create/listOption_organisation_Parmed' is clicked on

2021-06-28 09:18:11 - [MESSAGE][WARNING] - No alert found after 2 second(s).

2021-06-28 09:18:11 - [MESSAGE][PASSED] - com.tccreate.keywords.selectOrg.organization is PASSED

2021-06-28 09:18:11 - [TEST_STEP][PASSED] - com.tccreate.keywords.selectOrg.resource("unfoldingWord® Translation Academy"): com.tccreate.keywords.selectOrg.resource is PASSED

2021-06-28 09:18:12 - [MESSAGE][PASSED] - Object: 'Object Repository/Page_tC Create/resource_Parmed' is clicked on

2021-06-28 09:18:12 - [MESSAGE][PASSED] - com.tccreate.keywords.selectOrg.resource is PASSED

2021-06-28 09:18:12 - [TEST_STEP][PASSED] - com.tccreate.keywords.selectOrg.language(""): com.tccreate.keywords.selectOrg.language is PASSED

2021-06-28 09:18:14 - [MESSAGE][PASSED] - Object: 'Object Repository/Page_tC Create/combo_Select Language' is clicked on

2021-06-28 09:18:15 - [MESSAGE][PASSED] - Object: 'Object Repository/Page_tC Create/listOption_Language_Parmed' is clicked on

2021-06-28 09:18:15 - [MESSAGE][PASSED] - com.tccreate.keywords.selectOrg.language is PASSED

2021-06-28 09:18:15 - [TEST_STEP][PASSED] - click(findTestObject("Page_tC Create/span_translate")): Object: 'Object Repository/Page_tC Create/span_translate' is clicked on

2021-06-28 09:18:17 - [MESSAGE][PASSED] - Object: 'Object Repository/Page_tC Create/span_translate' is clicked on

2021-06-28 09:18:17 - [TEST_STEP][PASSED] - click(findTestObject("Object Repository/Page_tC Create/span_bita-farming")): Object: 'Object Repository/Page_tC Create/span_bita-farming' is clicked on

2021-06-28 09:18:19 - [MESSAGE][PASSED] - Object: 'Object Repository/Page_tC Create/span_bita-farming' is clicked on

2021-06-28 09:18:19 - [TEST_STEP][PASSED] - click(findTestObject("Object Repository/Page_tC Create/span_01.md")): Object: 'Object Repository/Page_tC Create/span_01.md' is clicked on

2021-06-28 09:18:21 - [MESSAGE][PASSED] - Object: 'Object Repository/Page_tC Create/span_01.md' is clicked on

2021-06-28 09:18:21 - [TEST_STEP][PASSED] - click(findTestObject("Object Repository/Page_tC Create/div_A FARMER represents God, and the VINEYA_8b10d9")): Object: 'Object Repository/Page_tC Create/div_A FARMER represents God, and the VINEYA_8b10d9' is clicked on

2021-06-28 09:18:24 - [MESSAGE][PASSED] - Object: 'Object Repository/Page_tC Create/div_A FARMER represents God, and the VINEYA_8b10d9' is clicked on

[...]
	at com.kms.katalon.core.main.TestSuiteExecutor.accessTestCaseMainPhase(TestSuiteExecutor.java:203)
	at com.kms.katalon.core.main.TestSuiteExecutor.accessTestSuiteMainPhase(TestSuiteExecutor.java:152)
	at com.kms.katalon.core.main.TestSuiteExecutor.execute(TestSuiteExecutor.java:95)
	at com.kms.katalon.core.main.TestCaseMain.startTestSuite(TestCaseMain.java:157)
	at com.kms.katalon.core.main.TestCaseMain$startTestSuite$0.call(Unknown Source)
	at TempTestSuite1624885959906.run(TempTestSuite1624885959906.groovy:39)
Caused by: com.kms.katalon.core.webui.exception.WebElementNotFoundException: Web element with id: 'Object Repository/Tool tips/button_No Sections' located by '//*[@type = 'button' and @title = 'No Sections']' not found
	at com.kms.katalon.core.webui.common.WebUiCommonHelper.findWebElement(WebUiCommonHelper.java:1368)
	at com.kms.katalon.core.webui.keyword.internal.WebUIAbstractKeyword.findWebElement(WebUIAbstractKeyword.groovy:27)
	at com.kms.katalon.core.webui.keyword.internal.WebUIAbstractKeyword.findWebElement(WebUIAbstractKeyword.groovy:26)
	at com.kms.katalon.core.webui.keyword.builtin.GetAttributeKeyword$_getAttribute_closure1.doCall(GetAttributeKeyword.groovy:83)
	at com.kms.katalon.core.webui.keyword.builtin.GetAttributeKeyword$_getAttribute_closure1.call(GetAttributeKeyword.groovy)
	at com.kms.katalon.core.webui.keyword.internal.WebUIKeywordMain.runKeyword(WebUIKeywordMain.groovy:20)
	at com.kms.katalon.core.webui.keyword.builtin.GetAttributeKeyword.getAttribute(GetAttributeKeyword.groovy:93)
	at com.kms.katalon.core.webui.keyword.builtin.GetAttributeKeyword.execute(GetAttributeKeyword.groovy:68)
	at com.kms.katalon.core.keyword.internal.KeywordExecutor.executeKeywordForPlatform(KeywordExecutor.groovy:73)
	at com.kms.katalon.core.webui.keyword.WebUiBuiltInKeywords.getAttribute(WebUiBuiltInKeywords.groovy:950)
	at com.kms.katalon.core.webui.keyword.WebUiBuiltInKeywords$getAttribute$13.call(Unknown Source)
	at Script1613662810777.testToolTip(Script1613662810777.groovy:41)
	at Script1613662810777.testToggleTip(Script1613662810777.groovy:95)
	at Script1613662810777.run(Script1613662810777.groovy:31)
	... 13 more
)
	at com.kms.katalon.core.keyword.internal.KeywordMain.stepFailed(KeywordMain.groovy:39)
	at com.kms.katalon.core.webui.keyword.internal.WebUIKeywordMain.stepFailed(WebUIKeywordMain.groovy:64)
	at com.kms.katalon.core.webui.keyword.internal.WebUIKeywordMain.runKeyword(WebUIKeywordMain.groovy:26)
	at com.kms.katalon.core.webui.keyword.builtin.GetAttributeKeyword.getAttribute(GetAttributeKeyword.groovy:93)
	at com.kms.katalon.core.webui.keyword.builtin.GetAttributeKeyword.execute(GetAttributeKeyword.groovy:68)
	at com.kms.katalon.core.keyword.internal.KeywordExecutor.executeKeywordForPlatform(KeywordExecutor.groovy:73)
	at com.kms.katalon.core.webui.keyword.WebUiBuiltInKeywords.getAttribute(WebUiBuiltInKeywords.groovy:950)
	at com.kms.katalon.core.webui.keyword.WebUiBuiltInKeywords$getAttribute$13.call(Unknown Source)
	at Tool Tips - tA.testToolTip(Tool Tips - tA:41)
	at Tool Tips - tA.testToggleTip(Tool Tips - tA:95)
	at Tool Tips - tA.run(Tool Tips - tA:31)
	at com.kms.katalon.core.main.ScriptEngine.run(ScriptEngine.java:194)
	at com.kms.katalon.core.main.ScriptEngine.runScriptAsRawText(ScriptEngine.java:119)
	at com.kms.katalon.core.main.TestCaseExecutor.runScript(TestCaseExecutor.java:398)
	at com.kms.katalon.core.main.TestCaseExecutor.doExecute(TestCaseExecutor.java:389)
	at com.kms.katalon.core.main.TestCaseExecutor.processExecutionPhase(TestCaseExecutor.java:368)
	at com.kms.katalon.core.main.TestCaseExecutor.accessMainPhase(TestCaseExecutor.java:360)
	at com.kms.katalon.core.main.TestCaseExecutor.execute(TestCaseExecutor.java:255)
	at com.kms.katalon.core.main.TestSuiteExecutor.accessTestCaseMainPhase(TestSuiteExecutor.java:203)
	at com.kms.katalon.core.main.TestSuiteExecutor.accessTestSuiteMainPhase(TestSuiteExecutor.java:152)
	at com.kms.katalon.core.main.TestSuiteExecutor.execute(TestSuiteExecutor.java:95)
	at com.kms.katalon.core.main.TestCaseMain.startTestSuite(TestCaseMain.java:157)
	at com.kms.katalon.core.main.TestCaseMain$startTestSuite$0.call(Unknown Source)
	at TempTestSuite1624885959906.run(TempTestSuite1624885959906.groovy:39)
Caused by: com.kms.katalon.core.exception.StepFailedException: Unable to get attribute 'title' of object 'Object Repository/Tool tips/button_No Sections'
	... 23 more
Caused by: com.kms.katalon.core.webui.exception.WebElementNotFoundException: Web element with id: 'Object Repository/Tool tips/button_No Sections' located by '//*[@type = 'button' and @title = 'No Sections']' not found
	at com.kms.katalon.core.webui.common.WebUiCommonHelper.findWebElement(WebUiCommonHelper.java:1368)
	at com.kms.katalon.core.webui.keyword.internal.WebUIAbstractKeyword.findWebElement(WebUIAbstractKeyword.groovy:27)
	at com.kms.katalon.core.webui.keyword.internal.WebUIAbstractKeyword.findWebElement(WebUIAbstractKeyword.groovy:26)
	at com.kms.katalon.core.webui.keyword.builtin.GetAttributeKeyword$_getAttribute_closure1.doCall(GetAttributeKeyword.groovy:83)
	at com.kms.katalon.core.webui.keyword.builtin.GetAttributeKeyword$_getAttribute_closure1.call(GetAttributeKeyword.groovy)
	at com.kms.katalon.core.webui.keyword.internal.WebUIKeywordMain.runKeyword(WebUIKeywordMain.groovy:20)
	... 21 more]]></system-err>
      </testcase>
      <system-out><![CDATA[2021-06-28 09:12:41 - [TEST_SUITE][FAILED] - Test Suite1- Regression: Test Cases/tCC Test Cases/Tool Tips - tA FAILED.
Reason:
com.kms.katalon.core.exception.StepFailedException: Unable to get attribute 'title' of object 'Object Repository/Tool tips/button_No Sections' (Root cause: com.kms.katalon.core.exception.StepFailedException: Unable to get attribute 'title' of object 'Object Repository/Tool tips/button_No Sections'
	at com.kms.katalon.core.webui.keyword.internal.WebUIKeywordMain.stepFailed(WebUIKeywordMain.groovy:64)
	at com.kms.katalon.core.webui.keyword.internal.WebUIKeywordMain.runKeyword(WebUIKeywordMain.groovy:26)
	at com.kms.katalon.core.webui.keyword.builtin.GetAttributeKeyword.getAttribute(GetAttributeKeyword.groovy:93)
	at com.kms.katalon.core.webui.keyword.builtin.GetAttributeKeyword.execute(GetAttributeKeyword.groovy:68)
	at com.kms.katalon.core.keyword.internal.KeywordExecutor.executeKeywordForPlatform(KeywordExecutor.groovy:73)
	at com.kms.katalon.core.webui.keyword.WebUiBuiltInKeywords.getAttribute(WebUiBuiltInKeywords.groovy:950)
	at com.kms.katalon.core.webui.keyword.WebUiBuiltInKeywords$getAttribute$13.call(Unknown Source)
	at Tool Tips - tA.testToolTip(Tool Tips - tA:41)
	at Tool Tips - tA.testToggleTip(Tool Tips - tA:95)
	at Tool Tips - tA.run(Tool Tips - tA:31)
	at com.kms.katalon.core.main.ScriptEngine.run(ScriptEngine.java:194)
	at com.kms.katalon.core.main.ScriptEngine.runScriptAsRawText(ScriptEngine.java:119)
	at com.kms.katalon.core.main.TestCaseExecutor.runScript(TestCaseExecutor.java:398)
	at com.kms.katalon.core.main.TestCaseExecutor.doExecute(TestCaseExecutor.java:389)
	at com.kms.katalon.core.main.TestCaseExecutor.processExecutionPhase(TestCaseExecutor.java:368)
	at com.kms.katalon.core.main.TestCaseExecutor.accessMainPhase(TestCaseExecutor.java:360)
	at com.kms.katalon.core.main.TestCaseExecutor.execute(TestCaseExecutor.java:255)
	at com.kms.katalon.core.main.TestSuiteExecutor.accessTestCaseMainPhase(TestSuiteExecutor.java:203)
	at com.kms.katalon.core.main.TestSuiteExecutor.accessTestSuiteMainPhase(TestSuiteExecutor.java:152)
	at com.kms.katalon.core.main.TestSuiteExecutor.execute(TestSuiteExecutor.java:95)
	at com.kms.katalon.core.main.TestCaseMain.startTestSuite(TestCaseMain.java:157)
	at com.kms.katalon.core.main.TestCaseMain$startTestSuite$0.call(Unknown Source)
	at TempTestSuite1624885959906.run(TempTestSuite1624885959906.groovy:39)
Caused by: com.kms.katalon.core.webui.exception.WebElementNotFoundException: Web element with id: 'Object Repository/Tool tips/button_No Sections' located by '//*[@type = 'button' and @title = 'No Sections']' not found
	at com.kms.katalon.core.webui.common.WebUiCommonHelper.findWebElement(WebUiCommonHelper.java:1368)
	at com.kms.katalon.core.webui.keyword.internal.WebUIAbstractKeyword.findWebElement(WebUIAbstractKeyword.groovy:27)
	at com.kms.katalon.core.webui.keyword.internal.WebUIAbstractKeyword.findWebElement(WebUIAbstractKeyword.groovy:26)
	at com.kms.katalon.core.webui.keyword.builtin.GetAttributeKeyword$_getAttribute_closure1.doCall(GetAttributeKeyword.groovy:83)
	at com.kms.katalon.core.webui.keyword.builtin.GetAttributeKeyword$_getAttribute_closure1.call(GetAttributeKeyword.groovy)
	at com.kms.katalon.core.webui.keyword.internal.WebUIKeywordMain.runKeyword(WebUIKeywordMain.groovy:20)
	at com.kms.katalon.core.webui.keyword.builtin.GetAttributeKeyword.getAttribute(GetAttributeKeyword.groovy:93)
	at com.kms.katalon.core.webui.keyword.builtin.GetAttributeKeyword.execute(GetAttributeKeyword.groovy:68)
	at com.kms.katalon.core.keyword.internal.KeywordExecutor.executeKeywordForPlatform(KeywordExecutor.groovy:73)
	at com.kms.katalon.core.webui.keyword.WebUiBuiltInKeywords.getAttribute(WebUiBuiltInKeywords.groovy:950)
	at com.kms.katalon.core.webui.keyword.WebUiBuiltInKeywords$getAttribute$13.call(Unknown Source)
	at Script1613662810777.testToolTip(Script1613662810777.groovy:41)
	at Script1613662810777.testToggleTip(Script1613662810777.groovy:95)
	at Script1613662810777.run(Script1613662810777.groovy:31)
	... 13 more
)
	at com.kms.katalon.core.keyword.internal.KeywordMain.stepFailed(KeywordMain.groovy:39)
	at com.kms.katalon.core.webui.keyword.internal.WebUIKeywordMain.stepFailed(WebUIKeywordMain.groovy:64)
	at com.kms.katalon.core.webui.keyword.internal.WebUIKeywordMain.runKeyword(WebUIKeywordMain.groovy:26)
	at com.kms.katalon.core.webui.keyword.builtin.GetAttributeKeyword.getAttribute(GetAttributeKeyword.groovy:93)
	at com.kms.katalon.core.webui.keyword.builtin.GetAttributeKeyword.execute(GetAttributeKeyword.groovy:68)
	at com.kms.katalon.core.keyword.internal.KeywordExecutor.executeKeywordForPlatform(KeywordExecutor.groovy:73)
	at com.kms.katalon.core.webui.keyword.WebUiBuiltInKeywords.getAttribute(WebUiBuiltInKeywords.groovy:950)
	at com.kms.katalon.core.webui.keyword.WebUiBuiltInKeywords$getAttribute$13.call(Unknown Source)
	at Tool Tips - tA.testToolTip(Tool Tips - tA:41)
	at Tool Tips - tA.testToggleTip(Tool Tips - tA:95)
	at Tool Tips - tA.run(Tool Tips - tA:31)
	at com.kms.katalon.core.main.ScriptEngine.run(ScriptEngine.java:194)
	at com.kms.katalon.core.main.ScriptEngine.runScriptAsRawText(ScriptEngine.java:119)
	at com.kms.katalon.core.main.TestCaseExecutor.runScript(TestCaseExecutor.java:398)
	at com.kms.katalon.core.main.TestCaseExecutor.doExecute(TestCaseExecutor.java:389)
	at com.kms.katalon.core.main.TestCaseExecutor.processExecutionPhase(TestCaseExecutor.java:368)
	at com.kms.katalon.core.main.TestCaseExecutor.accessMainPhase(TestCaseExecutor.java:360)
	at com.kms.katalon.core.main.TestCaseExecutor.execute(TestCaseExecutor.java:255)
	at com.kms.katalon.core.main.TestSuiteExecutor.accessTestCaseMainPhase(TestSuiteExecutor.java:203)
	at com.kms.katalon.core.main.TestSuiteExecutor.accessTestSuiteMainPhase(TestSuiteExecutor.java:152)
	at com.kms.katalon.core.main.TestSuiteExecutor.execute(TestSuiteExecutor.java:95)
	at com.kms.katalon.core.main.TestCaseMain.startTestSuite(TestCaseMain.java:157)
	at com.kms.katalon.core.main.TestCaseMain$startTestSuite$0.call(Unknown Source)
	at TempTestSuite1624885959906.run(TempTestSuite1624885959906.groovy:39)
Caused by: com.kms.katalon.core.exception.StepFailedException: Unable to get attribute 'title' of object 'Object Repository/Tool tips/button_No Sections'
	... 23 more
Caused by: com.kms.katalon.core.webui.exception.WebElementNotFoundException: Web element with id: 'Object Repository/Tool tips/button_No Sections' located by '//*[@type = 'button' and @title = 'No Sections']' not found
	at com.kms.katalon.core.webui.common.WebUiCommonHelper.findWebElement(WebUiCommonHelper.java:1368)
	at com.kms.katalon.core.webui.keyword.internal.WebUIAbstractKeyword.findWebElement(WebUIAbstractKeyword.groovy:27)
	at com.kms.katalon.core.webui.keyword.internal.WebUIAbstractKeyword.findWebElement(WebUIAbstractKeyword.groovy:26)
	at com.kms.katalon.core.webui.keyword.builtin.GetAttributeKeyword$_getAttribute_closure1.doCall(GetAttributeKeyword.groovy:83)
	at com.kms.katalon.core.webui.keyword.builtin.GetAttributeKeyword$_getAttribute_closure1.call(GetAttributeKeyword.groovy)
	at com.kms.katalon.core.webui.keyword.internal.WebUIKeywordMain.runKeyword(WebUIKeywordMain.groovy:20)
	... 21 more]]></system-out>
      <system-err><![CDATA[2021-06-28 09:12:41 - [TEST_SUITE][FAILED] - Test Suite1- Regression: Test Cases/tCC Test Cases/Tool Tips - tA FAILED.
Reason:
com.kms.katalon.core.exception.StepFailedException: Unable to get attribute 'title' of object 'Object Repository/Tool tips/button_No Sections' (Root cause: com.kms.katalon.core.exception.StepFailedException: Unable to get attribute 'title' of object 'Object Repository/Tool tips/button_No Sections'
	at com.kms.katalon.core.webui.keyword.internal.WebUIKeywordMain.stepFailed(WebUIKeywordMain.groovy:64)
	at com.kms.katalon.core.webui.keyword.internal.WebUIKeywordMain.runKeyword(WebUIKeywordMain.groovy:26)
	at com.kms.katalon.core.webui.keyword.builtin.GetAttributeKeyword.getAttribute(GetAttributeKeyword.groovy:93)
	at com.kms.katalon.core.webui.keyword.builtin.GetAttributeKeyword.execute(GetAttributeKeyword.groovy:68)
	at com.kms.katalon.core.keyword.internal.KeywordExecutor.executeKeywordForPlatform(KeywordExecutor.groovy:73)
	at com.kms.katalon.core.webui.keyword.WebUiBuiltInKeywords.getAttribute(WebUiBuiltInKeywords.groovy:950)
	at com.kms.katalon.core.webui.keyword.WebUiBuiltInKeywords$getAttribute$13.call(Unknown Source)
	at Tool Tips - tA.testToolTip(Tool Tips - tA:41)
	at Tool Tips - tA.testToggleTip(Tool Tips - tA:95)
	at Tool Tips - tA.run(Tool Tips - tA:31)
	at com.kms.katalon.core.main.ScriptEngine.run(ScriptEngine.java:194)
	at com.kms.katalon.core.main.ScriptEngine.runScriptAsRawText(ScriptEngine.java:119)
	at com.kms.katalon.core.main.TestCaseExecutor.runScript(TestCaseExecutor.java:398)
	at com.kms.katalon.core.main.TestCaseExecutor.doExecute(TestCaseExecutor.java:389)
	at com.kms.katalon.core.main.TestCaseExecutor.processExecutionPhase(TestCaseExecutor.java:368)
	at com.kms.katalon.core.main.TestCaseExecutor.accessMainPhase(TestCaseExecutor.java:360)
	at com.kms.katalon.core.main.TestCaseExecutor.execute(TestCaseExecutor.java:255)
	at com.kms.katalon.core.main.TestSuiteExecutor.accessTestCaseMainPhase(TestSuiteExecutor.java:203)
	at com.kms.katalon.core.main.TestSuiteExecutor.accessTestSuiteMainPhase(TestSuiteExecutor.java:152)
	at com.kms.katalon.core.main.TestSuiteExecutor.execute(TestSuiteExecutor.java:95)
	at com.kms.katalon.core.main.TestCaseMain.startTestSuite(TestCaseMain.java:157)
	at com.kms.katalon.core.main.TestCaseMain$startTestSuite$0.call(Unknown Source)
	at TempTestSuite1624885959906.run(TempTestSuite1624885959906.groovy:39)
Caused by: com.kms.katalon.core.webui.exception.WebElementNotFoundException: Web element with id: 'Object Repository/Tool tips/button_No Sections' located by '//*[@type = 'button' and @title = 'No Sections']' not found
	at com.kms.katalon.core.webui.common.WebUiCommonHelper.findWebElement(WebUiCommonHelper.java:1368)
	at com.kms.katalon.core.webui.keyword.internal.WebUIAbstractKeyword.findWebElement(WebUIAbstractKeyword.groovy:27)
	at com.kms.katalon.core.webui.keyword.internal.WebUIAbstractKeyword.findWebElement(WebUIAbstractKeyword.groovy:26)
	at com.kms.katalon.core.webui.keyword.builtin.GetAttributeKeyword$_getAttribute_closure1.doCall(GetAttributeKeyword.groovy:83)
	at com.kms.katalon.core.webui.keyword.builtin.GetAttributeKeyword$_getAttribute_closure1.call(GetAttributeKeyword.groovy)
	at com.kms.katalon.core.webui.keyword.internal.WebUIKeywordMain.runKeyword(WebUIKeywordMain.groovy:20)
	at com.kms.katalon.core.webui.keyword.builtin.GetAttributeKeyword.getAttribute(GetAttributeKeyword.groovy:93)
	at com.kms.katalon.core.webui.keyword.builtin.GetAttributeKeyword.execute(GetAttributeKeyword.groovy:68)
	at com.kms.katalon.core.keyword.internal.KeywordExecutor.executeKeywordForPlatform(KeywordExecutor.groovy:73)
	at com.kms.katalon.core.webui.keyword.WebUiBuiltInKeywords.getAttribute(WebUiBuiltInKeywords.groovy:950)
	at com.kms.katalon.core.webui.keyword.WebUiBuiltInKeywords$getAttribute$13.call(Unknown Source)
	at Script1613662810777.testToolTip(Script1613662810777.groovy:41)
	at Script1613662810777.testToggleTip(Script1613662810777.groovy:95)
	at Script1613662810777.run(Script1613662810777.groovy:31)
	... 13 more
)
	at com.kms.katalon.core.keyword.internal.KeywordMain.stepFailed(KeywordMain.groovy:39)
	at com.kms.katalon.core.webui.keyword.internal.WebUIKeywordMain.stepFailed(WebUIKeywordMain.groovy:64)
	at com.kms.katalon.core.webui.keyword.internal.WebUIKeywordMain.runKeyword(WebUIKeywordMain.groovy:26)
	at com.kms.katalon.core.webui.keyword.builtin.GetAttributeKeyword.getAttribute(GetAttributeKeyword.groovy:93)
	at com.kms.katalon.core.webui.keyword.builtin.GetAttributeKeyword.execute(GetAttributeKeyword.groovy:68)
	at com.kms.katalon.core.keyword.internal.KeywordExecutor.executeKeywordForPlatform(KeywordExecutor.groovy:73)
	at com.kms.katalon.core.webui.keyword.WebUiBuiltInKeywords.getAttribute(WebUiBuiltInKeywords.groovy:950)
	at com.kms.katalon.core.webui.keyword.WebUiBuiltInKeywords$getAttribute$13.call(Unknown Source)
	at Tool Tips - tA.testToolTip(Tool Tips - tA:41)
	at Tool Tips - tA.testToggleTip(Tool Tips - tA:95)
	at Tool Tips - tA.run(Tool Tips - tA:31)
	at com.kms.katalon.core.main.ScriptEngine.run(ScriptEngine.java:194)
	at com.kms.katalon.core.main.ScriptEngine.runScriptAsRawText(ScriptEngine.java:119)
	at com.kms.katalon.core.main.TestCaseExecutor.runScript(TestCaseExecutor.java:398)
	at com.kms.katalon.core.main.TestCaseExecutor.doExecute(TestCaseExecutor.java:389)
	at com.kms.katalon.core.main.TestCaseExecutor.processExecutionPhase(TestCaseExecutor.java:368)
	at com.kms.katalon.core.main.TestCaseExecutor.accessMainPhase(TestCaseExecutor.java:360)
	at com.kms.katalon.core.main.TestCaseExecutor.execute(TestCaseExecutor.java:255)
	at com.kms.katalon.core.main.TestSuiteExecutor.accessTestCaseMainPhase(TestSuiteExecutor.java:203)
	at com.kms.katalon.core.main.TestSuiteExecutor.accessTestSuiteMainPhase(TestSuiteExecutor.java:152)
	at com.kms.katalon.core.main.TestSuiteExecutor.execute(TestSuiteExecutor.java:95)
	at com.kms.katalon.core.main.TestCaseMain.startTestSuite(TestCaseMain.java:157)
	at com.kms.katalon.core.main.TestCaseMain$startTestSuite$0.call(Unknown Source)
	at TempTestSuite1624885959906.run(TempTestSuite1624885959906.groovy:39)
Caused by: com.kms.katalon.core.exception.StepFailedException: Unable to get attribute 'title' of object 'Object Repository/Tool tips/button_No Sections'
	... 23 more
Caused by: com.kms.katalon.core.webui.exception.WebElementNotFoundException: Web element with id: 'Object Repository/Tool tips/button_No Sections' located by '//*[@type = 'button' and @title = 'No Sections']' not found
	at com.kms.katalon.core.webui.common.WebUiCommonHelper.findWebElement(WebUiCommonHelper.java:1368)
	at com.kms.katalon.core.webui.keyword.internal.WebUIAbstractKeyword.findWebElement(WebUIAbstractKeyword.groovy:27)
	at com.kms.katalon.core.webui.keyword.internal.WebUIAbstractKeyword.findWebElement(WebUIAbstractKeyword.groovy:26)
	at com.kms.katalon.core.webui.keyword.builtin.GetAttributeKeyword$_getAttribute_closure1.doCall(GetAttributeKeyword.groovy:83)
	at com.kms.katalon.core.webui.keyword.builtin.GetAttributeKeyword$_getAttribute_closure1.call(GetAttributeKeyword.groovy)
	at com.kms.katalon.core.webui.keyword.internal.WebUIKeywordMain.runKeyword(WebUIKeywordMain.groovy:20)
	... 21 more]]></system-err>
   </testsuite>
</testsuites>
