<?xml version="1.0" encoding="UTF-8"?>
<testsuites name="Test Suite1- Regression" time="621.281" tests="11" failures="0" skips="0" errors="0">
   <testsuite name="Test Suite1- Regression" tests="11" failures="0" errors="0" time="621.281" skips="0" timestamp="2021-02-10 10:54:08" hostname="elsylitsonlambert - localhost" id="Test Suites/Test Suite1- Regression">
      <properties>
         <property name="deviceName" value=""/>
         <property name="devicePlatform" value=""/>
         <property name="logFolder" value="/Users/elsylitsonlambert/git/tcCreateQA/Reports/20210210_105405/Test Suite1- Regression/20210210_105405"/>
         <property name="logFiles" value="/Users/elsylitsonlambert/git/tcCreateQA/Reports/20210210_105405/Test Suite1- Regression/20210210_105405/execution0.log"/>
         <property name="attachments" value="/Users/elsylitsonlambert/git/tcCreateQA/Reports/20210210_105405/Test Suite1- Regression/20210210_105405/1612972492389.png, /Users/elsylitsonlambert/git/tcCreateQA/Reports/20210210_105405/Test Suite1- Regression/20210210_105405/1612972928876.png"/>
         <property name="hostName" value="elsylitsonlambert - localhost"/>
         <property name="os" value="Mac OS X 64bit"/>
         <property name="katalonVersion" value="7.9.1.208"/>
         <property name="browser" value="Chrome 88.0.4324.150"/>
         <property name="hostAddress" value="127.0.0.1"/>
         <property name="sessionId" value="7cd017040d82489bbd1e7e0209410887"/>
         <property name="seleniumVersion" value="3.141.59"/>
         <property name="proxyInformation" value="ProxyInformation { proxyOption=NO_PROXY, proxyServerType=HTTP, username=, password=********, proxyServerAddress=, proxyServerPort=0, executionList=&quot;&quot;, isApplyToDesiredCapabilities=true }"/>
         <property name="platform" value="Mac OS X"/>
      </properties>
      <testcase name="Test Cases/tCC Test Cases/tN_Parallel Scripture viewer" time="60.149" classname="Test Cases/tCC Test Cases/tN_Parallel Scripture viewer" status="PASSED">
         <system-out><![CDATA[2021-02-10 10:54:08 - [TEST_CASE][PASSED] - Test Cases/tCC Test Cases/tN_Parallel Scripture viewer: Test Cases/tCC Test Cases/tN_Parallel Scripture viewer

2021-02-10 10:54:08 - [TEST_STEP][PASSED] - com.tccreate.keywords.WriteToFile.writeTofilename("tN-Parallel Scripture Viewer"): com.tccreate.keywords.WriteToFile.writeTofilename is PASSED

2021-02-10 10:54:08 - [MESSAGE][PASSED] - com.tccreate.keywords.WriteToFile.writeTofilename is PASSED

2021-02-10 10:54:08 - [TEST_STEP][PASSED] - com.helper.login.TimeDate.getTimeDate(): com.helper.login.TimeDate.getTimeDate is PASSED

2021-02-10 10:54:08 - [MESSAGE][INFO] - Time at which the test run:2021-02-10 10:54:08.877

2021-02-10 10:54:08 - [MESSAGE][PASSED] - com.helper.login.TimeDate.getTimeDate is PASSED

2021-02-10 10:54:08 - [TEST_STEP][PASSED] - com.helper.login.loginhelper.logintoapp(): com.helper.login.loginhelper.logintoapp is PASSED

2021-02-10 10:54:09 - [MESSAGE][INFO] - Starting 'Chrome' driver

2021-02-10 10:54:09 - [MESSAGE][INFO] - Action delay is set to 1,000 milliseconds

2021-02-10 10:54:13 - [MESSAGE][WARNING] - FFmpeg was not installed! Browser Recording will be disabled. Please follow this document to install FFmpeg first: https://docs.katalon.com/katalon-studio/docs/screenshots-videos.html#browser-based-recorder

2021-02-10 10:54:18 - [MESSAGE][PASSED] - Browser is opened with url: 'https://develop--tc-create-app.netlify.app/'

2021-02-10 10:54:18 - [MESSAGE][PASSED] - Wait for page load successfully

2021-02-10 10:54:18 - [MESSAGE][PASSED] - Current window maximized

2021-02-10 10:54:20 - [MESSAGE][PASSED] - Keys 'elsylambert' sent to object: 'Object Repository/Page_tC Create/input__username'

2021-02-10 10:54:21 - [MESSAGE][PASSED] - Keys 'fatak43' sent to object: 'Object Repository/Page_tC Create/input__password'

2021-02-10 10:54:22 - [MESSAGE][PASSED] - Object: 'Object Repository/Page_tC Create/button_Login' is clicked on

2021-02-10 10:54:23 - [MESSAGE][PASSED] - Delayed 1 second(s)

2021-02-10 10:54:24 - [MESSAGE][PASSED] - Text of object 'Object Repository/Page_tC Create/tcc-version number' is: 'translationCore Create - v1.1.0-rc.7 build 22-ebe4a7c'

2021-02-10 10:54:24 - [MESSAGE][INFO] - : The current version and build number is translationCore Create - v1.1.0-rc.7 build 22-ebe4a7c

2021-02-10 10:54:24 - [MESSAGE][PASSED] - com.helper.login.loginhelper.logintoapp is PASSED

2021-02-10 10:54:24 - [TEST_STEP][PASSED] - click(findTestObject("Page_tC Create/Organization unfoldingWord")): Object: 'Object Repository/Page_tC Create/Organization unfoldingWord' is clicked on

2021-02-10 10:54:25 - [MESSAGE][PASSED] - Object: 'Object Repository/Page_tC Create/Organization unfoldingWord' is clicked on

2021-02-10 10:54:25 - [TEST_STEP][PASSED] - click(findTestObject("Object Repository/Page_tC Create/span_unfoldingWord Translation Notes")): Object: 'Object Repository/Page_tC Create/span_unfoldingWord Translation Notes' is clicked on

2021-02-10 10:54:28 - [MESSAGE][PASSED] - Object: 'Object Repository/Page_tC Create/span_unfoldingWord Translation Notes' is clicked on

2021-02-10 10:54:28 - [TEST_STEP][PASSED] - click(findTestObject("Object Repository/Page_tC Create/div_Step 4 Select Your Language option am -_f1dc08")): Object: 'Object Repository/Page_tC Create/div_Step 4 Select Your Language option am -_f1dc08' is clicked on

2021-02-10 10:54:30 - [MESSAGE][PASSED] - Object: 'Object Repository/Page_tC Create/div_Step 4 Select Your Language option am -_f1dc08' is clicked on

2021-02-10 10:54:30 - [TEST_STEP][PASSED] - setText(findTestObject("Page_tC Create/input_Step4Select Your Language_react-selec_aae5da"), "en"): Text 'en' is set on object 'Object Repository/Page_tC Create/input_Step4Select Your Language_react-selec_aae5da'

2021-02-10 10:54:33 - [MESSAGE][PASSED] - Text 'en' is set on object 'Object Repository/Page_tC Create/input_Step4Select Your Language_react-selec_aae5da'

2021-02-10 10:54:33 - [TEST_STEP][PASSED] - click(findTestObject("Page_tC Create/div_en - English - English (Europe Gateway)")): Object: 'Object Repository/Page_tC Create/div_en - English - English (Europe Gateway)' is clicked on

2021-02-10 10:54:34 - [MESSAGE][PASSED] - Object: 'Object Repository/Page_tC Create/div_en - English - English (Europe Gateway)' is clicked on

2021-02-10 10:54:34 - [TEST_STEP][PASSED] - click(findTestObject("Object Repository/Page_tC Create/span_en_tn_57-TIT.tsv")): Object: 'Object Repository/Page_tC Create/span_en_tn_57-TIT.tsv' is clicked on

2021-02-10 10:54:36 - [MESSAGE][PASSED] - Object: 'Object Repository/Page_tC Create/span_en_tn_57-TIT.tsv' is clicked on

2021-02-10 10:54:36 - [TEST_STEP][PASSED] - com.tccreate.keywords.ExpandAllScriptureToggle.toggleAllScripture(""test""): com.tccreate.keywords.ExpandAllScriptureToggle.toggleAllScripture is PASSED

2021-02-10 10:54:39 - [MESSAGE][INFO] - Unable to find the element located by 'By.xpath: //*[@type = 'button' and @data-test = 'drawer-menu-close-button']'. Please recheck the objects properties to make sure the desired element is located. 

2021-02-10 10:54:39 - [MESSAGE][WARNING] - Object 'Object Repository/Page_tC Create/button_DrawerClose' is not present after 2 second(s)

2021-02-10 10:54:40 - [MESSAGE][PASSED] - Object: 'Object Repository/Page_tC Create/Hamburger Menu Button' is clicked on

2021-02-10 10:54:41 - [MESSAGE][PASSED] - Delayed 1 second(s)

2021-02-10 10:54:42 - [MESSAGE][PASSED] - Object 'Object Repository/Page_tC Create/input_Expand all Scripture_default' is checked

2021-02-10 10:54:43 - [MESSAGE][PASSED] - Object: 'Object Repository/Page_tC Create/input_Expand all Scripture_default' is clicked on

2021-02-10 10:54:44 - [MESSAGE][PASSED] - Delayed 1 second(s)

2021-02-10 10:54:45 - [MESSAGE][PASSED] - Object: 'Object Repository/Page_tC Create/button_DrawerClose' is clicked on

2021-02-10 10:54:46 - [MESSAGE][PASSED] - Object 'Object Repository/Page_tC Create/Hamburger Menu Button' is visible

2021-02-10 10:54:46 - [MESSAGE][PASSED] - com.tccreate.keywords.ExpandAllScriptureToggle.toggleAllScripture is PASSED

2021-02-10 10:54:46 - [TEST_STEP][PASSED] - com.tccreate.keywords.ExpandAllScriptureToggle.toggleAllScripture(""on""): com.tccreate.keywords.ExpandAllScriptureToggle.toggleAllScripture is PASSED

2021-02-10 10:54:49 - [MESSAGE][INFO] - Unable to find the element located by 'By.xpath: //*[@type = 'button' and @data-test = 'drawer-menu-close-button']'. Please recheck the objects properties to make sure the desired element is located. 

2021-02-10 10:54:49 - [MESSAGE][WARNING] - Object 'Object Repository/Page_tC Create/button_DrawerClose' is not present after 2 second(s)

2021-02-10 10:54:51 - [MESSAGE][PASSED] - Object: 'Object Repository/Page_tC Create/Hamburger Menu Button' is clicked on

2021-02-10 10:54:52 - [MESSAGE][PASSED] - Delayed 1 second(s)

2021-02-10 10:54:52 - [MESSAGE][WARNING] - Object 'Object Repository/Page_tC Create/input_Expand all Scripture_default' is not checked (Root cause: com.kms.katalon.core.exception.StepFailedException: Object 'Object Repository/Page_tC Create/input_Expand all Scripture_default' is not checked
	at com.kms.katalon.core.webui.keyword.internal.WebUIKeywordMain.stepFailed(WebUIKeywordMain.groovy:64)
	at com.kms.katalon.core.webui.keyword.builtin.VerifyElementCheckedKeyword$_verifyElementChecked_closure1.doCall(VerifyElementCheckedKeyword.groovy:81)
	at com.kms.katalon.core.webui.keyword.builtin.VerifyElementCheckedKeyword$_verifyElementChecked_closure1.call(VerifyElementCheckedKeyword.groovy)
	at com.kms.katalon.core.webui.keyword.internal.WebUIKeywordMain.runKeyword(WebUIKeywordMain.groovy:20)
	at com.kms.katalon.core.webui.keyword.builtin.VerifyElementCheckedKeyword.verifyElementChecked(VerifyElementCheckedKeyword.groovy:92)
	at com.kms.katalon.core.webui.keyword.builtin.VerifyElementCheckedKeyword.execute(VerifyElementCheckedKeyword.groovy:68)
	at com.kms.katalon.core.keyword.internal.KeywordExecutor.executeKeywordForPlatform(KeywordExecutor.groovy:73)
	at com.kms.katalon.core.webui.keyword.WebUiBuiltInKeywords.verifyElementChecked(WebUiBuiltInKeywords.groovy:1381)
	at com.kms.katalon.core.webui.keyword.WebUiBuiltInKeywords$verifyElementChecked$8.call(Unknown Source)
	at com.tccreate.keywords.ExpandAllScriptureToggle.toggleAllScripture(ExpandAllScriptureToggle.groovy:43)
	at com.tccreate.keywords.ExpandAllScriptureToggle.invokeMethod(ExpandAllScriptureToggle.groovy)
	at com.kms.katalon.core.main.CustomKeywordDelegatingMetaClass.invokeStaticMethod(CustomKeywordDelegatingMetaClass.java:50)
	at tN_Parallel Scripture viewer.run(tN_Parallel Scripture viewer:43)
	at com.kms.katalon.core.main.ScriptEngine.run(ScriptEngine.java:194)
	at com.kms.katalon.core.main.ScriptEngine.runScriptAsRawText(ScriptEngine.java:119)
	at com.kms.katalon.core.main.TestCaseExecutor.runScript(TestCaseExecutor.java:398)
	at com.kms.katalon.core.main.TestCaseExecutor.doExecute(TestCaseExecutor.java:389)
	at com.kms.katalon.core.main.TestCaseExecutor.processExecutionPhase(TestCaseExecutor.java:368)
	at com.kms.katalon.core.main.TestCaseExecutor.accessMainPhase(TestCaseExecutor.java:360)
	at com.kms.katalon.core.main.TestCaseExecutor.execute(TestCaseExecutor.java:255)
	at com.kms.katalon.core.main.TestSuiteExecutor.accessTestCaseMainPhase(TestSuiteExecutor.java:203)
	at com.kms.katalon.core.main.TestSuiteExecutor.accessTestSuiteMainPhase(TestSuiteExecutor.java:152)
	at com.kms.katalon.core.main.TestSuiteExecutor.execute(TestSuiteExecutor.java:95)
	at com.kms.katalon.core.main.TestCaseMain.startTestSuite(TestCaseMain.java:157)
	at com.kms.katalon.core.main.TestCaseMain$startTestSuite$0.call(Unknown Source)
	at TempTestSuite1612972445926.run(TempTestSuite1612972445926.groovy:39)
)
[[ATTACHMENT|/Users/elsylitsonlambert/git/tcCreateQA/Reports/20210210_105405/Test Suite1- Regression/20210210_105405/1612972492389.png]]

2021-02-10 10:54:54 - [MESSAGE][PASSED] - Object: 'Object Repository/Page_tC Create/input_Expand all Scripture_default' is clicked on

2021-02-10 10:54:55 - [MESSAGE][PASSED] - Delayed 1 second(s)

2021-02-10 10:54:56 - [MESSAGE][PASSED] - Object: 'Object Repository/Page_tC Create/button_DrawerClose' is clicked on

2021-02-10 10:54:57 - [MESSAGE][PASSED] - Object 'Object Repository/Page_tC Create/Hamburger Menu Button' is visible

2021-02-10 10:54:57 - [MESSAGE][PASSED] - com.tccreate.keywords.ExpandAllScriptureToggle.toggleAllScripture is PASSED

2021-02-10 10:54:57 - [TEST_STEP][PASSED] - if (verifyElementPresent(findTestObject("Page_tC Create/span_unfoldingWord Literal Text v14"), 5)): null

2021-02-10 10:54:57 - [MESSAGE][PASSED] - Object 'Object Repository/Page_tC Create/span_unfoldingWord Literal Text v14' is present

2021-02-10 10:54:57 - [TEST_STEP][PASSED] - logInfo("ULT is visible 1"): ULT is visible 1

2021-02-10 10:54:57 - [MESSAGE][INFO] - ULT is visible 1

2021-02-10 10:54:57 - [TEST_STEP][PASSED] - if (verifyElementPresent(findTestObject("Page_tC Create/span_unfoldingWord Simplified Text v14"), 5)): null

2021-02-10 10:54:57 - [MESSAGE][PASSED] - Object 'Object Repository/Page_tC Create/span_unfoldingWord Simplified Text v14' is present

2021-02-10 10:54:57 - [TEST_STEP][PASSED] - logInfo("UST is visible"): UST is visible

2021-02-10 10:54:57 - [MESSAGE][INFO] - UST is visible

2021-02-10 10:54:57 - [TEST_STEP][PASSED] - logInfo("ParallelScripture is present"): ParallelScripture is present

2021-02-10 10:54:57 - [MESSAGE][INFO] - ParallelScripture is present

2021-02-10 10:54:57 - [TEST_STEP][PASSED] - com.tccreate.keywords.ExpandAllScriptureToggle.toggleAllScripture(""off""): com.tccreate.keywords.ExpandAllScriptureToggle.toggleAllScripture is PASSED

2021-02-10 10:55:01 - [MESSAGE][INFO] - Unable to find the element located by 'By.xpath: //*[@type = 'button' and @data-test = 'drawer-menu-close-button']'. Please recheck the objects properties to make sure the desired element is located. 

2021-02-10 10:55:01 - [MESSAGE][WARNING] - Object 'Object Repository/Page_tC Create/button_DrawerClose' is not present after 2 second(s)

2021-02-10 10:55:02 - [MESSAGE][PASSED] - Object: 'Object Repository/Page_tC Create/Hamburger Menu Button' is clicked on

2021-02-10 10:55:03 - [MESSAGE][PASSED] - Delayed 1 second(s)

2021-02-10 10:55:03 - [MESSAGE][PASSED] - Object 'Object Repository/Page_tC Create/input_Expand all Scripture_default' is checked

2021-02-10 10:55:05 - [MESSAGE][PASSED] - Object: 'Object Repository/Page_tC Create/input_Expand all Scripture_default' is clicked on

2021-02-10 10:55:06 - [MESSAGE][PASSED] - Delayed 1 second(s)

2021-02-10 10:55:07 - [MESSAGE][PASSED] - Object: 'Object Repository/Page_tC Create/button_DrawerClose' is clicked on

2021-02-10 10:55:08 - [MESSAGE][PASSED] - Object 'Object Repository/Page_tC Create/Hamburger Menu Button' is visible

2021-02-10 10:55:08 - [MESSAGE][PASSED] - com.tccreate.keywords.ExpandAllScriptureToggle.toggleAllScripture is PASSED

2021-02-10 10:55:08 - [TEST_STEP][PASSED] - logInfo("button is toggled"): button is toggled

2021-02-10 10:55:08 - [MESSAGE][INFO] - button is toggled

2021-02-10 10:55:08 - [TEST_STEP][PASSED] - if (verifyElementNotPresent(findTestObject("Page_tC Create/span_unfoldingWord Literal Text v14"), 3)): null

2021-02-10 10:55:08 - [MESSAGE][PASSED] - Web element with id: 'Object Repository/Page_tC Create/span_unfoldingWord Literal Text v14' located by 'By.xpath: //div[@id='wrapY']/table/thead/tr/th[2]/span' is not present after '3' second(s)

2021-02-10 10:55:08 - [TEST_STEP][PASSED] - logInfo("ULT is not visible as expected"): ULT is not visible as expected

2021-02-10 10:55:08 - [MESSAGE][INFO] - ULT is not visible as expected

2021-02-10 10:55:08 - [TEST_STEP][PASSED] - closeBrowser(): Browser is closed

2021-02-10 10:55:08 - [MESSAGE][PASSED] - Browser is closed]]></system-out>
         <system-err><![CDATA[]]></system-err>
      </testcase>
      <testcase name="Test Cases/tCC Test Cases/tCC_Link to Organization page" time="17.94" classname="Test Cases/tCC Test Cases/tCC_Link to Organization page" status="PASSED">
         <system-out><![CDATA[2021-02-10 10:55:08 - [TEST_CASE][PASSED] - Test Cases/tCC Test Cases/tCC_Link to Organization page: Test Cases/tCC Test Cases/tCC_Link to Organization page

2021-02-10 10:55:08 - [TEST_STEP][PASSED] - com.helper.login.loginhelper.logintoapp(): com.helper.login.loginhelper.logintoapp is PASSED

2021-02-10 10:55:08 - [MESSAGE][INFO] - Starting 'Chrome' driver

2021-02-10 10:55:08 - [MESSAGE][INFO] - Action delay is set to 1,000 milliseconds

2021-02-10 10:55:09 - [MESSAGE][WARNING] - FFmpeg was not installed! Browser Recording will be disabled. Please follow this document to install FFmpeg first: https://docs.katalon.com/katalon-studio/docs/screenshots-videos.html#browser-based-recorder

2021-02-10 10:55:15 - [MESSAGE][PASSED] - Browser is opened with url: 'https://develop--tc-create-app.netlify.app/'

2021-02-10 10:55:15 - [MESSAGE][PASSED] - Wait for page load successfully

2021-02-10 10:55:15 - [MESSAGE][PASSED] - Current window maximized

2021-02-10 10:55:17 - [MESSAGE][PASSED] - Keys 'elsylambert' sent to object: 'Object Repository/Page_tC Create/input__username'

2021-02-10 10:55:18 - [MESSAGE][PASSED] - Keys 'fatak43' sent to object: 'Object Repository/Page_tC Create/input__password'

2021-02-10 10:55:19 - [MESSAGE][PASSED] - Object: 'Object Repository/Page_tC Create/button_Login' is clicked on

2021-02-10 10:55:20 - [MESSAGE][PASSED] - Delayed 1 second(s)

2021-02-10 10:55:21 - [MESSAGE][PASSED] - Text of object 'Object Repository/Page_tC Create/tcc-version number' is: 'translationCore Create - v1.1.0-rc.7 build 22-ebe4a7c'

2021-02-10 10:55:21 - [MESSAGE][INFO] - : The current version and build number is translationCore Create - v1.1.0-rc.7 build 22-ebe4a7c

2021-02-10 10:55:21 - [MESSAGE][PASSED] - com.helper.login.loginhelper.logintoapp is PASSED

2021-02-10 10:55:21 - [TEST_STEP][PASSED] - verifyElementPresent(findTestObject("Object Repository/Organization Link/span_unfoldingWord"), 1): Object 'Object Repository/Organization Link/span_unfoldingWord' is present

2021-02-10 10:55:21 - [MESSAGE][PASSED] - Object 'Object Repository/Organization Link/span_unfoldingWord' is present

2021-02-10 10:55:21 - [TEST_STEP][PASSED] - expectedTooltip = "Go to Organization": null

2021-02-10 10:55:21 - [TEST_STEP][PASSED] - actualTooltip = getAttribute(findTestObject("Object Repository/Organization Link/button_unfoldingWord_MuiButtonBase-root MuiIconButton-root"), "title"): Attribute 'title' of object 'Object Repository/Organization Link/button_unfoldingWord_MuiButtonBase-root MuiIconButton-root' is: 'Go to Organization'

2021-02-10 10:55:22 - [MESSAGE][PASSED] - Attribute 'title' of object 'Object Repository/Organization Link/button_unfoldingWord_MuiButtonBase-root MuiIconButton-root' is: 'Go to Organization'

2021-02-10 10:55:22 - [TEST_STEP][PASSED] - out.println("Actual Title of Tool Tip" + actualTooltip): null

2021-02-10 10:55:22 - [TEST_STEP][PASSED] - if (actualTooltip.equals(expectedTooltip)): null

2021-02-10 10:55:22 - [TEST_STEP][PASSED] - out.println("Test Case Passed"): null

2021-02-10 10:55:22 - [TEST_STEP][PASSED] - click(findTestObject("Object Repository/Organization Link/button_unfoldingWord_MuiButtonBase-root MuiIconButton-root")): Object: 'Object Repository/Organization Link/button_unfoldingWord_MuiButtonBase-root MuiIconButton-root' is clicked on

2021-02-10 10:55:23 - [MESSAGE][PASSED] - Object: 'Object Repository/Organization Link/button_unfoldingWord_MuiButtonBase-root MuiIconButton-root' is clicked on

2021-02-10 10:55:23 - [TEST_STEP][PASSED] - switchToWindowIndex(1): Switched to window with index: '1'

2021-02-10 10:55:23 - [MESSAGE][PASSED] - Switched to window with index: '1'

2021-02-10 10:55:23 - [TEST_STEP][PASSED] - if (verifyElementVisible(findTestObject("Object Repository/Organization Link/div_unfoldingWord"), CONTINUE_ON_FAILURE)): null

2021-02-10 10:55:26 - [MESSAGE][PASSED] - Object 'Object Repository/Organization Link/div_unfoldingWord' is visible

2021-02-10 10:55:26 - [TEST_STEP][PASSED] - out.println("Organization page is opening"): null

2021-02-10 10:55:26 - [TEST_STEP][PASSED] - switchToWindowIndex(0): Switched to window with index: '0'

2021-02-10 10:55:26 - [MESSAGE][PASSED] - Switched to window with index: '0'

2021-02-10 10:55:26 - [TEST_STEP][PASSED] - closeBrowser(): Browser is closed

2021-02-10 10:55:26 - [MESSAGE][PASSED] - Browser is closed]]></system-out>
         <system-err><![CDATA[]]></system-err>
      </testcase>
      <testcase name="Test Cases/tCC Test Cases/tN_undo text in tN Editor(FF)" time="29.834" classname="Test Cases/tCC Test Cases/tN_undo text in tN Editor(FF)" status="PASSED">
         <system-out><![CDATA[2021-02-10 10:55:26 - [TEST_CASE][PASSED] - Test Cases/tCC Test Cases/tN_undo text in tN Editor(FF): Test Cases/tCC Test Cases/tN_undo text in tN Editor(FF)

2021-02-10 10:55:26 - [TEST_STEP][PASSED] - com.tccreate.keywords.WriteToFile.writeTofilename("tN-undo editing"): com.tccreate.keywords.WriteToFile.writeTofilename is PASSED

2021-02-10 10:55:26 - [MESSAGE][PASSED] - com.tccreate.keywords.WriteToFile.writeTofilename is PASSED

2021-02-10 10:55:26 - [TEST_STEP][PASSED] - com.helper.login.TimeDate.getTimeDate(): com.helper.login.TimeDate.getTimeDate is PASSED

2021-02-10 10:55:26 - [MESSAGE][INFO] - Time at which the test run:2021-02-10 10:55:26.896

2021-02-10 10:55:26 - [MESSAGE][PASSED] - com.helper.login.TimeDate.getTimeDate is PASSED

2021-02-10 10:55:26 - [TEST_STEP][PASSED] - com.helper.login.loginhelper.logintoapp(): com.helper.login.loginhelper.logintoapp is PASSED

2021-02-10 10:55:26 - [MESSAGE][INFO] - Starting 'Chrome' driver

2021-02-10 10:55:26 - [MESSAGE][INFO] - Action delay is set to 1,000 milliseconds

2021-02-10 10:55:27 - [MESSAGE][WARNING] - FFmpeg was not installed! Browser Recording will be disabled. Please follow this document to install FFmpeg first: https://docs.katalon.com/katalon-studio/docs/screenshots-videos.html#browser-based-recorder

2021-02-10 10:55:32 - [MESSAGE][PASSED] - Browser is opened with url: 'https://develop--tc-create-app.netlify.app/'

2021-02-10 10:55:32 - [MESSAGE][PASSED] - Wait for page load successfully

2021-02-10 10:55:32 - [MESSAGE][PASSED] - Current window maximized

2021-02-10 10:55:34 - [MESSAGE][PASSED] - Keys 'elsylambert' sent to object: 'Object Repository/Page_tC Create/input__username'

2021-02-10 10:55:35 - [MESSAGE][PASSED] - Keys 'fatak43' sent to object: 'Object Repository/Page_tC Create/input__password'

2021-02-10 10:55:36 - [MESSAGE][PASSED] - Object: 'Object Repository/Page_tC Create/button_Login' is clicked on

2021-02-10 10:55:37 - [MESSAGE][PASSED] - Delayed 1 second(s)

2021-02-10 10:55:38 - [MESSAGE][PASSED] - Text of object 'Object Repository/Page_tC Create/tcc-version number' is: 'translationCore Create - v1.1.0-rc.7 build 22-ebe4a7c'

2021-02-10 10:55:38 - [MESSAGE][INFO] - : The current version and build number is translationCore Create - v1.1.0-rc.7 build 22-ebe4a7c

2021-02-10 10:55:38 - [MESSAGE][PASSED] - com.helper.login.loginhelper.logintoapp is PASSED

2021-02-10 10:55:38 - [TEST_STEP][PASSED] - click(findTestObject("Page_tC Create/Organization unfoldingWord")): Object: 'Object Repository/Page_tC Create/Organization unfoldingWord' is clicked on

2021-02-10 10:55:39 - [MESSAGE][PASSED] - Object: 'Object Repository/Page_tC Create/Organization unfoldingWord' is clicked on

2021-02-10 10:55:39 - [TEST_STEP][PASSED] - click(findTestObject("Object Repository/Page_tC Create/span_unfoldingWord Translation Notes")): Object: 'Object Repository/Page_tC Create/span_unfoldingWord Translation Notes' is clicked on

2021-02-10 10:55:42 - [MESSAGE][PASSED] - Object: 'Object Repository/Page_tC Create/span_unfoldingWord Translation Notes' is clicked on

2021-02-10 10:55:42 - [TEST_STEP][PASSED] - click(findTestObject("Object Repository/Page_tC Create/div_Step 4 Select Your Language option am -_f1dc08")): Object: 'Object Repository/Page_tC Create/div_Step 4 Select Your Language option am -_f1dc08' is clicked on

2021-02-10 10:55:43 - [MESSAGE][PASSED] - Object: 'Object Repository/Page_tC Create/div_Step 4 Select Your Language option am -_f1dc08' is clicked on

2021-02-10 10:55:43 - [TEST_STEP][PASSED] - setText(findTestObject("Page_tC Create/input_Step4Select Your Language_react-selec_aae5da"), "en"): Text 'en' is set on object 'Object Repository/Page_tC Create/input_Step4Select Your Language_react-selec_aae5da'

2021-02-10 10:55:46 - [MESSAGE][PASSED] - Text 'en' is set on object 'Object Repository/Page_tC Create/input_Step4Select Your Language_react-selec_aae5da'

2021-02-10 10:55:46 - [TEST_STEP][PASSED] - click(findTestObject("Page_tC Create/div_en - English - English (Europe Gateway)")): Object: 'Object Repository/Page_tC Create/div_en - English - English (Europe Gateway)' is clicked on

2021-02-10 10:55:48 - [MESSAGE][PASSED] - Object: 'Object Repository/Page_tC Create/div_en - English - English (Europe Gateway)' is clicked on

2021-02-10 10:55:48 - [TEST_STEP][PASSED] - click(findTestObject("Object Repository/Page_tC Create/span_en_tn_57-TIT.tsv")): Object: 'Object Repository/Page_tC Create/span_en_tn_57-TIT.tsv' is clicked on

2021-02-10 10:55:50 - [MESSAGE][PASSED] - Object: 'Object Repository/Page_tC Create/span_en_tn_57-TIT.tsv' is clicked on

2021-02-10 10:55:50 - [TEST_STEP][PASSED] - click(findTestObject("Object Repository/Page_tC Create/div_Introduction to TitusPart 1")): Object: 'Object Repository/Page_tC Create/div_Introduction to TitusPart 1' is clicked on

2021-02-10 10:55:53 - [MESSAGE][PASSED] - Object: 'Object Repository/Page_tC Create/div_Introduction to TitusPart 1' is clicked on

2021-02-10 10:55:53 - [TEST_STEP][PASSED] - sendKeys(findTestObject("Object Repository/Page_tC Create/div_Introduction to TitusPart 1"), "edit again "): Keys 'edit again ' sent to object: 'Object Repository/Page_tC Create/div_Introduction to TitusPart 1'

2021-02-10 10:55:54 - [MESSAGE][PASSED] - Keys 'edit again ' sent to object: 'Object Repository/Page_tC Create/div_Introduction to TitusPart 1'

2021-02-10 10:55:54 - [TEST_STEP][PASSED] - driver = getWebDriver(): null

2021-02-10 10:55:54 - [TEST_STEP][PASSED] - action = new org.openqa.selenium.interactions.Actions(driver): null

2021-02-10 10:55:54 - [TEST_STEP][PASSED] - keyUp(COMMAND).perform(): null

2021-02-10 10:55:54 - [TEST_STEP][PASSED] - sendKeys(findTestObject("Object Repository/Page_tC Create/div_Introduction to TitusPart 1"), Keys.chord(COMMAND, "z")): Keys 'COMMAND + z' sent to object: 'Object Repository/Page_tC Create/div_Introduction to TitusPart 1'

2021-02-10 10:55:56 - [MESSAGE][PASSED] - Keys 'COMMAND + z' sent to object: 'Object Repository/Page_tC Create/div_Introduction to TitusPart 1'

2021-02-10 10:55:56 - [TEST_STEP][PASSED] - logInfo("Text is cleared successfully by undo action"): Text is cleared successfully by undo action

2021-02-10 10:55:56 - [MESSAGE][INFO] - Text is cleared successfully by undo action

2021-02-10 10:55:56 - [TEST_STEP][PASSED] - closeBrowser(): Browser is closed

2021-02-10 10:55:56 - [MESSAGE][PASSED] - Browser is closed]]></system-out>
         <system-err><![CDATA[]]></system-err>
      </testcase>
      <testcase name="Test Cases/tCC Test Cases/tN_Add or Delete a Row" time="52.45" classname="Test Cases/tCC Test Cases/tN_Add or Delete a Row" status="PASSED">
         <system-out><![CDATA[2021-02-10 10:55:56 - [TEST_CASE][PASSED] - Test Cases/tCC Test Cases/tN_Add or Delete a Row: Test Cases/tCC Test Cases/tN_Add or Delete a Row

2021-02-10 10:55:56 - [TEST_STEP][PASSED] - com.tccreate.keywords.WriteToFile.writeTofilename("tA-Add or delete row"): com.tccreate.keywords.WriteToFile.writeTofilename is PASSED

2021-02-10 10:55:56 - [MESSAGE][PASSED] - com.tccreate.keywords.WriteToFile.writeTofilename is PASSED

2021-02-10 10:55:56 - [TEST_STEP][PASSED] - com.helper.login.TimeDate.getTimeDate(): com.helper.login.TimeDate.getTimeDate is PASSED

2021-02-10 10:55:56 - [MESSAGE][INFO] - Time at which the test run:2021-02-10 10:55:56.644

2021-02-10 10:55:56 - [MESSAGE][PASSED] - com.helper.login.TimeDate.getTimeDate is PASSED

2021-02-10 10:55:56 - [TEST_STEP][PASSED] - com.helper.login.loginhelper.logintoapp(): com.helper.login.loginhelper.logintoapp is PASSED

2021-02-10 10:55:56 - [MESSAGE][INFO] - Starting 'Chrome' driver

2021-02-10 10:55:56 - [MESSAGE][INFO] - Action delay is set to 1,000 milliseconds

2021-02-10 10:55:57 - [MESSAGE][WARNING] - FFmpeg was not installed! Browser Recording will be disabled. Please follow this document to install FFmpeg first: https://docs.katalon.com/katalon-studio/docs/screenshots-videos.html#browser-based-recorder

2021-02-10 10:56:02 - [MESSAGE][PASSED] - Browser is opened with url: 'https://develop--tc-create-app.netlify.app/'

2021-02-10 10:56:02 - [MESSAGE][PASSED] - Wait for page load successfully

2021-02-10 10:56:02 - [MESSAGE][PASSED] - Current window maximized

2021-02-10 10:56:03 - [MESSAGE][PASSED] - Keys 'elsylambert' sent to object: 'Object Repository/Page_tC Create/input__username'

2021-02-10 10:56:05 - [MESSAGE][PASSED] - Keys 'fatak43' sent to object: 'Object Repository/Page_tC Create/input__password'

2021-02-10 10:56:06 - [MESSAGE][PASSED] - Object: 'Object Repository/Page_tC Create/button_Login' is clicked on

2021-02-10 10:56:07 - [MESSAGE][PASSED] - Delayed 1 second(s)

2021-02-10 10:56:08 - [MESSAGE][PASSED] - Text of object 'Object Repository/Page_tC Create/tcc-version number' is: 'translationCore Create - v1.1.0-rc.7 build 22-ebe4a7c'

2021-02-10 10:56:08 - [MESSAGE][INFO] - : The current version and build number is translationCore Create - v1.1.0-rc.7 build 22-ebe4a7c

2021-02-10 10:56:08 - [MESSAGE][PASSED] - com.helper.login.loginhelper.logintoapp is PASSED

2021-02-10 10:56:08 - [TEST_STEP][PASSED] - click(findTestObject("Page_tC Create/Add new resource objects/span_unfoldingWord")): Object: 'Object Repository/Page_tC Create/Add new resource objects/span_unfoldingWord' is clicked on

2021-02-10 10:56:09 - [MESSAGE][PASSED] - Object: 'Object Repository/Page_tC Create/Add new resource objects/span_unfoldingWord' is clicked on

2021-02-10 10:56:09 - [TEST_STEP][PASSED] - click(findTestObject("Page_tC Create/Add new resource objects/span_unfoldingWord Translation Notes")): Object: 'Object Repository/Page_tC Create/Add new resource objects/span_unfoldingWord Translation Notes' is clicked on

2021-02-10 10:56:12 - [MESSAGE][PASSED] - Object: 'Object Repository/Page_tC Create/Add new resource objects/span_unfoldingWord Translation Notes' is clicked on

2021-02-10 10:56:12 - [TEST_STEP][PASSED] - click(findTestObject("Page_tC Create/Add new resource objects/div_Select Language")): Object: 'Object Repository/Page_tC Create/Add new resource objects/div_Select Language' is clicked on

2021-02-10 10:56:13 - [MESSAGE][PASSED] - Object: 'Object Repository/Page_tC Create/Add new resource objects/div_Select Language' is clicked on

2021-02-10 10:56:13 - [TEST_STEP][PASSED] - setText(findTestObject("Object Repository/Page_tC Create/Add new resource objects/input_Step4Select Your Language_react-selec_aae5da"), "en"): Text 'en' is set on object 'Object Repository/Page_tC Create/Add new resource objects/input_Step4Select Your Language_react-selec_aae5da'

2021-02-10 10:56:16 - [MESSAGE][PASSED] - Text 'en' is set on object 'Object Repository/Page_tC Create/Add new resource objects/input_Step4Select Your Language_react-selec_aae5da'

2021-02-10 10:56:16 - [TEST_STEP][PASSED] - click(findTestObject("Page_tC Create/Add new resource objects/div_en - English - English (Europe Gateway)")): Object: 'Object Repository/Page_tC Create/Add new resource objects/div_en - English - English (Europe Gateway)' is clicked on

2021-02-10 10:56:18 - [MESSAGE][PASSED] - Object: 'Object Repository/Page_tC Create/Add new resource objects/div_en - English - English (Europe Gateway)' is clicked on

2021-02-10 10:56:18 - [TEST_STEP][PASSED] - click(findTestObject("Page_tC Create/Add new resource objects/span_en_tn_57-TIT.tsv")): Object: 'Object Repository/Page_tC Create/Add new resource objects/span_en_tn_57-TIT.tsv' is clicked on

2021-02-10 10:56:20 - [MESSAGE][PASSED] - Object: 'Object Repository/Page_tC Create/Add new resource objects/span_en_tn_57-TIT.tsv' is clicked on

2021-02-10 10:56:20 - [TEST_STEP][PASSED] - click(findTestObject("Object Repository/tN objects/button_view columns")): Object: 'Object Repository/tN objects/button_view columns' is clicked on

2021-02-10 10:56:24 - [MESSAGE][PASSED] - Object: 'Object Repository/tN objects/button_view columns' is clicked on

2021-02-10 10:56:24 - [TEST_STEP][PASSED] - click(findTestObject("Object Repository/tN objects/input_ID")): Object: 'Object Repository/tN objects/input_ID' is clicked on

2021-02-10 10:56:27 - [MESSAGE][PASSED] - Object: 'Object Repository/tN objects/input_ID' is clicked on

2021-02-10 10:56:27 - [TEST_STEP][PASSED] - click(findTestObject("tN objects/button__Close-Columns")): Object: 'Object Repository/tN objects/button__Close-Columns' is clicked on

2021-02-10 10:56:30 - [MESSAGE][PASSED] - Object: 'Object Repository/tN objects/button__Close-Columns' is clicked on

2021-02-10 10:56:30 - [TEST_STEP][PASSED] - scrollToElement(findTestObject("Object Repository/tN objects/div_Titus 11"), 2): Scroll to object 'Object Repository/tN objects/div_Titus 11' successfully

2021-02-10 10:56:32 - [MESSAGE][PASSED] - Scroll to object 'Object Repository/tN objects/div_Titus 11' successfully

2021-02-10 10:56:32 - [TEST_STEP][PASSED] - click(findTestObject("Object Repository/tN objects/button_Titus 11_add a new row")): Object: 'Object Repository/tN objects/button_Titus 11_add a new row' is clicked on

2021-02-10 10:56:35 - [MESSAGE][PASSED] - Object: 'Object Repository/tN objects/button_Titus 11_add a new row' is clicked on

2021-02-10 10:56:35 - [TEST_STEP][PASSED] - click(findTestObject("Object Repository/tN objects/button_Add")): Object: 'Object Repository/tN objects/button_Add' is clicked on

2021-02-10 10:56:39 - [MESSAGE][PASSED] - Object: 'Object Repository/tN objects/button_Add' is clicked on

2021-02-10 10:56:39 - [TEST_STEP][PASSED] - if (verifyElementVisible(findTestObject("Object Repository/tN objects/p_empty"))): null

2021-02-10 10:56:40 - [MESSAGE][PASSED] - Object 'Object Repository/tN objects/p_empty' is visible

2021-02-10 10:56:40 - [TEST_STEP][PASSED] - logInfo(" New row is added successfully"):  New row is added successfully

2021-02-10 10:56:40 - [MESSAGE][INFO] -  New row is added successfully

2021-02-10 10:56:40 - [TEST_STEP][PASSED] - click(findTestObject("Object Repository/tN objects/button_Titus 11_Delete new row")): Object: 'Object Repository/tN objects/button_Titus 11_Delete new row' is clicked on

2021-02-10 10:56:43 - [MESSAGE][PASSED] - Object: 'Object Repository/tN objects/button_Titus 11_Delete new row' is clicked on

2021-02-10 10:56:43 - [TEST_STEP][PASSED] - click(findTestObject("Object Repository/tN objects/span_Delete")): Object: 'Object Repository/tN objects/span_Delete' is clicked on

2021-02-10 10:56:47 - [MESSAGE][PASSED] - Object: 'Object Repository/tN objects/span_Delete' is clicked on

2021-02-10 10:56:47 - [TEST_STEP][PASSED] - if (verifyElementVisible(findTestObject("Object Repository/tN objects/p_empty"))): null

2021-02-10 10:56:48 - [MESSAGE][PASSED] - Object 'Object Repository/tN objects/p_empty' is visible

2021-02-10 10:56:48 - [TEST_STEP][PASSED] - logInfo(" New row is deleted successfully"):  New row is deleted successfully

2021-02-10 10:56:48 - [MESSAGE][INFO] -  New row is deleted successfully

2021-02-10 10:56:48 - [TEST_STEP][PASSED] - closeBrowser(): Browser is closed

2021-02-10 10:56:48 - [MESSAGE][PASSED] - Browser is closed]]></system-out>
         <system-err><![CDATA[]]></system-err>
      </testcase>
      <testcase name="Test Cases/tCC Test Cases/tN_Expand chapter" time="86.127" classname="Test Cases/tCC Test Cases/tN_Expand chapter" status="PASSED">
         <system-out><![CDATA[2021-02-10 10:56:48 - [TEST_CASE][PASSED] - Test Cases/tCC Test Cases/tN_Expand chapter: Test Cases/tCC Test Cases/tN_Expand chapter

2021-02-10 10:56:49 - [TEST_STEP][PASSED] - com.tccreate.keywords.WriteToFile.writeTofilename("tN-Expand chapter"): com.tccreate.keywords.WriteToFile.writeTofilename is PASSED

2021-02-10 10:56:49 - [MESSAGE][PASSED] - com.tccreate.keywords.WriteToFile.writeTofilename is PASSED

2021-02-10 10:56:49 - [TEST_STEP][PASSED] - com.helper.login.TimeDate.getTimeDate(): com.helper.login.TimeDate.getTimeDate is PASSED

2021-02-10 10:56:49 - [MESSAGE][INFO] - Time at which the test run:2021-02-10 10:56:49.141

2021-02-10 10:56:49 - [MESSAGE][PASSED] - com.helper.login.TimeDate.getTimeDate is PASSED

2021-02-10 10:56:49 - [TEST_STEP][PASSED] - com.helper.login.loginhelper.logintoapp(): com.helper.login.loginhelper.logintoapp is PASSED

2021-02-10 10:56:49 - [MESSAGE][INFO] - Starting 'Chrome' driver

2021-02-10 10:56:49 - [MESSAGE][INFO] - Action delay is set to 1,000 milliseconds

2021-02-10 10:56:50 - [MESSAGE][WARNING] - FFmpeg was not installed! Browser Recording will be disabled. Please follow this document to install FFmpeg first: https://docs.katalon.com/katalon-studio/docs/screenshots-videos.html#browser-based-recorder

2021-02-10 10:56:53 - [MESSAGE][PASSED] - Browser is opened with url: 'https://develop--tc-create-app.netlify.app/'

2021-02-10 10:56:53 - [MESSAGE][PASSED] - Wait for page load successfully

2021-02-10 10:56:53 - [MESSAGE][PASSED] - Current window maximized

2021-02-10 10:56:55 - [MESSAGE][PASSED] - Keys 'elsylambert' sent to object: 'Object Repository/Page_tC Create/input__username'

2021-02-10 10:56:56 - [MESSAGE][PASSED] - Keys 'fatak43' sent to object: 'Object Repository/Page_tC Create/input__password'

2021-02-10 10:56:58 - [MESSAGE][PASSED] - Object: 'Object Repository/Page_tC Create/button_Login' is clicked on

2021-02-10 10:56:59 - [MESSAGE][PASSED] - Delayed 1 second(s)

2021-02-10 10:57:01 - [MESSAGE][PASSED] - Text of object 'Object Repository/Page_tC Create/tcc-version number' is: 'translationCore Create - v1.1.0-rc.7 build 22-ebe4a7c'

2021-02-10 10:57:01 - [MESSAGE][INFO] - : The current version and build number is translationCore Create - v1.1.0-rc.7 build 22-ebe4a7c

2021-02-10 10:57:01 - [MESSAGE][PASSED] - com.helper.login.loginhelper.logintoapp is PASSED

2021-02-10 10:57:01 - [TEST_STEP][PASSED] - click(findTestObject("Page_tC Create/Add new resource objects/span_unfoldingWord")): Object: 'Object Repository/Page_tC Create/Add new resource objects/span_unfoldingWord' is clicked on

2021-02-10 10:57:04 - [MESSAGE][PASSED] - Object: 'Object Repository/Page_tC Create/Add new resource objects/span_unfoldingWord' is clicked on

2021-02-10 10:57:04 - [TEST_STEP][PASSED] - click(findTestObject("Page_tC Create/Add new resource objects/span_unfoldingWord Translation Notes")): Object: 'Object Repository/Page_tC Create/Add new resource objects/span_unfoldingWord Translation Notes' is clicked on

2021-02-10 10:57:08 - [MESSAGE][PASSED] - Object: 'Object Repository/Page_tC Create/Add new resource objects/span_unfoldingWord Translation Notes' is clicked on

2021-02-10 10:57:08 - [TEST_STEP][PASSED] - click(findTestObject("Page_tC Create/Add new resource objects/div_Select Language")): Object: 'Object Repository/Page_tC Create/Add new resource objects/div_Select Language' is clicked on

2021-02-10 10:57:11 - [MESSAGE][PASSED] - Object: 'Object Repository/Page_tC Create/Add new resource objects/div_Select Language' is clicked on

2021-02-10 10:57:11 - [TEST_STEP][PASSED] - setText(findTestObject("Object Repository/Page_tC Create/Add new resource objects/input_Step4Select Your Language_react-selec_aae5da"), "en"): Text 'en' is set on object 'Object Repository/Page_tC Create/Add new resource objects/input_Step4Select Your Language_react-selec_aae5da'

2021-02-10 10:57:17 - [MESSAGE][PASSED] - Text 'en' is set on object 'Object Repository/Page_tC Create/Add new resource objects/input_Step4Select Your Language_react-selec_aae5da'

2021-02-10 10:57:17 - [TEST_STEP][PASSED] - click(findTestObject("Page_tC Create/Add new resource objects/div_en - English - English (Europe Gateway)")): Object: 'Object Repository/Page_tC Create/Add new resource objects/div_en - English - English (Europe Gateway)' is clicked on

2021-02-10 10:57:20 - [MESSAGE][PASSED] - Object: 'Object Repository/Page_tC Create/Add new resource objects/div_en - English - English (Europe Gateway)' is clicked on

2021-02-10 10:57:20 - [TEST_STEP][PASSED] - click(findTestObject("Page_tC Create/Add new resource objects/span_en_tn_57-TIT.tsv")): Object: 'Object Repository/Page_tC Create/Add new resource objects/span_en_tn_57-TIT.tsv' is clicked on

2021-02-10 10:57:23 - [MESSAGE][PASSED] - Object: 'Object Repository/Page_tC Create/Add new resource objects/span_en_tn_57-TIT.tsv' is clicked on

2021-02-10 10:57:23 - [TEST_STEP][PASSED] - buttonstate = com.tccreate.keywords.ExpandAllScriptureToggle.toggleAllScripture("test"): com.tccreate.keywords.ExpandAllScriptureToggle.toggleAllScripture is PASSED

2021-02-10 10:57:27 - [MESSAGE][INFO] - Unable to find the element located by 'By.xpath: //*[@type = 'button' and @data-test = 'drawer-menu-close-button']'. Please recheck the objects properties to make sure the desired element is located. 

2021-02-10 10:57:27 - [MESSAGE][WARNING] - Object 'Object Repository/Page_tC Create/button_DrawerClose' is not present after 2 second(s)

2021-02-10 10:57:28 - [MESSAGE][PASSED] - Object: 'Object Repository/Page_tC Create/Hamburger Menu Button' is clicked on

2021-02-10 10:57:29 - [MESSAGE][PASSED] - Delayed 1 second(s)

2021-02-10 10:57:29 - [MESSAGE][PASSED] - Object 'Object Repository/Page_tC Create/input_Expand all Scripture_default' is checked

2021-02-10 10:57:31 - [MESSAGE][PASSED] - Object: 'Object Repository/Page_tC Create/button_DrawerClose' is clicked on

2021-02-10 10:57:31 - [MESSAGE][PASSED] - Object 'Object Repository/Page_tC Create/Hamburger Menu Button' is visible

2021-02-10 10:57:31 - [MESSAGE][PASSED] - com.tccreate.keywords.ExpandAllScriptureToggle.toggleAllScripture is PASSED

2021-02-10 10:57:31 - [TEST_STEP][PASSED] - out.println(" the state of the button is" + buttonstate): null

2021-02-10 10:57:31 - [TEST_STEP][PASSED] - delay(1): Delayed 1 second(s)

2021-02-10 10:57:32 - [MESSAGE][PASSED] - Delayed 1 second(s)

2021-02-10 10:57:32 - [TEST_STEP][PASSED] - if (buttonstate == "off"): null

2021-02-10 10:57:32 - [TEST_STEP][PASSED] - else: Parallel scripture viewer is ON

2021-02-10 10:57:32 - [TEST_STEP][PASSED] - logInfo("Parallel scripture viewer is ON"): Parallel scripture viewer is ON

2021-02-10 10:57:32 - [MESSAGE][INFO] - Parallel scripture viewer is ON

2021-02-10 10:57:32 - [TEST_STEP][PASSED] - scrollToElement(findTestObject("Page_tC Create/Add new resource objects/h6_TIT 1intro"), 2, CONTINUE_ON_FAILURE): Scroll to object 'Object Repository/Page_tC Create/Add new resource objects/h6_TIT 1intro' successfully

2021-02-10 10:57:33 - [MESSAGE][PASSED] - Scroll to object 'Object Repository/Page_tC Create/Add new resource objects/h6_TIT 1intro' successfully

2021-02-10 10:57:33 - [TEST_STEP][PASSED] - click(findTestObject("Object Repository/tN objects/button_Titus 11_Expand chapter button")): Object: 'Object Repository/tN objects/button_Titus 11_Expand chapter button' is clicked on

2021-02-10 10:57:34 - [MESSAGE][PASSED] - Object: 'Object Repository/tN objects/button_Titus 11_Expand chapter button' is clicked on

2021-02-10 10:57:34 - [TEST_STEP][PASSED] - mouseOver(findTestObject("Object Repository/tN objects/td_12")): Object: 'Object Repository/tN objects/td_12' is hovered

2021-02-10 10:57:35 - [MESSAGE][PASSED] - Object: 'Object Repository/tN objects/td_12' is hovered

2021-02-10 10:57:35 - [TEST_STEP][PASSED] - click(findTestObject("Object Repository/tN objects/td_12")): Object: 'Object Repository/tN objects/td_12' is clicked on

2021-02-10 10:57:36 - [MESSAGE][PASSED] - Object: 'Object Repository/tN objects/td_12' is clicked on

2021-02-10 10:57:36 - [TEST_STEP][PASSED] - for (int i : (1..18)): Keys 'PAGE_DOWN + ' sent to object: 'tempBody'

2021-02-10 10:57:36 - [TEST_STEP][PASSED] - sendKeys(findTestObject(null), Keys.chord(PAGE_DOWN)): Keys 'PAGE_DOWN + ' sent to object: 'tempBody'

2021-02-10 10:57:36 - [MESSAGE][WARNING] - Test object id is null

2021-02-10 10:57:36 - [MESSAGE][WARNING] - Test object with id 'Object Repository/' does not exist

2021-02-10 10:57:37 - [MESSAGE][PASSED] - Keys 'PAGE_DOWN + ' sent to object: 'tempBody'

2021-02-10 10:57:37 - [TEST_STEP][PASSED] - sendKeys(findTestObject(null), Keys.chord(PAGE_DOWN)): Keys 'PAGE_DOWN + ' sent to object: 'tempBody'

2021-02-10 10:57:37 - [MESSAGE][WARNING] - Test object id is null

2021-02-10 10:57:37 - [MESSAGE][WARNING] - Test object with id 'Object Repository/' does not exist

2021-02-10 10:57:39 - [MESSAGE][PASSED] - Keys 'PAGE_DOWN + ' sent to object: 'tempBody'

2021-02-10 10:57:39 - [TEST_STEP][PASSED] - sendKeys(findTestObject(null), Keys.chord(PAGE_DOWN)): Keys 'PAGE_DOWN + ' sent to object: 'tempBody'

2021-02-10 10:57:39 - [MESSAGE][WARNING] - Test object id is null

2021-02-10 10:57:39 - [MESSAGE][WARNING] - Test object with id 'Object Repository/' does not exist

2021-02-10 10:57:41 - [MESSAGE][PASSED] - Keys 'PAGE_DOWN + ' sent to object: 'tempBody'

2021-02-10 10:57:41 - [TEST_STEP][PASSED] - sendKeys(findTestObject(null), Keys.chord(PAGE_DOWN)): Keys 'PAGE_DOWN + ' sent to object: 'tempBody'

2021-02-10 10:57:41 - [MESSAGE][WARNING] - Test object id is null

2021-02-10 10:57:41 - [MESSAGE][WARNING] - Test object with id 'Object Repository/' does not exist

2021-02-10 10:57:42 - [MESSAGE][PASSED] - Keys 'PAGE_DOWN + ' sent to object: 'tempBody'

2021-02-10 10:57:42 - [TEST_STEP][PASSED] - sendKeys(findTestObject(null), Keys.chord(PAGE_DOWN)): Keys 'PAGE_DOWN + ' sent to object: 'tempBody'

2021-02-10 10:57:42 - [MESSAGE][WARNING] - Test object id is null

2021-02-10 10:57:42 - [MESSAGE][WARNING] - Test object with id 'Object Repository/' does not exist

2021-02-10 10:57:44 - [MESSAGE][PASSED] - Keys 'PAGE_DOWN + ' sent to object: 'tempBody'

2021-02-10 10:57:44 - [TEST_STEP][PASSED] - sendKeys(findTestObject(null), Keys.chord(PAGE_DOWN)): Keys 'PAGE_DOWN + ' sent to object: 'tempBody'

2021-02-10 10:57:44 - [MESSAGE][WARNING] - Test object id is null

2021-02-10 10:57:44 - [MESSAGE][WARNING] - Test object with id 'Object Repository/' does not exist

2021-02-10 10:57:46 - [MESSAGE][PASSED] - Keys 'PAGE_DOWN + ' sent to object: 'tempBody'

2021-02-10 10:57:46 - [TEST_STEP][PASSED] - sendKeys(findTestObject(null), Keys.chord(PAGE_DOWN)): Keys 'PAGE_DOWN + ' sent to object: 'tempBody'

2021-02-10 10:57:46 - [MESSAGE][WARNING] - Test object id is null

2021-02-10 10:57:46 - [MESSAGE][WARNING] - Test object with id 'Object Repository/' does not exist

2021-02-10 10:57:47 - [MESSAGE][PASSED] - Keys 'PAGE_DOWN + ' sent to object: 'tempBody'

2021-02-10 10:57:47 - [TEST_STEP][PASSED] - sendKeys(findTestObject(null), Keys.chord(PAGE_DOWN)): Keys 'PAGE_DOWN + ' sent to object: 'tempBody'

2021-02-10 10:57:47 - [MESSAGE][WARNING] - Test object id is null

2021-02-10 10:57:47 - [MESSAGE][WARNING] - Test object with id 'Object Repository/' does not exist

2021-02-10 10:57:49 - [MESSAGE][PASSED] - Keys 'PAGE_DOWN + ' sent to object: 'tempBody'

2021-02-10 10:57:49 - [TEST_STEP][PASSED] - sendKeys(findTestObject(null), Keys.chord(PAGE_DOWN)): Keys 'PAGE_DOWN + ' sent to object: 'tempBody'

2021-02-10 10:57:49 - [MESSAGE][WARNING] - Test object id is null

2021-02-10 10:57:49 - [MESSAGE][WARNING] - Test object with id 'Object Repository/' does not exist

2021-02-10 10:57:51 - [MESSAGE][PASSED] - Keys 'PAGE_DOWN + ' sent to object: 'tempBody'

2021-02-10 10:57:51 - [TEST_STEP][PASSED] - sendKeys(findTestObject(null), Keys.chord(PAGE_DOWN)): Keys 'PAGE_DOWN + ' sent to object: 'tempBody'

2021-02-10 10:57:51 - [MESSAGE][WARNING] - Test object id is null

2021-02-10 10:57:51 - [MESSAGE][WARNING] - Test object with id 'Object Repository/' does not exist

2021-02-10 10:57:53 - [MESSAGE][PASSED] - Keys 'PAGE_DOWN + ' sent to object: 'tempBody'

2021-02-10 10:57:53 - [TEST_STEP][PASSED] - sendKeys(findTestObject(null), Keys.chord(PAGE_DOWN)): Keys 'PAGE_DOWN + ' sent to object: 'tempBody'

2021-02-10 10:57:53 - [MESSAGE][WARNING] - Test object id is null

2021-02-10 10:57:53 - [MESSAGE][WARNING] - Test object with id 'Object Repository/' does not exist

2021-02-10 10:57:54 - [MESSAGE][PASSED] - Keys 'PAGE_DOWN + ' sent to object: 'tempBody'

2021-02-10 10:57:54 - [TEST_STEP][PASSED] - sendKeys(findTestObject(null), Keys.chord(PAGE_DOWN)): Keys 'PAGE_DOWN + ' sent to object: 'tempBody'

2021-02-10 10:57:54 - [MESSAGE][WARNING] - Test object id is null

2021-02-10 10:57:54 - [MESSAGE][WARNING] - Test object with id 'Object Repository/' does not exist

2021-02-10 10:57:56 - [MESSAGE][PASSED] - Keys 'PAGE_DOWN + ' sent to object: 'tempBody'

2021-02-10 10:57:56 - [TEST_STEP][PASSED] - sendKeys(findTestObject(null), Keys.chord(PAGE_DOWN)): Keys 'PAGE_DOWN + ' sent to object: 'tempBody'

2021-02-10 10:57:56 - [MESSAGE][WARNING] - Test object id is null

2021-02-10 10:57:56 - [MESSAGE][WARNING] - Test object with id 'Object Repository/' does not exist

2021-02-10 10:57:58 - [MESSAGE][PASSED] - Keys 'PAGE_DOWN + ' sent to object: 'tempBody'

2021-02-10 10:57:58 - [TEST_STEP][PASSED] - sendKeys(findTestObject(null), Keys.chord(PAGE_DOWN)): Keys 'PAGE_DOWN + ' sent to object: 'tempBody'

2021-02-10 10:57:58 - [MESSAGE][WARNING] - Test object id is null

2021-02-10 10:57:58 - [MESSAGE][WARNING] - Test object with id 'Object Repository/' does not exist

2021-02-10 10:57:59 - [MESSAGE][PASSED] - Keys 'PAGE_DOWN + ' sent to object: 'tempBody'

2021-02-10 10:57:59 - [TEST_STEP][PASSED] - sendKeys(findTestObject(null), Keys.chord(PAGE_DOWN)): Keys 'PAGE_DOWN + ' sent to object: 'tempBody'

2021-02-10 10:57:59 - [MESSAGE][WARNING] - Test object id is null

2021-02-10 10:57:59 - [MESSAGE][WARNING] - Test object with id 'Object Repository/' does not exist

2021-02-10 10:58:01 - [MESSAGE][PASSED] - Keys 'PAGE_DOWN + ' sent to object: 'tempBody'

2021-02-10 10:58:01 - [TEST_STEP][PASSED] - sendKeys(findTestObject(null), Keys.chord(PAGE_DOWN)): Keys 'PAGE_DOWN + ' sent to object: 'tempBody'

2021-02-10 10:58:01 - [MESSAGE][WARNING] - Test object id is null

2021-02-10 10:58:01 - [MESSAGE][WARNING] - Test object with id 'Object Repository/' does not exist

2021-02-10 10:58:03 - [MESSAGE][PASSED] - Keys 'PAGE_DOWN + ' sent to object: 'tempBody'

2021-02-10 10:58:03 - [TEST_STEP][PASSED] - sendKeys(findTestObject(null), Keys.chord(PAGE_DOWN)): Keys 'PAGE_DOWN + ' sent to object: 'tempBody'

2021-02-10 10:58:03 - [MESSAGE][WARNING] - Test object id is null

2021-02-10 10:58:03 - [MESSAGE][WARNING] - Test object with id 'Object Repository/' does not exist

2021-02-10 10:58:04 - [MESSAGE][PASSED] - Keys 'PAGE_DOWN + ' sent to object: 'tempBody'

2021-02-10 10:58:04 - [TEST_STEP][PASSED] - sendKeys(findTestObject(null), Keys.chord(PAGE_DOWN)): Keys 'PAGE_DOWN + ' sent to object: 'tempBody'

2021-02-10 10:58:04 - [MESSAGE][WARNING] - Test object id is null

2021-02-10 10:58:04 - [MESSAGE][WARNING] - Test object with id 'Object Repository/' does not exist

2021-02-10 10:58:06 - [MESSAGE][PASSED] - Keys 'PAGE_DOWN + ' sent to object: 'tempBody'

2021-02-10 10:58:06 - [TEST_STEP][PASSED] - if (verifyElementVisible(findTestObject("Object Repository/tN objects/sup_315"))): null

2021-02-10 10:58:06 - [MESSAGE][PASSED] - Object 'Object Repository/tN objects/sup_315' is visible

2021-02-10 10:58:06 - [TEST_STEP][PASSED] - logInfo("Chapter is expanded successfully"): Chapter is expanded successfully

2021-02-10 10:58:06 - [MESSAGE][INFO] - Chapter is expanded successfully

2021-02-10 10:58:06 - [TEST_STEP][PASSED] - delay(3): Delayed 3 second(s)

2021-02-10 10:58:09 - [MESSAGE][PASSED] - Delayed 3 second(s)

2021-02-10 10:58:09 - [TEST_STEP][PASSED] - sendKeys(findTestObject(null), Keys.chord(PAGE_UP)): Keys 'PAGE_UP + ' sent to object: 'tempBody'

2021-02-10 10:58:09 - [MESSAGE][WARNING] - Test object id is null

2021-02-10 10:58:09 - [MESSAGE][WARNING] - Test object with id 'Object Repository/' does not exist

2021-02-10 10:58:11 - [MESSAGE][PASSED] - Keys 'PAGE_UP + ' sent to object: 'tempBody'

2021-02-10 10:58:11 - [TEST_STEP][PASSED] - click(findTestObject("Object Repository/tN objects/button_Titus 11_collapse-chapter")): Object: 'Object Repository/tN objects/button_Titus 11_collapse-chapter' is clicked on

2021-02-10 10:58:12 - [MESSAGE][PASSED] - Object: 'Object Repository/tN objects/button_Titus 11_collapse-chapter' is clicked on

2021-02-10 10:58:12 - [TEST_STEP][PASSED] - delay(2): Delayed 2 second(s)

2021-02-10 10:58:14 - [MESSAGE][PASSED] - Delayed 2 second(s)

2021-02-10 10:58:14 - [TEST_STEP][PASSED] - if (verifyElementNotPresent(findTestObject("Object Repository/tN objects/sup_315"), 2, CONTINUE_ON_FAILURE)): null

2021-02-10 10:58:14 - [MESSAGE][PASSED] - Web element with id: 'Object Repository/tN objects/sup_315' located by 'By.xpath: //tr[@id='3:15']/td[3]/div/sup' is not present after '2' second(s)

2021-02-10 10:58:14 - [TEST_STEP][PASSED] - logInfo("Chapter is collapsed successfully"): Chapter is collapsed successfully

2021-02-10 10:58:14 - [MESSAGE][INFO] - Chapter is collapsed successfully

2021-02-10 10:58:14 - [TEST_STEP][PASSED] - closeBrowser(): Browser is closed

2021-02-10 10:58:15 - [MESSAGE][PASSED] - Browser is closed]]></system-out>
         <system-err><![CDATA[]]></system-err>
      </testcase>
      <testcase name="Test Cases/tCC Test Cases/tN_Highlighting by Occurrence Number" time="57.489" classname="Test Cases/tCC Test Cases/tN_Highlighting by Occurrence Number" status="PASSED">
         <system-out><![CDATA[2021-02-10 10:58:15 - [TEST_CASE][PASSED] - Test Cases/tCC Test Cases/tN_Highlighting by Occurrence Number: Test Cases/tCC Test Cases/tN_Highlighting by Occurrence Number

2021-02-10 10:58:15 - [TEST_STEP][PASSED] - com.tccreate.keywords.WriteToFile.writeTofilename("tN-Highlighting by occurrence number"): com.tccreate.keywords.WriteToFile.writeTofilename is PASSED

2021-02-10 10:58:15 - [MESSAGE][PASSED] - com.tccreate.keywords.WriteToFile.writeTofilename is PASSED

2021-02-10 10:58:15 - [TEST_STEP][PASSED] - com.helper.login.TimeDate.getTimeDate(): com.helper.login.TimeDate.getTimeDate is PASSED

2021-02-10 10:58:15 - [MESSAGE][INFO] - Time at which the test run:2021-02-10 10:58:15.285

2021-02-10 10:58:15 - [MESSAGE][PASSED] - com.helper.login.TimeDate.getTimeDate is PASSED

2021-02-10 10:58:15 - [TEST_STEP][PASSED] - com.helper.login.loginhelper.logintoapp(): com.helper.login.loginhelper.logintoapp is PASSED

2021-02-10 10:58:15 - [MESSAGE][INFO] - Starting 'Chrome' driver

2021-02-10 10:58:15 - [MESSAGE][INFO] - Action delay is set to 1,000 milliseconds

2021-02-10 10:58:16 - [MESSAGE][WARNING] - FFmpeg was not installed! Browser Recording will be disabled. Please follow this document to install FFmpeg first: https://docs.katalon.com/katalon-studio/docs/screenshots-videos.html#browser-based-recorder

2021-02-10 10:58:20 - [MESSAGE][PASSED] - Browser is opened with url: 'https://develop--tc-create-app.netlify.app/'

2021-02-10 10:58:20 - [MESSAGE][PASSED] - Wait for page load successfully

2021-02-10 10:58:21 - [MESSAGE][PASSED] - Current window maximized

2021-02-10 10:58:22 - [MESSAGE][PASSED] - Keys 'elsylambert' sent to object: 'Object Repository/Page_tC Create/input__username'

2021-02-10 10:58:23 - [MESSAGE][PASSED] - Keys 'fatak43' sent to object: 'Object Repository/Page_tC Create/input__password'

2021-02-10 10:58:25 - [MESSAGE][PASSED] - Object: 'Object Repository/Page_tC Create/button_Login' is clicked on

2021-02-10 10:58:26 - [MESSAGE][PASSED] - Delayed 1 second(s)

2021-02-10 10:58:26 - [MESSAGE][PASSED] - Text of object 'Object Repository/Page_tC Create/tcc-version number' is: 'translationCore Create - v1.1.0-rc.7 build 22-ebe4a7c'

2021-02-10 10:58:26 - [MESSAGE][INFO] - : The current version and build number is translationCore Create - v1.1.0-rc.7 build 22-ebe4a7c

2021-02-10 10:58:26 - [MESSAGE][PASSED] - com.helper.login.loginhelper.logintoapp is PASSED

2021-02-10 10:58:26 - [TEST_STEP][PASSED] - click(findTestObject("Page_tC Create/Organization unfoldingWord")): Object: 'Object Repository/Page_tC Create/Organization unfoldingWord' is clicked on

2021-02-10 10:58:28 - [MESSAGE][PASSED] - Object: 'Object Repository/Page_tC Create/Organization unfoldingWord' is clicked on

2021-02-10 10:58:28 - [TEST_STEP][PASSED] - click(findTestObject("Object Repository/Page_tC Create/span_unfoldingWord Translation Notes")): Object: 'Object Repository/Page_tC Create/span_unfoldingWord Translation Notes' is clicked on

2021-02-10 10:58:30 - [MESSAGE][PASSED] - Object: 'Object Repository/Page_tC Create/span_unfoldingWord Translation Notes' is clicked on

2021-02-10 10:58:30 - [TEST_STEP][PASSED] - click(findTestObject("Object Repository/Page_tC Create/div_Step 4 Select Your Language option am -_f1dc08")): Object: 'Object Repository/Page_tC Create/div_Step 4 Select Your Language option am -_f1dc08' is clicked on

2021-02-10 10:58:32 - [MESSAGE][PASSED] - Object: 'Object Repository/Page_tC Create/div_Step 4 Select Your Language option am -_f1dc08' is clicked on

2021-02-10 10:58:32 - [TEST_STEP][PASSED] - setText(findTestObject("Page_tC Create/input_Step4Select Your Language_react-selec_aae5da"), "en"): Text 'en' is set on object 'Object Repository/Page_tC Create/input_Step4Select Your Language_react-selec_aae5da'

2021-02-10 10:58:34 - [MESSAGE][PASSED] - Text 'en' is set on object 'Object Repository/Page_tC Create/input_Step4Select Your Language_react-selec_aae5da'

2021-02-10 10:58:34 - [TEST_STEP][PASSED] - click(findTestObject("Page_tC Create/div_en - English - English (Europe Gateway)")): Object: 'Object Repository/Page_tC Create/div_en - English - English (Europe Gateway)' is clicked on

2021-02-10 10:58:36 - [MESSAGE][PASSED] - Object: 'Object Repository/Page_tC Create/div_en - English - English (Europe Gateway)' is clicked on

2021-02-10 10:58:36 - [TEST_STEP][PASSED] - click(findTestObject("Object Repository/Page_tC Create/span_en_tn_57-TIT.tsv")): Object: 'Object Repository/Page_tC Create/span_en_tn_57-TIT.tsv' is clicked on

2021-02-10 10:58:38 - [MESSAGE][PASSED] - Object: 'Object Repository/Page_tC Create/span_en_tn_57-TIT.tsv' is clicked on

2021-02-10 10:58:38 - [TEST_STEP][PASSED] - click(findTestObject("Object Repository/tN objects/button_view columns")): Object: 'Object Repository/tN objects/button_view columns' is clicked on

2021-02-10 10:58:41 - [MESSAGE][PASSED] - Object: 'Object Repository/tN objects/button_view columns' is clicked on

2021-02-10 10:58:41 - [TEST_STEP][PASSED] - click(findTestObject("tN objects/input_OrigQuote_checkbox")): Object: 'Object Repository/tN objects/input_OrigQuote_checkbox' is clicked on

2021-02-10 10:58:43 - [MESSAGE][PASSED] - Object: 'Object Repository/tN objects/input_OrigQuote_checkbox' is clicked on

2021-02-10 10:58:43 - [TEST_STEP][PASSED] - click(findTestObject("Object Repository/tN objects/input_SupportReference")): Object: 'Object Repository/tN objects/input_SupportReference' is clicked on

2021-02-10 10:58:44 - [MESSAGE][PASSED] - Object: 'Object Repository/tN objects/input_SupportReference' is clicked on

2021-02-10 10:58:44 - [TEST_STEP][PASSED] - click(findTestObject("tN objects/button__Close-Columns")): Object: 'Object Repository/tN objects/button__Close-Columns' is clicked on

2021-02-10 10:58:46 - [MESSAGE][PASSED] - Object: 'Object Repository/tN objects/button__Close-Columns' is clicked on

2021-02-10 10:58:46 - [TEST_STEP][PASSED] - buttonstate = com.tccreate.keywords.ExpandAllScriptureToggle.toggleAllScripture("test"): com.tccreate.keywords.ExpandAllScriptureToggle.toggleAllScripture is PASSED

2021-02-10 10:58:49 - [MESSAGE][INFO] - Unable to find the element located by 'By.xpath: //*[@type = 'button' and @data-test = 'drawer-menu-close-button']'. Please recheck the objects properties to make sure the desired element is located. 

2021-02-10 10:58:49 - [MESSAGE][WARNING] - Object 'Object Repository/Page_tC Create/button_DrawerClose' is not present after 2 second(s)

2021-02-10 10:58:51 - [MESSAGE][PASSED] - Object: 'Object Repository/Page_tC Create/Hamburger Menu Button' is clicked on

2021-02-10 10:58:52 - [MESSAGE][PASSED] - Delayed 1 second(s)

2021-02-10 10:58:52 - [MESSAGE][PASSED] - Object 'Object Repository/Page_tC Create/input_Expand all Scripture_default' is checked

2021-02-10 10:58:53 - [MESSAGE][PASSED] - Object: 'Object Repository/Page_tC Create/button_DrawerClose' is clicked on

2021-02-10 10:58:54 - [MESSAGE][PASSED] - Object 'Object Repository/Page_tC Create/Hamburger Menu Button' is visible

2021-02-10 10:58:54 - [MESSAGE][PASSED] - com.tccreate.keywords.ExpandAllScriptureToggle.toggleAllScripture is PASSED

2021-02-10 10:58:54 - [TEST_STEP][PASSED] - out.println(" the state of the button is" + buttonstate): null

2021-02-10 10:58:54 - [TEST_STEP][PASSED] - delay(1): Delayed 1 second(s)

2021-02-10 10:58:55 - [MESSAGE][PASSED] - Delayed 1 second(s)

2021-02-10 10:58:55 - [TEST_STEP][PASSED] - if (buttonstate == "off"): null

2021-02-10 10:58:55 - [TEST_STEP][PASSED] - else: Parallel scripture viewer is ON

2021-02-10 10:58:55 - [TEST_STEP][PASSED] - logInfo("Parallel scripture viewer is ON"): Parallel scripture viewer is ON

2021-02-10 10:58:55 - [MESSAGE][INFO] - Parallel scripture viewer is ON

2021-02-10 10:58:55 - [TEST_STEP][PASSED] - scrollToElement(findTestObject("Object Repository/tN objects/div_Titus 11"), 2): Scroll to object 'Object Repository/tN objects/div_Titus 11' successfully

2021-02-10 10:58:55 - [MESSAGE][PASSED] - Scroll to object 'Object Repository/tN objects/div_Titus 11' successfully

2021-02-10 10:58:55 - [TEST_STEP][PASSED] - click(findTestObject("Object Repository/tN objects/button_Titus 11_add a new row")): Object: 'Object Repository/tN objects/button_Titus 11_add a new row' is clicked on

2021-02-10 10:58:56 - [MESSAGE][PASSED] - Object: 'Object Repository/tN objects/button_Titus 11_add a new row' is clicked on

2021-02-10 10:58:56 - [TEST_STEP][PASSED] - click(findTestObject("Object Repository/tN objects/button_Add")): Object: 'Object Repository/tN objects/button_Add' is clicked on

2021-02-10 10:58:58 - [MESSAGE][PASSED] - Object: 'Object Repository/tN objects/button_Add' is clicked on

2021-02-10 10:58:58 - [TEST_STEP][PASSED] - word1 = getText(findTestObject("tN objects/word1")): Text of object 'Object Repository/tN objects/word1' is: ''

2021-02-10 10:58:59 - [MESSAGE][PASSED] - Text of object 'Object Repository/tN objects/word1' is: ''

2021-02-10 10:58:59 - [TEST_STEP][PASSED] - logInfo("the word is" + word1): the word is

2021-02-10 10:58:59 - [MESSAGE][INFO] - the word is

2021-02-10 10:58:59 - [TEST_STEP][PASSED] - color_word1 = getCSSValue(findTestObject("tN objects/word1"), "color"): Get CSS 'color' value on 'Object Repository/tN objects/word1' successfully: 'rgba(0, 0, 0, 0.87)'.

2021-02-10 10:58:59 - [MESSAGE][PASSED] - Get CSS 'color' value on 'Object Repository/tN objects/word1' successfully: 'rgba(0, 0, 0, 0.87)'.

2021-02-10 10:58:59 - [TEST_STEP][PASSED] - backcolor_word1 = getCSSValue(findTestObject("tN objects/word1"), "background-color"): Get CSS 'background-color' value on 'Object Repository/tN objects/word1' successfully: 'rgba(0, 0, 0, 0)'.

2021-02-10 10:58:59 - [MESSAGE][PASSED] - Get CSS 'background-color' value on 'Object Repository/tN objects/word1' successfully: 'rgba(0, 0, 0, 0)'.

2021-02-10 10:58:59 - [TEST_STEP][PASSED] - logInfo(color_word1): rgba(0, 0, 0, 0.87)

2021-02-10 10:58:59 - [MESSAGE][INFO] - rgba(0, 0, 0, 0.87)

2021-02-10 10:58:59 - [TEST_STEP][PASSED] - logInfo(backcolor_word1): rgba(0, 0, 0, 0)

2021-02-10 10:58:59 - [MESSAGE][INFO] - rgba(0, 0, 0, 0)

2021-02-10 10:58:59 - [TEST_STEP][PASSED] - click(findTestObject("Object Repository/tN objects/p_OL_box")): Object: 'Object Repository/tN objects/p_OL_box' is clicked on

2021-02-10 10:59:01 - [MESSAGE][PASSED] - Object: 'Object Repository/tN objects/p_OL_box' is clicked on

2021-02-10 10:59:01 - [TEST_STEP][PASSED] - setText(findTestObject("Object Repository/tN objects/p_OL_box"), ""): Text '' is set on object 'Object Repository/tN objects/p_OL_box'

2021-02-10 10:59:03 - [MESSAGE][PASSED] - Text '' is set on object 'Object Repository/tN objects/p_OL_box'

2021-02-10 10:59:03 - [TEST_STEP][PASSED] - driver = getWebDriver(): null

2021-02-10 10:59:03 - [TEST_STEP][PASSED] - action = new org.openqa.selenium.interactions.Actions(driver): null

2021-02-10 10:59:03 - [TEST_STEP][PASSED] - build().perform(): null

2021-02-10 10:59:03 - [TEST_STEP][PASSED] - if (!(color_word1.equals(backcolor_word1))): First Occurrence is highlighted!

2021-02-10 10:59:03 - [TEST_STEP][PASSED] - logInfo("First Occurrence is highlighted!"): First Occurrence is highlighted!

2021-02-10 10:59:03 - [MESSAGE][INFO] - First Occurrence is highlighted!

2021-02-10 10:59:03 - [TEST_STEP][PASSED] - color_word2 = getCSSValue(findTestObject("tN objects/word2"), "color"): Get CSS 'color' value on 'Object Repository/tN objects/word2' successfully: 'rgba(0, 0, 0, 0.87)'.

2021-02-10 10:59:04 - [MESSAGE][PASSED] - Get CSS 'color' value on 'Object Repository/tN objects/word2' successfully: 'rgba(0, 0, 0, 0.87)'.

2021-02-10 10:59:04 - [TEST_STEP][PASSED] - backcolor_word2 = getCSSValue(findTestObject("tN objects/word2"), "background-color"): Get CSS 'background-color' value on 'Object Repository/tN objects/word2' successfully: 'rgba(0, 0, 0, 0)'.

2021-02-10 10:59:04 - [MESSAGE][PASSED] - Get CSS 'background-color' value on 'Object Repository/tN objects/word2' successfully: 'rgba(0, 0, 0, 0)'.

2021-02-10 10:59:04 - [TEST_STEP][PASSED] - click(findTestObject("Object Repository/tN objects/p_occurrence box")): Object: 'Object Repository/tN objects/p_occurrence box' is clicked on

2021-02-10 10:59:06 - [MESSAGE][PASSED] - Object: 'Object Repository/tN objects/p_occurrence box' is clicked on

2021-02-10 10:59:06 - [TEST_STEP][PASSED] - clearText(findTestObject("Object Repository/tN objects/p_occurrence box"), CONTINUE_ON_FAILURE): Text of object 'Object Repository/tN objects/p_occurrence box' is cleared

2021-02-10 10:59:07 - [MESSAGE][PASSED] - Text of object 'Object Repository/tN objects/p_occurrence box' is cleared

2021-02-10 10:59:07 - [TEST_STEP][PASSED] - sendKeys(findTestObject("Object Repository/tN objects/p_occurrence box"), "2"): Keys '2' sent to object: 'Object Repository/tN objects/p_occurrence box'

2021-02-10 10:59:09 - [MESSAGE][PASSED] - Keys '2' sent to object: 'Object Repository/tN objects/p_occurrence box'

2021-02-10 10:59:09 - [TEST_STEP][PASSED] - build().perform(): null

2021-02-10 10:59:09 - [TEST_STEP][PASSED] - if (!(color_word2.equals(backcolor_word2))): Second occcurrence is highlighted!

2021-02-10 10:59:09 - [TEST_STEP][PASSED] - logInfo("Second occcurrence is highlighted!"): Second occcurrence is highlighted!

2021-02-10 10:59:09 - [MESSAGE][INFO] - Second occcurrence is highlighted!

2021-02-10 10:59:09 - [TEST_STEP][PASSED] - clearText(findTestObject("Object Repository/tN objects/p_occurrence box"), CONTINUE_ON_FAILURE): Text of object 'Object Repository/tN objects/p_occurrence box' is cleared

2021-02-10 10:59:10 - [MESSAGE][PASSED] - Text of object 'Object Repository/tN objects/p_occurrence box' is cleared

2021-02-10 10:59:10 - [TEST_STEP][PASSED] - sendKeys(findTestObject("Object Repository/tN objects/p_occurrence box"), "-1"): Keys '-1' sent to object: 'Object Repository/tN objects/p_occurrence box'

2021-02-10 10:59:12 - [MESSAGE][PASSED] - Keys '-1' sent to object: 'Object Repository/tN objects/p_occurrence box'

2021-02-10 10:59:12 - [TEST_STEP][PASSED] - build().perform(): null

2021-02-10 10:59:12 - [TEST_STEP][PASSED] - if (!(color_word1.equals(backcolor_word1)) && !(color_word2.equals(backcolor_word2))): Both occurrences are highlighted!

2021-02-10 10:59:12 - [TEST_STEP][PASSED] - logInfo("Both occurrences are highlighted!"): Both occurrences are highlighted!

2021-02-10 10:59:12 - [MESSAGE][INFO] - Both occurrences are highlighted!

2021-02-10 10:59:12 - [TEST_STEP][PASSED] - closeBrowser(): Browser is closed

2021-02-10 10:59:12 - [MESSAGE][PASSED] - Browser is closed]]></system-out>
         <system-err><![CDATA[]]></system-err>
      </testcase>
      <testcase name="Test Cases/tCC Test Cases/tW_Saving tW Article" time="36.719" classname="Test Cases/tCC Test Cases/tW_Saving tW Article" status="PASSED">
         <system-out><![CDATA[2021-02-10 10:59:12 - [TEST_CASE][PASSED] - Test Cases/tCC Test Cases/tW_Saving tW Article: Test Cases/tCC Test Cases/tW_Saving tW Article

2021-02-10 10:59:12 - [TEST_STEP][PASSED] - com.tccreate.keywords.WriteToFile.writeTofilename("tW-Save"): com.tccreate.keywords.WriteToFile.writeTofilename is PASSED

2021-02-10 10:59:12 - [MESSAGE][PASSED] - com.tccreate.keywords.WriteToFile.writeTofilename is PASSED

2021-02-10 10:59:12 - [TEST_STEP][PASSED] - com.helper.login.TimeDate.getTimeDate(): com.helper.login.TimeDate.getTimeDate is PASSED

2021-02-10 10:59:12 - [MESSAGE][INFO] - Time at which the test run:2021-02-10 10:59:12.713

2021-02-10 10:59:12 - [MESSAGE][PASSED] - com.helper.login.TimeDate.getTimeDate is PASSED

2021-02-10 10:59:12 - [TEST_STEP][PASSED] - com.helper.login.loginhelper.logintoapp(): com.helper.login.loginhelper.logintoapp is PASSED

2021-02-10 10:59:12 - [MESSAGE][INFO] - Starting 'Chrome' driver

2021-02-10 10:59:12 - [MESSAGE][INFO] - Action delay is set to 1,000 milliseconds

2021-02-10 10:59:13 - [MESSAGE][WARNING] - FFmpeg was not installed! Browser Recording will be disabled. Please follow this document to install FFmpeg first: https://docs.katalon.com/katalon-studio/docs/screenshots-videos.html#browser-based-recorder

2021-02-10 10:59:16 - [MESSAGE][PASSED] - Browser is opened with url: 'https://develop--tc-create-app.netlify.app/'

2021-02-10 10:59:16 - [MESSAGE][PASSED] - Wait for page load successfully

2021-02-10 10:59:16 - [MESSAGE][PASSED] - Current window maximized

2021-02-10 10:59:18 - [MESSAGE][PASSED] - Keys 'elsylambert' sent to object: 'Object Repository/Page_tC Create/input__username'

2021-02-10 10:59:19 - [MESSAGE][PASSED] - Keys 'fatak43' sent to object: 'Object Repository/Page_tC Create/input__password'

2021-02-10 10:59:20 - [MESSAGE][PASSED] - Object: 'Object Repository/Page_tC Create/button_Login' is clicked on

2021-02-10 10:59:21 - [MESSAGE][PASSED] - Delayed 1 second(s)

2021-02-10 10:59:22 - [MESSAGE][PASSED] - Text of object 'Object Repository/Page_tC Create/tcc-version number' is: 'translationCore Create - v1.1.0-rc.7 build 22-ebe4a7c'

2021-02-10 10:59:22 - [MESSAGE][INFO] - : The current version and build number is translationCore Create - v1.1.0-rc.7 build 22-ebe4a7c

2021-02-10 10:59:22 - [MESSAGE][PASSED] - com.helper.login.loginhelper.logintoapp is PASSED

2021-02-10 10:59:22 - [TEST_STEP][PASSED] - click(findTestObject("tW Objects/div_unfoldingWord")): Object: 'Object Repository/tW Objects/div_unfoldingWord' is clicked on

2021-02-10 10:59:23 - [MESSAGE][PASSED] - Object: 'Object Repository/tW Objects/div_unfoldingWord' is clicked on

2021-02-10 10:59:23 - [TEST_STEP][PASSED] - click(findTestObject("tW Objects/div_unfoldingWord Translation Wordsunfoldin_70512f")): Object: 'Object Repository/tW Objects/div_unfoldingWord Translation Wordsunfoldin_70512f' is clicked on

2021-02-10 10:59:26 - [MESSAGE][PASSED] - Object: 'Object Repository/tW Objects/div_unfoldingWord Translation Wordsunfoldin_70512f' is clicked on

2021-02-10 10:59:26 - [TEST_STEP][PASSED] - click(findTestObject("tW Objects/p_Select Language")): Object: 'Object Repository/tW Objects/p_Select Language' is clicked on

2021-02-10 10:59:28 - [MESSAGE][PASSED] - Object: 'Object Repository/tW Objects/p_Select Language' is clicked on

2021-02-10 10:59:28 - [TEST_STEP][PASSED] - setText(findTestObject("tW Objects/input_Step4Select Your Language_react-selec_aae5da"), "en"): Text 'en' is set on object 'Object Repository/tW Objects/input_Step4Select Your Language_react-selec_aae5da'

2021-02-10 10:59:30 - [MESSAGE][PASSED] - Text 'en' is set on object 'Object Repository/tW Objects/input_Step4Select Your Language_react-selec_aae5da'

2021-02-10 10:59:30 - [TEST_STEP][PASSED] - click(findTestObject("tW Objects/div_en - English - English (Europe Gateway)")): Object: 'Object Repository/tW Objects/div_en - English - English (Europe Gateway)' is clicked on

2021-02-10 10:59:32 - [MESSAGE][PASSED] - Object: 'Object Repository/tW Objects/div_en - English - English (Europe Gateway)' is clicked on

2021-02-10 10:59:32 - [TEST_STEP][PASSED] - click(findTestObject("tW Objects/span_bible")): Object: 'Object Repository/tW Objects/span_bible' is clicked on

2021-02-10 10:59:34 - [MESSAGE][PASSED] - Object: 'Object Repository/tW Objects/span_bible' is clicked on

2021-02-10 10:59:34 - [TEST_STEP][PASSED] - click(findTestObject("tW Objects/span_kt")): Object: 'Object Repository/tW Objects/span_kt' is clicked on

2021-02-10 10:59:36 - [MESSAGE][PASSED] - Object: 'Object Repository/tW Objects/span_kt' is clicked on

2021-02-10 10:59:36 - [TEST_STEP][PASSED] - click(findTestObject("tW Objects/span_almighty.md")): Object: 'Object Repository/tW Objects/span_almighty.md' is clicked on

2021-02-10 10:59:38 - [MESSAGE][PASSED] - Object: 'Object Repository/tW Objects/span_almighty.md' is clicked on

2021-02-10 10:59:38 - [TEST_STEP][PASSED] - click(findTestObject("tW Objects/h1_Almighty")): Object: 'Object Repository/tW Objects/h1_Almighty' is clicked on

2021-02-10 10:59:40 - [MESSAGE][PASSED] - Object: 'Object Repository/tW Objects/h1_Almighty' is clicked on

2021-02-10 10:59:40 - [TEST_STEP][PASSED] - sendKeys(findTestObject("tW Objects/div_Almighty test"), "  edits by a test script"): Keys '  edits by a test script' sent to object: 'Object Repository/tW Objects/div_Almighty test'

2021-02-10 10:59:41 - [MESSAGE][PASSED] - Keys '  edits by a test script' sent to object: 'Object Repository/tW Objects/div_Almighty test'

2021-02-10 10:59:41 - [TEST_STEP][PASSED] - click(findTestObject("Object Repository/Page_tC Create/button_Save")): Object: 'Object Repository/Page_tC Create/button_Save' is clicked on

2021-02-10 10:59:43 - [MESSAGE][PASSED] - Object: 'Object Repository/Page_tC Create/button_Save' is clicked on

2021-02-10 10:59:43 - [TEST_STEP][PASSED] - delay(2): Delayed 2 second(s)

2021-02-10 10:59:45 - [MESSAGE][PASSED] - Delayed 2 second(s)

2021-02-10 10:59:45 - [TEST_STEP][PASSED] - if (verifyElementNotClickable(findTestObject("Page_tC Create/button_Save"), CONTINUE_ON_FAILURE)): null

2021-02-10 10:59:45 - [MESSAGE][PASSED] - Object 'Object Repository/Page_tC Create/button_Save' is NOT clickable

2021-02-10 10:59:45 - [TEST_STEP][PASSED] - logInfo(" Save button is greyed out as expected"):  Save button is greyed out as expected

2021-02-10 10:59:45 - [MESSAGE][INFO] -  Save button is greyed out as expected

2021-02-10 10:59:45 - [TEST_STEP][PASSED] - click(findTestObject("Object Repository/tW Objects/chip_English - unfoldingWorden_twElsyLambert-tc-create-1")): Object: 'Object Repository/tW Objects/chip_English - unfoldingWorden_twElsyLambert-tc-create-1' is clicked on

2021-02-10 10:59:46 - [MESSAGE][PASSED] - Object: 'Object Repository/tW Objects/chip_English - unfoldingWorden_twElsyLambert-tc-create-1' is clicked on

2021-02-10 10:59:46 - [TEST_STEP][PASSED] - delay(2): Delayed 2 second(s)

2021-02-10 10:59:48 - [MESSAGE][PASSED] - Delayed 2 second(s)

2021-02-10 10:59:48 - [TEST_STEP][PASSED] - switchToWindowIndex(1): Switched to window with index: '1'

2021-02-10 10:59:48 - [MESSAGE][PASSED] - Switched to window with index: '1'

2021-02-10 10:59:48 - [TEST_STEP][PASSED] - if (getText(findTestObject("Object Repository/tW Objects/h1_Almighty article on DCS")).contains("edits by a test script")): null

2021-02-10 10:59:49 - [MESSAGE][PASSED] - Text of object 'Object Repository/tW Objects/h1_Almighty article on DCS' is: 'Almighty  edits by a test script'

2021-02-10 10:59:49 - [TEST_STEP][PASSED] - logInfo("The edits are saved on the DCS Repo File"): The edits are saved on the DCS Repo File

2021-02-10 10:59:49 - [MESSAGE][INFO] - The edits are saved on the DCS Repo File

2021-02-10 10:59:49 - [TEST_STEP][PASSED] - switchToWindowIndex(0): Switched to window with index: '0'

2021-02-10 10:59:49 - [MESSAGE][PASSED] - Switched to window with index: '0'

2021-02-10 10:59:49 - [TEST_STEP][PASSED] - closeBrowser(): Browser is closed

2021-02-10 10:59:49 - [MESSAGE][PASSED] - Browser is closed

2021-02-10 10:59:49 - [TEST_STEP][PASSED] - closeBrowser(): Browser is closed

2021-02-10 10:59:49 - [MESSAGE][PASSED] - Browser is closed]]></system-out>
         <system-err><![CDATA[]]></system-err>
      </testcase>
      <testcase name="Test Cases/tCC Test Cases/tA_Saving tA Article" time="43.185" classname="Test Cases/tCC Test Cases/tA_Saving tA Article" status="PASSED">
         <system-out><![CDATA[2021-02-10 10:59:49 - [TEST_CASE][PASSED] - Test Cases/tCC Test Cases/tA_Saving tA Article: Test Cases/tCC Test Cases/tA_Saving tA Article

2021-02-10 10:59:49 - [TEST_STEP][PASSED] - com.tccreate.keywords.WriteToFile.writeTofilename("tA-Save"): com.tccreate.keywords.WriteToFile.writeTofilename is PASSED

2021-02-10 10:59:49 - [MESSAGE][PASSED] - com.tccreate.keywords.WriteToFile.writeTofilename is PASSED

2021-02-10 10:59:49 - [TEST_STEP][PASSED] - com.helper.login.TimeDate.getTimeDate(): com.helper.login.TimeDate.getTimeDate is PASSED

2021-02-10 10:59:49 - [MESSAGE][INFO] - Time at which the test run:2021-02-10 10:59:49.434

2021-02-10 10:59:49 - [MESSAGE][PASSED] - com.helper.login.TimeDate.getTimeDate is PASSED

2021-02-10 10:59:49 - [TEST_STEP][PASSED] - com.helper.login.loginhelper.logintoapp(): com.helper.login.loginhelper.logintoapp is PASSED

2021-02-10 10:59:49 - [MESSAGE][INFO] - Starting 'Chrome' driver

2021-02-10 10:59:49 - [MESSAGE][INFO] - Action delay is set to 1,000 milliseconds

2021-02-10 10:59:50 - [MESSAGE][WARNING] - FFmpeg was not installed! Browser Recording will be disabled. Please follow this document to install FFmpeg first: https://docs.katalon.com/katalon-studio/docs/screenshots-videos.html#browser-based-recorder

2021-02-10 10:59:53 - [MESSAGE][PASSED] - Browser is opened with url: 'https://develop--tc-create-app.netlify.app/'

2021-02-10 10:59:53 - [MESSAGE][PASSED] - Wait for page load successfully

2021-02-10 10:59:53 - [MESSAGE][PASSED] - Current window maximized

2021-02-10 10:59:54 - [MESSAGE][PASSED] - Keys 'elsylambert' sent to object: 'Object Repository/Page_tC Create/input__username'

2021-02-10 10:59:56 - [MESSAGE][PASSED] - Keys 'fatak43' sent to object: 'Object Repository/Page_tC Create/input__password'

2021-02-10 10:59:57 - [MESSAGE][PASSED] - Object: 'Object Repository/Page_tC Create/button_Login' is clicked on

2021-02-10 10:59:58 - [MESSAGE][PASSED] - Delayed 1 second(s)

2021-02-10 10:59:59 - [MESSAGE][PASSED] - Text of object 'Object Repository/Page_tC Create/tcc-version number' is: 'translationCore Create - v1.1.0-rc.7 build 22-ebe4a7c'

2021-02-10 10:59:59 - [MESSAGE][INFO] - : The current version and build number is translationCore Create - v1.1.0-rc.7 build 22-ebe4a7c

2021-02-10 10:59:59 - [MESSAGE][PASSED] - com.helper.login.loginhelper.logintoapp is PASSED

2021-02-10 10:59:59 - [TEST_STEP][PASSED] - click(findTestObject("Page_tC Create/Organization unfoldingWord")): Object: 'Object Repository/Page_tC Create/Organization unfoldingWord' is clicked on

2021-02-10 11:00:00 - [MESSAGE][PASSED] - Object: 'Object Repository/Page_tC Create/Organization unfoldingWord' is clicked on

2021-02-10 11:00:00 - [TEST_STEP][PASSED] - click(findTestObject("Object Repository/Page_tC Create/div_unfoldingWord Translation Academyunfold_cb119f")): Object: 'Object Repository/Page_tC Create/div_unfoldingWord Translation Academyunfold_cb119f' is clicked on

2021-02-10 11:00:03 - [MESSAGE][PASSED] - Object: 'Object Repository/Page_tC Create/div_unfoldingWord Translation Academyunfold_cb119f' is clicked on

2021-02-10 11:00:03 - [TEST_STEP][PASSED] - click(findTestObject("Object Repository/Page_tC Create/p_Select Language")): Object: 'Object Repository/Page_tC Create/p_Select Language' is clicked on

2021-02-10 11:00:04 - [MESSAGE][PASSED] - Object: 'Object Repository/Page_tC Create/p_Select Language' is clicked on

2021-02-10 11:00:04 - [TEST_STEP][PASSED] - setText(findTestObject("Object Repository/Page_tC Create/input_Step4Select Your Language_react-selec_aae5da"), "en"): Text 'en' is set on object 'Object Repository/Page_tC Create/input_Step4Select Your Language_react-selec_aae5da'

2021-02-10 11:00:07 - [MESSAGE][PASSED] - Text 'en' is set on object 'Object Repository/Page_tC Create/input_Step4Select Your Language_react-selec_aae5da'

2021-02-10 11:00:07 - [TEST_STEP][PASSED] - click(findTestObject("Object Repository/Page_tC Create/div_en - English - English (Europe Gateway)")): Object: 'Object Repository/Page_tC Create/div_en - English - English (Europe Gateway)' is clicked on

2021-02-10 11:00:09 - [MESSAGE][PASSED] - Object: 'Object Repository/Page_tC Create/div_en - English - English (Europe Gateway)' is clicked on

2021-02-10 11:00:09 - [TEST_STEP][PASSED] - click(findTestObject("Page_tC Create/span_translate")): Object: 'Object Repository/Page_tC Create/span_translate' is clicked on

2021-02-10 11:00:10 - [MESSAGE][PASSED] - Object: 'Object Repository/Page_tC Create/span_translate' is clicked on

2021-02-10 11:00:10 - [TEST_STEP][PASSED] - click(findTestObject("Object Repository/Page_tC Create/span_bita-farming")): Object: 'Object Repository/Page_tC Create/span_bita-farming' is clicked on

2021-02-10 11:00:13 - [MESSAGE][PASSED] - Object: 'Object Repository/Page_tC Create/span_bita-farming' is clicked on

2021-02-10 11:00:13 - [TEST_STEP][PASSED] - click(findTestObject("Object Repository/Page_tC Create/span_01.md")): Object: 'Object Repository/Page_tC Create/span_01.md' is clicked on

2021-02-10 11:00:15 - [MESSAGE][PASSED] - Object: 'Object Repository/Page_tC Create/span_01.md' is clicked on

2021-02-10 11:00:15 - [TEST_STEP][PASSED] - click(findTestObject("Object Repository/Page_tC Create/div_A FARMER represents God, and the VINEYA_8b10d9")): Object: 'Object Repository/Page_tC Create/div_A FARMER represents God, and the VINEYA_8b10d9' is clicked on

2021-02-10 11:00:17 - [MESSAGE][PASSED] - Object: 'Object Repository/Page_tC Create/div_A FARMER represents God, and the VINEYA_8b10d9' is clicked on

2021-02-10 11:00:17 - [TEST_STEP][PASSED] - sendKeys(findTestObject("Object Repository/tA/div_A FARMER represents God- Edit box"), " test edit by the test script"): Keys ' test edit by the test script' sent to object: 'Object Repository/tA/div_A FARMER represents God- Edit box'

2021-02-10 11:00:19 - [MESSAGE][PASSED] - Keys ' test edit by the test script' sent to object: 'Object Repository/tA/div_A FARMER represents God- Edit box'

2021-02-10 11:00:19 - [TEST_STEP][PASSED] - click(findTestObject("Page_tC Create/button_Save")): Object: 'Object Repository/Page_tC Create/button_Save' is clicked on

2021-02-10 11:00:22 - [MESSAGE][PASSED] - Object: 'Object Repository/Page_tC Create/button_Save' is clicked on

2021-02-10 11:00:22 - [TEST_STEP][PASSED] - delay(2): Delayed 2 second(s)

2021-02-10 11:00:24 - [MESSAGE][PASSED] - Delayed 2 second(s)

2021-02-10 11:00:24 - [TEST_STEP][PASSED] - if (verifyElementNotClickable(findTestObject("Page_tC Create/button_Save"), CONTINUE_ON_FAILURE)): null

2021-02-10 11:00:26 - [MESSAGE][PASSED] - Object 'Object Repository/Page_tC Create/button_Save' is NOT clickable

2021-02-10 11:00:26 - [TEST_STEP][PASSED] - logInfo(" 
 Save button is greyed out as expected"):  
 Save button is greyed out as expected

2021-02-10 11:00:26 - [MESSAGE][INFO] -  
 Save button is greyed out as expected

2021-02-10 11:00:26 - [TEST_STEP][PASSED] - click(findTestObject("Object Repository/tA/Chip_English - unfoldingWorden_taElsyLambert-tc-create-1")): Object: 'Object Repository/tA/Chip_English - unfoldingWorden_taElsyLambert-tc-create-1' is clicked on

2021-02-10 11:00:29 - [MESSAGE][PASSED] - Object: 'Object Repository/tA/Chip_English - unfoldingWorden_taElsyLambert-tc-create-1' is clicked on

2021-02-10 11:00:29 - [TEST_STEP][PASSED] - delay(2): Delayed 2 second(s)

2021-02-10 11:00:31 - [MESSAGE][PASSED] - Delayed 2 second(s)

2021-02-10 11:00:31 - [TEST_STEP][PASSED] - switchToWindowIndex(1): Switched to window with index: '1'

2021-02-10 11:00:31 - [MESSAGE][PASSED] - Switched to window with index: '1'

2021-02-10 11:00:31 - [TEST_STEP][PASSED] - if (getText(findTestObject("Object Repository/tA/h4_dcs article")).contains("test edit by the test script")): null

2021-02-10 11:00:32 - [MESSAGE][PASSED] - Text of object 'Object Repository/tA/h4_dcs article' is: 'A FARMER represents God, and the VINEYARD represents his chosen people test edit by the test script'

2021-02-10 11:00:32 - [TEST_STEP][PASSED] - logInfo("
 The edits are saved on the DCS Repo File"): 
 The edits are saved on the DCS Repo File

2021-02-10 11:00:32 - [MESSAGE][INFO] - 
 The edits are saved on the DCS Repo File

2021-02-10 11:00:32 - [TEST_STEP][PASSED] - switchToWindowIndex(0): Switched to window with index: '0'

2021-02-10 11:00:32 - [MESSAGE][PASSED] - Switched to window with index: '0'

2021-02-10 11:00:32 - [TEST_STEP][PASSED] - logInfo("
 TEST PASSED:Edits are saved successfully in tA articles"): 
 TEST PASSED:Edits are saved successfully in tA articles

2021-02-10 11:00:32 - [MESSAGE][INFO] - 
 TEST PASSED:Edits are saved successfully in tA articles

2021-02-10 11:00:32 - [TEST_STEP][PASSED] - closeBrowser(): Browser is closed

2021-02-10 11:00:32 - [MESSAGE][PASSED] - Browser is closed]]></system-out>
         <system-err><![CDATA[]]></system-err>
      </testcase>
      <testcase name="Test Cases/tCC Test Cases/tN_Add New Resource" time="110.458" classname="Test Cases/tCC Test Cases/tN_Add New Resource" status="PASSED">
         <system-out><![CDATA[2021-02-10 11:00:32 - [TEST_CASE][PASSED] - Test Cases/tCC Test Cases/tN_Add New Resource: Test Cases/tCC Test Cases/tN_Add New Resource

2021-02-10 11:00:32 - [TEST_STEP][PASSED] - com.tccreate.keywords.WriteToFile.writeTofilename("tN-Add new resource"): com.tccreate.keywords.WriteToFile.writeTofilename is PASSED

2021-02-10 11:00:32 - [MESSAGE][PASSED] - com.tccreate.keywords.WriteToFile.writeTofilename is PASSED

2021-02-10 11:00:32 - [TEST_STEP][PASSED] - com.helper.login.TimeDate.getTimeDate(): com.helper.login.TimeDate.getTimeDate is PASSED

2021-02-10 11:00:32 - [MESSAGE][INFO] - Time at which the test run:2021-02-10 11:00:32.753

2021-02-10 11:00:32 - [MESSAGE][PASSED] - com.helper.login.TimeDate.getTimeDate is PASSED

2021-02-10 11:00:32 - [TEST_STEP][PASSED] - com.helper.login.loginhelper.logintoapp(): com.helper.login.loginhelper.logintoapp is PASSED

2021-02-10 11:00:32 - [MESSAGE][INFO] - Starting 'Chrome' driver

2021-02-10 11:00:32 - [MESSAGE][INFO] - Action delay is set to 1,000 milliseconds

2021-02-10 11:00:34 - [MESSAGE][WARNING] - FFmpeg was not installed! Browser Recording will be disabled. Please follow this document to install FFmpeg first: https://docs.katalon.com/katalon-studio/docs/screenshots-videos.html#browser-based-recorder

2021-02-10 11:00:36 - [MESSAGE][PASSED] - Browser is opened with url: 'https://develop--tc-create-app.netlify.app/'

2021-02-10 11:00:36 - [MESSAGE][PASSED] - Wait for page load successfully

2021-02-10 11:00:37 - [MESSAGE][PASSED] - Current window maximized

2021-02-10 11:00:38 - [MESSAGE][PASSED] - Keys 'elsylambert' sent to object: 'Object Repository/Page_tC Create/input__username'

2021-02-10 11:00:40 - [MESSAGE][PASSED] - Keys 'fatak43' sent to object: 'Object Repository/Page_tC Create/input__password'

2021-02-10 11:00:41 - [MESSAGE][PASSED] - Object: 'Object Repository/Page_tC Create/button_Login' is clicked on

2021-02-10 11:00:42 - [MESSAGE][PASSED] - Delayed 1 second(s)

2021-02-10 11:00:42 - [MESSAGE][PASSED] - Text of object 'Object Repository/Page_tC Create/tcc-version number' is: 'translationCore Create - v1.1.0-rc.7 build 22-ebe4a7c'

2021-02-10 11:00:42 - [MESSAGE][INFO] - : The current version and build number is translationCore Create - v1.1.0-rc.7 build 22-ebe4a7c

2021-02-10 11:00:42 - [MESSAGE][PASSED] - com.helper.login.loginhelper.logintoapp is PASSED

2021-02-10 11:00:42 - [TEST_STEP][PASSED] - click(findTestObject("Page_tC Create/Add new resource objects/span_unfoldingWord")): Object: 'Object Repository/Page_tC Create/Add new resource objects/span_unfoldingWord' is clicked on

2021-02-10 11:00:45 - [MESSAGE][PASSED] - Object: 'Object Repository/Page_tC Create/Add new resource objects/span_unfoldingWord' is clicked on

2021-02-10 11:00:45 - [TEST_STEP][PASSED] - click(findTestObject("Page_tC Create/Add new resource objects/span_unfoldingWord Translation Notes")): Object: 'Object Repository/Page_tC Create/Add new resource objects/span_unfoldingWord Translation Notes' is clicked on

2021-02-10 11:00:49 - [MESSAGE][PASSED] - Object: 'Object Repository/Page_tC Create/Add new resource objects/span_unfoldingWord Translation Notes' is clicked on

2021-02-10 11:00:49 - [TEST_STEP][PASSED] - click(findTestObject("Page_tC Create/Add new resource objects/div_Select Language")): Object: 'Object Repository/Page_tC Create/Add new resource objects/div_Select Language' is clicked on

2021-02-10 11:00:52 - [MESSAGE][PASSED] - Object: 'Object Repository/Page_tC Create/Add new resource objects/div_Select Language' is clicked on

2021-02-10 11:00:52 - [TEST_STEP][PASSED] - setText(findTestObject("Object Repository/Page_tC Create/Add new resource objects/input_Step4Select Your Language_react-selec_aae5da"), "en"): Text 'en' is set on object 'Object Repository/Page_tC Create/Add new resource objects/input_Step4Select Your Language_react-selec_aae5da'

2021-02-10 11:00:58 - [MESSAGE][PASSED] - Text 'en' is set on object 'Object Repository/Page_tC Create/Add new resource objects/input_Step4Select Your Language_react-selec_aae5da'

2021-02-10 11:00:58 - [TEST_STEP][PASSED] - click(findTestObject("Page_tC Create/Add new resource objects/div_en - English - English (Europe Gateway)")): Object: 'Object Repository/Page_tC Create/Add new resource objects/div_en - English - English (Europe Gateway)' is clicked on

2021-02-10 11:01:01 - [MESSAGE][PASSED] - Object: 'Object Repository/Page_tC Create/Add new resource objects/div_en - English - English (Europe Gateway)' is clicked on

2021-02-10 11:01:01 - [TEST_STEP][PASSED] - click(findTestObject("Page_tC Create/Add new resource objects/span_en_tn_57-TIT.tsv")): Object: 'Object Repository/Page_tC Create/Add new resource objects/span_en_tn_57-TIT.tsv' is clicked on

2021-02-10 11:01:04 - [MESSAGE][PASSED] - Object: 'Object Repository/Page_tC Create/Add new resource objects/span_en_tn_57-TIT.tsv' is clicked on

2021-02-10 11:01:04 - [TEST_STEP][PASSED] - buttonstate = com.tccreate.keywords.ExpandAllScriptureToggle.toggleAllScripture("test"): com.tccreate.keywords.ExpandAllScriptureToggle.toggleAllScripture is PASSED

2021-02-10 11:01:09 - [MESSAGE][INFO] - Unable to find the element located by 'By.xpath: //*[@type = 'button' and @data-test = 'drawer-menu-close-button']'. Please recheck the objects properties to make sure the desired element is located. 

2021-02-10 11:01:09 - [MESSAGE][WARNING] - Object 'Object Repository/Page_tC Create/button_DrawerClose' is not present after 2 second(s)

2021-02-10 11:01:12 - [MESSAGE][PASSED] - Object: 'Object Repository/Page_tC Create/Hamburger Menu Button' is clicked on

2021-02-10 11:01:13 - [MESSAGE][PASSED] - Delayed 1 second(s)

2021-02-10 11:01:15 - [MESSAGE][PASSED] - Object 'Object Repository/Page_tC Create/input_Expand all Scripture_default' is checked

2021-02-10 11:01:18 - [MESSAGE][PASSED] - Object: 'Object Repository/Page_tC Create/button_DrawerClose' is clicked on

2021-02-10 11:01:20 - [MESSAGE][PASSED] - Object 'Object Repository/Page_tC Create/Hamburger Menu Button' is visible

2021-02-10 11:01:20 - [MESSAGE][PASSED] - com.tccreate.keywords.ExpandAllScriptureToggle.toggleAllScripture is PASSED

2021-02-10 11:01:20 - [TEST_STEP][PASSED] - out.println(" the state of the button is" + buttonstate): null

2021-02-10 11:01:20 - [TEST_STEP][PASSED] - delay(1): Delayed 1 second(s)

2021-02-10 11:01:21 - [MESSAGE][PASSED] - Delayed 1 second(s)

2021-02-10 11:01:21 - [TEST_STEP][PASSED] - if (buttonstate == "off"): null

2021-02-10 11:01:21 - [TEST_STEP][PASSED] - else: Parallel scripture viewer is ON

2021-02-10 11:01:21 - [TEST_STEP][PASSED] - logInfo("Parallel scripture viewer is ON"): Parallel scripture viewer is ON

2021-02-10 11:01:21 - [MESSAGE][INFO] - Parallel scripture viewer is ON

2021-02-10 11:01:21 - [TEST_STEP][PASSED] - scrollToElement(findTestObject("Page_tC Create/Add new resource objects/h6_TIT 1intro"), 2, CONTINUE_ON_FAILURE): Scroll to object 'Object Repository/Page_tC Create/Add new resource objects/h6_TIT 1intro' successfully

2021-02-10 11:01:23 - [MESSAGE][PASSED] - Scroll to object 'Object Repository/Page_tC Create/Add new resource objects/h6_TIT 1intro' successfully

2021-02-10 11:01:23 - [TEST_STEP][PASSED] - click(findTestObject("Page_tC Create/Add new resource objects/h6_Titus 11")): Object: 'Object Repository/Page_tC Create/Add new resource objects/h6_Titus 11' is clicked on

2021-02-10 11:01:26 - [MESSAGE][PASSED] - Object: 'Object Repository/Page_tC Create/Add new resource objects/h6_Titus 11' is clicked on

2021-02-10 11:01:26 - [TEST_STEP][PASSED] - verifyElementVisible(findTestObject("Page_tC Create/Add new resource objects/h6_Titus 11"), CONTINUE_ON_FAILURE): Object 'Object Repository/Page_tC Create/Add new resource objects/h6_Titus 11' is visible

2021-02-10 11:01:28 - [MESSAGE][PASSED] - Object 'Object Repository/Page_tC Create/Add new resource objects/h6_Titus 11' is visible

2021-02-10 11:01:28 - [TEST_STEP][PASSED] - click(findTestObject("Object Repository/Page_tC Create/Add new resource objects/button_Manage Versions")): Object: 'Object Repository/Page_tC Create/Add new resource objects/button_Manage Versions' is clicked on

2021-02-10 11:01:31 - [MESSAGE][PASSED] - Object: 'Object Repository/Page_tC Create/Add new resource objects/button_Manage Versions' is clicked on

2021-02-10 11:01:31 - [TEST_STEP][PASSED] - click(findTestObject("Page_tC Create/Add new resource objects/input_Resource Path_resourceUrl")): Object: 'Object Repository/Page_tC Create/Add new resource objects/input_Resource Path_resourceUrl' is clicked on

2021-02-10 11:01:34 - [MESSAGE][PASSED] - Object: 'Object Repository/Page_tC Create/Add new resource objects/input_Resource Path_resourceUrl' is clicked on

2021-02-10 11:01:34 - [TEST_STEP][PASSED] - setText(findTestObject("Page_tC Create/Add new resource objects/input_Resource Path_resourceUrl"), "Door43-Catalog/hi/ulb/master/"): Text 'Door43-Catalog/hi/ulb/master/' is set on object 'Object Repository/Page_tC Create/Add new resource objects/input_Resource Path_resourceUrl'

2021-02-10 11:01:39 - [MESSAGE][PASSED] - Text 'Door43-Catalog/hi/ulb/master/' is set on object 'Object Repository/Page_tC Create/Add new resource objects/input_Resource Path_resourceUrl'

2021-02-10 11:01:39 - [TEST_STEP][PASSED] - click(findTestObject("Object Repository/Page_tC Create/Add new resource objects/button_Add_Resource Path")): Object: 'Object Repository/Page_tC Create/Add new resource objects/button_Add_Resource Path' is clicked on

2021-02-10 11:01:41 - [MESSAGE][PASSED] - Object: 'Object Repository/Page_tC Create/Add new resource objects/button_Add_Resource Path' is clicked on

2021-02-10 11:01:41 - [TEST_STEP][PASSED] - if (verifyElementChecked(findTestObject("Object Repository/Page_tC Create/Add new resource objects/input_unfoldingWord Simplified Textv14_jss5689"), 1)): null

2021-02-10 11:01:42 - [MESSAGE][PASSED] - Object 'Object Repository/Page_tC Create/Add new resource objects/input_unfoldingWord Simplified Textv14_jss5689' is checked

2021-02-10 11:01:42 - [TEST_STEP][PASSED] - driver = getWebDriver(): null

2021-02-10 11:01:42 - [TEST_STEP][PASSED] - action = new org.openqa.selenium.interactions.Actions(driver): null

2021-02-10 11:01:42 - [TEST_STEP][PASSED] - build().perform(): null

2021-02-10 11:01:42 - [TEST_STEP][PASSED] - delay(2): Delayed 2 second(s)

2021-02-10 11:01:44 - [MESSAGE][PASSED] - Delayed 2 second(s)

2021-02-10 11:01:44 - [TEST_STEP][PASSED] - if (verifyElementVisible(findTestObject("Object Repository/Page_tC Create/Add new resource objects/Header_Unlocked Literal Bible - Hindi v5"), CONTINUE_ON_FAILURE)): null

2021-02-10 11:01:44 - [MESSAGE][PASSED] - Object 'Object Repository/Page_tC Create/Add new resource objects/Header_Unlocked Literal Bible - Hindi v5' is visible

2021-02-10 11:01:44 - [TEST_STEP][PASSED] - out.println("New Resource Header Present in the Scripture Viewer"): null

2021-02-10 11:01:44 - [TEST_STEP][PASSED] - if (verifyElementVisible(findTestObject("Object Repository/Page_tC Create/Add new resource objects/Hindi ULB Text"), CONTINUE_ON_FAILURE)): null

2021-02-10 11:01:45 - [MESSAGE][PASSED] - Object 'Object Repository/Page_tC Create/Add new resource objects/Hindi ULB Text' is visible

2021-02-10 11:01:45 - [TEST_STEP][PASSED] - logInfo(" New Resource Text added by a Relative path is Present in the Scripture Viewer"):  New Resource Text added by a Relative path is Present in the Scripture Viewer

2021-02-10 11:01:45 - [MESSAGE][INFO] -  New Resource Text added by a Relative path is Present in the Scripture Viewer

2021-02-10 11:01:45 - [TEST_STEP][PASSED] - click(findTestObject("Object Repository/Page_tC Create/Add new resource objects/button_Manage Versions")): Object: 'Object Repository/Page_tC Create/Add new resource objects/button_Manage Versions' is clicked on

2021-02-10 11:01:46 - [MESSAGE][PASSED] - Object: 'Object Repository/Page_tC Create/Add new resource objects/button_Manage Versions' is clicked on

2021-02-10 11:01:46 - [TEST_STEP][PASSED] - click(findTestObject("Page_tC Create/Add new resource objects/input_Resource Path_resourceUrl")): Object: 'Object Repository/Page_tC Create/Add new resource objects/input_Resource Path_resourceUrl' is clicked on

2021-02-10 11:01:48 - [MESSAGE][PASSED] - Object: 'Object Repository/Page_tC Create/Add new resource objects/input_Resource Path_resourceUrl' is clicked on

2021-02-10 11:01:48 - [TEST_STEP][PASSED] - setText(findTestObject("Page_tC Create/Add new resource objects/input_Resource Path_resourceUrl"), "https://git.door43.org/ru_gl/ru_rlob"): Text 'https://git.door43.org/ru_gl/ru_rlob' is set on object 'Object Repository/Page_tC Create/Add new resource objects/input_Resource Path_resourceUrl'

2021-02-10 11:01:51 - [MESSAGE][PASSED] - Text 'https://git.door43.org/ru_gl/ru_rlob' is set on object 'Object Repository/Page_tC Create/Add new resource objects/input_Resource Path_resourceUrl'

2021-02-10 11:01:51 - [TEST_STEP][PASSED] - click(findTestObject("Object Repository/Page_tC Create/Add new resource objects/button_Add_Resource Path")): Object: 'Object Repository/Page_tC Create/Add new resource objects/button_Add_Resource Path' is clicked on

2021-02-10 11:01:54 - [MESSAGE][PASSED] - Object: 'Object Repository/Page_tC Create/Add new resource objects/button_Add_Resource Path' is clicked on

2021-02-10 11:01:54 - [TEST_STEP][PASSED] - if (verifyElementChecked(findTestObject("Object Repository/Page_tC Create/Add new resource objects/input_unfoldingWord Simplified Text-Russian check box"), 1)): null

2021-02-10 11:01:56 - [MESSAGE][PASSED] - Object 'Object Repository/Page_tC Create/Add new resource objects/input_unfoldingWord Simplified Text-Russian check box' is checked

2021-02-10 11:01:56 - [TEST_STEP][PASSED] - driver = getWebDriver(): null

2021-02-10 11:01:56 - [TEST_STEP][PASSED] - action = new org.openqa.selenium.interactions.Actions(driver): null

2021-02-10 11:01:56 - [TEST_STEP][PASSED] - build().perform(): null

2021-02-10 11:01:56 - [TEST_STEP][PASSED] - delay(2): Delayed 2 second(s)

2021-02-10 11:01:58 - [MESSAGE][PASSED] - Delayed 2 second(s)

2021-02-10 11:01:58 - [TEST_STEP][PASSED] - if (verifyElementVisible(findTestObject("Object Repository/Page_tC Create/Add new resource objects/span_RLOB v1"), CONTINUE_ON_FAILURE)): null

2021-02-10 11:02:00 - [MESSAGE][PASSED] - Object 'Object Repository/Page_tC Create/Add new resource objects/span_RLOB v1' is visible

2021-02-10 11:02:00 - [TEST_STEP][PASSED] - out.println("New Resource Header Present in the Scripture Viewer"): null

2021-02-10 11:02:00 - [TEST_STEP][PASSED] - if (verifyElementVisible(findTestObject("Object Repository/Page_tC Create/Add new resource objects/div_11-russian text"), CONTINUE_ON_FAILURE)): null

2021-02-10 11:02:02 - [MESSAGE][PASSED] - Object 'Object Repository/Page_tC Create/Add new resource objects/div_11-russian text' is visible

2021-02-10 11:02:02 - [TEST_STEP][PASSED] - logInfo(" New Resource Text added by a URL is Present in the Scripture Viewer"):  New Resource Text added by a URL is Present in the Scripture Viewer

2021-02-10 11:02:02 - [MESSAGE][INFO] -  New Resource Text added by a URL is Present in the Scripture Viewer

2021-02-10 11:02:02 - [TEST_STEP][PASSED] - delay(2): Delayed 2 second(s)

2021-02-10 11:02:04 - [MESSAGE][PASSED] - Delayed 2 second(s)

2021-02-10 11:02:04 - [TEST_STEP][FAILED] - try: Unable to click on object 'Object Repository/Page_tC Create/Hamburger Menu Button' (Root cause: com.kms.katalon.core.exception.StepFailedException: Unable to click on object 'Object Repository/Page_tC Create/Hamburger Menu Button'
	at com.kms.katalon.core.webui.keyword.internal.WebUIKeywordMain.stepFailed(WebUIKeywordMain.groovy:64)
	at com.kms.katalon.core.webui.keyword.internal.WebUIKeywordMain.runKeyword(WebUIKeywordMain.groovy:26)
	at com.kms.katalon.core.webui.keyword.builtin.ClickKeyword.click(ClickKeyword.groovy:75)
	at com.kms.katalon.core.webui.keyword.builtin.ClickKeyword.execute(ClickKeyword.groovy:42)
	at com.kms.katalon.core.keyword.internal.KeywordExecutor.executeKeywordForPlatform(KeywordExecutor.groovy:73)
	at com.kms.katalon.core.webui.keyword.WebUiBuiltInKeywords.click(WebUiBuiltInKeywords.groovy:607)
	at com.kms.katalon.core.webui.keyword.WebUiBuiltInKeywords$click$7.call(Unknown Source)
	at tN_Add New Resource.run(tN_Add New Resource:148)
	at com.kms.katalon.core.main.ScriptEngine.run(ScriptEngine.java:194)
	at com.kms.katalon.core.main.ScriptEngine.runScriptAsRawText(ScriptEngine.java:119)
	at com.kms.katalon.core.main.TestCaseExecutor.runScript(TestCaseExecutor.java:398)
	at com.kms.katalon.core.main.TestCaseExecutor.doExecute(TestCaseExecutor.java:389)
	at com.kms.katalon.core.main.TestCaseExecutor.processExecutionPhase(TestCaseExecutor.java:368)
	at com.kms.katalon.core.main.TestCaseExecutor.accessMainPhase(TestCaseExecutor.java:360)
	at com.kms.katalon.core.main.TestCaseExecutor.execute(TestCaseExecutor.java:255)
	at com.kms.katalon.core.main.TestSuiteExecutor.accessTestCaseMainPhase(TestSuiteExecutor.java:203)
	at com.kms.katalon.core.main.TestSuiteExecutor.accessTestSuiteMainPhase(TestSuiteExecutor.java:152)
	at com.kms.katalon.core.main.TestSuiteExecutor.execute(TestSuiteExecutor.java:95)
	at com.kms.katalon.core.main.TestCaseMain.startTestSuite(TestCaseMain.java:157)
	at com.kms.katalon.core.main.TestCaseMain$startTestSuite$0.call(Unknown Source)
	at TempTestSuite1612972445926.run(TempTestSuite1612972445926.groovy:39)
Caused by: org.openqa.selenium.ElementClickInterceptedException: element click intercepted: Element is not clickable at point (36, -32)
  (Session info: chrome=88.0.4324.150)
Build info: version: '3.141.59', revision: 'e82be7d358', time: '2018-11-14T08:25:53'
System info: host: 'ELSYs-MacBook-Pro.local', ip: 'fe80:0:0:0:8c2:8ba5:75e3:5575%en0', os.name: 'Mac OS X', os.arch: 'x86_64', os.version: '10.16', java.version: '1.8.0_275'
Driver info: com.kms.katalon.selenium.driver.CChromeDriver
Capabilities {acceptInsecureCerts: false, browserName: chrome, browserVersion: 88.0.4324.150, chrome: {chromedriverVersion: 88.0.4324.96 (68dba2d8a0b14..., userDataDir: /var/folders/sf/msc8p_nx3x3...}, goog:chromeOptions: {debuggerAddress: localhost:55455}, javascriptEnabled: true, networkConnectionEnabled: false, pageLoadStrategy: normal, platform: MAC, platformName: MAC, proxy: Proxy(), setWindowRect: true, strictFileInteractability: false, timeouts: {implicit: 0, pageLoad: 300000, script: 30000}, unhandledPromptBehavior: dismiss and notify, webauthn:extension:largeBlob: true, webauthn:virtualAuthenticators: true}
Session ID: cd261fd3518d847f7e602585e5bdf9ca
	at org.openqa.selenium.remote.http.W3CHttpResponseCodec.createException(W3CHttpResponseCodec.java:187)
	at org.openqa.selenium.remote.http.W3CHttpResponseCodec.decode(W3CHttpResponseCodec.java:122)
	at org.openqa.selenium.remote.http.W3CHttpResponseCodec.decode(W3CHttpResponseCodec.java:49)
	at org.openqa.selenium.remote.HttpCommandExecutor.execute(HttpCommandExecutor.java:158)
	at org.openqa.selenium.remote.service.DriverCommandExecutor.execute(DriverCommandExecutor.java:83)
	at org.openqa.selenium.remote.RemoteWebDriver.execute(RemoteWebDriver.java:552)
	at com.kms.katalon.selenium.driver.CChromeDriver.execute(CChromeDriver.java:19)
	at org.openqa.selenium.remote.RemoteWebElement.execute(RemoteWebElement.java:285)
	at org.openqa.selenium.remote.RemoteWebElement.click(RemoteWebElement.java:84)
	at org.openqa.selenium.support.events.EventFiringWebDriver$EventFiringWebElement.lambda$new$0(EventFiringWebDriver.java:404)
	at com.sun.proxy.$Proxy11.click(Unknown Source)
	at org.openqa.selenium.support.events.EventFiringWebDriver$EventFiringWebElement.click(EventFiringWebDriver.java:417)
	at com.kms.katalon.core.webui.keyword.builtin.ClickKeyword$_click_closure1.doCall(ClickKeyword.groovy:68)
	at com.kms.katalon.core.webui.keyword.builtin.ClickKeyword$_click_closure1.call(ClickKeyword.groovy)
	at com.kms.katalon.core.webui.keyword.internal.WebUIKeywordMain.runKeyword(WebUIKeywordMain.groovy:20)
	at com.kms.katalon.core.webui.keyword.builtin.ClickKeyword.click(ClickKeyword.groovy:75)
	at com.kms.katalon.core.webui.keyword.builtin.ClickKeyword.execute(ClickKeyword.groovy:42)
	at com.kms.katalon.core.keyword.internal.KeywordExecutor.executeKeywordForPlatform(KeywordExecutor.groovy:73)
	at com.kms.katalon.core.webui.keyword.WebUiBuiltInKeywords.click(WebUiBuiltInKeywords.groovy:607)
	at com.kms.katalon.core.webui.keyword.WebUiBuiltInKeywords$click$7.call(Unknown Source)
	at Script1609194777899.run(Script1609194777899.groovy:148)
	... 13 more
)

2021-02-10 11:02:04 - [TEST_STEP][FAILED] - click(findTestObject("Object Repository/Page_tC Create/Hamburger Menu Button"), STOP_ON_FAILURE): Unable to click on object 'Object Repository/Page_tC Create/Hamburger Menu Button' (Root cause: com.kms.katalon.core.exception.StepFailedException: Unable to click on object 'Object Repository/Page_tC Create/Hamburger Menu Button'
	at com.kms.katalon.core.webui.keyword.internal.WebUIKeywordMain.stepFailed(WebUIKeywordMain.groovy:64)
	at com.kms.katalon.core.webui.keyword.internal.WebUIKeywordMain.runKeyword(WebUIKeywordMain.groovy:26)
	at com.kms.katalon.core.webui.keyword.builtin.ClickKeyword.click(ClickKeyword.groovy:75)
	at com.kms.katalon.core.webui.keyword.builtin.ClickKeyword.execute(ClickKeyword.groovy:42)
	at com.kms.katalon.core.keyword.internal.KeywordExecutor.executeKeywordForPlatform(KeywordExecutor.groovy:73)
	at com.kms.katalon.core.webui.keyword.WebUiBuiltInKeywords.click(WebUiBuiltInKeywords.groovy:607)
	at com.kms.katalon.core.webui.keyword.WebUiBuiltInKeywords$click$7.call(Unknown Source)
	at tN_Add New Resource.run(tN_Add New Resource:148)
	at com.kms.katalon.core.main.ScriptEngine.run(ScriptEngine.java:194)
	at com.kms.katalon.core.main.ScriptEngine.runScriptAsRawText(ScriptEngine.java:119)
	at com.kms.katalon.core.main.TestCaseExecutor.runScript(TestCaseExecutor.java:398)
	at com.kms.katalon.core.main.TestCaseExecutor.doExecute(TestCaseExecutor.java:389)
	at com.kms.katalon.core.main.TestCaseExecutor.processExecutionPhase(TestCaseExecutor.java:368)
	at com.kms.katalon.core.main.TestCaseExecutor.accessMainPhase(TestCaseExecutor.java:360)
	at com.kms.katalon.core.main.TestCaseExecutor.execute(TestCaseExecutor.java:255)
	at com.kms.katalon.core.main.TestSuiteExecutor.accessTestCaseMainPhase(TestSuiteExecutor.java:203)
	at com.kms.katalon.core.main.TestSuiteExecutor.accessTestSuiteMainPhase(TestSuiteExecutor.java:152)
	at com.kms.katalon.core.main.TestSuiteExecutor.execute(TestSuiteExecutor.java:95)
	at com.kms.katalon.core.main.TestCaseMain.startTestSuite(TestCaseMain.java:157)
	at com.kms.katalon.core.main.TestCaseMain$startTestSuite$0.call(Unknown Source)
	at TempTestSuite1612972445926.run(TempTestSuite1612972445926.groovy:39)
Caused by: org.openqa.selenium.ElementClickInterceptedException: element click intercepted: Element is not clickable at point (36, -32)
  (Session info: chrome=88.0.4324.150)
Build info: version: '3.141.59', revision: 'e82be7d358', time: '2018-11-14T08:25:53'
System info: host: 'ELSYs-MacBook-Pro.local', ip: 'fe80:0:0:0:8c2:8ba5:75e3:5575%en0', os.name: 'Mac OS X', os.arch: 'x86_64', os.version: '10.16', java.version: '1.8.0_275'
Driver info: com.kms.katalon.selenium.driver.CChromeDriver
Capabilities {acceptInsecureCerts: false, browserName: chrome, browserVersion: 88.0.4324.150, chrome: {chromedriverVersion: 88.0.4324.96 (68dba2d8a0b14..., userDataDir: /var/folders/sf/msc8p_nx3x3...}, goog:chromeOptions: {debuggerAddress: localhost:55455}, javascriptEnabled: true, networkConnectionEnabled: false, pageLoadStrategy: normal, platform: MAC, platformName: MAC, proxy: Proxy(), setWindowRect: true, strictFileInteractability: false, timeouts: {implicit: 0, pageLoad: 300000, script: 30000}, unhandledPromptBehavior: dismiss and notify, webauthn:extension:largeBlob: true, webauthn:virtualAuthenticators: true}
Session ID: cd261fd3518d847f7e602585e5bdf9ca
	at org.openqa.selenium.remote.http.W3CHttpResponseCodec.createException(W3CHttpResponseCodec.java:187)
	at org.openqa.selenium.remote.http.W3CHttpResponseCodec.decode(W3CHttpResponseCodec.java:122)
	at org.openqa.selenium.remote.http.W3CHttpResponseCodec.decode(W3CHttpResponseCodec.java:49)
	at org.openqa.selenium.remote.HttpCommandExecutor.execute(HttpCommandExecutor.java:158)
	at org.openqa.selenium.remote.service.DriverCommandExecutor.execute(DriverCommandExecutor.java:83)
	at org.openqa.selenium.remote.RemoteWebDriver.execute(RemoteWebDriver.java:552)
	at com.kms.katalon.selenium.driver.CChromeDriver.execute(CChromeDriver.java:19)
	at org.openqa.selenium.remote.RemoteWebElement.execute(RemoteWebElement.java:285)
	at org.openqa.selenium.remote.RemoteWebElement.click(RemoteWebElement.java:84)
	at org.openqa.selenium.support.events.EventFiringWebDriver$EventFiringWebElement.lambda$new$0(EventFiringWebDriver.java:404)
	at com.sun.proxy.$Proxy11.click(Unknown Source)
	at org.openqa.selenium.support.events.EventFiringWebDriver$EventFiringWebElement.click(EventFiringWebDriver.java:417)
	at com.kms.katalon.core.webui.keyword.builtin.ClickKeyword$_click_closure1.doCall(ClickKeyword.groovy:68)
	at com.kms.katalon.core.webui.keyword.builtin.ClickKeyword$_click_closure1.call(ClickKeyword.groovy)
	at com.kms.katalon.core.webui.keyword.internal.WebUIKeywordMain.runKeyword(WebUIKeywordMain.groovy:20)
	at com.kms.katalon.core.webui.keyword.builtin.ClickKeyword.click(ClickKeyword.groovy:75)
	at com.kms.katalon.core.webui.keyword.builtin.ClickKeyword.execute(ClickKeyword.groovy:42)
	at com.kms.katalon.core.keyword.internal.KeywordExecutor.executeKeywordForPlatform(KeywordExecutor.groovy:73)
	at com.kms.katalon.core.webui.keyword.WebUiBuiltInKeywords.click(WebUiBuiltInKeywords.groovy:607)
	at com.kms.katalon.core.webui.keyword.WebUiBuiltInKeywords$click$7.call(Unknown Source)
	at Script1609194777899.run(Script1609194777899.groovy:148)
	... 13 more
)

2021-02-10 11:02:09 - [MESSAGE][FAILED] - Unable to click on object 'Object Repository/Page_tC Create/Hamburger Menu Button' (Root cause: com.kms.katalon.core.exception.StepFailedException: Unable to click on object 'Object Repository/Page_tC Create/Hamburger Menu Button'
	at com.kms.katalon.core.webui.keyword.internal.WebUIKeywordMain.stepFailed(WebUIKeywordMain.groovy:64)
	at com.kms.katalon.core.webui.keyword.internal.WebUIKeywordMain.runKeyword(WebUIKeywordMain.groovy:26)
	at com.kms.katalon.core.webui.keyword.builtin.ClickKeyword.click(ClickKeyword.groovy:75)
	at com.kms.katalon.core.webui.keyword.builtin.ClickKeyword.execute(ClickKeyword.groovy:42)
	at com.kms.katalon.core.keyword.internal.KeywordExecutor.executeKeywordForPlatform(KeywordExecutor.groovy:73)
	at com.kms.katalon.core.webui.keyword.WebUiBuiltInKeywords.click(WebUiBuiltInKeywords.groovy:607)
	at com.kms.katalon.core.webui.keyword.WebUiBuiltInKeywords$click$7.call(Unknown Source)
	at tN_Add New Resource.run(tN_Add New Resource:148)
	at com.kms.katalon.core.main.ScriptEngine.run(ScriptEngine.java:194)
	at com.kms.katalon.core.main.ScriptEngine.runScriptAsRawText(ScriptEngine.java:119)
	at com.kms.katalon.core.main.TestCaseExecutor.runScript(TestCaseExecutor.java:398)
	at com.kms.katalon.core.main.TestCaseExecutor.doExecute(TestCaseExecutor.java:389)
	at com.kms.katalon.core.main.TestCaseExecutor.processExecutionPhase(TestCaseExecutor.java:368)
	at com.kms.katalon.core.main.TestCaseExecutor.accessMainPhase(TestCaseExecutor.java:360)
	at com.kms.katalon.core.main.TestCaseExecutor.execute(TestCaseExecutor.java:255)
	at com.kms.katalon.core.main.TestSuiteExecutor.accessTestCaseMainPhase(TestSuiteExecutor.java:203)
	at com.kms.katalon.core.main.TestSuiteExecutor.accessTestSuiteMainPhase(TestSuiteExecutor.java:152)
	at com.kms.katalon.core.main.TestSuiteExecutor.execute(TestSuiteExecutor.java:95)
	at com.kms.katalon.core.main.TestCaseMain.startTestSuite(TestCaseMain.java:157)
	at com.kms.katalon.core.main.TestCaseMain$startTestSuite$0.call(Unknown Source)
	at TempTestSuite1612972445926.run(TempTestSuite1612972445926.groovy:39)
Caused by: org.openqa.selenium.ElementClickInterceptedException: element click intercepted: Element is not clickable at point (36, -32)
  (Session info: chrome=88.0.4324.150)
Build info: version: '3.141.59', revision: 'e82be7d358', time: '2018-11-14T08:25:53'
System info: host: 'ELSYs-MacBook-Pro.local', ip: 'fe80:0:0:0:8c2:8ba5:75e3:5575%en0', os.name: 'Mac OS X', os.arch: 'x86_64', os.version: '10.16', java.version: '1.8.0_275'
Driver info: com.kms.katalon.selenium.driver.CChromeDriver
Capabilities {acceptInsecureCerts: false, browserName: chrome, browserVersion: 88.0.4324.150, chrome: {chromedriverVersion: 88.0.4324.96 (68dba2d8a0b14..., userDataDir: /var/folders/sf/msc8p_nx3x3...}, goog:chromeOptions: {debuggerAddress: localhost:55455}, javascriptEnabled: true, networkConnectionEnabled: false, pageLoadStrategy: normal, platform: MAC, platformName: MAC, proxy: Proxy(), setWindowRect: true, strictFileInteractability: false, timeouts: {implicit: 0, pageLoad: 300000, script: 30000}, unhandledPromptBehavior: dismiss and notify, webauthn:extension:largeBlob: true, webauthn:virtualAuthenticators: true}
Session ID: cd261fd3518d847f7e602585e5bdf9ca
	at org.openqa.selenium.remote.http.W3CHttpResponseCodec.createException(W3CHttpResponseCodec.java:187)
	at org.openqa.selenium.remote.http.W3CHttpResponseCodec.decode(W3CHttpResponseCodec.java:122)
	at org.openqa.selenium.remote.http.W3CHttpResponseCodec.decode(W3CHttpResponseCodec.java:49)
	at org.openqa.selenium.remote.HttpCommandExecutor.execute(HttpCommandExecutor.java:158)
	at org.openqa.selenium.remote.service.DriverCommandExecutor.execute(DriverCommandExecutor.java:83)
	at org.openqa.selenium.remote.RemoteWebDriver.execute(RemoteWebDriver.java:552)
	at com.kms.katalon.selenium.driver.CChromeDriver.execute(CChromeDriver.java:19)
	at org.openqa.selenium.remote.RemoteWebElement.execute(RemoteWebElement.java:285)
	at org.openqa.selenium.remote.RemoteWebElement.click(RemoteWebElement.java:84)
	at org.openqa.selenium.support.events.EventFiringWebDriver$EventFiringWebElement.lambda$new$0(EventFiringWebDriver.java:404)
	at com.sun.proxy.$Proxy11.click(Unknown Source)
	at org.openqa.selenium.support.events.EventFiringWebDriver$EventFiringWebElement.click(EventFiringWebDriver.java:417)
	at com.kms.katalon.core.webui.keyword.builtin.ClickKeyword$_click_closure1.doCall(ClickKeyword.groovy:68)
	at com.kms.katalon.core.webui.keyword.builtin.ClickKeyword$_click_closure1.call(ClickKeyword.groovy)
	at com.kms.katalon.core.webui.keyword.internal.WebUIKeywordMain.runKeyword(WebUIKeywordMain.groovy:20)
	at com.kms.katalon.core.webui.keyword.builtin.ClickKeyword.click(ClickKeyword.groovy:75)
	at com.kms.katalon.core.webui.keyword.builtin.ClickKeyword.execute(ClickKeyword.groovy:42)
	at com.kms.katalon.core.keyword.internal.KeywordExecutor.executeKeywordForPlatform(KeywordExecutor.groovy:73)
	at com.kms.katalon.core.webui.keyword.WebUiBuiltInKeywords.click(WebUiBuiltInKeywords.groovy:607)
	at com.kms.katalon.core.webui.keyword.WebUiBuiltInKeywords$click$7.call(Unknown Source)
	at Script1609194777899.run(Script1609194777899.groovy:148)
	... 13 more
)
[[ATTACHMENT|/Users/elsylitsonlambert/git/tcCreateQA/Reports/20210210_105405/Test Suite1- Regression/20210210_105405/1612972928876.png]]

2021-02-10 11:02:09 - [TEST_STEP][PASSED] - catch (Exception e): Object: 'Object Repository/Page_tC Create/button_DrawerOpen' is clicked on

2021-02-10 11:02:09 - [TEST_STEP][PASSED] - scrollToElement(findTestObject("Object Repository/Page_tC Create/chip_Repo"), 2): Scroll to object 'Object Repository/Page_tC Create/chip_Repo' successfully

2021-02-10 11:02:10 - [MESSAGE][PASSED] - Scroll to object 'Object Repository/Page_tC Create/chip_Repo' successfully

2021-02-10 11:02:10 - [TEST_STEP][PASSED] - click(findTestObject("Page_tC Create/button_DrawerOpen"), STOP_ON_FAILURE): Object: 'Object Repository/Page_tC Create/button_DrawerOpen' is clicked on

2021-02-10 11:02:11 - [MESSAGE][PASSED] - Object: 'Object Repository/Page_tC Create/button_DrawerOpen' is clicked on

2021-02-10 11:02:11 - [TEST_STEP][PASSED] - click(findTestObject("Object Repository/Page_tC Create/Add new resource objects/span_en_tn_01-GEN.tsv")): Object: 'Object Repository/Page_tC Create/Add new resource objects/span_en_tn_01-GEN.tsv' is clicked on

2021-02-10 11:02:13 - [MESSAGE][PASSED] - Object: 'Object Repository/Page_tC Create/Add new resource objects/span_en_tn_01-GEN.tsv' is clicked on

2021-02-10 11:02:13 - [TEST_STEP][PASSED] - click(findTestObject("Object Repository/Page_tC Create/button_DrawerClose")): Object: 'Object Repository/Page_tC Create/button_DrawerClose' is clicked on

2021-02-10 11:02:19 - [MESSAGE][PASSED] - Object: 'Object Repository/Page_tC Create/button_DrawerClose' is clicked on

2021-02-10 11:02:19 - [TEST_STEP][PASSED] - delay(1): Delayed 1 second(s)

2021-02-10 11:02:20 - [MESSAGE][PASSED] - Delayed 1 second(s)

2021-02-10 11:02:20 - [TEST_STEP][PASSED] - if (verifyElementVisible(findTestObject("Object Repository/Page_tC Create/Add new resource objects/h6_GEN frontintro"), CONTINUE_ON_FAILURE)): null

2021-02-10 11:02:22 - [MESSAGE][PASSED] - Object 'Object Repository/Page_tC Create/Add new resource objects/h6_GEN frontintro' is visible

2021-02-10 11:02:22 - [TEST_STEP][PASSED] - logInfo("Other Books which do not have the added resource did not crash "): Other Books which do not have the added resource did not crash 

2021-02-10 11:02:22 - [MESSAGE][INFO] - Other Books which do not have the added resource did not crash 

2021-02-10 11:02:22 - [TEST_STEP][PASSED] - closeBrowser(): Browser is closed

2021-02-10 11:02:22 - [MESSAGE][PASSED] - Browser is closed]]></system-out>
         <system-err><![CDATA[]]></system-err>
      </testcase>
      <testcase name="Test Cases/tCC Test Cases/Tool Tips" time="71.023" classname="Test Cases/tCC Test Cases/Tool Tips" status="PASSED">
         <system-out><![CDATA[2021-02-10 11:02:22 - [TEST_CASE][PASSED] - Test Cases/tCC Test Cases/Tool Tips: Test Cases/tCC Test Cases/Tool Tips

2021-02-10 11:02:23 - [TEST_STEP][PASSED] - com.helper.login.loginhelper.logintoapp(): com.helper.login.loginhelper.logintoapp is PASSED

2021-02-10 11:02:23 - [MESSAGE][INFO] - Starting 'Chrome' driver

2021-02-10 11:02:23 - [MESSAGE][INFO] - Action delay is set to 1,000 milliseconds

2021-02-10 11:02:24 - [MESSAGE][WARNING] - FFmpeg was not installed! Browser Recording will be disabled. Please follow this document to install FFmpeg first: https://docs.katalon.com/katalon-studio/docs/screenshots-videos.html#browser-based-recorder

2021-02-10 11:02:27 - [MESSAGE][PASSED] - Browser is opened with url: 'https://develop--tc-create-app.netlify.app/'

2021-02-10 11:02:27 - [MESSAGE][PASSED] - Wait for page load successfully

2021-02-10 11:02:27 - [MESSAGE][PASSED] - Current window maximized

2021-02-10 11:02:28 - [MESSAGE][PASSED] - Keys 'elsylambert' sent to object: 'Object Repository/Page_tC Create/input__username'

2021-02-10 11:02:31 - [MESSAGE][PASSED] - Keys 'fatak43' sent to object: 'Object Repository/Page_tC Create/input__password'

2021-02-10 11:02:34 - [MESSAGE][PASSED] - Object: 'Object Repository/Page_tC Create/button_Login' is clicked on

2021-02-10 11:02:35 - [MESSAGE][PASSED] - Delayed 1 second(s)

2021-02-10 11:02:37 - [MESSAGE][PASSED] - Text of object 'Object Repository/Page_tC Create/tcc-version number' is: 'translationCore Create - v1.1.0-rc.7 build 22-ebe4a7c'

2021-02-10 11:02:37 - [MESSAGE][INFO] - : The current version and build number is translationCore Create - v1.1.0-rc.7 build 22-ebe4a7c

2021-02-10 11:02:37 - [MESSAGE][PASSED] - com.helper.login.loginhelper.logintoapp is PASSED

2021-02-10 11:02:37 - [TEST_STEP][PASSED] - click(findTestObject("Page_tC Create/Add new resource objects/span_unfoldingWord")): Object: 'Object Repository/Page_tC Create/Add new resource objects/span_unfoldingWord' is clicked on

2021-02-10 11:02:40 - [MESSAGE][PASSED] - Object: 'Object Repository/Page_tC Create/Add new resource objects/span_unfoldingWord' is clicked on

2021-02-10 11:02:40 - [TEST_STEP][PASSED] - click(findTestObject("Page_tC Create/Add new resource objects/span_unfoldingWord Translation Notes")): Object: 'Object Repository/Page_tC Create/Add new resource objects/span_unfoldingWord Translation Notes' is clicked on

2021-02-10 11:02:44 - [MESSAGE][PASSED] - Object: 'Object Repository/Page_tC Create/Add new resource objects/span_unfoldingWord Translation Notes' is clicked on

2021-02-10 11:02:44 - [TEST_STEP][PASSED] - click(findTestObject("Page_tC Create/Add new resource objects/div_Select Language")): Object: 'Object Repository/Page_tC Create/Add new resource objects/div_Select Language' is clicked on

2021-02-10 11:02:47 - [MESSAGE][PASSED] - Object: 'Object Repository/Page_tC Create/Add new resource objects/div_Select Language' is clicked on

2021-02-10 11:02:47 - [TEST_STEP][PASSED] - setText(findTestObject("Object Repository/Page_tC Create/Add new resource objects/input_Step4Select Your Language_react-selec_aae5da"), "en"): Text 'en' is set on object 'Object Repository/Page_tC Create/Add new resource objects/input_Step4Select Your Language_react-selec_aae5da'

2021-02-10 11:02:53 - [MESSAGE][PASSED] - Text 'en' is set on object 'Object Repository/Page_tC Create/Add new resource objects/input_Step4Select Your Language_react-selec_aae5da'

2021-02-10 11:02:53 - [TEST_STEP][PASSED] - click(findTestObject("Page_tC Create/Add new resource objects/div_en - English - English (Europe Gateway)")): Object: 'Object Repository/Page_tC Create/Add new resource objects/div_en - English - English (Europe Gateway)' is clicked on

2021-02-10 11:02:56 - [MESSAGE][PASSED] - Object: 'Object Repository/Page_tC Create/Add new resource objects/div_en - English - English (Europe Gateway)' is clicked on

2021-02-10 11:02:56 - [TEST_STEP][PASSED] - click(findTestObject("Page_tC Create/Add new resource objects/span_en_tn_57-TIT.tsv")): Object: 'Object Repository/Page_tC Create/Add new resource objects/span_en_tn_57-TIT.tsv' is clicked on

2021-02-10 11:02:59 - [MESSAGE][PASSED] - Object: 'Object Repository/Page_tC Create/Add new resource objects/span_en_tn_57-TIT.tsv' is clicked on

2021-02-10 11:02:59 - [TEST_STEP][PASSED] - testToolTip("Object Repository/Tool tips/button_Search", "Search"): null

2021-02-10 11:02:59 - [TEST_STEP][PASSED] - actualTooltip = getAttribute(findTestObject(button), "title"): Attribute 'title' of object 'Object Repository/Tool tips/button_Search' is: 'Search'

2021-02-10 11:03:02 - [MESSAGE][PASSED] - Attribute 'title' of object 'Object Repository/Tool tips/button_Search' is: 'Search'

2021-02-10 11:03:02 - [TEST_STEP][PASSED] - out.println("Actual Title of Tool Tip for button " + toolTip + " is " + actualTooltip): null

2021-02-10 11:03:02 - [TEST_STEP][PASSED] - expectedTooltip = toolTip: null

2021-02-10 11:03:02 - [TEST_STEP][PASSED] - if (actualTooltip.equals(expectedTooltip)): null

2021-02-10 11:03:02 - [TEST_STEP][PASSED] - out.println("Test Case Passed for " + toolTip): null

2021-02-10 11:03:02 - [TEST_STEP][PASSED] - testToolTip("Object Repository/Tool tips/button_Filter table", "Filter Table"): null

2021-02-10 11:03:02 - [TEST_STEP][PASSED] - actualTooltip = getAttribute(findTestObject(button), "title"): Attribute 'title' of object 'Object Repository/Tool tips/button_Filter table' is: 'Filter Table'

2021-02-10 11:03:04 - [MESSAGE][PASSED] - Attribute 'title' of object 'Object Repository/Tool tips/button_Filter table' is: 'Filter Table'

2021-02-10 11:03:04 - [TEST_STEP][PASSED] - out.println("Actual Title of Tool Tip for button " + toolTip + " is " + actualTooltip): null

2021-02-10 11:03:04 - [TEST_STEP][PASSED] - expectedTooltip = toolTip: null

2021-02-10 11:03:04 - [TEST_STEP][PASSED] - if (actualTooltip.equals(expectedTooltip)): null

2021-02-10 11:03:04 - [TEST_STEP][PASSED] - out.println("Test Case Passed for " + toolTip): null

2021-02-10 11:03:04 - [TEST_STEP][PASSED] - testToolTip("Object Repository/Tool tips/button_view columns", "View Columns"): null

2021-02-10 11:03:04 - [TEST_STEP][PASSED] - actualTooltip = getAttribute(findTestObject(button), "title"): Attribute 'title' of object 'Object Repository/Tool tips/button_view columns' is: 'View Columns'

2021-02-10 11:03:06 - [MESSAGE][PASSED] - Attribute 'title' of object 'Object Repository/Tool tips/button_view columns' is: 'View Columns'

2021-02-10 11:03:06 - [TEST_STEP][PASSED] - out.println("Actual Title of Tool Tip for button " + toolTip + " is " + actualTooltip): null

2021-02-10 11:03:06 - [TEST_STEP][PASSED] - expectedTooltip = toolTip: null

2021-02-10 11:03:06 - [TEST_STEP][PASSED] - if (actualTooltip.equals(expectedTooltip)): null

2021-02-10 11:03:06 - [TEST_STEP][PASSED] - out.println("Test Case Passed for " + toolTip): null

2021-02-10 11:03:06 - [TEST_STEP][PASSED] - testToolTip("Object Repository/Tool tips/button_Validate", "Validate"): null

2021-02-10 11:03:06 - [TEST_STEP][PASSED] - actualTooltip = getAttribute(findTestObject(button), "title"): Attribute 'title' of object 'Object Repository/Tool tips/button_Validate' is: 'Validate'

2021-02-10 11:03:08 - [MESSAGE][PASSED] - Attribute 'title' of object 'Object Repository/Tool tips/button_Validate' is: 'Validate'

2021-02-10 11:03:08 - [TEST_STEP][PASSED] - out.println("Actual Title of Tool Tip for button " + toolTip + " is " + actualTooltip): null

2021-02-10 11:03:08 - [TEST_STEP][PASSED] - expectedTooltip = toolTip: null

2021-02-10 11:03:08 - [TEST_STEP][PASSED] - if (actualTooltip.equals(expectedTooltip)): null

2021-02-10 11:03:08 - [TEST_STEP][PASSED] - out.println("Test Case Passed for " + toolTip): null

2021-02-10 11:03:08 - [TEST_STEP][PASSED] - testToolTip("Object Repository/Tool tips/button_Preview", "Preview"): null

2021-02-10 11:03:08 - [TEST_STEP][PASSED] - actualTooltip = getAttribute(findTestObject(button), "title"): Attribute 'title' of object 'Object Repository/Tool tips/button_Preview' is: 'Preview'

2021-02-10 11:03:10 - [MESSAGE][PASSED] - Attribute 'title' of object 'Object Repository/Tool tips/button_Preview' is: 'Preview'

2021-02-10 11:03:10 - [TEST_STEP][PASSED] - out.println("Actual Title of Tool Tip for button " + toolTip + " is " + actualTooltip): null

2021-02-10 11:03:10 - [TEST_STEP][PASSED] - expectedTooltip = toolTip: null

2021-02-10 11:03:10 - [TEST_STEP][PASSED] - if (actualTooltip.equals(expectedTooltip)): null

2021-02-10 11:03:10 - [TEST_STEP][PASSED] - out.println("Test Case Passed for " + toolTip): null

2021-02-10 11:03:10 - [TEST_STEP][PASSED] - testToolTip("Object Repository/Tool tips/button_add a new row", "Add a Row"): null

2021-02-10 11:03:10 - [TEST_STEP][PASSED] - actualTooltip = getAttribute(findTestObject(button), "title"): Attribute 'title' of object 'Object Repository/Tool tips/button_add a new row' is: 'Add a Row'

2021-02-10 11:03:12 - [MESSAGE][PASSED] - Attribute 'title' of object 'Object Repository/Tool tips/button_add a new row' is: 'Add a Row'

2021-02-10 11:03:12 - [TEST_STEP][PASSED] - out.println("Actual Title of Tool Tip for button " + toolTip + " is " + actualTooltip): null

2021-02-10 11:03:12 - [TEST_STEP][PASSED] - expectedTooltip = toolTip: null

2021-02-10 11:03:12 - [TEST_STEP][PASSED] - if (actualTooltip.equals(expectedTooltip)): null

2021-02-10 11:03:12 - [TEST_STEP][PASSED] - out.println("Test Case Passed for " + toolTip): null

2021-02-10 11:03:12 - [TEST_STEP][PASSED] - testToolTip("Object Repository/Tool tips/button_Delete new row", "Delete a Row"): null

2021-02-10 11:03:12 - [TEST_STEP][PASSED] - actualTooltip = getAttribute(findTestObject(button), "title"): Attribute 'title' of object 'Object Repository/Tool tips/button_Delete new row' is: 'Delete a Row'

2021-02-10 11:03:14 - [MESSAGE][PASSED] - Attribute 'title' of object 'Object Repository/Tool tips/button_Delete new row' is: 'Delete a Row'

2021-02-10 11:03:14 - [TEST_STEP][PASSED] - out.println("Actual Title of Tool Tip for button " + toolTip + " is " + actualTooltip): null

2021-02-10 11:03:14 - [TEST_STEP][PASSED] - expectedTooltip = toolTip: null

2021-02-10 11:03:14 - [TEST_STEP][PASSED] - if (actualTooltip.equals(expectedTooltip)): null

2021-02-10 11:03:14 - [TEST_STEP][PASSED] - out.println("Test Case Passed for " + toolTip): null

2021-02-10 11:03:14 - [TEST_STEP][PASSED] - testToolTip("Object Repository/Tool tips/button_Move Row Down", "Move Row Down"): null

2021-02-10 11:03:14 - [TEST_STEP][PASSED] - actualTooltip = getAttribute(findTestObject(button), "title"): Attribute 'title' of object 'Object Repository/Tool tips/button_Move Row Down' is: 'Move Row Down'

2021-02-10 11:03:16 - [MESSAGE][PASSED] - Attribute 'title' of object 'Object Repository/Tool tips/button_Move Row Down' is: 'Move Row Down'

2021-02-10 11:03:16 - [TEST_STEP][PASSED] - out.println("Actual Title of Tool Tip for button " + toolTip + " is " + actualTooltip): null

2021-02-10 11:03:16 - [TEST_STEP][PASSED] - expectedTooltip = toolTip: null

2021-02-10 11:03:16 - [TEST_STEP][PASSED] - if (actualTooltip.equals(expectedTooltip)): null

2021-02-10 11:03:16 - [TEST_STEP][PASSED] - out.println("Test Case Passed for " + toolTip): null

2021-02-10 11:03:16 - [TEST_STEP][PASSED] - testToolTip("Object Repository/Tool tips/button_Move row up", "Move Row Up"): null

2021-02-10 11:03:16 - [TEST_STEP][PASSED] - actualTooltip = getAttribute(findTestObject(button), "title"): Attribute 'title' of object 'Object Repository/Tool tips/button_Move row up' is: 'Move Row Up'

2021-02-10 11:03:18 - [MESSAGE][PASSED] - Attribute 'title' of object 'Object Repository/Tool tips/button_Move row up' is: 'Move Row Up'

2021-02-10 11:03:18 - [TEST_STEP][PASSED] - out.println("Actual Title of Tool Tip for button " + toolTip + " is " + actualTooltip): null

2021-02-10 11:03:18 - [TEST_STEP][PASSED] - expectedTooltip = toolTip: null

2021-02-10 11:03:18 - [TEST_STEP][PASSED] - if (actualTooltip.equals(expectedTooltip)): null

2021-02-10 11:03:18 - [TEST_STEP][PASSED] - out.println("Test Case Passed for " + toolTip): null

2021-02-10 11:03:18 - [TEST_STEP][PASSED] - testToolTip("Object Repository/Tool tips/button_Manage Versions", "Manage Versions"): null

2021-02-10 11:03:18 - [TEST_STEP][PASSED] - actualTooltip = getAttribute(findTestObject(button), "title"): Attribute 'title' of object 'Object Repository/Tool tips/button_Manage Versions' is: 'Manage Versions'

2021-02-10 11:03:20 - [MESSAGE][PASSED] - Attribute 'title' of object 'Object Repository/Tool tips/button_Manage Versions' is: 'Manage Versions'

2021-02-10 11:03:20 - [TEST_STEP][PASSED] - out.println("Actual Title of Tool Tip for button " + toolTip + " is " + actualTooltip): null

2021-02-10 11:03:20 - [TEST_STEP][PASSED] - expectedTooltip = toolTip: null

2021-02-10 11:03:20 - [TEST_STEP][PASSED] - if (actualTooltip.equals(expectedTooltip)): null

2021-02-10 11:03:20 - [TEST_STEP][PASSED] - out.println("Test Case Passed for " + toolTip): null

2021-02-10 11:03:20 - [TEST_STEP][PASSED] - scrollToElement(findTestObject("Object Repository/Tool tips/button_Expand chapter"), 2): Scroll to object 'Object Repository/Tool tips/button_Expand chapter' successfully

2021-02-10 11:03:22 - [MESSAGE][PASSED] - Scroll to object 'Object Repository/Tool tips/button_Expand chapter' successfully

2021-02-10 11:03:22 - [TEST_STEP][PASSED] - testToggleTip("Object Repository/Tool tips/button_Expand chapter", "Expand Chapter", "Object Repository/Tool tips/button_collapse-chapter", "Collapse Chapter"): null

2021-02-10 11:03:22 - [TEST_STEP][PASSED] - actualTooltip = getAttribute(findTestObject(button1), "title"): Attribute 'title' of object 'Object Repository/Tool tips/button_Expand chapter' is: 'Expand Chapter'

2021-02-10 11:03:24 - [MESSAGE][PASSED] - Attribute 'title' of object 'Object Repository/Tool tips/button_Expand chapter' is: 'Expand Chapter'

2021-02-10 11:03:24 - [TEST_STEP][PASSED] - out.println("Actual Title of Tool Tip for button " + toolTip + " is " + actualTooltip): null

2021-02-10 11:03:24 - [TEST_STEP][PASSED] - expectedTooltip = toolTip: null

2021-02-10 11:03:24 - [TEST_STEP][PASSED] - if (actualTooltip.equals(expectedTooltip)): null

2021-02-10 11:03:24 - [TEST_STEP][PASSED] - out.println("Test Case Passed for " + toolTip): null

2021-02-10 11:03:24 - [TEST_STEP][PASSED] - delay(2): Delayed 2 second(s)

2021-02-10 11:03:26 - [MESSAGE][PASSED] - Delayed 2 second(s)

2021-02-10 11:03:26 - [TEST_STEP][PASSED] - click(findTestObject(button1)): Object: 'Object Repository/Tool tips/button_Expand chapter' is clicked on

2021-02-10 11:03:29 - [MESSAGE][PASSED] - Object: 'Object Repository/Tool tips/button_Expand chapter' is clicked on

2021-02-10 11:03:29 - [TEST_STEP][PASSED] - button = toggleButton: null

2021-02-10 11:03:29 - [TEST_STEP][PASSED] - toggleTipTest = toggleTip: null

2021-02-10 11:03:29 - [TEST_STEP][PASSED] - out.println("Togglebutton" + button): null

2021-02-10 11:03:29 - [TEST_STEP][PASSED] - out.println("ToggleTip" + toggleTipTest): null

2021-02-10 11:03:29 - [TEST_STEP][PASSED] - delay(2): Delayed 2 second(s)

2021-02-10 11:03:31 - [MESSAGE][PASSED] - Delayed 2 second(s)

2021-02-10 11:03:31 - [TEST_STEP][PASSED] - testToolTip(button, toggleTipTest): null

2021-02-10 11:03:31 - [TEST_STEP][PASSED] - actualTooltip = getAttribute(findTestObject(button), "title"): Attribute 'title' of object 'Object Repository/Tool tips/button_collapse-chapter' is: ''

2021-02-10 11:03:33 - [MESSAGE][PASSED] - Attribute 'title' of object 'Object Repository/Tool tips/button_collapse-chapter' is: ''

2021-02-10 11:03:33 - [TEST_STEP][PASSED] - out.println("Actual Title of Tool Tip for button " + toolTip + " is " + actualTooltip): null

2021-02-10 11:03:33 - [TEST_STEP][PASSED] - expectedTooltip = toolTip: null

2021-02-10 11:03:33 - [TEST_STEP][PASSED] - if (actualTooltip.equals(expectedTooltip)): null

2021-02-10 11:03:33 - [TEST_STEP][PASSED] - else: null

2021-02-10 11:03:33 - [TEST_STEP][PASSED] - out.println("Test Case failed- Tool tips are different"): null

2021-02-10 11:03:33 - [TEST_STEP][PASSED] - closeBrowser(): Browser is closed

2021-02-10 11:03:33 - [MESSAGE][PASSED] - Browser is closed]]></system-out>
         <system-err><![CDATA[]]></system-err>
      </testcase>
      <testcase name="Test Cases/tCC Test Cases/tA buttons funtions" time="55.004" classname="Test Cases/tCC Test Cases/tA buttons funtions" status="PASSED">
         <system-out><![CDATA[2021-02-10 11:03:33 - [TEST_CASE][PASSED] - Test Cases/tCC Test Cases/tA buttons funtions: Test Cases/tCC Test Cases/tA buttons funtions

2021-02-10 11:03:34 - [TEST_STEP][PASSED] - com.tccreate.keywords.WriteToFile.writeTofilename("tA-buttons"): com.tccreate.keywords.WriteToFile.writeTofilename is PASSED

2021-02-10 11:03:34 - [MESSAGE][PASSED] - com.tccreate.keywords.WriteToFile.writeTofilename is PASSED

2021-02-10 11:03:34 - [TEST_STEP][PASSED] - com.helper.login.TimeDate.getTimeDate(): com.helper.login.TimeDate.getTimeDate is PASSED

2021-02-10 11:03:34 - [MESSAGE][INFO] - Time at which the test run:2021-02-10 11:03:34.111

2021-02-10 11:03:34 - [MESSAGE][PASSED] - com.helper.login.TimeDate.getTimeDate is PASSED

2021-02-10 11:03:34 - [TEST_STEP][PASSED] - com.helper.login.loginhelper.logintoapp(): com.helper.login.loginhelper.logintoapp is PASSED

2021-02-10 11:03:34 - [MESSAGE][INFO] - Starting 'Chrome' driver

2021-02-10 11:03:34 - [MESSAGE][INFO] - Action delay is set to 1,000 milliseconds

2021-02-10 11:03:35 - [MESSAGE][WARNING] - FFmpeg was not installed! Browser Recording will be disabled. Please follow this document to install FFmpeg first: https://docs.katalon.com/katalon-studio/docs/screenshots-videos.html#browser-based-recorder

2021-02-10 11:03:38 - [MESSAGE][PASSED] - Browser is opened with url: 'https://develop--tc-create-app.netlify.app/'

2021-02-10 11:03:38 - [MESSAGE][PASSED] - Wait for page load successfully

2021-02-10 11:03:38 - [MESSAGE][PASSED] - Current window maximized

2021-02-10 11:03:40 - [MESSAGE][PASSED] - Keys 'elsylambert' sent to object: 'Object Repository/Page_tC Create/input__username'

2021-02-10 11:03:41 - [MESSAGE][PASSED] - Keys 'fatak43' sent to object: 'Object Repository/Page_tC Create/input__password'

2021-02-10 11:03:43 - [MESSAGE][PASSED] - Object: 'Object Repository/Page_tC Create/button_Login' is clicked on

2021-02-10 11:03:44 - [MESSAGE][PASSED] - Delayed 1 second(s)

2021-02-10 11:03:46 - [MESSAGE][PASSED] - Text of object 'Object Repository/Page_tC Create/tcc-version number' is: 'translationCore Create - v1.1.0-rc.7 build 22-ebe4a7c'

2021-02-10 11:03:46 - [MESSAGE][INFO] - : The current version and build number is translationCore Create - v1.1.0-rc.7 build 22-ebe4a7c

2021-02-10 11:03:46 - [MESSAGE][PASSED] - com.helper.login.loginhelper.logintoapp is PASSED

2021-02-10 11:03:46 - [TEST_STEP][PASSED] - click(findTestObject("Page_tC Create/Organization unfoldingWord")): Object: 'Object Repository/Page_tC Create/Organization unfoldingWord' is clicked on

2021-02-10 11:03:49 - [MESSAGE][PASSED] - Object: 'Object Repository/Page_tC Create/Organization unfoldingWord' is clicked on

2021-02-10 11:03:49 - [TEST_STEP][PASSED] - click(findTestObject("Object Repository/Page_tC Create/div_unfoldingWord Translation Academyunfold_cb119f")): Object: 'Object Repository/Page_tC Create/div_unfoldingWord Translation Academyunfold_cb119f' is clicked on

2021-02-10 11:03:52 - [MESSAGE][PASSED] - Object: 'Object Repository/Page_tC Create/div_unfoldingWord Translation Academyunfold_cb119f' is clicked on

2021-02-10 11:03:52 - [TEST_STEP][PASSED] - click(findTestObject("Object Repository/Page_tC Create/p_Select Language")): Object: 'Object Repository/Page_tC Create/p_Select Language' is clicked on

2021-02-10 11:03:55 - [MESSAGE][PASSED] - Object: 'Object Repository/Page_tC Create/p_Select Language' is clicked on

2021-02-10 11:03:55 - [TEST_STEP][PASSED] - setText(findTestObject("Object Repository/Page_tC Create/input_Step4Select Your Language_react-selec_aae5da"), "en"): Text 'en' is set on object 'Object Repository/Page_tC Create/input_Step4Select Your Language_react-selec_aae5da'

2021-02-10 11:04:01 - [MESSAGE][PASSED] - Text 'en' is set on object 'Object Repository/Page_tC Create/input_Step4Select Your Language_react-selec_aae5da'

2021-02-10 11:04:01 - [TEST_STEP][PASSED] - click(findTestObject("Object Repository/Page_tC Create/div_en - English - English (Europe Gateway)")): Object: 'Object Repository/Page_tC Create/div_en - English - English (Europe Gateway)' is clicked on

2021-02-10 11:04:04 - [MESSAGE][PASSED] - Object: 'Object Repository/Page_tC Create/div_en - English - English (Europe Gateway)' is clicked on

2021-02-10 11:04:04 - [TEST_STEP][PASSED] - click(findTestObject("Page_tC Create/span_translate")): Object: 'Object Repository/Page_tC Create/span_translate' is clicked on

2021-02-10 11:04:07 - [MESSAGE][PASSED] - Object: 'Object Repository/Page_tC Create/span_translate' is clicked on

2021-02-10 11:04:07 - [TEST_STEP][PASSED] - click(findTestObject("Object Repository/Page_tC Create/span_bita-farming")): Object: 'Object Repository/Page_tC Create/span_bita-farming' is clicked on

2021-02-10 11:04:10 - [MESSAGE][PASSED] - Object: 'Object Repository/Page_tC Create/span_bita-farming' is clicked on

2021-02-10 11:04:10 - [TEST_STEP][PASSED] - click(findTestObject("Object Repository/Page_tC Create/span_01.md")): Object: 'Object Repository/Page_tC Create/span_01.md' is clicked on

2021-02-10 11:04:13 - [MESSAGE][PASSED] - Object: 'Object Repository/Page_tC Create/span_01.md' is clicked on

2021-02-10 11:04:13 - [TEST_STEP][PASSED] - click(findTestObject("Object Repository/tA/button_Sections")): Object: 'Object Repository/tA/button_Sections' is clicked on

2021-02-10 11:04:16 - [MESSAGE][PASSED] - Object: 'Object Repository/tA/button_Sections' is clicked on

2021-02-10 11:04:16 - [TEST_STEP][PASSED] - if (verifyElementNotPresent(findTestObject("Object Repository/tA/div_A FARMER represents God, collapse tab"), 2, CONTINUE_ON_FAILURE)): null

2021-02-10 11:04:18 - [MESSAGE][PASSED] - Web element with id: 'Object Repository/tA/div_A FARMER represents God, collapse tab' located by 'By.xpath: //div[@id='root']/div/div/div/div[2]/div[2]/div[2]/div/div[2]' is not present after '2' second(s)

2021-02-10 11:04:18 - [TEST_STEP][PASSED] - logInfo("Collapsable Sections are not visible and is expanded as expected 
"): Collapsable Sections are not visible and is expanded as expected 


2021-02-10 11:04:18 - [MESSAGE][INFO] - Collapsable Sections are not visible and is expanded as expected 


2021-02-10 11:04:18 - [TEST_STEP][PASSED] - if (getText(findTestObject("Object Repository/tA/div_My well beloved had a vineyard")).contains("My well beloved had a vineyard")): null

2021-02-10 11:04:20 - [MESSAGE][PASSED] - Text of object 'Object Repository/tA/div_My well beloved had a vineyard' is: 'My well beloved had a vineyard on a very fertile hill.
He spaded it, removed the stones, and planted it with an excellent kind of vine.
He built a tower in the middle of it, and also built a winepress.
He waited for it to produce grapes, but it only produced wild grapes. (Isaiah 5:1-2)
For the kingdom of heaven is like a landowner who went out early in the morning to hire workers for his vineyard. (Matthew 20:1 ULT)
There was a man, a landowner. He planted a vineyard, set a hedge about it, dug a winepress in it, built a watchtower, and rented it out to vine growers. Then he went into another country. (Matthew 21:33 ULT)'

2021-02-10 11:04:20 - [TEST_STEP][PASSED] - logInfo("Section is expanded as expected and text is visible 
"): Section is expanded as expected and text is visible 


2021-02-10 11:04:20 - [MESSAGE][INFO] - Section is expanded as expected and text is visible 


2021-02-10 11:04:20 - [TEST_STEP][PASSED] - click(findTestObject("Object Repository/tA/button_Blocks")): Object: 'Object Repository/tA/button_Blocks' is clicked on

2021-02-10 11:04:23 - [MESSAGE][PASSED] - Object: 'Object Repository/tA/button_Blocks' is clicked on

2021-02-10 11:04:23 - [TEST_STEP][PASSED] - click(findTestObject("Object Repository/tA/button_Preview")): Object: 'Object Repository/tA/button_Preview' is clicked on

2021-02-10 11:04:26 - [MESSAGE][PASSED] - Object: 'Object Repository/tA/button_Preview' is clicked on

2021-02-10 11:04:26 - [TEST_STEP][PASSED] - if (getText(findTestObject("Object Repository/tA/block in preview mode")).contains(">")): null

2021-02-10 11:04:28 - [MESSAGE][PASSED] - Text of object 'Object Repository/tA/block in preview mode' is: 'Some common [metonymies](../figs-metonymy/01.md) and [metaphors](../figs-metaphor/01.md) from the Bible relating to farming are listed below in alphabetical order. The word in all capital letters identifies an Image that represents an Idea. The specific word of the Image may not appear in every verse that uses the Image, but the text will communicate somehow the concept of the Image.

#### A FARMER represents God, and the VINEYARD represents his chosen people test edit by the test script

> My well beloved had a **vineyard** on a very fertile hill.
> He spaded it, removed the stones, and planted it with an excellent kind of vine.
> He built a tower in the middle of it, and also built a winepress.
> He waited for it to produce grapes, but it only produced wild grapes. (Isaiah 5:1-2)
>
> For the kingdom of heaven is like a landowner who went out early in the morning to hire workers for his **vineyard**. (Matthew 20:1 ULT)
>
> There was a man, a landowner. He planted a **vineyard**, set a hedge about it, dug a winepress in it, built a watchtower, and rented it out to vine growers. Then he went into another country. (Matthew 21:33 ULT)

#### The GROUND represents peoples hearts (inner being)

> For Yahweh says this to each person in Judah and Jerusalem: Plow your own **ground**, and do not sow among thorns. (Jeremiah 4:3 ULT)
>
> When anyone hears the word of the kingdom but does not understand it  This is the seed that was sown **beside the road**. That which was sown on **rocky ground** is the person who hears the word and immediately receives it with joy  That which was sown **among the thorn plants**, this is the person who hears the word, but the cares of the world and the deceitfulness of riches choke the word That which was sown on the **good soil**, this is the person who hears the word and understands it. (Matthew 13:19-23 ULT)
>
> Break up your **unplowed ground**,
> for it is time to seek Yahweh. (Hosea 10:12 ULT)

#### SOWING represents actions or attitudes, and REAPING represents judgment or reward

> According to what I have seen, those who plow iniquity and **sow** trouble **reap** it. (Job 4:8 ULT)
>
> Do not be deceived. God is not mocked, for whatever a man **plants**, that he will also **gather** in. For he who **plants** seed to his own sinful nature, from the sinful nature **will gathe**r in destruction. But the one who **plants** seed to the Spirit, from the Spirit **will gather** in eternal life. (Galatians 6:7-8 ULT)

#### THRESHING and WINNOWING represent the separation of evil people from good people

After farmers harvest wheat and other types of grain, they bring them to a **threshing floor**, a flat place with hard ground, and have oxen pull heavy wheeled carts or sleds without wheels over the grain to **thresh** it, to separate the usable grains from the useless chaff. Then they take large forks and **winnow** the threshed grain by throwing it up in the air so the wind can carry off the chaff (waste) while the grains fall back to the threshing floor, where they can be gathered and used for food. (See thresh and winnow pages in [unfoldingWord Translation Words](http://ufw.io/tw/) for help translating thresh and winnow.)

> So I will **winnow** them with a pitchfork at the gates of the land. I will bereave them. I will destroy my people since they will not turn from their ways. (Jeremiah 15:7 ULT)
>
> His **winnowing fork** is in his hand to thoroughly clear off his **threshing floor** and to gather the wheat into his storehouse. But he will burn up the chaff with unquenchable fire. (Luke 3:17 ULT)

#### GRAFTING represents Gods allowing the Gentiles to become his people

> For if you were cut out of what is by nature a wild olive tree, and contrary to nature were **grafted** into a good olive tree, how much more will these Jews, who are the natural branches, be **grafted** back into their own olive tree? For I do not want you to be unaware, brothers, of this mystery, in order that you will not be wise in your own thinking. This mystery is that a partial hardening has occurred in Israel, until the completion of the Gentiles come in. (Romans 11:24-25 ULT)

#### RAIN represents Gods gifts to his people

>  he comes and **rains** righteousness on you. (Hosea 10:12b ULT)
>
> For the land that drinks in the **rain** that often comes on it, and that produces plants useful to those for whom the land was also cultivated, receives a blessing from God. But land that bears thorns and thistles is worthless and is about to be cursed. Its end is to be burned. (Hebrews 6:7-8 ULT)
>
> So be patient, brothers, until the Lords coming. See, the farmer awaits the valuable harvest from the ground. He is patiently waiting for it, until it receives the early and late **rains**. (James 5:7 ULT)'

2021-02-10 11:04:28 - [TEST_STEP][PASSED] - logInfo("Preview mode is ON as expected 
"): Preview mode is ON as expected 


2021-02-10 11:04:28 - [MESSAGE][INFO] - Preview mode is ON as expected 


2021-02-10 11:04:28 - [TEST_STEP][PASSED] - closeBrowser(): Browser is closed

2021-02-10 11:04:28 - [MESSAGE][PASSED] - Browser is closed]]></system-out>
         <system-err><![CDATA[]]></system-err>
      </testcase>
      <system-out><![CDATA[2021-02-10 10:54:08 - [TEST_SUITE][PASSED] - Test Suite1- Regression: Test Cases/tCC Test Cases/tA buttons funtions]]></system-out>
      <system-err><![CDATA[]]></system-err>
   </testsuite>
</testsuites>
