<?xml version="1.0" encoding="UTF-8"?>
<testsuites name="Test Suite1- Regression" time="1390.807" tests="15" failures="3" errors="0">
   <testsuite name="Test Suite1- Regression" tests="15" failures="3" errors="0" time="1390.807" skipped="0" timestamp="2021-09-28 17:28:14" hostname="elsylitsonlambert - elsys-mbp.phub.net.cable.rogers.com" id="Test Suites/Test Suite1- Regression">
      <properties>
[...]
</properties>
      <testcase name="Test Cases/tCC Test Cases/tN_Parallel Scripture viewer" time="56.345" classname="Test Cases/tCC Test Cases/tN_Parallel Scripture viewer" status="PASSED">
         <system-out><![CDATA[2021-09-28 17:28:14 - [TEST_CASE][PASSED] - Test Cases/tCC Test Cases/tN_Parallel Scripture viewer: Test Cases/tCC Test Cases/tN_Parallel Scripture viewer

2021-09-28 17:28:14 - [TEST_STEP][PASSED] - com.tccreate.keywords.WriteToFile.writeTofilename("tN-Parallel Scripture Viewer"): com.tccreate.keywords.WriteToFile.writeTofilename is PASSED

2021-09-28 17:28:14 - [MESSAGE][PASSED] - com.tccreate.keywords.WriteToFile.writeTofilename is PASSED

2021-09-28 17:28:14 - [TEST_STEP][PASSED] - com.helper.login.TimeDate.getTimeDate(): com.helper.login.TimeDate.getTimeDate is PASSED

2021-09-28 17:28:14 - [MESSAGE][INFO] - Time at which the test run:2021-09-28 17:28:14.817

2021-09-28 17:28:14 - [MESSAGE][PASSED] - com.helper.login.TimeDate.getTimeDate is PASSED

2021-09-28 17:28:14 - [TEST_STEP][PASSED] - com.helper.login.loginhelper.logintoapp(): com.helper.login.loginhelper.logintoapp is PASSED

2021-09-28 17:28:15 - [MESSAGE][INFO] - Starting 'Chrome' driver

2021-09-28 17:28:15 - [MESSAGE][INFO] - Action delay is set to 1,000 milliseconds

2021-09-28 17:28:16 - [MESSAGE][WARNING] - FFmpeg was not installed! Browser Recording will be disabled. Please follow this document to install FFmpeg first: https://docs.katalon.com/katalon-studio/docs/screenshots-videos.html#browser-based-recorder

2021-09-28 17:28:20 - [MESSAGE][PASSED] - Browser is opened with url: 'https://v1-3-0--tc-create-app.netlify.app/'

2021-09-28 17:28:20 - [MESSAGE][PASSED] - Wait for page load successfully

2021-09-28 17:28:20 - [MESSAGE][PASSED] - Current window maximized

2021-09-28 17:28:22 - [MESSAGE][PASSED] - Keys 'elsylambert' sent to object: 'Object Repository/Page_tC Create/input__username'

2021-09-28 17:28:23 - [MESSAGE][PASSED] - Keys 'fatak43' sent to object: 'Object Repository/Page_tC Create/input__password'

2021-09-28 17:28:24 - [MESSAGE][PASSED] - Object: 'Object Repository/Page_tC Create/button_Login' is clicked on

2021-09-28 17:28:25 - [MESSAGE][PASSED] - Delayed 1 second(s)

2021-09-28 17:28:26 - [MESSAGE][PASSED] - Text of object 'Object Repository/Page_tC Create/tcc-version number' is: 'translationCore Create - v1.3.0 build 73-f59f312'

2021-09-28 17:28:26 - [MESSAGE][INFO] - : The current version and build number is translationCore Create - v1.3.0 build 73-f59f312

2021-09-28 17:28:26 - [MESSAGE][PASSED] - com.helper.login.loginhelper.logintoapp is PASSED

2021-09-28 17:28:26 - [TEST_STEP][PASSED] - com.tccreate.keywords.selectOrg.organization(""): com.tccreate.keywords.selectOrg.organization is PASSED

2021-09-28 17:28:28 - [MESSAGE][PASSED] - Object: 'Object Repository/Page_tC Create/listOption_organisation_Parmed' is clicked on

2021-09-28 17:28:30 - [MESSAGE][WARNING] - No alert found after 2 second(s).

2021-09-28 17:28:30 - [MESSAGE][PASSED] - com.tccreate.keywords.selectOrg.organization is PASSED

2021-09-28 17:28:30 - [TEST_STEP][PASSED] - com.tccreate.keywords.selectOrg.resource("unfoldingWord® Translation Notes"): com.tccreate.keywords.selectOrg.resource is PASSED

2021-09-28 17:28:31 - [MESSAGE][PASSED] - Object: 'Object Repository/Page_tC Create/resource_Parmed' is clicked on

2021-09-28 17:28:31 - [MESSAGE][PASSED] - com.tccreate.keywords.selectOrg.resource is PASSED

2021-09-28 17:28:31 - [TEST_STEP][PASSED] - com.tccreate.keywords.selectOrg.language(""): com.tccreate.keywords.selectOrg.language is PASSED

2021-09-28 17:28:33 - [MESSAGE][PASSED] - Object: 'Object Repository/Page_tC Create/combo_Select Language' is clicked on

2021-09-28 17:28:34 - [MESSAGE][PASSED] - Object: 'Object Repository/Page_tC Create/listOption_Language_Parmed' is clicked on

2021-09-28 17:28:34 - [MESSAGE][PASSED] - com.tccreate.keywords.selectOrg.language is PASSED

2021-09-28 17:28:34 - [TEST_STEP][PASSED] - click(findTestObject("Object Repository/Page_tC Create/span_en_tn_57-TIT.tsv")): Object: 'Object Repository/Page_tC Create/span_en_tn_57-TIT.tsv' is clicked on

2021-09-28 17:28:36 - [MESSAGE][PASSED] - Object: 'Object Repository/Page_tC Create/span_en_tn_57-TIT.tsv' is clicked on

2021-09-28 17:28:36 - [TEST_STEP][PASSED] - com.tccreate.keywords.ExpandAllScriptureToggle.toggleAllScripture(""test""): com.tccreate.keywords.ExpandAllScriptureToggle.toggleAllScripture is PASSED

2021-09-28 17:28:40 - [MESSAGE][INFO] - Unable to find the element located by 'By.xpath: //*[@type = 'button' and @data-test = 'drawer-menu-close-button']'. Please recheck the objects properties to make sure the desired element is located. 

2021-09-28 17:28:40 - [MESSAGE][WARNING] - Object 'Object Repository/Page_tC Create/button_DrawerClose' is not present after 2 second(s)

2021-09-28 17:28:42 - [MESSAGE][PASSED] - Object: 'Object Repository/Page_tC Create/Hamburger Menu Button' is clicked on

2021-09-28 17:28:43 - [MESSAGE][PASSED] - Delayed 1 second(s)

2021-09-28 17:28:43 - [MESSAGE][PASSED] - Object 'Object Repository/Page_tC Create/input_Expand all Scripture_default' is checked

2021-09-28 17:28:45 - [MESSAGE][PASSED] - Object: 'Object Repository/Page_tC Create/input_Expand all Scripture_default' is clicked on

2021-09-28 17:28:46 - [MESSAGE][PASSED] - Delayed 1 second(s)

2021-09-28 17:28:47 - [MESSAGE][PASSED] - Object: 'Object Repository/Page_tC Create/button_DrawerClose' is clicked on

2021-09-28 17:28:48 - [MESSAGE][PASSED] - Object 'Object Repository/Page_tC Create/Hamburger Menu Button' is visible

2021-09-28 17:28:48 - [MESSAGE][PASSED] - com.tccreate.keywords.ExpandAllScriptureToggle.toggleAllScripture is PASSED

2021-09-28 17:28:48 - [TEST_STEP][PASSED] - com.tccreate.keywords.ExpandAllScriptureToggle.toggleAllScripture(""on""): com.tccreate.keywords.ExpandAllScriptureToggle.toggleAllScripture is PASSED

2021-09-28 17:28:51 - [MESSAGE][INFO] - Unable to find the element located by 'By.xpath: //*[@type = 'button' and @data-test = 'drawer-menu-close-button']'. Please recheck the objects properties to make sure the desired element is located. 

2021-09-28 17:28:51 - [MESSAGE][WARNING] - Object 'Object Repository/Page_tC Create/button_DrawerClose' is not present after 2 second(s)

2021-09-28 17:28:52 - [MESSAGE][PASSED] - Object: 'Object Repository/Page_tC Create/Hamburger Menu Button' is clicked on

2021-09-28 17:28:53 - [MESSAGE][PASSED] - Delayed 1 second(s)

2021-09-28 17:28:54 - [MESSAGE][WARNING] - Object 'Object Repository/Page_tC Create/input_Expand all Scripture_default' is not checked (Root cause: com.kms.katalon.core.exception.StepFailedException: Object 'Object Repository/Page_tC Create/input_Expand all Scripture_default' is not checked
	at com.kms.katalon.core.webui.keyword.internal.WebUIKeywordMain.stepFailed(WebUIKeywordMain.groovy:64)
	at com.kms.katalon.core.webui.keyword.builtin.VerifyElementCheckedKeyword$_verifyElementChecked_closure1.doCall(VerifyElementCheckedKeyword.groovy:81)
	at com.kms.katalon.core.webui.keyword.builtin.VerifyElementCheckedKeyword$_verifyElementChecked_closure1.call(VerifyElementCheckedKeyword.groovy)
	at com.kms.katalon.core.webui.keyword.internal.WebUIKeywordMain.runKeyword(WebUIKeywordMain.groovy:20)
	at com.kms.katalon.core.webui.keyword.builtin.VerifyElementCheckedKeyword.verifyElementChecked(VerifyElementCheckedKeyword.groovy:92)
	at com.kms.katalon.core.webui.keyword.builtin.VerifyElementCheckedKeyword.execute(VerifyElementCheckedKeyword.groovy:68)
	at com.kms.katalon.core.keyword.internal.KeywordExecutor.executeKeywordForPlatform(KeywordExecutor.groovy:74)
	at com.kms.katalon.core.webui.keyword.WebUiBuiltInKeywords.verifyElementChecked(WebUiBuiltInKeywords.groovy:1382)
	at com.kms.katalon.core.webui.keyword.WebUiBuiltInKeywords$verifyElementChecked$8.call(Unknown Source)
	at com.tccreate.keywords.ExpandAllScriptureToggle.toggleAllScripture(ExpandAllScriptureToggle.groovy:43)
	at com.tccreate.keywords.ExpandAllScriptureToggle.invokeMethod(ExpandAllScriptureToggle.groovy)
	at com.kms.katalon.core.main.CustomKeywordDelegatingMetaClass.invokeStaticMethod(CustomKeywordDelegatingMetaClass.java:50)
	at tN_Parallel Scripture viewer.run(tN_Parallel Scripture viewer:39)
	at com.kms.katalon.core.main.ScriptEngine.run(ScriptEngine.java:194)
	at com.kms.katalon.core.main.ScriptEngine.runScriptAsRawText(ScriptEngine.java:119)
	at com.kms.katalon.core.main.TestCaseExecutor.runScript(TestCaseExecutor.java:430)
	at com.kms.katalon.core.main.TestCaseExecutor.doExecute(TestCaseExecutor.java:421)
	at com.kms.katalon.core.main.TestCaseExecutor.processExecutionPhase(TestCaseExecutor.java:400)
	at com.kms.katalon.core.main.TestCaseExecutor.accessMainPhase(TestCaseExecutor.java:392)
	at com.kms.katalon.core.main.TestCaseExecutor.execute(TestCaseExecutor.java:273)
	at com.kms.katalon.core.main.TestSuiteExecutor.accessTestCaseMainPhase(TestSuiteExecutor.java:202)
	at com.kms.katalon.core.main.TestSuiteExecutor.accessTestSuiteMainPhase(TestSuiteExecutor.java:164)
	at com.kms.katalon.core.main.TestSuiteExecutor.execute(TestSuiteExecutor.java:105)
	at com.kms.katalon.core.main.TestCaseMain.startTestSuite(TestCaseMain.java:185)
	at com.kms.katalon.core.main.TestCaseMain$startTestSuite$0.call(Unknown Source)
	at TempTestSuite1632864492590.run(TempTestSuite1632864492590.groovy:36)
)
[[ATTACHMENT|/Users/elsylitsonlambert/git/tcCreateQA/Reports/20210928_172811/Test Suite1- Regression/20210928_172812/1632864533910.png]]

2021-09-28 17:28:56 - [MESSAGE][PASSED] - Object: 'Object Repository/Page_tC Create/input_Expand all Scripture_default' is clicked on

2021-09-28 17:28:57 - [MESSAGE][PASSED] - Delayed 1 second(s)

2021-09-28 17:28:59 - [MESSAGE][PASSED] - Object: 'Object Repository/Page_tC Create/button_DrawerClose' is clicked on

2021-09-28 17:28:59 - [MESSAGE][PASSED] - Object 'Object Repository/Page_tC Create/Hamburger Menu Button' is visible

2021-09-28 17:28:59 - [MESSAGE][PASSED] - com.tccreate.keywords.ExpandAllScriptureToggle.toggleAllScripture is PASSED

2021-09-28 17:28:59 - [TEST_STEP][PASSED] - if (verifyElementPresent(findTestObject("Page_tC Create/span_unfoldingWord Literal Text v14"), 5)): null

2021-09-28 17:28:59 - [MESSAGE][PASSED] - Object 'Object Repository/Page_tC Create/span_unfoldingWord Literal Text v14' is present

2021-09-28 17:28:59 - [TEST_STEP][PASSED] - logInfo("ULT is visible 1"): ULT is visible 1

2021-09-28 17:28:59 - [MESSAGE][INFO] - ULT is visible 1

2021-09-28 17:28:59 - [TEST_STEP][PASSED] - if (verifyElementPresent(findTestObject("Page_tC Create/span_unfoldingWord Simplified Text v14"), 5)): null

2021-09-28 17:29:00 - [MESSAGE][PASSED] - Object 'Object Repository/Page_tC Create/span_unfoldingWord Simplified Text v14' is present

2021-09-28 17:29:00 - [TEST_STEP][PASSED] - logInfo("UST is visible"): UST is visible

2021-09-28 17:29:00 - [MESSAGE][INFO] - UST is visible

2021-09-28 17:29:00 - [TEST_STEP][PASSED] - logInfo("ParallelScripture is present"): ParallelScripture is present

2021-09-28 17:29:00 - [MESSAGE][INFO] - ParallelScripture is present

2021-09-28 17:29:00 - [TEST_STEP][PASSED] - com.tccreate.keywords.ExpandAllScriptureToggle.toggleAllScripture(""off""): com.tccreate.keywords.ExpandAllScriptureToggle.toggleAllScripture is PASSED

2021-09-28 17:29:03 - [MESSAGE][INFO] - Unable to find the element located by 'By.xpath: //*[@type = 'button' and @data-test = 'drawer-menu-close-button']'. Please recheck the objects properties to make sure the desired element is located. 

2021-09-28 17:29:03 - [MESSAGE][WARNING] - Object 'Object Repository/Page_tC Create/button_DrawerClose' is not present after 2 second(s)

2021-09-28 17:29:04 - [MESSAGE][PASSED] - Object: 'Object Repository/Page_tC Create/Hamburger Menu Button' is clicked on

2021-09-28 17:29:05 - [MESSAGE][PASSED] - Delayed 1 second(s)

2021-09-28 17:29:05 - [MESSAGE][PASSED] - Object 'Object Repository/Page_tC Create/input_Expand all Scripture_default' is checked

2021-09-28 17:29:07 - [MESSAGE][PASSED] - Object: 'Object Repository/Page_tC Create/input_Expand all Scripture_default' is clicked on

2021-09-28 17:29:08 - [MESSAGE][PASSED] - Delayed 1 second(s)

2021-09-28 17:29:09 - [MESSAGE][PASSED] - Object: 'Object Repository/Page_tC Create/button_DrawerClose' is clicked on

2021-09-28 17:29:10 - [MESSAGE][PASSED] - Object 'Object Repository/Page_tC Create/Hamburger Menu Button' is visible

2021-09-28 17:29:10 - [MESSAGE][PASSED] - com.tccreate.keywords.ExpandAllScriptureToggle.toggleAllScripture is PASSED

2021-09-28 17:29:10 - [TEST_STEP][PASSED] - logInfo("button is toggled"): button is toggled

2021-09-28 17:29:10 - [MESSAGE][INFO] - button is toggled

2021-09-28 17:29:10 - [TEST_STEP][PASSED] - if (verifyElementNotPresent(findTestObject("Page_tC Create/span_unfoldingWord Literal Text v14"), 3)): null

2021-09-28 17:29:10 - [MESSAGE][PASSED] - Web element with id: 'Object Repository/Page_tC Create/span_unfoldingWord Literal Text v14' located by 'By.xpath: //div[@id='wrapY']/table/thead/tr/th[2]/span' is not present after '3' second(s)

2021-09-28 17:29:10 - [TEST_STEP][PASSED] - logInfo("ULT is not visible as expected"): ULT is not visible as expected

2021-09-28 17:29:10 - [MESSAGE][INFO] - ULT is not visible as expected

2021-09-28 17:29:10 - [TEST_STEP][PASSED] - closeBrowser(): Browser is closed

2021-09-28 17:29:10 - [MESSAGE][PASSED] - Browser is closed]]></system-out>
         <system-err><![CDATA[]]></system-err>
      </testcase>
      <testcase name="Test Cases/tCC Test Cases/tCC_Link to Organization page" time="18.498" classname="Test Cases/tCC Test Cases/tCC_Link to Organization page" status="PASSED">
         <system-out><![CDATA[2021-09-28 17:29:10 - [TEST_CASE][PASSED] - Test Cases/tCC Test Cases/tCC_Link to Organization page: Test Cases/tCC Test Cases/tCC_Link to Organization page

2021-09-28 17:29:10 - [TEST_STEP][PASSED] - com.tccreate.keywords.WriteToFile.writeTofilename("Links to Org page"): com.tccreate.keywords.WriteToFile.writeTofilename is PASSED

2021-09-28 17:29:10 - [MESSAGE][PASSED] - com.tccreate.keywords.WriteToFile.writeTofilename is PASSED

2021-09-28 17:29:10 - [TEST_STEP][PASSED] - com.helper.login.TimeDate.getTimeDate(): com.helper.login.TimeDate.getTimeDate is PASSED

2021-09-28 17:29:10 - [MESSAGE][INFO] - Time at which the test run:2021-09-28 17:29:10.957

2021-09-28 17:29:10 - [MESSAGE][PASSED] - com.helper.login.TimeDate.getTimeDate is PASSED

2021-09-28 17:29:10 - [TEST_STEP][PASSED] - com.helper.login.loginhelper.logintoapp(): com.helper.login.loginhelper.logintoapp is PASSED

2021-09-28 17:29:10 - [MESSAGE][INFO] - Starting 'Chrome' driver

2021-09-28 17:29:10 - [MESSAGE][INFO] - Action delay is set to 1,000 milliseconds

2021-09-28 17:29:12 - [MESSAGE][WARNING] - FFmpeg was not installed! Browser Recording will be disabled. Please follow this document to install FFmpeg first: https://docs.katalon.com/katalon-studio/docs/screenshots-videos.html#browser-based-recorder

2021-09-28 17:29:18 - [MESSAGE][PASSED] - Browser is opened with url: 'https://v1-3-0--tc-create-app.netlify.app/'

2021-09-28 17:29:18 - [MESSAGE][PASSED] - Wait for page load successfully

2021-09-28 17:29:18 - [MESSAGE][PASSED] - Current window maximized

2021-09-28 17:29:20 - [MESSAGE][PASSED] - Keys 'elsylambert' sent to object: 'Object Repository/Page_tC Create/input__username'

2021-09-28 17:29:21 - [MESSAGE][PASSED] - Keys 'fatak43' sent to object: 'Object Repository/Page_tC Create/input__password'

2021-09-28 17:29:23 - [MESSAGE][PASSED] - Object: 'Object Repository/Page_tC Create/button_Login' is clicked on

2021-09-28 17:29:24 - [MESSAGE][PASSED] - Delayed 1 second(s)

2021-09-28 17:29:25 - [MESSAGE][PASSED] - Text of object 'Object Repository/Page_tC Create/tcc-version number' is: 'translationCore Create - v1.3.0 build 73-f59f312'

2021-09-28 17:29:25 - [MESSAGE][INFO] - : The current version and build number is translationCore Create - v1.3.0 build 73-f59f312

2021-09-28 17:29:25 - [MESSAGE][PASSED] - com.helper.login.loginhelper.logintoapp is PASSED

2021-09-28 17:29:25 - [TEST_STEP][PASSED] - verifyElementPresent(findTestObject("Object Repository/Organization Link/span_unfoldingWord"), 1): Object 'Object Repository/Organization Link/span_unfoldingWord' is present

2021-09-28 17:29:25 - [MESSAGE][PASSED] - Object 'Object Repository/Organization Link/span_unfoldingWord' is present

2021-09-28 17:29:25 - [TEST_STEP][PASSED] - expectedTooltip = "Go to Organization": null

2021-09-28 17:29:25 - [TEST_STEP][PASSED] - actualTooltip = getAttribute(findTestObject("Object Repository/Organization Link/button_unfoldingWord_MuiButtonBase-root MuiIconButton-root"), "title"): Attribute 'title' of object 'Object Repository/Organization Link/button_unfoldingWord_MuiButtonBase-root MuiIconButton-root' is: 'Go to Organization'

2021-09-28 17:29:26 - [MESSAGE][PASSED] - Attribute 'title' of object 'Object Repository/Organization Link/button_unfoldingWord_MuiButtonBase-root MuiIconButton-root' is: 'Go to Organization'

2021-09-28 17:29:26 - [TEST_STEP][PASSED] - out.println("Actual Title of Tool Tip" + actualTooltip): null

2021-09-28 17:29:26 - [TEST_STEP][PASSED] - if (actualTooltip.equals(expectedTooltip)): null

2021-09-28 17:29:26 - [TEST_STEP][PASSED] - out.println("Test Case Passed"): null

2021-09-28 17:29:26 - [TEST_STEP][PASSED] - click(findTestObject("Object Repository/Organization Link/button_unfoldingWord_MuiButtonBase-root MuiIconButton-root")): Object: 'Object Repository/Organization Link/button_unfoldingWord_MuiButtonBase-root MuiIconButton-root' is clicked on

2021-09-28 17:29:27 - [MESSAGE][PASSED] - Object: 'Object Repository/Organization Link/button_unfoldingWord_MuiButtonBase-root MuiIconButton-root' is clicked on

2021-09-28 17:29:27 - [TEST_STEP][PASSED] - switchToWindowIndex(1): Switched to window with index: '1'

2021-09-28 17:29:27 - [MESSAGE][PASSED] - Switched to window with index: '1'

2021-09-28 17:29:27 - [TEST_STEP][PASSED] - if (verifyElementVisible(findTestObject("Object Repository/Organization Link/div_unfoldingWord"), CONTINUE_ON_FAILURE)): null

2021-09-28 17:29:29 - [MESSAGE][PASSED] - Object 'Object Repository/Organization Link/div_unfoldingWord' is visible

2021-09-28 17:29:29 - [TEST_STEP][PASSED] - out.println("Organization page is opening"): null

2021-09-28 17:29:29 - [TEST_STEP][PASSED] - switchToWindowIndex(0): Switched to window with index: '0'

2021-09-28 17:29:29 - [MESSAGE][PASSED] - Switched to window with index: '0'

2021-09-28 17:29:29 - [TEST_STEP][PASSED] - closeBrowser(): Browser is closed

2021-09-28 17:29:29 - [MESSAGE][PASSED] - Browser is closed]]></system-out>
         <system-err><![CDATA[]]></system-err>
      </testcase>
      <testcase name="Test Cases/tCC Test Cases/tN_undo text in tN Editor" time="29.066" classname="Test Cases/tCC Test Cases/tN_undo text in tN Editor" status="PASSED">
         <system-out><![CDATA[2021-09-28 17:29:29 - [TEST_CASE][PASSED] - Test Cases/tCC Test Cases/tN_undo text in tN Editor: Test Cases/tCC Test Cases/tN_undo text in tN Editor

2021-09-28 17:29:29 - [TEST_STEP][PASSED] - com.tccreate.keywords.WriteToFile.writeTofilename("tN-undo editing"): com.tccreate.keywords.WriteToFile.writeTofilename is PASSED

2021-09-28 17:29:29 - [MESSAGE][PASSED] - com.tccreate.keywords.WriteToFile.writeTofilename is PASSED

2021-09-28 17:29:29 - [TEST_STEP][PASSED] - com.helper.login.TimeDate.getTimeDate(): com.helper.login.TimeDate.getTimeDate is PASSED

2021-09-28 17:29:29 - [MESSAGE][INFO] - Time at which the test run:2021-09-28 17:29:29.494

2021-09-28 17:29:29 - [MESSAGE][PASSED] - com.helper.login.TimeDate.getTimeDate is PASSED

2021-09-28 17:29:29 - [TEST_STEP][PASSED] - com.helper.login.loginhelper.logintoapp(): com.helper.login.loginhelper.logintoapp is PASSED

2021-09-28 17:29:29 - [MESSAGE][INFO] - Starting 'Chrome' driver

2021-09-28 17:29:29 - [MESSAGE][INFO] - Action delay is set to 1,000 milliseconds

2021-09-28 17:29:30 - [MESSAGE][WARNING] - FFmpeg was not installed! Browser Recording will be disabled. Please follow this document to install FFmpeg first: https://docs.katalon.com/katalon-studio/docs/screenshots-videos.html#browser-based-recorder

2021-09-28 17:29:34 - [MESSAGE][PASSED] - Browser is opened with url: 'https://v1-3-0--tc-create-app.netlify.app/'

2021-09-28 17:29:34 - [MESSAGE][PASSED] - Wait for page load successfully

2021-09-28 17:29:34 - [MESSAGE][PASSED] - Current window maximized

2021-09-28 17:29:36 - [MESSAGE][PASSED] - Keys 'elsylambert' sent to object: 'Object Repository/Page_tC Create/input__username'

2021-09-28 17:29:37 - [MESSAGE][PASSED] - Keys 'fatak43' sent to object: 'Object Repository/Page_tC Create/input__password'

2021-09-28 17:29:38 - [MESSAGE][PASSED] - Object: 'Object Repository/Page_tC Create/button_Login' is clicked on

2021-09-28 17:29:39 - [MESSAGE][PASSED] - Delayed 1 second(s)

2021-09-28 17:29:41 - [MESSAGE][PASSED] - Text of object 'Object Repository/Page_tC Create/tcc-version number' is: 'translationCore Create - v1.3.0 build 73-f59f312'

2021-09-28 17:29:41 - [MESSAGE][INFO] - : The current version and build number is translationCore Create - v1.3.0 build 73-f59f312

2021-09-28 17:29:41 - [MESSAGE][PASSED] - com.helper.login.loginhelper.logintoapp is PASSED

2021-09-28 17:29:41 - [TEST_STEP][PASSED] - com.tccreate.keywords.selectOrg.organization(""): com.tccreate.keywords.selectOrg.organization is PASSED

2021-09-28 17:29:42 - [MESSAGE][PASSED] - Object: 'Object Repository/Page_tC Create/listOption_organisation_Parmed' is clicked on

2021-09-28 17:29:44 - [MESSAGE][WARNING] - No alert found after 2 second(s).

2021-09-28 17:29:44 - [MESSAGE][PASSED] - com.tccreate.keywords.selectOrg.organization is PASSED

2021-09-28 17:29:44 - [TEST_STEP][PASSED] - com.tccreate.keywords.selectOrg.resource("unfoldingWord® Translation Notes"): com.tccreate.keywords.selectOrg.resource is PASSED

2021-09-28 17:29:45 - [MESSAGE][PASSED] - Object: 'Object Repository/Page_tC Create/resource_Parmed' is clicked on

2021-09-28 17:29:45 - [MESSAGE][PASSED] - com.tccreate.keywords.selectOrg.resource is PASSED

2021-09-28 17:29:45 - [TEST_STEP][PASSED] - com.tccreate.keywords.selectOrg.language(""): com.tccreate.keywords.selectOrg.language is PASSED

2021-09-28 17:29:47 - [MESSAGE][PASSED] - Object: 'Object Repository/Page_tC Create/combo_Select Language' is clicked on

2021-09-28 17:29:48 - [MESSAGE][PASSED] - Object: 'Object Repository/Page_tC Create/listOption_Language_Parmed' is clicked on

2021-09-28 17:29:48 - [MESSAGE][PASSED] - com.tccreate.keywords.selectOrg.language is PASSED

2021-09-28 17:29:48 - [TEST_STEP][PASSED] - click(findTestObject("Object Repository/Page_tC Create/span_en_tn_57-TIT.tsv")): Object: 'Object Repository/Page_tC Create/span_en_tn_57-TIT.tsv' is clicked on

2021-09-28 17:29:50 - [MESSAGE][PASSED] - Object: 'Object Repository/Page_tC Create/span_en_tn_57-TIT.tsv' is clicked on

2021-09-28 17:29:50 - [TEST_STEP][PASSED] - click(findTestObject("Object Repository/Page_tC Create/div_Introduction to TitusPart 1")): Object: 'Object Repository/Page_tC Create/div_Introduction to TitusPart 1' is clicked on

2021-09-28 17:29:55 - [MESSAGE][PASSED] - Object: 'Object Repository/Page_tC Create/div_Introduction to TitusPart 1' is clicked on

2021-09-28 17:29:55 - [TEST_STEP][PASSED] - sendKeys(findTestObject("Object Repository/Page_tC Create/div_Introduction to TitusPart 1"), "edit again "): Keys 'edit again ' sent to object: 'Object Repository/Page_tC Create/div_Introduction to TitusPart 1'

2021-09-28 17:29:56 - [MESSAGE][PASSED] - Keys 'edit again ' sent to object: 'Object Repository/Page_tC Create/div_Introduction to TitusPart 1'

2021-09-28 17:29:56 - [TEST_STEP][PASSED] - driver = getWebDriver(): null

2021-09-28 17:29:56 - [TEST_STEP][PASSED] - action = new org.openqa.selenium.interactions.Actions(driver): null

2021-09-28 17:29:56 - [TEST_STEP][PASSED] - keyUp(COMMAND).perform(): null

2021-09-28 17:29:56 - [TEST_STEP][PASSED] - sendKeys(findTestObject("Object Repository/Page_tC Create/div_Introduction to TitusPart 1"), Keys.chord(COMMAND, "z")): Keys 'COMMAND + z' sent to object: 'Object Repository/Page_tC Create/div_Introduction to TitusPart 1'

2021-09-28 17:29:58 - [MESSAGE][PASSED] - Keys 'COMMAND + z' sent to object: 'Object Repository/Page_tC Create/div_Introduction to TitusPart 1'

2021-09-28 17:29:58 - [TEST_STEP][PASSED] - logInfo("Text is cleared successfully by undo action"): Text is cleared successfully by undo action

2021-09-28 17:29:58 - [MESSAGE][INFO] - Text is cleared successfully by undo action

2021-09-28 17:29:58 - [TEST_STEP][PASSED] - closeBrowser(): Browser is closed

2021-09-28 17:29:58 - [MESSAGE][PASSED] - Browser is closed]]></system-out>
         <system-err><![CDATA[]]></system-err>
      </testcase>
      <testcase name="Test Cases/tCC Test Cases/tN_Add or Delete a Row" time="38.056" classname="Test Cases/tCC Test Cases/tN_Add or Delete a Row" status="PASSED">
         <system-out><![CDATA[2021-09-28 17:29:58 - [TEST_CASE][PASSED] - Test Cases/tCC Test Cases/tN_Add or Delete a Row: Test Cases/tCC Test Cases/tN_Add or Delete a Row

2021-09-28 17:29:58 - [TEST_STEP][PASSED] - com.tccreate.keywords.WriteToFile.writeTofilename("tA-Add or delete row"): com.tccreate.keywords.WriteToFile.writeTofilename is PASSED

2021-09-28 17:29:58 - [MESSAGE][PASSED] - com.tccreate.keywords.WriteToFile.writeTofilename is PASSED

2021-09-28 17:29:58 - [TEST_STEP][PASSED] - com.helper.login.TimeDate.getTimeDate(): com.helper.login.TimeDate.getTimeDate is PASSED

2021-09-28 17:29:58 - [MESSAGE][INFO] - Time at which the test run:2021-09-28 17:29:58.546

2021-09-28 17:29:58 - [MESSAGE][PASSED] - com.helper.login.TimeDate.getTimeDate is PASSED

2021-09-28 17:29:58 - [TEST_STEP][PASSED] - com.helper.login.loginhelper.logintoapp(): com.helper.login.loginhelper.logintoapp is PASSED

2021-09-28 17:29:58 - [MESSAGE][INFO] - Starting 'Chrome' driver

2021-09-28 17:29:58 - [MESSAGE][INFO] - Action delay is set to 1,000 milliseconds

2021-09-28 17:29:59 - [MESSAGE][WARNING] - FFmpeg was not installed! Browser Recording will be disabled. Please follow this document to install FFmpeg first: https://docs.katalon.com/katalon-studio/docs/screenshots-videos.html#browser-based-recorder

2021-09-28 17:30:03 - [MESSAGE][PASSED] - Browser is opened with url: 'https://v1-3-0--tc-create-app.netlify.app/'

2021-09-28 17:30:03 - [MESSAGE][PASSED] - Wait for page load successfully

2021-09-28 17:30:04 - [MESSAGE][PASSED] - Current window maximized

2021-09-28 17:30:05 - [MESSAGE][PASSED] - Keys 'elsylambert' sent to object: 'Object Repository/Page_tC Create/input__username'

2021-09-28 17:30:06 - [MESSAGE][PASSED] - Keys 'fatak43' sent to object: 'Object Repository/Page_tC Create/input__password'

2021-09-28 17:30:08 - [MESSAGE][PASSED] - Object: 'Object Repository/Page_tC Create/button_Login' is clicked on

2021-09-28 17:30:09 - [MESSAGE][PASSED] - Delayed 1 second(s)

2021-09-28 17:30:09 - [MESSAGE][PASSED] - Text of object 'Object Repository/Page_tC Create/tcc-version number' is: 'translationCore Create - v1.3.0 build 73-f59f312'

2021-09-28 17:30:09 - [MESSAGE][INFO] - : The current version and build number is translationCore Create - v1.3.0 build 73-f59f312

2021-09-28 17:30:09 - [MESSAGE][PASSED] - com.helper.login.loginhelper.logintoapp is PASSED

2021-09-28 17:30:09 - [TEST_STEP][PASSED] - com.tccreate.keywords.selectOrg.organization(""): com.tccreate.keywords.selectOrg.organization is PASSED

2021-09-28 17:30:11 - [MESSAGE][PASSED] - Object: 'Object Repository/Page_tC Create/listOption_organisation_Parmed' is clicked on

2021-09-28 17:30:13 - [MESSAGE][WARNING] - No alert found after 2 second(s).

2021-09-28 17:30:13 - [MESSAGE][PASSED] - com.tccreate.keywords.selectOrg.organization is PASSED

2021-09-28 17:30:13 - [TEST_STEP][PASSED] - com.tccreate.keywords.selectOrg.resource("unfoldingWord® Translation Notes"): com.tccreate.keywords.selectOrg.resource is PASSED

2021-09-28 17:30:14 - [MESSAGE][PASSED] - Object: 'Object Repository/Page_tC Create/resource_Parmed' is clicked on

2021-09-28 17:30:14 - [MESSAGE][PASSED] - com.tccreate.keywords.selectOrg.resource is PASSED

2021-09-28 17:30:14 - [TEST_STEP][PASSED] - com.tccreate.keywords.selectOrg.language(""): com.tccreate.keywords.selectOrg.language is PASSED

2021-09-28 17:30:16 - [MESSAGE][PASSED] - Object: 'Object Repository/Page_tC Create/combo_Select Language' is clicked on

2021-09-28 17:30:17 - [MESSAGE][PASSED] - Object: 'Object Repository/Page_tC Create/listOption_Language_Parmed' is clicked on

2021-09-28 17:30:17 - [MESSAGE][PASSED] - com.tccreate.keywords.selectOrg.language is PASSED

2021-09-28 17:30:17 - [TEST_STEP][PASSED] - click(findTestObject("Page_tC Create/Add new resource objects/span_en_tn_57-TIT.tsv")): Object: 'Object Repository/Page_tC Create/Add new resource objects/span_en_tn_57-TIT.tsv' is clicked on

2021-09-28 17:30:19 - [MESSAGE][PASSED] - Object: 'Object Repository/Page_tC Create/Add new resource objects/span_en_tn_57-TIT.tsv' is clicked on

2021-09-28 17:30:19 - [TEST_STEP][PASSED] - click(findTestObject("Object Repository/tN objects/button_view columns")): Object: 'Object Repository/tN objects/button_view columns' is clicked on

2021-09-28 17:30:24 - [MESSAGE][PASSED] - Object: 'Object Repository/tN objects/button_view columns' is clicked on

2021-09-28 17:30:24 - [TEST_STEP][PASSED] - click(findTestObject("Object Repository/tN objects/input_ID")): Object: 'Object Repository/tN objects/input_ID' is clicked on

2021-09-28 17:30:26 - [MESSAGE][PASSED] - Object: 'Object Repository/tN objects/input_ID' is clicked on

2021-09-28 17:30:26 - [TEST_STEP][PASSED] - click(findTestObject("tN objects/button__Close-Columns")): Object: 'Object Repository/tN objects/button__Close-Columns' is clicked on

2021-09-28 17:30:27 - [MESSAGE][PASSED] - Object: 'Object Repository/tN objects/button__Close-Columns' is clicked on

2021-09-28 17:30:27 - [TEST_STEP][PASSED] - scrollToElement(findTestObject("Object Repository/tN objects/div_Titus 11"), 2): Scroll to object 'Object Repository/tN objects/div_Titus 11' successfully

2021-09-28 17:30:28 - [MESSAGE][PASSED] - Scroll to object 'Object Repository/tN objects/div_Titus 11' successfully

2021-09-28 17:30:28 - [TEST_STEP][PASSED] - click(findTestObject("Object Repository/tN objects/button_Titus 11_add a new row")): Object: 'Object Repository/tN objects/button_Titus 11_add a new row' is clicked on

2021-09-28 17:30:30 - [MESSAGE][PASSED] - Object: 'Object Repository/tN objects/button_Titus 11_add a new row' is clicked on

2021-09-28 17:30:30 - [TEST_STEP][PASSED] - click(findTestObject("Object Repository/tN objects/button_Add")): Object: 'Object Repository/tN objects/button_Add' is clicked on

2021-09-28 17:30:32 - [MESSAGE][PASSED] - Object: 'Object Repository/tN objects/button_Add' is clicked on

2021-09-28 17:30:32 - [TEST_STEP][PASSED] - if (verifyElementVisible(findTestObject("Object Repository/tN objects/p_empty"))): null

2021-09-28 17:30:32 - [MESSAGE][PASSED] - Object 'Object Repository/tN objects/p_empty' is visible

2021-09-28 17:30:32 - [TEST_STEP][PASSED] - logInfo(" New row is added successfully"):  New row is added successfully

2021-09-28 17:30:32 - [MESSAGE][INFO] -  New row is added successfully

2021-09-28 17:30:32 - [TEST_STEP][PASSED] - click(findTestObject("Object Repository/tN objects/button_Titus 11_Delete new row")): Object: 'Object Repository/tN objects/button_Titus 11_Delete new row' is clicked on

2021-09-28 17:30:33 - [MESSAGE][PASSED] - Object: 'Object Repository/tN objects/button_Titus 11_Delete new row' is clicked on

2021-09-28 17:30:33 - [TEST_STEP][PASSED] - click(findTestObject("Object Repository/tN objects/span_Delete")): Object: 'Object Repository/tN objects/span_Delete' is clicked on

2021-09-28 17:30:35 - [MESSAGE][PASSED] - Object: 'Object Repository/tN objects/span_Delete' is clicked on

2021-09-28 17:30:35 - [TEST_STEP][PASSED] - if (verifyElementVisible(findTestObject("Object Repository/tN objects/p_empty"))): null

2021-09-28 17:30:36 - [MESSAGE][PASSED] - Object 'Object Repository/tN objects/p_empty' is visible

2021-09-28 17:30:36 - [TEST_STEP][PASSED] - logInfo(" New row is deleted successfully"):  New row is deleted successfully

2021-09-28 17:30:36 - [MESSAGE][INFO] -  New row is deleted successfully

2021-09-28 17:30:36 - [TEST_STEP][PASSED] - closeBrowser(): Browser is closed

2021-09-28 17:30:36 - [MESSAGE][PASSED] - Browser is closed]]></system-out>
         <system-err><![CDATA[]]></system-err>
      </testcase>
      <testcase name="Test Cases/tCC Test Cases/tN_Expand chapter" time="81.092" classname="Test Cases/tCC Test Cases/tN_Expand chapter" status="PASSED">
         <system-out><![CDATA[2021-09-28 17:30:36 - [TEST_CASE][PASSED] - Test Cases/tCC Test Cases/tN_Expand chapter: Test Cases/tCC Test Cases/tN_Expand chapter

2021-09-28 17:30:36 - [TEST_STEP][PASSED] - com.tccreate.keywords.WriteToFile.writeTofilename("tN-Expand chapter"): com.tccreate.keywords.WriteToFile.writeTofilename is PASSED

2021-09-28 17:30:36 - [MESSAGE][PASSED] - com.tccreate.keywords.WriteToFile.writeTofilename is PASSED

2021-09-28 17:30:36 - [TEST_STEP][PASSED] - com.helper.login.TimeDate.getTimeDate(): com.helper.login.TimeDate.getTimeDate is PASSED

2021-09-28 17:30:36 - [MESSAGE][INFO] - Time at which the test run:2021-09-28 17:30:36.652

2021-09-28 17:30:36 - [MESSAGE][PASSED] - com.helper.login.TimeDate.getTimeDate is PASSED

2021-09-28 17:30:36 - [TEST_STEP][PASSED] - com.helper.login.loginhelper.logintoapp(): com.helper.login.loginhelper.logintoapp is PASSED

2021-09-28 17:30:36 - [MESSAGE][INFO] - Starting 'Chrome' driver

2021-09-28 17:30:36 - [MESSAGE][INFO] - Action delay is set to 1,000 milliseconds

2021-09-28 17:30:37 - [MESSAGE][WARNING] - FFmpeg was not installed! Browser Recording will be disabled. Please follow this document to install FFmpeg first: https://docs.katalon.com/katalon-studio/docs/screenshots-videos.html#browser-based-recorder

2021-09-28 17:30:47 - [MESSAGE][PASSED] - Browser is opened with url: 'https://v1-3-0--tc-create-app.netlify.app/'

2021-09-28 17:30:47 - [MESSAGE][PASSED] - Wait for page load successfully

2021-09-28 17:30:47 - [MESSAGE][PASSED] - Current window maximized

2021-09-28 17:30:49 - [MESSAGE][PASSED] - Keys 'elsylambert' sent to object: 'Object Repository/Page_tC Create/input__username'

2021-09-28 17:30:50 - [MESSAGE][PASSED] - Keys 'fatak43' sent to object: 'Object Repository/Page_tC Create/input__password'

2021-09-28 17:30:51 - [MESSAGE][PASSED] - Object: 'Object Repository/Page_tC Create/button_Login' is clicked on

2021-09-28 17:30:52 - [MESSAGE][PASSED] - Delayed 1 second(s)

2021-09-28 17:30:54 - [MESSAGE][PASSED] - Text of object 'Object Repository/Page_tC Create/tcc-version number' is: 'translationCore Create - v1.3.0 build 73-f59f312'

2021-09-28 17:30:54 - [MESSAGE][INFO] - : The current version and build number is translationCore Create - v1.3.0 build 73-f59f312

2021-09-28 17:30:54 - [MESSAGE][PASSED] - com.helper.login.loginhelper.logintoapp is PASSED

2021-09-28 17:30:54 - [TEST_STEP][PASSED] - com.tccreate.keywords.selectOrg.organization(""): com.tccreate.keywords.selectOrg.organization is PASSED

2021-09-28 17:30:55 - [MESSAGE][PASSED] - Object: 'Object Repository/Page_tC Create/listOption_organisation_Parmed' is clicked on

2021-09-28 17:30:57 - [MESSAGE][WARNING] - No alert found after 2 second(s).

2021-09-28 17:30:57 - [MESSAGE][PASSED] - com.tccreate.keywords.selectOrg.organization is PASSED

2021-09-28 17:30:57 - [TEST_STEP][PASSED] - com.tccreate.keywords.selectOrg.resource("unfoldingWord® Translation Notes"): com.tccreate.keywords.selectOrg.resource is PASSED

2021-09-28 17:30:58 - [MESSAGE][PASSED] - Object: 'Object Repository/Page_tC Create/resource_Parmed' is clicked on

2021-09-28 17:30:58 - [MESSAGE][PASSED] - com.tccreate.keywords.selectOrg.resource is PASSED

2021-09-28 17:30:58 - [TEST_STEP][PASSED] - com.tccreate.keywords.selectOrg.language(""): com.tccreate.keywords.selectOrg.language is PASSED

2021-09-28 17:31:00 - [MESSAGE][PASSED] - Object: 'Object Repository/Page_tC Create/combo_Select Language' is clicked on

2021-09-28 17:31:01 - [MESSAGE][PASSED] - Object: 'Object Repository/Page_tC Create/listOption_Language_Parmed' is clicked on

2021-09-28 17:31:01 - [MESSAGE][PASSED] - com.tccreate.keywords.selectOrg.language is PASSED

2021-09-28 17:31:01 - [TEST_STEP][PASSED] - click(findTestObject("Page_tC Create/Add new resource objects/span_en_tn_57-TIT.tsv")): Object: 'Object Repository/Page_tC Create/Add new resource objects/span_en_tn_57-TIT.tsv' is clicked on

2021-09-28 17:31:04 - [MESSAGE][PASSED] - Object: 'Object Repository/Page_tC Create/Add new resource objects/span_en_tn_57-TIT.tsv' is clicked on

2021-09-28 17:31:04 - [TEST_STEP][PASSED] - buttonstate = com.tccreate.keywords.ExpandAllScriptureToggle.toggleAllScripture("test"): com.tccreate.keywords.ExpandAllScriptureToggle.toggleAllScripture is PASSED

2021-09-28 17:31:07 - [MESSAGE][INFO] - Unable to find the element located by 'By.xpath: //*[@type = 'button' and @data-test = 'drawer-menu-close-button']'. Please recheck the objects properties to make sure the desired element is located. 

2021-09-28 17:31:07 - [MESSAGE][WARNING] - Object 'Object Repository/Page_tC Create/button_DrawerClose' is not present after 2 second(s)

2021-09-28 17:31:09 - [MESSAGE][PASSED] - Object: 'Object Repository/Page_tC Create/Hamburger Menu Button' is clicked on

2021-09-28 17:31:10 - [MESSAGE][PASSED] - Delayed 1 second(s)

2021-09-28 17:31:10 - [MESSAGE][PASSED] - Object 'Object Repository/Page_tC Create/input_Expand all Scripture_default' is checked

2021-09-28 17:31:11 - [MESSAGE][PASSED] - Object: 'Object Repository/Page_tC Create/button_DrawerClose' is clicked on

2021-09-28 17:31:12 - [MESSAGE][PASSED] - Object 'Object Repository/Page_tC Create/Hamburger Menu Button' is visible

2021-09-28 17:31:12 - [MESSAGE][PASSED] - com.tccreate.keywords.ExpandAllScriptureToggle.toggleAllScripture is PASSED

2021-09-28 17:31:12 - [TEST_STEP][PASSED] - out.println(" the state of the button is" + buttonstate): null

2021-09-28 17:31:12 - [TEST_STEP][PASSED] - delay(1): Delayed 1 second(s)

2021-09-28 17:31:13 - [MESSAGE][PASSED] - Delayed 1 second(s)

2021-09-28 17:31:13 - [TEST_STEP][PASSED] - if (buttonstate == "off"): null

2021-09-28 17:31:13 - [TEST_STEP][PASSED] - else: Parallel scripture viewer is ON

2021-09-28 17:31:13 - [TEST_STEP][PASSED] - logInfo("Parallel scripture viewer is ON"): Parallel scripture viewer is ON

2021-09-28 17:31:13 - [MESSAGE][INFO] - Parallel scripture viewer is ON

2021-09-28 17:31:13 - [TEST_STEP][PASSED] - scrollToElement(findTestObject("Page_tC Create/Add new resource objects/h6_TIT 1intro"), 2, CONTINUE_ON_FAILURE): Scroll to object 'Object Repository/Page_tC Create/Add new resource objects/h6_TIT 1intro' successfully

2021-09-28 17:31:13 - [MESSAGE][PASSED] - Scroll to object 'Object Repository/Page_tC Create/Add new resource objects/h6_TIT 1intro' successfully

2021-09-28 17:31:13 - [TEST_STEP][PASSED] - click(findTestObject("Object Repository/tN objects/button_Titus 11_Expand chapter button")): Object: 'Object Repository/tN objects/button_Titus 11_Expand chapter button' is clicked on

2021-09-28 17:31:15 - [MESSAGE][PASSED] - Object: 'Object Repository/tN objects/button_Titus 11_Expand chapter button' is clicked on

2021-09-28 17:31:15 - [TEST_STEP][PASSED] - mouseOver(findTestObject("Object Repository/tN objects/td_12")): Object: 'Object Repository/tN objects/td_12' is hovered

2021-09-28 17:31:16 - [MESSAGE][PASSED] - Object: 'Object Repository/tN objects/td_12' is hovered

2021-09-28 17:31:16 - [TEST_STEP][PASSED] - click(findTestObject("Object Repository/tN objects/td_12")): Object: 'Object Repository/tN objects/td_12' is clicked on

2021-09-28 17:31:17 - [MESSAGE][PASSED] - Object: 'Object Repository/tN objects/td_12' is clicked on

2021-09-28 17:31:17 - [TEST_STEP][PASSED] - for (int i : (1..19)): Keys 'PAGE_DOWN + ' sent to object: 'tempBody'

2021-09-28 17:31:17 - [TEST_STEP][PASSED] - sendKeys(findTestObject(null), Keys.chord(PAGE_DOWN)): Keys 'PAGE_DOWN + ' sent to object: 'tempBody'

2021-09-28 17:31:17 - [MESSAGE][WARNING] - Test object id is null

2021-09-28 17:31:17 - [MESSAGE][WARNING] - Test object with id 'Object Repository/' does not exist

2021-09-28 17:31:19 - [MESSAGE][PASSED] - Keys 'PAGE_DOWN + ' sent to object: 'tempBody'

2021-09-28 17:31:19 - [TEST_STEP][PASSED] - sendKeys(findTestObject(null), Keys.chord(PAGE_DOWN)): Keys 'PAGE_DOWN + ' sent to object: 'tempBody'

2021-09-28 17:31:19 - [MESSAGE][WARNING] - Test object id is null

2021-09-28 17:31:19 - [MESSAGE][WARNING] - Test object with id 'Object Repository/' does not exist

2021-09-28 17:31:20 - [MESSAGE][PASSED] - Keys 'PAGE_DOWN + ' sent to object: 'tempBody'

2021-09-28 17:31:20 - [TEST_STEP][PASSED] - sendKeys(findTestObject(null), Keys.chord(PAGE_DOWN)): Keys 'PAGE_DOWN + ' sent to object: 'tempBody'

2021-09-28 17:31:20 - [MESSAGE][WARNING] - Test object id is null

2021-09-28 17:31:20 - [MESSAGE][WARNING] - Test object with id 'Object Repository/' does not exist

2021-09-28 17:31:22 - [MESSAGE][PASSED] - Keys 'PAGE_DOWN + ' sent to object: 'tempBody'

2021-09-28 17:31:22 - [TEST_STEP][PASSED] - sendKeys(findTestObject(null), Keys.chord(PAGE_DOWN)): Keys 'PAGE_DOWN + ' sent to object: 'tempBody'

2021-09-28 17:31:22 - [MESSAGE][WARNING] - Test object id is null

2021-09-28 17:31:22 - [MESSAGE][WARNING] - Test object with id 'Object Repository/' does not exist

2021-09-28 17:31:24 - [MESSAGE][PASSED] - Keys 'PAGE_DOWN + ' sent to object: 'tempBody'

2021-09-28 17:31:24 - [TEST_STEP][PASSED] - sendKeys(findTestObject(null), Keys.chord(PAGE_DOWN)): Keys 'PAGE_DOWN + ' sent to object: 'tempBody'

2021-09-28 17:31:24 - [MESSAGE][WARNING] - Test object id is null

2021-09-28 17:31:24 - [MESSAGE][WARNING] - Test object with id 'Object Repository/' does not exist

2021-09-28 17:31:25 - [MESSAGE][PASSED] - Keys 'PAGE_DOWN + ' sent to object: 'tempBody'

2021-09-28 17:31:25 - [TEST_STEP][PASSED] - sendKeys(findTestObject(null), Keys.chord(PAGE_DOWN)): Keys 'PAGE_DOWN + ' sent to object: 'tempBody'

2021-09-28 17:31:25 - [MESSAGE][WARNING] - Test object id is null

2021-09-28 17:31:25 - [MESSAGE][WARNING] - Test object with id 'Object Repository/' does not exist

2021-09-28 17:31:27 - [MESSAGE][PASSED] - Keys 'PAGE_DOWN + ' sent to object: 'tempBody'

2021-09-28 17:31:27 - [TEST_STEP][PASSED] - sendKeys(findTestObject(null), Keys.chord(PAGE_DOWN)): Keys 'PAGE_DOWN + ' sent to object: 'tempBody'

2021-09-28 17:31:27 - [MESSAGE][WARNING] - Test object id is null

2021-09-28 17:31:27 - [MESSAGE][WARNING] - Test object with id 'Object Repository/' does not exist

2021-09-28 17:31:29 - [MESSAGE][PASSED] - Keys 'PAGE_DOWN + ' sent to object: 'tempBody'

2021-09-28 17:31:29 - [TEST_STEP][PASSED] - sendKeys(findTestObject(null), Keys.chord(PAGE_DOWN)): Keys 'PAGE_DOWN + ' sent to object: 'tempBody'

2021-09-28 17:31:29 - [MESSAGE][WARNING] - Test object id is null

2021-09-28 17:31:29 - [MESSAGE][WARNING] - Test object with id 'Object Repository/' does not exist

2021-09-28 17:31:30 - [MESSAGE][PASSED] - Keys 'PAGE_DOWN + ' sent to object: 'tempBody'

2021-09-28 17:31:30 - [TEST_STEP][PASSED] - sendKeys(findTestObject(null), Keys.chord(PAGE_DOWN)): Keys 'PAGE_DOWN + ' sent to object: 'tempBody'

2021-09-28 17:31:30 - [MESSAGE][WARNING] - Test object id is null

2021-09-28 17:31:30 - [MESSAGE][WARNING] - Test object with id 'Object Repository/' does not exist

2021-09-28 17:31:32 - [MESSAGE][PASSED] - Keys 'PAGE_DOWN + ' sent to object: 'tempBody'

2021-09-28 17:31:32 - [TEST_STEP][PASSED] - sendKeys(findTestObject(null), Keys.chord(PAGE_DOWN)): Keys 'PAGE_DOWN + ' sent to object: 'tempBody'

2021-09-28 17:31:32 - [MESSAGE][WARNING] - Test object id is null

2021-09-28 17:31:32 - [MESSAGE][WARNING] - Test object with id 'Object Repository/' does not exist

2021-09-28 17:31:34 - [MESSAGE][PASSED] - Keys 'PAGE_DOWN + ' sent to object: 'tempBody'

2021-09-28 17:31:34 - [TEST_STEP][PASSED] - sendKeys(findTestObject(null), Keys.chord(PAGE_DOWN)): Keys 'PAGE_DOWN + ' sent to object: 'tempBody'

2021-09-28 17:31:34 - [MESSAGE][WARNING] - Test object id is null

2021-09-28 17:31:34 - [MESSAGE][WARNING] - Test object with id 'Object Repository/' does not exist

2021-09-28 17:31:35 - [MESSAGE][PASSED] - Keys 'PAGE_DOWN + ' sent to object: 'tempBody'

2021-09-28 17:31:35 - [TEST_STEP][PASSED] - sendKeys(findTestObject(null), Keys.chord(PAGE_DOWN)): Keys 'PAGE_DOWN + ' sent to object: 'tempBody'

2021-09-28 17:31:35 - [MESSAGE][WARNING] - Test object id is null

2021-09-28 17:31:35 - [MESSAGE][WARNING] - Test object with id 'Object Repository/' does not exist

2021-09-28 17:31:37 - [MESSAGE][PASSED] - Keys 'PAGE_DOWN + ' sent to object: 'tempBody'

2021-09-28 17:31:37 - [TEST_STEP][PASSED] - sendKeys(findTestObject(null), Keys.chord(PAGE_DOWN)): Keys 'PAGE_DOWN + ' sent to object: 'tempBody'

2021-09-28 17:31:37 - [MESSAGE][WARNING] - Test object id is null

2021-09-28 17:31:37 - [MESSAGE][WARNING] - Test object with id 'Object Repository/' does not exist

2021-09-28 17:31:38 - [MESSAGE][PASSED] - Keys 'PAGE_DOWN + ' sent to object: 'tempBody'

2021-09-28 17:31:38 - [TEST_STEP][PASSED] - sendKeys(findTestObject(null), Keys.chord(PAGE_DOWN)): Keys 'PAGE_DOWN + ' sent to object: 'tempBody'

2021-09-28 17:31:38 - [MESSAGE][WARNING] - Test object id is null

2021-09-28 17:31:38 - [MESSAGE][WARNING] - Test object with id 'Object Repository/' does not exist

2021-09-28 17:31:40 - [MESSAGE][PASSED] - Keys 'PAGE_DOWN + ' sent to object: 'tempBody'

2021-09-28 17:31:40 - [TEST_STEP][PASSED] - sendKeys(findTestObject(null), Keys.chord(PAGE_DOWN)): Keys 'PAGE_DOWN + ' sent to object: 'tempBody'

2021-09-28 17:31:40 - [MESSAGE][WARNING] - Test object id is null

2021-09-28 17:31:40 - [MESSAGE][WARNING] - Test object with id 'Object Repository/' does not exist

2021-09-28 17:31:42 - [MESSAGE][PASSED] - Keys 'PAGE_DOWN + ' sent to object: 'tempBody'

2021-09-28 17:31:42 - [TEST_STEP][PASSED] - sendKeys(findTestObject(null), Keys.chord(PAGE_DOWN)): Keys 'PAGE_DOWN + ' sent to object: 'tempBody'

2021-09-28 17:31:42 - [MESSAGE][WARNING] - Test object id is null

2021-09-28 17:31:42 - [MESSAGE][WARNING] - Test object with id 'Object Repository/' does not exist

2021-09-28 17:31:43 - [MESSAGE][PASSED] - Keys 'PAGE_DOWN + ' sent to object: 'tempBody'

2021-09-28 17:31:43 - [TEST_STEP][PASSED] - sendKeys(findTestObject(null), Keys.chord(PAGE_DOWN)): Keys 'PAGE_DOWN + ' sent to object: 'tempBody'

2021-09-28 17:31:43 - [MESSAGE][WARNING] - Test object id is null

2021-09-28 17:31:44 - [MESSAGE][WARNING] - Test object with id 'Object Repository/' does not exist

2021-09-28 17:31:45 - [MESSAGE][PASSED] - Keys 'PAGE_DOWN + ' sent to object: 'tempBody'

2021-09-28 17:31:45 - [TEST_STEP][PASSED] - sendKeys(findTestObject(null), Keys.chord(PAGE_DOWN)): Keys 'PAGE_DOWN + ' sent to object: 'tempBody'

2021-09-28 17:31:45 - [MESSAGE][WARNING] - Test object id is null

2021-09-28 17:31:45 - [MESSAGE][WARNING] - Test object with id 'Object Repository/' does not exist

2021-09-28 17:31:47 - [MESSAGE][PASSED] - Keys 'PAGE_DOWN + ' sent to object: 'tempBody'

2021-09-28 17:31:47 - [TEST_STEP][PASSED] - sendKeys(findTestObject(null), Keys.chord(PAGE_DOWN)): Keys 'PAGE_DOWN + ' sent to object: 'tempBody'

2021-09-28 17:31:47 - [MESSAGE][WARNING] - Test object id is null

2021-09-28 17:31:47 - [MESSAGE][WARNING] - Test object with id 'Object Repository/' does not exist

2021-09-28 17:31:48 - [MESSAGE][PASSED] - Keys 'PAGE_DOWN + ' sent to object: 'tempBody'

2021-09-28 17:31:48 - [TEST_STEP][PASSED] - if (verifyElementVisible(findTestObject("Object Repository/tN objects/sup_315"))): null

2021-09-28 17:31:49 - [MESSAGE][PASSED] - Object 'Object Repository/tN objects/sup_315' is visible

2021-09-28 17:31:49 - [TEST_STEP][PASSED] - logInfo("Chapter is expanded successfully"): Chapter is expanded successfully

2021-09-28 17:31:49 - [MESSAGE][INFO] - Chapter is expanded successfully

2021-09-28 17:31:49 - [TEST_STEP][PASSED] - delay(3): Delayed 3 second(s)

2021-09-28 17:31:52 - [MESSAGE][PASSED] - Delayed 3 second(s)

2021-09-28 17:31:52 - [TEST_STEP][PASSED] - sendKeys(findTestObject(null), Keys.chord(PAGE_UP)): Keys 'PAGE_UP + ' sent to object: 'tempBody'

2021-09-28 17:31:52 - [MESSAGE][WARNING] - Test object id is null

2021-09-28 17:31:52 - [MESSAGE][WARNING] - Test object with id 'Object Repository/' does not exist

2021-09-28 17:31:53 - [MESSAGE][PASSED] - Keys 'PAGE_UP + ' sent to object: 'tempBody'

2021-09-28 17:31:53 - [TEST_STEP][PASSED] - click(findTestObject("Object Repository/tN objects/button_Titus 11_collapse-chapter")): Object: 'Object Repository/tN objects/button_Titus 11_collapse-chapter' is clicked on

2021-09-28 17:31:55 - [MESSAGE][PASSED] - Object: 'Object Repository/tN objects/button_Titus 11_collapse-chapter' is clicked on

2021-09-28 17:31:55 - [TEST_STEP][PASSED] - delay(2): Delayed 2 second(s)

2021-09-28 17:31:57 - [MESSAGE][PASSED] - Delayed 2 second(s)

2021-09-28 17:31:57 - [TEST_STEP][PASSED] - if (verifyElementNotPresent(findTestObject("Object Repository/tN objects/sup_315"), 2, CONTINUE_ON_FAILURE)): null

2021-09-28 17:31:57 - [MESSAGE][PASSED] - Web element with id: 'Object Repository/tN objects/sup_315' located by 'By.xpath: //tr[@id='3:15']/td[3]/div/sup' is not present after '2' second(s)

2021-09-28 17:31:57 - [TEST_STEP][PASSED] - logInfo("Chapter is collapsed successfully"): Chapter is collapsed successfully

2021-09-28 17:31:57 - [MESSAGE][INFO] - Chapter is collapsed successfully

2021-09-28 17:31:57 - [TEST_STEP][PASSED] - closeBrowser(): Browser is closed

2021-09-28 17:31:57 - [MESSAGE][PASSED] - Browser is closed]]></system-out>
         <system-err><![CDATA[]]></system-err>
      </testcase>
      <testcase name="Test Cases/tCC Test Cases/tN_Highlighting by Occurrence Number" time="58.503" classname="Test Cases/tCC Test Cases/tN_Highlighting by Occurrence Number" status="PASSED">
         <system-out><![CDATA[2021-09-28 17:31:57 - [TEST_CASE][PASSED] - Test Cases/tCC Test Cases/tN_Highlighting by Occurrence Number: Test Cases/tCC Test Cases/tN_Highlighting by Occurrence Number

2021-09-28 17:31:57 - [TEST_STEP][PASSED] - com.tccreate.keywords.WriteToFile.writeTofilename("tN-Highlighting by occurrence number"): com.tccreate.keywords.WriteToFile.writeTofilename is PASSED

2021-09-28 17:31:57 - [MESSAGE][PASSED] - com.tccreate.keywords.WriteToFile.writeTofilename is PASSED

2021-09-28 17:31:57 - [TEST_STEP][PASSED] - com.helper.login.TimeDate.getTimeDate(): com.helper.login.TimeDate.getTimeDate is PASSED

2021-09-28 17:31:57 - [MESSAGE][INFO] - Time at which the test run:2021-09-28 17:31:57.714

2021-09-28 17:31:57 - [MESSAGE][PASSED] - com.helper.login.TimeDate.getTimeDate is PASSED

2021-09-28 17:31:57 - [TEST_STEP][PASSED] - com.helper.login.loginhelper.logintoapp(): com.helper.login.loginhelper.logintoapp is PASSED

2021-09-28 17:31:57 - [MESSAGE][INFO] - Starting 'Chrome' driver

2021-09-28 17:31:57 - [MESSAGE][INFO] - Action delay is set to 1,000 milliseconds

2021-09-28 17:31:58 - [MESSAGE][WARNING] - FFmpeg was not installed! Browser Recording will be disabled. Please follow this document to install FFmpeg first: https://docs.katalon.com/katalon-studio/docs/screenshots-videos.html#browser-based-recorder

2021-09-28 17:32:01 - [MESSAGE][PASSED] - Browser is opened with url: 'https://v1-3-0--tc-create-app.netlify.app/'

2021-09-28 17:32:01 - [MESSAGE][PASSED] - Wait for page load successfully

2021-09-28 17:32:02 - [MESSAGE][PASSED] - Current window maximized

2021-09-28 17:32:03 - [MESSAGE][PASSED] - Keys 'elsylambert' sent to object: 'Object Repository/Page_tC Create/input__username'

2021-09-28 17:32:05 - [MESSAGE][PASSED] - Keys 'fatak43' sent to object: 'Object Repository/Page_tC Create/input__password'

2021-09-28 17:32:06 - [MESSAGE][PASSED] - Object: 'Object Repository/Page_tC Create/button_Login' is clicked on

2021-09-28 17:32:07 - [MESSAGE][PASSED] - Delayed 1 second(s)

2021-09-28 17:32:08 - [MESSAGE][PASSED] - Text of object 'Object Repository/Page_tC Create/tcc-version number' is: 'translationCore Create - v1.3.0 build 73-f59f312'

2021-09-28 17:32:08 - [MESSAGE][INFO] - : The current version and build number is translationCore Create - v1.3.0 build 73-f59f312

2021-09-28 17:32:08 - [MESSAGE][PASSED] - com.helper.login.loginhelper.logintoapp is PASSED

2021-09-28 17:32:08 - [TEST_STEP][PASSED] - com.tccreate.keywords.selectOrg.organization(""): com.tccreate.keywords.selectOrg.organization is PASSED

2021-09-28 17:32:09 - [MESSAGE][PASSED] - Object: 'Object Repository/Page_tC Create/listOption_organisation_Parmed' is clicked on

2021-09-28 17:32:11 - [MESSAGE][WARNING] - No alert found after 2 second(s).

2021-09-28 17:32:11 - [MESSAGE][PASSED] - com.tccreate.keywords.selectOrg.organization is PASSED

2021-09-28 17:32:11 - [TEST_STEP][PASSED] - com.tccreate.keywords.selectOrg.resource("unfoldingWord® Translation Notes"): com.tccreate.keywords.selectOrg.resource is PASSED

2021-09-28 17:32:13 - [MESSAGE][PASSED] - Object: 'Object Repository/Page_tC Create/resource_Parmed' is clicked on

2021-09-28 17:32:13 - [MESSAGE][PASSED] - com.tccreate.keywords.selectOrg.resource is PASSED

2021-09-28 17:32:13 - [TEST_STEP][PASSED] - com.tccreate.keywords.selectOrg.language(""): com.tccreate.keywords.selectOrg.language is PASSED

2021-09-28 17:32:14 - [MESSAGE][PASSED] - Object: 'Object Repository/Page_tC Create/combo_Select Language' is clicked on

2021-09-28 17:32:16 - [MESSAGE][PASSED] - Object: 'Object Repository/Page_tC Create/listOption_Language_Parmed' is clicked on

2021-09-28 17:32:16 - [MESSAGE][PASSED] - com.tccreate.keywords.selectOrg.language is PASSED

2021-09-28 17:32:16 - [TEST_STEP][PASSED] - click(findTestObject("Object Repository/Page_tC Create/span_en_tn_57-TIT.tsv")): Object: 'Object Repository/Page_tC Create/span_en_tn_57-TIT.tsv' is clicked on

2021-09-28 17:32:18 - [MESSAGE][PASSED] - Object: 'Object Repository/Page_tC Create/span_en_tn_57-TIT.tsv' is clicked on

2021-09-28 17:32:18 - [TEST_STEP][PASSED] - click(findTestObject("Object Repository/tN objects/button_view columns")): Object: 'Object Repository/tN objects/button_view columns' is clicked on

2021-09-28 17:32:22 - [MESSAGE][PASSED] - Object: 'Object Repository/tN objects/button_view columns' is clicked on

2021-09-28 17:32:22 - [TEST_STEP][PASSED] - click(findTestObject("tN objects/input_OrigQuote_checkbox")): Object: 'Object Repository/tN objects/input_OrigQuote_checkbox' is clicked on

2021-09-28 17:32:24 - [MESSAGE][PASSED] - Object: 'Object Repository/tN objects/input_OrigQuote_checkbox' is clicked on

2021-09-28 17:32:24 - [TEST_STEP][PASSED] - click(findTestObject("Object Repository/tN objects/input_SupportReference")): Object: 'Object Repository/tN objects/input_SupportReference' is clicked on

2021-09-28 17:32:26 - [MESSAGE][PASSED] - Object: 'Object Repository/tN objects/input_SupportReference' is clicked on

2021-09-28 17:32:26 - [TEST_STEP][PASSED] - click(findTestObject("tN objects/button__Close-Columns")): Object: 'Object Repository/tN objects/button__Close-Columns' is clicked on

2021-09-28 17:32:27 - [MESSAGE][PASSED] - Object: 'Object Repository/tN objects/button__Close-Columns' is clicked on

2021-09-28 17:32:27 - [TEST_STEP][PASSED] - buttonstate = com.tccreate.keywords.ExpandAllScriptureToggle.toggleAllScripture("test"): com.tccreate.keywords.ExpandAllScriptureToggle.toggleAllScripture is PASSED

2021-09-28 17:32:30 - [MESSAGE][INFO] - Unable to find the element located by 'By.xpath: //*[@type = 'button' and @data-test = 'drawer-menu-close-button']'. Please recheck the objects properties to make sure the desired element is located. 

2021-09-28 17:32:30 - [MESSAGE][WARNING] - Object 'Object Repository/Page_tC Create/button_DrawerClose' is not present after 2 second(s)

2021-09-28 17:32:32 - [MESSAGE][PASSED] - Object: 'Object Repository/Page_tC Create/Hamburger Menu Button' is clicked on

2021-09-28 17:32:33 - [MESSAGE][PASSED] - Delayed 1 second(s)

2021-09-28 17:32:33 - [MESSAGE][PASSED] - Object 'Object Repository/Page_tC Create/input_Expand all Scripture_default' is checked

2021-09-28 17:32:34 - [MESSAGE][PASSED] - Object: 'Object Repository/Page_tC Create/button_DrawerClose' is clicked on

2021-09-28 17:32:35 - [MESSAGE][PASSED] - Object 'Object Repository/Page_tC Create/Hamburger Menu Button' is visible

2021-09-28 17:32:35 - [MESSAGE][PASSED] - com.tccreate.keywords.ExpandAllScriptureToggle.toggleAllScripture is PASSED

2021-09-28 17:32:35 - [TEST_STEP][PASSED] - out.println(" the state of the button is" + buttonstate): null

2021-09-28 17:32:35 - [TEST_STEP][PASSED] - delay(1): Delayed 1 second(s)

2021-09-28 17:32:36 - [MESSAGE][PASSED] - Delayed 1 second(s)

2021-09-28 17:32:36 - [TEST_STEP][PASSED] - if (buttonstate == "off"): null

2021-09-28 17:32:36 - [TEST_STEP][PASSED] - else: Parallel scripture viewer is ON

2021-09-28 17:32:36 - [TEST_STEP][PASSED] - logInfo("Parallel scripture viewer is ON"): Parallel scripture viewer is ON

2021-09-28 17:32:36 - [MESSAGE][INFO] - Parallel scripture viewer is ON

2021-09-28 17:32:36 - [TEST_STEP][PASSED] - scrollToElement(findTestObject("Object Repository/tN objects/div_Titus 11"), 2): Scroll to object 'Object Repository/tN objects/div_Titus 11' successfully

2021-09-28 17:32:36 - [MESSAGE][PASSED] - Scroll to object 'Object Repository/tN objects/div_Titus 11' successfully

2021-09-28 17:32:36 - [TEST_STEP][PASSED] - click(findTestObject("Object Repository/tN objects/button_Titus 11_add a new row")): Object: 'Object Repository/tN objects/button_Titus 11_add a new row' is clicked on

2021-09-28 17:32:38 - [MESSAGE][PASSED] - Object: 'Object Repository/tN objects/button_Titus 11_add a new row' is clicked on

2021-09-28 17:32:38 - [TEST_STEP][PASSED] - click(findTestObject("Object Repository/tN objects/button_Add")): Object: 'Object Repository/tN objects/button_Add' is clicked on

2021-09-28 17:32:40 - [MESSAGE][PASSED] - Object: 'Object Repository/tN objects/button_Add' is clicked on

2021-09-28 17:32:40 - [TEST_STEP][PASSED] - word1 = getText(findTestObject("tN objects/word1")): Text of object 'Object Repository/tN objects/word1' is: 'Θεοῦ'

2021-09-28 17:32:40 - [MESSAGE][PASSED] - Text of object 'Object Repository/tN objects/word1' is: 'Θεοῦ'

2021-09-28 17:32:40 - [TEST_STEP][PASSED] - logInfo("the word is" + word1): the word isΘεοῦ

2021-09-28 17:32:40 - [MESSAGE][INFO] - the word isΘεοῦ

2021-09-28 17:32:40 - [TEST_STEP][PASSED] - color_word1 = getCSSValue(findTestObject("tN objects/word1"), "color"): Get CSS 'color' value on 'Object Repository/tN objects/word1' successfully: 'rgba(0, 0, 0, 0.87)'.

2021-09-28 17:32:40 - [MESSAGE][PASSED] - Get CSS 'color' value on 'Object Repository/tN objects/word1' successfully: 'rgba(0, 0, 0, 0.87)'.

2021-09-28 17:32:40 - [TEST_STEP][PASSED] - backcolor_word1 = getCSSValue(findTestObject("tN objects/word1"), "background-color"): Get CSS 'background-color' value on 'Object Repository/tN objects/word1' successfully: 'rgba(0, 0, 0, 0)'.

2021-09-28 17:32:41 - [MESSAGE][PASSED] - Get CSS 'background-color' value on 'Object Repository/tN objects/word1' successfully: 'rgba(0, 0, 0, 0)'.

2021-09-28 17:32:41 - [TEST_STEP][PASSED] - logInfo(color_word1): rgba(0, 0, 0, 0.87)

2021-09-28 17:32:41 - [MESSAGE][INFO] - rgba(0, 0, 0, 0.87)

2021-09-28 17:32:41 - [TEST_STEP][PASSED] - logInfo(backcolor_word1): rgba(0, 0, 0, 0)

2021-09-28 17:32:41 - [MESSAGE][INFO] - rgba(0, 0, 0, 0)

2021-09-28 17:32:41 - [TEST_STEP][PASSED] - click(findTestObject("Object Repository/tN objects/p_OL_box")): Object: 'Object Repository/tN objects/p_OL_box' is clicked on

2021-09-28 17:32:42 - [MESSAGE][PASSED] - Object: 'Object Repository/tN objects/p_OL_box' is clicked on

2021-09-28 17:32:42 - [TEST_STEP][PASSED] - setText(findTestObject("Object Repository/tN objects/p_OL_box"), "Θεοῦ"): Text 'Θεοῦ' is set on object 'Object Repository/tN objects/p_OL_box'

2021-09-28 17:32:45 - [MESSAGE][PASSED] - Text 'Θεοῦ' is set on object 'Object Repository/tN objects/p_OL_box'

2021-09-28 17:32:45 - [TEST_STEP][PASSED] - driver = getWebDriver(): null

2021-09-28 17:32:45 - [TEST_STEP][PASSED] - action = new org.openqa.selenium.interactions.Actions(driver): null

2021-09-28 17:32:45 - [TEST_STEP][PASSED] - build().perform(): null

2021-09-28 17:32:45 - [TEST_STEP][PASSED] - if (!(color_word1.equals(backcolor_word1))): First Occurrence is highlighted!

2021-09-28 17:32:45 - [TEST_STEP][PASSED] - logInfo("First Occurrence is highlighted!"): First Occurrence is highlighted!

2021-09-28 17:32:45 - [MESSAGE][INFO] - First Occurrence is highlighted!

2021-09-28 17:32:45 - [TEST_STEP][PASSED] - color_word2 = getCSSValue(findTestObject("tN objects/word2"), "color"): Get CSS 'color' value on 'Object Repository/tN objects/word2' successfully: 'rgba(0, 0, 0, 0.87)'.

2021-09-28 17:32:46 - [MESSAGE][PASSED] - Get CSS 'color' value on 'Object Repository/tN objects/word2' successfully: 'rgba(0, 0, 0, 0.87)'.

2021-09-28 17:32:46 - [TEST_STEP][PASSED] - backcolor_word2 = getCSSValue(findTestObject("tN objects/word2"), "background-color"): Get CSS 'background-color' value on 'Object Repository/tN objects/word2' successfully: 'rgba(0, 0, 0, 0)'.

2021-09-28 17:32:46 - [MESSAGE][PASSED] - Get CSS 'background-color' value on 'Object Repository/tN objects/word2' successfully: 'rgba(0, 0, 0, 0)'.

2021-09-28 17:32:46 - [TEST_STEP][PASSED] - click(findTestObject("Object Repository/tN objects/p_occurrence box")): Object: 'Object Repository/tN objects/p_occurrence box' is clicked on

2021-09-28 17:32:47 - [MESSAGE][PASSED] - Object: 'Object Repository/tN objects/p_occurrence box' is clicked on

2021-09-28 17:32:47 - [TEST_STEP][PASSED] - clearText(findTestObject("Object Repository/tN objects/p_occurrence box"), CONTINUE_ON_FAILURE): Text of object 'Object Repository/tN objects/p_occurrence box' is cleared

2021-09-28 17:32:49 - [MESSAGE][PASSED] - Text of object 'Object Repository/tN objects/p_occurrence box' is cleared

2021-09-28 17:32:49 - [TEST_STEP][PASSED] - sendKeys(findTestObject("Object Repository/tN objects/p_occurrence box"), "2"): Keys '2' sent to object: 'Object Repository/tN objects/p_occurrence box'

2021-09-28 17:32:50 - [MESSAGE][PASSED] - Keys '2' sent to object: 'Object Repository/tN objects/p_occurrence box'

2021-09-28 17:32:50 - [TEST_STEP][PASSED] - build().perform(): null

2021-09-28 17:32:50 - [TEST_STEP][PASSED] - if (!(color_word2.equals(backcolor_word2))): Second occcurrence is highlighted!

2021-09-28 17:32:50 - [TEST_STEP][PASSED] - logInfo("Second occcurrence is highlighted!"): Second occcurrence is highlighted!

2021-09-28 17:32:50 - [MESSAGE][INFO] - Second occcurrence is highlighted!

2021-09-28 17:32:50 - [TEST_STEP][PASSED] - clearText(findTestObject("Object Repository/tN objects/p_occurrence box"), CONTINUE_ON_FAILURE): Text of object 'Object Repository/tN objects/p_occurrence box' is cleared

2021-09-28 17:32:52 - [MESSAGE][PASSED] - Text of object 'Object Repository/tN objects/p_occurrence box' is cleared

2021-09-28 17:32:52 - [TEST_STEP][PASSED] - sendKeys(findTestObject("Object Repository/tN objects/p_occurrence box"), "-1"): Keys '-1' sent to object: 'Object Repository/tN objects/p_occurrence box'

2021-09-28 17:32:53 - [MESSAGE][PASSED] - Keys '-1' sent to object: 'Object Repository/tN objects/p_occurrence box'

2021-09-28 17:32:53 - [TEST_STEP][PASSED] - build().perform(): null

2021-09-28 17:32:53 - [TEST_STEP][PASSED] - if (!(color_word1.equals(backcolor_word1)) && !(color_word2.equals(backcolor_word2))): Both occurrences are highlighted!

2021-09-28 17:32:53 - [TEST_STEP][PASSED] - logInfo("Both occurrences are highlighted!"): Both occurrences are highlighted!

2021-09-28 17:32:53 - [MESSAGE][INFO] - Both occurrences are highlighted!

2021-09-28 17:32:53 - [TEST_STEP][PASSED] - delay(2): Delayed 2 second(s)

2021-09-28 17:32:55 - [MESSAGE][PASSED] - Delayed 2 second(s)

2021-09-28 17:32:55 - [TEST_STEP][PASSED] - closeBrowser(): Browser is closed

2021-09-28 17:32:56 - [MESSAGE][PASSED] - Browser is closed]]></system-out>
         <system-err><![CDATA[]]></system-err>
      </testcase>
      <testcase name="Test Cases/tCC Test Cases/tW_Saving tW Article" time="40.615" classname="Test Cases/tCC Test Cases/tW_Saving tW Article" status="PASSED">
         <system-out><![CDATA[2021-09-28 17:32:56 - [TEST_CASE][PASSED] - Test Cases/tCC Test Cases/tW_Saving tW Article: Test Cases/tCC Test Cases/tW_Saving tW Article

2021-09-28 17:32:56 - [TEST_STEP][PASSED] - com.tccreate.keywords.WriteToFile.writeTofilename("tW-Save"): com.tccreate.keywords.WriteToFile.writeTofilename is PASSED

2021-09-28 17:32:56 - [MESSAGE][PASSED] - com.tccreate.keywords.WriteToFile.writeTofilename is PASSED

2021-09-28 17:32:56 - [TEST_STEP][PASSED] - com.helper.login.TimeDate.getTimeDate(): com.helper.login.TimeDate.getTimeDate is PASSED

2021-09-28 17:32:56 - [MESSAGE][INFO] - Time at which the test run:2021-09-28 17:32:56.182

2021-09-28 17:32:56 - [MESSAGE][PASSED] - com.helper.login.TimeDate.getTimeDate is PASSED

2021-09-28 17:32:56 - [TEST_STEP][PASSED] - com.helper.login.loginhelper.logintoapp(): com.helper.login.loginhelper.logintoapp is PASSED

2021-09-28 17:32:56 - [MESSAGE][INFO] - Starting 'Chrome' driver

2021-09-28 17:32:56 - [MESSAGE][INFO] - Action delay is set to 1,000 milliseconds

2021-09-28 17:32:57 - [MESSAGE][WARNING] - FFmpeg was not installed! Browser Recording will be disabled. Please follow this document to install FFmpeg first: https://docs.katalon.com/katalon-studio/docs/screenshots-videos.html#browser-based-recorder

2021-09-28 17:33:03 - [MESSAGE][PASSED] - Browser is opened with url: 'https://v1-3-0--tc-create-app.netlify.app/'

2021-09-28 17:33:03 - [MESSAGE][PASSED] - Wait for page load successfully

2021-09-28 17:33:04 - [MESSAGE][PASSED] - Current window maximized

2021-09-28 17:33:05 - [MESSAGE][PASSED] - Keys 'elsylambert' sent to object: 'Object Repository/Page_tC Create/input__username'

2021-09-28 17:33:07 - [MESSAGE][PASSED] - Keys 'fatak43' sent to object: 'Object Repository/Page_tC Create/input__password'

2021-09-28 17:33:08 - [MESSAGE][PASSED] - Object: 'Object Repository/Page_tC Create/button_Login' is clicked on

2021-09-28 17:33:09 - [MESSAGE][PASSED] - Delayed 1 second(s)

2021-09-28 17:33:10 - [MESSAGE][PASSED] - Text of object 'Object Repository/Page_tC Create/tcc-version number' is: 'translationCore Create - v1.3.0 build 73-f59f312'

2021-09-28 17:33:10 - [MESSAGE][INFO] - : The current version and build number is translationCore Create - v1.3.0 build 73-f59f312

2021-09-28 17:33:10 - [MESSAGE][PASSED] - com.helper.login.loginhelper.logintoapp is PASSED

2021-09-28 17:33:10 - [TEST_STEP][PASSED] - com.tccreate.keywords.selectOrg.organization(""): com.tccreate.keywords.selectOrg.organization is PASSED

2021-09-28 17:33:11 - [MESSAGE][PASSED] - Object: 'Object Repository/Page_tC Create/listOption_organisation_Parmed' is clicked on

2021-09-28 17:33:13 - [MESSAGE][WARNING] - No alert found after 2 second(s).

2021-09-28 17:33:13 - [MESSAGE][PASSED] - com.tccreate.keywords.selectOrg.organization is PASSED

2021-09-28 17:33:13 - [TEST_STEP][PASSED] - com.tccreate.keywords.selectOrg.resource("unfoldingWord® Translation Words"): com.tccreate.keywords.selectOrg.resource is PASSED

2021-09-28 17:33:15 - [MESSAGE][PASSED] - Object: 'Object Repository/Page_tC Create/resource_Parmed' is clicked on

2021-09-28 17:33:15 - [MESSAGE][PASSED] - com.tccreate.keywords.selectOrg.resource is PASSED

2021-09-28 17:33:15 - [TEST_STEP][PASSED] - com.tccreate.keywords.selectOrg.language(""): com.tccreate.keywords.selectOrg.language is PASSED

2021-09-28 17:33:17 - [MESSAGE][PASSED] - Object: 'Object Repository/Page_tC Create/combo_Select Language' is clicked on

2021-09-28 17:33:18 - [MESSAGE][PASSED] - Object: 'Object Repository/Page_tC Create/listOption_Language_Parmed' is clicked on

2021-09-28 17:33:18 - [MESSAGE][PASSED] - com.tccreate.keywords.selectOrg.language is PASSED

2021-09-28 17:33:18 - [TEST_STEP][PASSED] - click(findTestObject("tW Objects/span_bible")): Object: 'Object Repository/tW Objects/span_bible' is clicked on

2021-09-28 17:33:20 - [MESSAGE][PASSED] - Object: 'Object Repository/tW Objects/span_bible' is clicked on

2021-09-28 17:33:20 - [TEST_STEP][PASSED] - click(findTestObject("tW Objects/span_kt")): Object: 'Object Repository/tW Objects/span_kt' is clicked on

2021-09-28 17:33:22 - [MESSAGE][PASSED] - Object: 'Object Repository/tW Objects/span_kt' is clicked on

2021-09-28 17:33:22 - [TEST_STEP][PASSED] - click(findTestObject("tW Objects/span_almighty.md")): Object: 'Object Repository/tW Objects/span_almighty.md' is clicked on

2021-09-28 17:33:24 - [MESSAGE][PASSED] - Object: 'Object Repository/tW Objects/span_almighty.md' is clicked on

2021-09-28 17:33:24 - [TEST_STEP][PASSED] - click(findTestObject("tW Objects/h1_Almighty")): Object: 'Object Repository/tW Objects/h1_Almighty' is clicked on

2021-09-28 17:33:27 - [MESSAGE][PASSED] - Object: 'Object Repository/tW Objects/h1_Almighty' is clicked on

2021-09-28 17:33:27 - [TEST_STEP][PASSED] - sendKeys(findTestObject("tW Objects/h1_Almighty"), "  edits by a test script"): Keys '  edits by a test script' sent to object: 'Object Repository/tW Objects/h1_Almighty'

2021-09-28 17:33:28 - [MESSAGE][PASSED] - Keys '  edits by a test script' sent to object: 'Object Repository/tW Objects/h1_Almighty'

2021-09-28 17:33:28 - [TEST_STEP][PASSED] - click(findTestObject("Object Repository/Page_tC Create/button_Save")): Object: 'Object Repository/Page_tC Create/button_Save' is clicked on

2021-09-28 17:33:30 - [MESSAGE][PASSED] - Object: 'Object Repository/Page_tC Create/button_Save' is clicked on

2021-09-28 17:33:30 - [TEST_STEP][PASSED] - delay(2): Delayed 2 second(s)

2021-09-28 17:33:32 - [MESSAGE][PASSED] - Delayed 2 second(s)

2021-09-28 17:33:32 - [TEST_STEP][PASSED] - if (verifyElementNotClickable(findTestObject("Page_tC Create/button_Save"), CONTINUE_ON_FAILURE)): null

2021-09-28 17:33:32 - [MESSAGE][PASSED] - Object 'Object Repository/Page_tC Create/button_Save' is NOT clickable

2021-09-28 17:33:32 - [TEST_STEP][PASSED] - logInfo(" Save button is greyed out as expected"):  Save button is greyed out as expected

2021-09-28 17:33:32 - [MESSAGE][INFO] -  Save button is greyed out as expected

2021-09-28 17:33:32 - [TEST_STEP][PASSED] - click(findTestObject("Object Repository/tW Objects/chip_English - unfoldingWorden_twElsyLambert-tc-create-1")): Object: 'Object Repository/tW Objects/chip_English - unfoldingWorden_twElsyLambert-tc-create-1' is clicked on

2021-09-28 17:33:34 - [MESSAGE][PASSED] - Object: 'Object Repository/tW Objects/chip_English - unfoldingWorden_twElsyLambert-tc-create-1' is clicked on

2021-09-28 17:33:34 - [TEST_STEP][PASSED] - delay(2): Delayed 2 second(s)

2021-09-28 17:33:36 - [MESSAGE][PASSED] - Delayed 2 second(s)

2021-09-28 17:33:36 - [TEST_STEP][PASSED] - switchToWindowIndex(1): Switched to window with index: '1'

2021-09-28 17:33:36 - [MESSAGE][PASSED] - Switched to window with index: '1'

2021-09-28 17:33:36 - [TEST_STEP][PASSED] - if (getText(findTestObject("Object Repository/tW Objects/h1_Almighty article on DCS")).contains("edits by a test script")): null

2021-09-28 17:33:36 - [MESSAGE][PASSED] - Text of object 'Object Repository/tW Objects/h1_Almighty article on DCS' is: 'Almighty  edits by a test scrip  edits by a test scriptt'

2021-09-28 17:33:36 - [TEST_STEP][PASSED] - logInfo("The edits are saved on the DCS Repo File"): The edits are saved on the DCS Repo File

2021-09-28 17:33:36 - [MESSAGE][INFO] - The edits are saved on the DCS Repo File

2021-09-28 17:33:36 - [TEST_STEP][PASSED] - switchToWindowIndex(0): Switched to window with index: '0'

2021-09-28 17:33:36 - [MESSAGE][PASSED] - Switched to window with index: '0'

2021-09-28 17:33:36 - [TEST_STEP][PASSED] - closeBrowser(): Browser is closed

2021-09-28 17:33:36 - [MESSAGE][PASSED] - Browser is closed

2021-09-28 17:33:36 - [TEST_STEP][PASSED] - closeBrowser(): Browser is closed

2021-09-28 17:33:36 - [MESSAGE][PASSED] - Browser is closed]]></system-out>
         <system-err><![CDATA[]]></system-err>
      </testcase>
      <testcase name="Test Cases/tCC Test Cases/tA_Saving tA Article" time="218.735" classname="Test Cases/tCC Test Cases/tA_Saving tA Article" status="FAILED">
         <failure type="FAILED" message="Test Cases/tCC Test Cases/tA_Saving tA Article FAILED.
Reason:
com.kms.katalon.core.exception.StepFailedException: Unable to click on object 'Object Repository/Page_tC Create/listOption_Language_Parmed' (Root cause: com.kms.katalon.core.exception.StepFailedException: Unable to click on object 'Object Repository/Page_tC Create/listOption_Language_Parmed'
	at com.kms.katalon.core.webui.keyword.internal.WebUIKeywordMain.stepFailed(WebUIKeywordMain.groovy:64)
	at com.kms.katalon.core.webui.keyword.internal.WebUIKeywordMain.runKeyword(WebUIKeywordMain.groovy:26)
	at com.kms.katalon.core.webui.keyword.builtin.ClickKeyword.click(ClickKeyword.groovy:75)
	at com.kms.katalon.core.webui.keyword.builtin.ClickKeyword.execute(ClickKeyword.groovy:42)
	at com.kms.katalon.core.keyword.internal.KeywordExecutor.executeKeywordForPlatform(KeywordExecutor.groovy:74)
	at com.kms.katalon.core.webui.keyword.WebUiBuiltInKeywords.click(WebUiBuiltInKeywords.groovy:620)
	at com.kms.katalon.core.webui.keyword.WebUiBuiltInKeywords$click$3.call(Unknown Source)
	at com.tccreate.keywords.selectOrg.language(selectOrg.groovy:54)
	at com.tccreate.keywords.selectOrg.invokeMethod(selectOrg.groovy)
	at com.kms.katalon.core.main.CustomKeywordDelegatingMetaClass.invokeStaticMethod(CustomKeywordDelegatingMetaClass.java:50)
	at tA_Saving tA Article.run(tA_Saving tA Article:29)
	at com.kms.katalon.core.main.ScriptEngine.run(ScriptEngine.java:194)
	at com.kms.katalon.core.main.ScriptEngine.runScriptAsRawText(ScriptEngine.java:119)
	at com.kms.katalon.core.main.TestCaseExecutor.runScript(TestCaseExecutor.java:430)
	at com.kms.katalon.core.main.TestCaseExecutor.doExecute(TestCaseExecutor.java:421)
	at com.kms.katalon.core.main.TestCaseExecutor.processExecutionPhase(TestCaseExecutor.java:400)
	at com.kms.katalon.core.main.TestCaseExecutor.accessMainPhase(TestCaseExecutor.java:392)
	at com.kms.katalon.core.main.TestCaseExecutor.execute(TestCaseExecutor.java:273)
	at com.kms.katalon.core.main.TestSuiteExecutor.accessTestCaseMainPhase(TestSuiteExecutor.java:202)
	at com.kms.katalon.core.main.TestSuiteExecutor.accessTestSuiteMainPhase(TestSuiteExecutor.java:164)
	at com.kms.katalon.core.main.TestSuiteExecutor.execute(TestSuiteExecutor.java:105)
	at com.kms.katalon.core.main.TestCaseMain.startTestSuite(TestCaseMain.java:185)
	at com.kms.katalon.core.main.TestCaseMain$startTestSuite$0.call(Unknown Source)
	at TempTestSuite1632864492590.run(TempTestSuite1632864492590.groovy:36)
Caused by: org.openqa.selenium.StaleElementReferenceException: stale element reference: element is not attached to the page document
  (Session info: chrome=94.0.4606.61)
For documentation on this error, please visit: https://www.seleniumhq.org/exceptions/stale_element_reference.html
Build info: version: '3.141.59', revision: 'e82be7d358', time: '2018-11-14T08:25:53'
System info: host: 'ELSYs-MBP.phub.net.cable.rogers.com', ip: '2607:fea8:2cde:e900:0:0:0:cce8%en0', os.name: 'Mac OS X', os.arch: 'x86_64', os.version: '10.16', java.version: '1.8.0_275'
Driver info: com.kms.katalon.selenium.driver.CChromeDriver
Capabilities {acceptInsecureCerts: false, browserName: chrome, browserVersion: 94.0.4606.61, chrome: {chromedriverVersion: 94.0.4606.61 (418b78f5838ed..., userDataDir: /var/folders/sf/msc8p_nx3x3...}, goog:chromeOptions: {debuggerAddress: localhost:58979}, javascriptEnabled: true, networkConnectionEnabled: false, pageLoadStrategy: normal, platform: MAC, platformName: MAC, proxy: Proxy(), setWindowRect: true, strictFileInteractability: false, timeouts: {implicit: 0, pageLoad: 300000, script: 30000}, unhandledPromptBehavior: dismiss and notify, webauthn:extension:credBlob: true, webauthn:extension:largeBlob: true, webauthn:virtualAuthenticators: true}
Session ID: eaac19f7be45e49c37f6eb93c6d52174
	at org.openqa.selenium.remote.http.W3CHttpResponseCodec.createException(W3CHttpResponseCodec.java:187)
	at org.openqa.selenium.remote.http.W3CHttpResponseCodec.decode(W3CHttpResponseCodec.java:122)
	at org.openqa.selenium.remote.http.W3CHttpResponseCodec.decode(W3CHttpResponseCodec.java:49)
	at org.openqa.selenium.remote.HttpCommandExecutor.execute(HttpCommandExecutor.java:158)
	at org.openqa.selenium.remote.service.DriverCommandExecutor.execute(DriverCommandExecutor.java:83)
	at org.openqa.selenium.remote.RemoteWebDriver.execute(RemoteWebDriver.java:552)
	at com.kms.katalon.selenium.driver.CChromeDriver.execute(CChromeDriver.java:19)
	at org.openqa.selenium.remote.RemoteWebElement.execute(RemoteWebElement.java:285)
	at org.openqa.selenium.remote.RemoteWebElement.click(RemoteWebElement.java:84)
	at org.openqa.selenium.support.events.EventFiringWebDriver$EventFiringWebElement.lambda$new$0(EventFiringWebDriver.java:404)
	at com.sun.proxy.$Proxy11.click(Unknown Source)
	at org.openqa.selenium.support.events.EventFiringWebDriver$EventFiringWebElement.click(EventFiringWebDriver.java:417)
	at com.kms.katalon.core.webui.keyword.builtin.ClickKeyword$_click_closure1.doCall(ClickKeyword.groovy:68)
	at com.kms.katalon.core.webui.keyword.builtin.ClickKeyword$_click_closure1.call(ClickKeyword.groovy)
	at com.kms.katalon.core.webui.keyword.internal.WebUIKeywordMain.runKeyword(WebUIKeywordMain.groovy:20)
	at com.kms.katalon.core.webui.keyword.builtin.ClickKeyword.click(ClickKeyword.groovy:75)
	at com.kms.katalon.core.webui.keyword.builtin.ClickKeyword.execute(ClickKeyword.groovy:42)
	at com.kms.katalon.core.keyword.internal.KeywordExecutor.executeKeywordForPlatform(KeywordExecutor.groovy:74)
	at com.kms.katalon.core.webui.keyword.WebUiBuiltInKeywords.click(WebUiBuiltInKeywords.groovy:620)
	at com.kms.katalon.core.webui.keyword.WebUiBuiltInKeywords$click$3.call(Unknown Source)
	at com.tccreate.keywords.selectOrg.language(selectOrg.groovy:54)
	at com.tccreate.keywords.selectOrg.invokeMethod(selectOrg.groovy)
	at com.kms.katalon.core.main.CustomKeywordDelegatingMetaClass.invokeStaticMethod(CustomKeywordDelegatingMetaClass.java:50)
	at Script1609168958432.run(Script1609168958432.groovy:29)
	... 13 more
)
	at com.kms.katalon.core.keyword.internal.KeywordMain.stepFailed(KeywordMain.groovy:39)
	at com.kms.katalon.core.webui.keyword.internal.WebUIKeywordMain.stepFailed(WebUIKeywordMain.groovy:64)
	at com.kms.katalon.core.webui.keyword.internal.WebUIKeywordMain.runKeyword(WebUIKeywordMain.groovy:26)
	at com.kms.katalon.core.webui.keyword.builtin.ClickKeyword.click(ClickKeyword.groovy:75)
	at com.kms.katalon.core.webui.keyword.builtin.ClickKeyword.execute(ClickKeyword.groovy:42)
	at com.kms.katalon.core.keyword.internal.KeywordExecutor.executeKeywordForPlatform(KeywordExecutor.groovy:74)
	at com.kms.katalon.core.webui.keyword.WebUiBuiltInKeywords.click(WebUiBuiltInKeywords.groovy:620)
	at com.kms.katalon.core.webui.keyword.WebUiBuiltInKeywords$click$3.call(Unknown Source)
[...]
Caused by: org.openqa.selenium.StaleElementReferenceException: stale element reference: element is not attached to the page document
  (Session info: chrome=94.0.4606.61)
For documentation on this error, please visit: https://www.seleniumhq.org/exceptions/stale_element_reference.html
Build info: version: '3.141.59', revision: 'e82be7d358', time: '2018-11-14T08:25:53'
System info: host: 'ELSYs-MBP.phub.net.cable.rogers.com', ip: '2607:fea8:2cde:e900:0:0:0:cce8%en0', os.name: 'Mac OS X', os.arch: 'x86_64', os.version: '10.16', java.version: '1.8.0_275'
Driver info: com.kms.katalon.selenium.driver.CChromeDriver
Capabilities {acceptInsecureCerts: false, browserName: chrome, browserVersion: 94.0.4606.61, chrome: {chromedriverVersion: 94.0.4606.61 (418b78f5838ed..., userDataDir: /var/folders/sf/msc8p_nx3x3...}, goog:chromeOptions: {debuggerAddress: localhost:58979}, javascriptEnabled: true, networkConnectionEnabled: false, pageLoadStrategy: normal, platform: MAC, platformName: MAC, proxy: Proxy(), setWindowRect: true, strictFileInteractability: false, timeouts: {implicit: 0, pageLoad: 300000, script: 30000}, unhandledPromptBehavior: dismiss and notify, webauthn:extension:credBlob: true, webauthn:extension:largeBlob: true, webauthn:virtualAuthenticators: true}
Session ID: eaac19f7be45e49c37f6eb93c6d52174
	at org.openqa.selenium.remote.http.W3CHttpResponseCodec.createException(W3CHttpResponseCodec.java:187)
	at org.openqa.selenium.remote.http.W3CHttpResponseCodec.decode(W3CHttpResponseCodec.java:122)
	at org.openqa.selenium.remote.http.W3CHttpResponseCodec.decode(W3CHttpResponseCodec.java:49)
	at org.openqa.selenium.remote.HttpCommandExecutor.execute(HttpCommandExecutor.java:158)
	at org.openqa.selenium.remote.service.DriverCommandExecutor.execute(DriverCommandExecutor.java:83)
	at org.openqa.selenium.remote.RemoteWebDriver.execute(RemoteWebDriver.java:552)
	at com.kms.katalon.selenium.driver.CChromeDriver.execute(CChromeDriver.java:19)
	at org.openqa.selenium.remote.RemoteWebElement.execute(RemoteWebElement.java:285)
	at org.openqa.selenium.remote.RemoteWebElement.click(RemoteWebElement.java:84)
	at org.openqa.selenium.support.events.EventFiringWebDriver$EventFiringWebElement.lambda$new$0(EventFiringWebDriver.java:404)
	at com.sun.proxy.$Proxy11.click(Unknown Source)
	at org.openqa.selenium.support.events.EventFiringWebDriver$EventFiringWebElement.click(EventFiringWebDriver.java:417)
	at com.kms.katalon.core.webui.keyword.builtin.ClickKeyword$_click_closure1.doCall(ClickKeyword.groovy:68)
	at com.kms.katalon.core.webui.keyword.builtin.ClickKeyword$_click_closure1.call(ClickKeyword.groovy)
	at com.kms.katalon.core.webui.keyword.internal.WebUIKeywordMain.runKeyword(WebUIKeywordMain.groovy:20)
	at com.kms.katalon.core.webui.keyword.builtin.ClickKeyword.click(ClickKeyword.groovy:75)
	at com.kms.katalon.core.webui.keyword.builtin.ClickKeyword.execute(ClickKeyword.groovy:42)
	at com.kms.katalon.core.keyword.internal.KeywordExecutor.executeKeywordForPlatform(KeywordExecutor.groovy:74)
	at com.kms.katalon.core.webui.keyword.WebUiBuiltInKeywords.click(WebUiBuiltInKeywords.groovy:620)
	at com.kms.katalon.core.webui.keyword.WebUiBuiltInKeywords$click$3.call(Unknown Source)
	at com.tccreate.keywords.selectOrg.language(selectOrg.groovy:54)
	at com.tccreate.keywords.selectOrg.invokeMethod(selectOrg.groovy)
	at com.kms.katalon.core.main.CustomKeywordDelegatingMetaClass.invokeStaticMethod(CustomKeywordDelegatingMetaClass.java:50)
	at Script1609168958432.run(Script1609168958432.groovy:29)
	... 13 more
)
	at com.kms.katalon.core.keyword.internal.KeywordMain.stepFailed(KeywordMain.groovy:39)
	at com.kms.katalon.core.webui.keyword.internal.WebUIKeywordMain.stepFailed(WebUIKeywordMain.groovy:64)
	at com.kms.katalon.core.webui.keyword.internal.WebUIKeywordMain.runKeyword(WebUIKeywordMain.groovy:26)
	at com.kms.katalon.core.webui.keyword.builtin.ClickKeyword.click(ClickKeyword.groovy:75)
	at com.kms.katalon.core.webui.keyword.builtin.ClickKeyword.execute(ClickKeyword.groovy:42)
	at com.kms.katalon.core.keyword.internal.KeywordExecutor.executeKeywordForPlatform(KeywordExecutor.groovy:74)
	at com.kms.katalon.core.webui.keyword.WebUiBuiltInKeywords.click(WebUiBuiltInKeywords.groovy:620)
	at com.kms.katalon.core.webui.keyword.WebUiBuiltInKeywords$click$3.call(Unknown Source)
	at com.tccreate.keywords.selectOrg.language(selectOrg.groovy:54)
	at com.tccreate.keywords.selectOrg.invokeMethod(selectOrg.groovy)
	at com.kms.katalon.core.main.CustomKeywordDelegatingMetaClass.invokeStaticMethod(CustomKeywordDelegatingMetaClass.java:50)
	at tA_Saving tA Article.run(tA_Saving tA Article:29)
	at com.kms.katalon.core.main.ScriptEngine.run(ScriptEngine.java:194)
	at com.kms.katalon.core.main.ScriptEngine.runScriptAsRawText(ScriptEngine.java:119)
	at com.kms.katalon.core.main.TestCaseExecutor.runScript(TestCaseExecutor.java:430)
	at com.kms.katalon.core.main.TestCaseExecutor.doExecute(TestCaseExecutor.java:421)
	at com.kms.katalon.core.main.TestCaseExecutor.processExecutionPhase(TestCaseExecutor.java:400)
	at com.kms.katalon.core.main.TestCaseExecutor.accessMainPhase(TestCaseExecutor.java:392)
	at com.kms.katalon.core.main.TestCaseExecutor.execute(TestCaseExecutor.java:273)
	at com.kms.katalon.core.main.TestSuiteExecutor.accessTestCaseMainPhase(TestSuiteExecutor.java:202)
	at com.kms.katalon.core.main.TestSuiteExecutor.accessTestSuiteMainPhase(TestSuiteExecutor.java:164)
	at com.kms.katalon.core.main.TestSuiteExecutor.execute(TestSuiteExecutor.java:105)
	at com.kms.katalon.core.main.TestCaseMain.startTestSuite(TestCaseMain.java:185)
	at com.kms.katalon.core.main.TestCaseMain$startTestSuite$0.call(Unknown Source)
	at TempTestSuite1632864492590.run(TempTestSuite1632864492590.groovy:36)
Caused by: com.kms.katalon.core.exception.StepFailedException: Unable to click on object 'Object Repository/Page_tC Create/listOption_Language_Parmed'
	... 24 more
Caused by: org.openqa.selenium.StaleElementReferenceException: stale element reference: element is not attached to the page document
  (Session info: chrome=94.0.4606.61)
For documentation on this error, please visit: https://www.seleniumhq.org/exceptions/stale_element_reference.html
Build info: version: '3.141.59', revision: 'e82be7d358', time: '2018-11-14T08:25:53'
System info: host: 'ELSYs-MBP.phub.net.cable.rogers.com', ip: '2607:fea8:2cde:e900:0:0:0:cce8%en0', os.name: 'Mac OS X', os.arch: 'x86_64', os.version: '10.16', java.version: '1.8.0_275'
Driver info: com.kms.katalon.selenium.driver.CChromeDriver
Capabilities {acceptInsecureCerts: false, browserName: chrome, browserVersion: 94.0.4606.61, chrome: {chromedriverVersion: 94.0.4606.61 (418b78f5838ed..., userDataDir: /var/folders/sf/msc8p_nx3x3...}, goog:chromeOptions: {debuggerAddress: localhost:58979}, javascriptEnabled: true, networkConnectionEnabled: false, pageLoadStrategy: normal, platform: MAC, platformName: MAC, proxy: Proxy(), setWindowRect: true, strictFileInteractability: false, timeouts: {implicit: 0, pageLoad: 300000, script: 30000}, unhandledPromptBehavior: dismiss and notify, webauthn:extension:credBlob: true, webauthn:extension:largeBlob: true, webauthn:virtualAuthenticators: true}
Session ID: eaac19f7be45e49c37f6eb93c6d52174
	at org.openqa.selenium.remote.http.W3CHttpResponseCodec.createException(W3CHttpResponseCodec.java:187)
	at org.openqa.selenium.remote.http.W3CHttpResponseCodec.decode(W3CHttpResponseCodec.java:122)
	at org.openqa.selenium.remote.http.W3CHttpResponseCodec.decode(W3CHttpResponseCodec.java:49)
	at org.openqa.selenium.remote.HttpCommandExecutor.execute(HttpCommandExecutor.java:158)
	at org.openqa.selenium.remote.service.DriverCommandExecutor.execute(DriverCommandExecutor.java:83)
	at org.openqa.selenium.remote.RemoteWebDriver.execute(RemoteWebDriver.java:552)
	at com.kms.katalon.selenium.driver.CChromeDriver.execute(CChromeDriver.java:19)
	at org.openqa.selenium.remote.RemoteWebElement.execute(RemoteWebElement.java:285)
	at org.openqa.selenium.remote.RemoteWebElement.click(RemoteWebElement.java:84)
	at org.openqa.selenium.support.events.EventFiringWebDriver$EventFiringWebElement.lambda$new$0(EventFiringWebDriver.java:404)
	at com.sun.proxy.$Proxy11.click(Unknown Source)
	at org.openqa.selenium.support.events.EventFiringWebDriver$EventFiringWebElement.click(EventFiringWebDriver.java:417)
	at com.kms.katalon.core.webui.keyword.builtin.ClickKeyword$_click_closure1.doCall(ClickKeyword.groovy:68)
	at com.kms.katalon.core.webui.keyword.builtin.ClickKeyword$_click_closure1.call(ClickKeyword.groovy)
	at com.kms.katalon.core.webui.keyword.internal.WebUIKeywordMain.runKeyword(WebUIKeywordMain.groovy:20)
	... 22 more]]></system-out>
      <system-err><![CDATA[2021-09-28 17:28:14 - [TEST_SUITE][FAILED] - Test Suite1- Regression: Test Cases/tCC Test Cases/tA_Saving tA Article FAILED.
Reason:
com.kms.katalon.core.exception.StepFailedException: Unable to click on object 'Object Repository/Page_tC Create/listOption_Language_Parmed' (Root cause: com.kms.katalon.core.exception.StepFailedException: Unable to click on object 'Object Repository/Page_tC Create/listOption_Language_Parmed'
	at com.kms.katalon.core.webui.keyword.internal.WebUIKeywordMain.stepFailed(WebUIKeywordMain.groovy:64)
	at com.kms.katalon.core.webui.keyword.internal.WebUIKeywordMain.runKeyword(WebUIKeywordMain.groovy:26)
	at com.kms.katalon.core.webui.keyword.builtin.ClickKeyword.click(ClickKeyword.groovy:75)
	at com.kms.katalon.core.webui.keyword.builtin.ClickKeyword.execute(ClickKeyword.groovy:42)
	at com.kms.katalon.core.keyword.internal.KeywordExecutor.executeKeywordForPlatform(KeywordExecutor.groovy:74)
	at com.kms.katalon.core.webui.keyword.WebUiBuiltInKeywords.click(WebUiBuiltInKeywords.groovy:620)
	at com.kms.katalon.core.webui.keyword.WebUiBuiltInKeywords$click$3.call(Unknown Source)
	at com.tccreate.keywords.selectOrg.language(selectOrg.groovy:54)
	at com.tccreate.keywords.selectOrg.invokeMethod(selectOrg.groovy)
	at com.kms.katalon.core.main.CustomKeywordDelegatingMetaClass.invokeStaticMethod(CustomKeywordDelegatingMetaClass.java:50)
	at tA_Saving tA Article.run(tA_Saving tA Article:29)
	at com.kms.katalon.core.main.ScriptEngine.run(ScriptEngine.java:194)
	at com.kms.katalon.core.main.ScriptEngine.runScriptAsRawText(ScriptEngine.java:119)
	at com.kms.katalon.core.main.TestCaseExecutor.runScript(TestCaseExecutor.java:430)
	at com.kms.katalon.core.main.TestCaseExecutor.doExecute(TestCaseExecutor.java:421)
	at com.kms.katalon.core.main.TestCaseExecutor.processExecutionPhase(TestCaseExecutor.java:400)
	at com.kms.katalon.core.main.TestCaseExecutor.accessMainPhase(TestCaseExecutor.java:392)
	at com.kms.katalon.core.main.TestCaseExecutor.execute(TestCaseExecutor.java:273)
	at com.kms.katalon.core.main.TestSuiteExecutor.accessTestCaseMainPhase(TestSuiteExecutor.java:202)
	at com.kms.katalon.core.main.TestSuiteExecutor.accessTestSuiteMainPhase(TestSuiteExecutor.java:164)
	at com.kms.katalon.core.main.TestSuiteExecutor.execute(TestSuiteExecutor.java:105)
	at com.kms.katalon.core.main.TestCaseMain.startTestSuite(TestCaseMain.java:185)
	at com.kms.katalon.core.main.TestCaseMain$startTestSuite$0.call(Unknown Source)
	at TempTestSuite1632864492590.run(TempTestSuite1632864492590.groovy:36)
Caused by: org.openqa.selenium.StaleElementReferenceException: stale element reference: element is not attached to the page document
  (Session info: chrome=94.0.4606.61)
For documentation on this error, please visit: https://www.seleniumhq.org/exceptions/stale_element_reference.html
Build info: version: '3.141.59', revision: 'e82be7d358', time: '2018-11-14T08:25:53'
System info: host: 'ELSYs-MBP.phub.net.cable.rogers.com', ip: '2607:fea8:2cde:e900:0:0:0:cce8%en0', os.name: 'Mac OS X', os.arch: 'x86_64', os.version: '10.16', java.version: '1.8.0_275'
Driver info: com.kms.katalon.selenium.driver.CChromeDriver
Capabilities {acceptInsecureCerts: false, browserName: chrome, browserVersion: 94.0.4606.61, chrome: {chromedriverVersion: 94.0.4606.61 (418b78f5838ed..., userDataDir: /var/folders/sf/msc8p_nx3x3...}, goog:chromeOptions: {debuggerAddress: localhost:58979}, javascriptEnabled: true, networkConnectionEnabled: false, pageLoadStrategy: normal, platform: MAC, platformName: MAC, proxy: Proxy(), setWindowRect: true, strictFileInteractability: false, timeouts: {implicit: 0, pageLoad: 300000, script: 30000}, unhandledPromptBehavior: dismiss and notify, webauthn:extension:credBlob: true, webauthn:extension:largeBlob: true, webauthn:virtualAuthenticators: true}
Session ID: eaac19f7be45e49c37f6eb93c6d52174
	at org.openqa.selenium.remote.http.W3CHttpResponseCodec.createException(W3CHttpResponseCodec.java:187)
	at org.openqa.selenium.remote.http.W3CHttpResponseCodec.decode(W3CHttpResponseCodec.java:122)
	at org.openqa.selenium.remote.http.W3CHttpResponseCodec.decode(W3CHttpResponseCodec.java:49)
	at org.openqa.selenium.remote.HttpCommandExecutor.execute(HttpCommandExecutor.java:158)
	at org.openqa.selenium.remote.service.DriverCommandExecutor.execute(DriverCommandExecutor.java:83)
	at org.openqa.selenium.remote.RemoteWebDriver.execute(RemoteWebDriver.java:552)
	at com.kms.katalon.selenium.driver.CChromeDriver.execute(CChromeDriver.java:19)
	at org.openqa.selenium.remote.RemoteWebElement.execute(RemoteWebElement.java:285)
	at org.openqa.selenium.remote.RemoteWebElement.click(RemoteWebElement.java:84)
	at org.openqa.selenium.support.events.EventFiringWebDriver$EventFiringWebElement.lambda$new$0(EventFiringWebDriver.java:404)
	at com.sun.proxy.$Proxy11.click(Unknown Source)
	at org.openqa.selenium.support.events.EventFiringWebDriver$EventFiringWebElement.click(EventFiringWebDriver.java:417)
	at com.kms.katalon.core.webui.keyword.builtin.ClickKeyword$_click_closure1.doCall(ClickKeyword.groovy:68)
	at com.kms.katalon.core.webui.keyword.builtin.ClickKeyword$_click_closure1.call(ClickKeyword.groovy)
	at com.kms.katalon.core.webui.keyword.internal.WebUIKeywordMain.runKeyword(WebUIKeywordMain.groovy:20)
	at com.kms.katalon.core.webui.keyword.builtin.ClickKeyword.click(ClickKeyword.groovy:75)
	at com.kms.katalon.core.webui.keyword.builtin.ClickKeyword.execute(ClickKeyword.groovy:42)
	at com.kms.katalon.core.keyword.internal.KeywordExecutor.executeKeywordForPlatform(KeywordExecutor.groovy:74)
	at com.kms.katalon.core.webui.keyword.WebUiBuiltInKeywords.click(WebUiBuiltInKeywords.groovy:620)
	at com.kms.katalon.core.webui.keyword.WebUiBuiltInKeywords$click$3.call(Unknown Source)
	at com.tccreate.keywords.selectOrg.language(selectOrg.groovy:54)
	at com.tccreate.keywords.selectOrg.invokeMethod(selectOrg.groovy)
	at com.kms.katalon.core.main.CustomKeywordDelegatingMetaClass.invokeStaticMethod(CustomKeywordDelegatingMetaClass.java:50)
	at Script1609168958432.run(Script1609168958432.groovy:29)
	... 13 more
)
	at com.kms.katalon.core.keyword.internal.KeywordMain.stepFailed(KeywordMain.groovy:39)
	at com.kms.katalon.core.webui.keyword.internal.WebUIKeywordMain.stepFailed(WebUIKeywordMain.groovy:64)
	at com.kms.katalon.core.webui.keyword.internal.WebUIKeywordMain.runKeyword(WebUIKeywordMain.groovy:26)
	at com.kms.katalon.core.webui.keyword.builtin.ClickKeyword.click(ClickKeyword.groovy:75)
	at com.kms.katalon.core.webui.keyword.builtin.ClickKeyword.execute(ClickKeyword.groovy:42)
	at com.kms.katalon.core.keyword.internal.KeywordExecutor.executeKeywordForPlatform(KeywordExecutor.groovy:74)
	at com.kms.katalon.core.webui.keyword.WebUiBuiltInKeywords.click(WebUiBuiltInKeywords.groovy:620)
	at com.kms.katalon.core.webui.keyword.WebUiBuiltInKeywords$click$3.call(Unknown Source)
	at com.tccreate.keywords.selectOrg.language(selectOrg.groovy:54)
	at com.tccreate.keywords.selectOrg.invokeMethod(selectOrg.groovy)
	at com.kms.katalon.core.main.CustomKeywordDelegatingMetaClass.invokeStaticMethod(CustomKeywordDelegatingMetaClass.java:50)
	at tA_Saving tA Article.run(tA_Saving tA Article:29)
	at com.kms.katalon.core.main.ScriptEngine.run(ScriptEngine.java:194)
	at com.kms.katalon.core.main.ScriptEngine.runScriptAsRawText(ScriptEngine.java:119)
	at com.kms.katalon.core.main.TestCaseExecutor.runScript(TestCaseExecutor.java:430)
	at com.kms.katalon.core.main.TestCaseExecutor.doExecute(TestCaseExecutor.java:421)
	at com.kms.katalon.core.main.TestCaseExecutor.processExecutionPhase(TestCaseExecutor.java:400)
	at com.kms.katalon.core.main.TestCaseExecutor.accessMainPhase(TestCaseExecutor.java:392)
	at com.kms.katalon.core.main.TestCaseExecutor.execute(TestCaseExecutor.java:273)
	at com.kms.katalon.core.main.TestSuiteExecutor.accessTestCaseMainPhase(TestSuiteExecutor.java:202)
	at com.kms.katalon.core.main.TestSuiteExecutor.accessTestSuiteMainPhase(TestSuiteExecutor.java:164)
	at com.kms.katalon.core.main.TestSuiteExecutor.execute(TestSuiteExecutor.java:105)
	at com.kms.katalon.core.main.TestCaseMain.startTestSuite(TestCaseMain.java:185)
	at com.kms.katalon.core.main.TestCaseMain$startTestSuite$0.call(Unknown Source)
	at TempTestSuite1632864492590.run(TempTestSuite1632864492590.groovy:36)
Caused by: com.kms.katalon.core.exception.StepFailedException: Unable to click on object 'Object Repository/Page_tC Create/listOption_Language_Parmed'
	... 24 more
Caused by: org.openqa.selenium.StaleElementReferenceException: stale element reference: element is not attached to the page document
  (Session info: chrome=94.0.4606.61)
For documentation on this error, please visit: https://www.seleniumhq.org/exceptions/stale_element_reference.html
Build info: version: '3.141.59', revision: 'e82be7d358', time: '2018-11-14T08:25:53'
System info: host: 'ELSYs-MBP.phub.net.cable.rogers.com', ip: '2607:fea8:2cde:e900:0:0:0:cce8%en0', os.name: 'Mac OS X', os.arch: 'x86_64', os.version: '10.16', java.version: '1.8.0_275'
Driver info: com.kms.katalon.selenium.driver.CChromeDriver
Capabilities {acceptInsecureCerts: false, browserName: chrome, browserVersion: 94.0.4606.61, chrome: {chromedriverVersion: 94.0.4606.61 (418b78f5838ed..., userDataDir: /var/folders/sf/msc8p_nx3x3...}, goog:chromeOptions: {debuggerAddress: localhost:58979}, javascriptEnabled: true, networkConnectionEnabled: false, pageLoadStrategy: normal, platform: MAC, platformName: MAC, proxy: Proxy(), setWindowRect: true, strictFileInteractability: false, timeouts: {implicit: 0, pageLoad: 300000, script: 30000}, unhandledPromptBehavior: dismiss and notify, webauthn:extension:credBlob: true, webauthn:extension:largeBlob: true, webauthn:virtualAuthenticators: true}
Session ID: eaac19f7be45e49c37f6eb93c6d52174
	at org.openqa.selenium.remote.http.W3CHttpResponseCodec.createException(W3CHttpResponseCodec.java:187)
	at org.openqa.selenium.remote.http.W3CHttpResponseCodec.decode(W3CHttpResponseCodec.java:122)
	at org.openqa.selenium.remote.http.W3CHttpResponseCodec.decode(W3CHttpResponseCodec.java:49)
	at org.openqa.selenium.remote.HttpCommandExecutor.execute(HttpCommandExecutor.java:158)
	at org.openqa.selenium.remote.service.DriverCommandExecutor.execute(DriverCommandExecutor.java:83)
	at org.openqa.selenium.remote.RemoteWebDriver.execute(RemoteWebDriver.java:552)
	at com.kms.katalon.selenium.driver.CChromeDriver.execute(CChromeDriver.java:19)
	at org.openqa.selenium.remote.RemoteWebElement.execute(RemoteWebElement.java:285)
	at org.openqa.selenium.remote.RemoteWebElement.click(RemoteWebElement.java:84)
	at org.openqa.selenium.support.events.EventFiringWebDriver$EventFiringWebElement.lambda$new$0(EventFiringWebDriver.java:404)
	at com.sun.proxy.$Proxy11.click(Unknown Source)
	at org.openqa.selenium.support.events.EventFiringWebDriver$EventFiringWebElement.click(EventFiringWebDriver.java:417)
	at com.kms.katalon.core.webui.keyword.builtin.ClickKeyword$_click_closure1.doCall(ClickKeyword.groovy:68)
	at com.kms.katalon.core.webui.keyword.builtin.ClickKeyword$_click_closure1.call(ClickKeyword.groovy)
	at com.kms.katalon.core.webui.keyword.internal.WebUIKeywordMain.runKeyword(WebUIKeywordMain.groovy:20)
	... 22 more]]></system-err>
   </testsuite>
</testsuites>
